  Cleaning GW_GameEditor Binaries...
  Using 'git status' to determine working set for adaptive non-unity build.
  Using 'git status' to determine working set for adaptive non-unity build.
  Creating makefile for GW_GameEditor (no existing makefile)
  Performing full C++ include scan (no include cache file)
  Parsing headers for GW_GameEditor
    Running UnrealHeaderTool "D:\repos\GWGame\GW_Game\GW_Game.uproject" "D:\repos\GWGame\GW_Game\Intermediate\Build\Win64\GW_GameEditor\Development\GW_GameEditor.uhtmanifest" -LogCmds="loginit warning, logexit warning, logdatabase error" -Unattended -WarningsAsErrors -installed
  Reflection code generated for GW_GameEditor in 6,3200459 seconds
  Performing 27 actions (4 in parallel)
  [2/27] Resource PCLaunch.rc
  [3/27] Resource ModuleVersionResource.rc.inl
  SharedPCH.Engine.cpp
  TankAimingComponent.gen.cpp
  TankAIController.gen.cpp
  Assault.gen.cpp
  TankBarrel.gen.cpp
  Projectile.gen.cpp
  MovementPoint.gen.cpp
  GW_GameGameModeBase.gen.cpp
  GW_Game.init.gen.cpp
  AssaultPlayerController.gen.cpp
  TankTurret.cpp
  TankMovementComponent.cpp
  TankBarrel.cpp
  TankAimingComponent.cpp
  TankAIController.cpp
  MovementPoint.cpp
  Projectile.cpp
  AssaultPlayerController.cpp
  Assault.cpp
  GW_GameGameModeBase.cpp
  GW_Game.cpp
  TankMovementComponent.gen.cpp
  TankTurret.gen.cpp
  [26/27] Link UE4Editor-GW_Game.dll
  [27/27] Link UE4Editor-GW_Game.lib
     Creating library D:\repos\GWGame\GW_Game\Intermediate\Build\Win64\UE4Editor\Development\UE4Editor-GW_Game.lib and object D:\repos\GWGame\GW_Game\Intermediate\Build\Win64\UE4Editor\Development\UE4Editor-GW_Game.exp
     Creating library D:\repos\GWGame\GW_Game\Intermediate\Build\Win64\UE4Editor\Development\UE4Editor-GW_Game.suppressed.lib and object D:\repos\GWGame\GW_Game\Intermediate\Build\Win64\UE4Editor\Development\UE4Editor-GW_Game.suppressed.exp
  Deploying GW_GameEditor Win64 Development...
  Total build time: 34,75 seconds (Local executor: 19,68 seconds)
