Log file open, 02/17/18 22:06:51
LogWindows: Failed to load 'aqProf.dll' (GetLastError=126)
LogWindows: File 'aqProf.dll' does not exist
LogWindows: Failed to load 'VSPerf140.dll' (GetLastError=126)
LogWindows: File 'VSPerf140.dll' does not exist
LogWindows: Failed to load 'VtuneApi.dll' (GetLastError=126)
LogWindows: File 'VtuneApi.dll' does not exist
LogWindows: Failed to load 'VtuneApi32e.dll' (GetLastError=126)
LogWindows: File 'VtuneApi32e.dll' does not exist
LogInit: Display: Running engine for game: GW_Game
LogPlatformFile: Not using cached read wrapper
LogInit: Display: RandInit(-1760965097) SRandInit(-1760965097).
LogInit: Read version file with build ID '3709383'
LogInit: Overriding engine version to CL 3794801, compatible CL 3709383
LogInit: Registered custom module enumerator with build ID '3709383'
LogTaskGraph: Started task graph with 5 named threads and 14 total threads with 3 sets of task threads.
LogStats: Stats thread started at 0.152506
LogD3D11RHI: Aftermath initialized
LogPluginManager: Mounting plugin Paper2D
LogPluginManager: Mounting plugin LightPropagationVolume
LogPluginManager: Mounting plugin CodeLiteSourceCodeAccess
LogPluginManager: Mounting plugin GitSourceControl
LogPluginManager: Mounting plugin KDevelopSourceCodeAccess
LogPluginManager: Mounting plugin NullSourceCodeAccess
LogPluginManager: Mounting plugin PerforceSourceControl
LogPluginManager: Mounting plugin SubversionSourceControl
LogPluginManager: Mounting plugin UObjectPlugin
LogPluginManager: Mounting plugin VisualStudioCodeSourceCodeAccess
LogPluginManager: Mounting plugin VisualStudioSourceCodeAccess
LogPluginManager: Mounting plugin XCodeSourceCodeAccess
LogPluginManager: Mounting plugin AssetManagerEditor
LogPluginManager: Mounting plugin AudioCapture
LogPluginManager: Mounting plugin FacialAnimation
LogPluginManager: Mounting plugin GameplayTagsEditor
LogPluginManager: Mounting plugin MobileLauncherProfileWizard
LogPluginManager: Mounting plugin PluginBrowser
LogPluginManager: Mounting plugin SpeedTreeImporter
LogPluginManager: Mounting plugin AlembicImporter
LogPluginManager: Mounting plugin CharacterAI
LogPluginManager: Mounting plugin HTML5Networking
LogPluginManager: Mounting plugin AndroidMedia
LogPluginManager: Mounting plugin AvfMedia
LogPluginManager: Mounting plugin ImgMedia
LogPluginManager: Mounting plugin MediaCompositing
LogPluginManager: Mounting plugin MediaPlayerEditor
LogPluginManager: Mounting plugin WmfMedia
LogPluginManager: Mounting plugin TcpMessaging
LogPluginManager: Mounting plugin UdpMessaging
LogPluginManager: Mounting plugin ActorSequence
LogPluginManager: Mounting plugin LevelSequenceEditor
LogPluginManager: Mounting plugin MatineeToLevelSequence
LogPluginManager: Mounting plugin OnlineSubsystemGooglePlay
LogPluginManager: Mounting plugin OnlineSubsystemIOS
LogPluginManager: Mounting plugin OnlineSubsystem
LogPluginManager: Mounting plugin OnlineSubsystemNull
LogPluginManager: Mounting plugin OnlineSubsystemUtils
LogPluginManager: Mounting plugin AndroidDeviceProfileSelector
LogPluginManager: Mounting plugin AndroidMoviePlayer
LogPluginManager: Mounting plugin AndroidPermission
LogPluginManager: Mounting plugin AppleARKit
LogPluginManager: Mounting plugin AppleMoviePlayer
LogPluginManager: Mounting plugin ArchVisCharacter
LogPluginManager: Mounting plugin CableComponent
LogPluginManager: Mounting plugin CustomMeshComponent
LogPluginManager: Mounting plugin ExampleDeviceProfileSelector
LogPluginManager: Mounting plugin GoogleCloudMessaging
LogPluginManager: Mounting plugin ImmediatePhysics
LogPluginManager: Mounting plugin IOSDeviceProfileSelector
LogPluginManager: Mounting plugin LinuxDeviceProfileSelector
LogPluginManager: Mounting plugin LocationServicesBPLibrary
LogPluginManager: Mounting plugin MobilePatchingUtils
LogPluginManager: Mounting plugin OculusVR
LogPluginManager: Plugin shader directory ../../../Engine/Plugins/Runtime/Oculus/OculusVR/Shaders found
LogPluginManager: Mapping shader source directory ../../../Engine/Plugins/Runtime/Oculus/OculusVR/Shaders to virtual directory /Plugin/OculusVR
LogPluginManager: Mounting plugin PhysXVehicles
LogPluginManager: Mounting plugin ProceduralMeshComponent
LogPluginManager: Mounting plugin RuntimePhysXCooking
LogPluginManager: Mounting plugin SteamVR
LogPluginManager: Mounting plugin WindowsMoviePlayer
LogModuleManager: Display: Found up-to-date module file D:/repos/GWGame/GW_Game/Binaries/Win64/UE4Editor-GW_Game-7101.dll (API version 3709383).
LogModuleManager: Display: Found up-to-date module file ../../../Engine/Plugins/2D/Paper2D/Binaries/Win64/UE4Editor-Paper2D.dll (API version 3709383).
LogModuleManager: Display: Found up-to-date module file ../../../Engine/Plugins/2D/Paper2D/Binaries/Win64/UE4Editor-Paper2DEditor.dll (API version 3709383).
LogModuleManager: Display: Found up-to-date module file ../../../Engine/Plugins/2D/Paper2D/Binaries/Win64/UE4Editor-PaperSpriteSheetImporter.dll (API version 3709383).
LogModuleManager: Display: Found up-to-date module file ../../../Engine/Plugins/2D/Paper2D/Binaries/Win64/UE4Editor-PaperTiledImporter.dll (API version 3709383).
LogModuleManager: Display: Found up-to-date module file ../../../Engine/Plugins/2D/Paper2D/Binaries/Win64/UE4Editor-SmartSnapping.dll (API version 3709383).
LogModuleManager: Display: Found up-to-date module file ../../../Engine/Plugins/Blendables/LightPropagationVolume/Binaries/Win64/UE4Editor-LightPropagationVolumeRuntime.dll (API version 3709383).
LogModuleManager: Display: Found up-to-date module file ../../../Engine/Plugins/Blendables/LightPropagationVolume/Binaries/Win64/UE4Editor-LightPropagationVolumeEditor.dll (API version 3709383).
LogModuleManager: Display: Found up-to-date module file ../../../Engine/Plugins/Developer/GitSourceControl/Binaries/Win64/UE4Editor-GitSourceControl.dll (API version 3709383).
LogModuleManager: Display: Found up-to-date module file ../../../Engine/Plugins/Developer/PerforceSourceControl/Binaries/Win64/UE4Editor-PerforceSourceControl.dll (API version 3709383).
LogModuleManager: Display: Found up-to-date module file ../../../Engine/Plugins/Developer/SubversionSourceControl/Binaries/Win64/UE4Editor-SubversionSourceControl.dll (API version 3709383).
LogModuleManager: Display: Found up-to-date module file ../../../Engine/Plugins/Developer/UObjectPlugin/Binaries/Win64/UE4Editor-UObjectPlugin.dll (API version 3709383).
LogModuleManager: Display: Found up-to-date module file ../../../Engine/Plugins/Developer/VisualStudioCodeSourceCodeAccess/Binaries/Win64/UE4Editor-VisualStudioCodeSourceCodeAccess.dll (API version 3709383).
LogModuleManager: Display: Found up-to-date module file ../../../Engine/Plugins/Developer/VisualStudioSourceCodeAccess/Binaries/Win64/UE4Editor-VisualStudioSourceCodeAccess.dll (API version 3709383).
LogModuleManager: Display: Found up-to-date module file ../../../Engine/Plugins/Editor/AssetManagerEditor/Binaries/Win64/UE4Editor-AssetManagerEditor.dll (API version 3709383).
LogModuleManager: Display: Found up-to-date module file ../../../Engine/Plugins/Editor/AudioCapture/Binaries/Win64/UE4Editor-AudioCapture.dll (API version 3709383).
LogModuleManager: Display: Found up-to-date module file ../../../Engine/Plugins/Editor/FacialAnimation/Binaries/Win64/UE4Editor-FacialAnimation.dll (API version 3709383).
LogModuleManager: Display: Found up-to-date module file ../../../Engine/Plugins/Editor/FacialAnimation/Binaries/Win64/UE4Editor-FacialAnimationEditor.dll (API version 3709383).
LogModuleManager: Display: Found up-to-date module file ../../../Engine/Plugins/Editor/GameplayTagsEditor/Binaries/Win64/UE4Editor-GameplayTagsEditor.dll (API version 3709383).
LogModuleManager: Display: Found up-to-date module file ../../../Engine/Plugins/Editor/MobileLauncherProfileWizard/Binaries/Win64/UE4Editor-MobileLauncherProfileWizard.dll (API version 3709383).
LogModuleManager: Display: Found up-to-date module file ../../../Engine/Plugins/Editor/PluginBrowser/Binaries/Win64/UE4Editor-PluginBrowser.dll (API version 3709383).
LogModuleManager: Display: Found up-to-date module file ../../../Engine/Plugins/Editor/SpeedTreeImporter/Binaries/Win64/UE4Editor-SpeedTreeImporter.dll (API version 3709383).
LogModuleManager: Display: Found up-to-date module file ../../../Engine/Plugins/Experimental/AlembicImporter/Binaries/Win64/UE4Editor-AlembicImporter.dll (API version 3709383).
LogModuleManager: Display: Found up-to-date module file ../../../Engine/Plugins/Experimental/AlembicImporter/Binaries/Win64/UE4Editor-AlembicLibrary.dll (API version 3709383).
LogModuleManager: Display: Found up-to-date module file ../../../Engine/Plugins/Experimental/CharacterAI/Binaries/Win64/UE4Editor-CharacterAI.dll (API version 3709383).
LogModuleManager: Display: Found up-to-date module file ../../../Engine/Plugins/Experimental/HTML5Networking/Binaries/Win64/UE4Editor-HTML5Networking.dll (API version 3709383).
LogModuleManager: Display: Found up-to-date module file ../../../Engine/Plugins/Media/AndroidMedia/Binaries/Win64/UE4Editor-AndroidMediaEditor.dll (API version 3709383).
LogModuleManager: Display: Found up-to-date module file ../../../Engine/Plugins/Media/AndroidMedia/Binaries/Win64/UE4Editor-AndroidMediaFactory.dll (API version 3709383).
LogModuleManager: Display: Found up-to-date module file ../../../Engine/Plugins/Media/AvfMedia/Binaries/Win64/UE4Editor-AvfMediaEditor.dll (API version 3709383).
LogModuleManager: Display: Found up-to-date module file ../../../Engine/Plugins/Media/AvfMedia/Binaries/Win64/UE4Editor-AvfMediaFactory.dll (API version 3709383).
LogModuleManager: Display: Found up-to-date module file ../../../Engine/Plugins/Media/AvfMedia/Binaries/Win64/UE4Editor-AvfMediaFactory.dll (API version 3709383).
LogModuleManager: Display: Found up-to-date module file ../../../Engine/Plugins/Media/ImgMedia/Binaries/Win64/UE4Editor-ImgMedia.dll (API version 3709383).
LogModuleManager: Display: Found up-to-date module file ../../../Engine/Plugins/Media/ImgMedia/Binaries/Win64/UE4Editor-ImgMediaEditor.dll (API version 3709383).
LogModuleManager: Display: Found up-to-date module file ../../../Engine/Plugins/Media/ImgMedia/Binaries/Win64/UE4Editor-ImgMediaFactory.dll (API version 3709383).
LogModuleManager: Display: Found up-to-date module file ../../../Engine/Plugins/Media/ImgMedia/Binaries/Win64/UE4Editor-ImgMediaFactory.dll (API version 3709383).
LogModuleManager: Display: Found up-to-date module file ../../../Engine/Plugins/Media/ImgMedia/Binaries/Win64/UE4Editor-OpenExrWrapper.dll (API version 3709383).
LogModuleManager: Display: Found up-to-date module file ../../../Engine/Plugins/Media/MediaCompositing/Binaries/Win64/UE4Editor-MediaCompositing.dll (API version 3709383).
LogModuleManager: Display: Found up-to-date module file ../../../Engine/Plugins/Media/MediaCompositing/Binaries/Win64/UE4Editor-MediaCompositingEditor.dll (API version 3709383).
LogModuleManager: Display: Found up-to-date module file ../../../Engine/Plugins/Media/MediaPlayerEditor/Binaries/Win64/UE4Editor-MediaPlayerEditor.dll (API version 3709383).
LogModuleManager: Display: Found up-to-date module file ../../../Engine/Plugins/Media/WmfMedia/Binaries/Win64/UE4Editor-WmfMedia.dll (API version 3709383).
LogModuleManager: Display: Found up-to-date module file ../../../Engine/Plugins/Media/WmfMedia/Binaries/Win64/UE4Editor-WmfMediaEditor.dll (API version 3709383).
LogModuleManager: Display: Found up-to-date module file ../../../Engine/Plugins/Media/WmfMedia/Binaries/Win64/UE4Editor-WmfMediaFactory.dll (API version 3709383).
LogModuleManager: Display: Found up-to-date module file ../../../Engine/Plugins/Media/WmfMedia/Binaries/Win64/UE4Editor-WmfMediaFactory.dll (API version 3709383).
LogModuleManager: Display: Found up-to-date module file ../../../Engine/Plugins/Messaging/TcpMessaging/Binaries/Win64/UE4Editor-TcpMessaging.dll (API version 3709383).
LogModuleManager: Display: Found up-to-date module file ../../../Engine/Plugins/Messaging/UdpMessaging/Binaries/Win64/UE4Editor-UdpMessaging.dll (API version 3709383).
LogModuleManager: Display: Found up-to-date module file ../../../Engine/Plugins/MovieScene/ActorSequence/Binaries/Win64/UE4Editor-ActorSequence.dll (API version 3709383).
LogModuleManager: Display: Found up-to-date module file ../../../Engine/Plugins/MovieScene/LevelSequenceEditor/Binaries/Win64/UE4Editor-LevelSequenceEditor.dll (API version 3709383).
LogModuleManager: Display: Found up-to-date module file ../../../Engine/Plugins/MovieScene/MatineeToLevelSequence/Binaries/Win64/UE4Editor-MatineeToLevelSequence.dll (API version 3709383).
LogModuleManager: Display: Found up-to-date module file ../../../Engine/Plugins/Online/OnlineSubsystem/Binaries/Win64/UE4Editor-OnlineSubsystem.dll (API version 3709383).
LogModuleManager: Display: Found up-to-date module file ../../../Engine/Plugins/Online/OnlineSubsystemNull/Binaries/Win64/UE4Editor-OnlineSubsystemNull.dll (API version 3709383).
LogModuleManager: Display: Found up-to-date module file ../../../Engine/Plugins/Online/OnlineSubsystemUtils/Binaries/Win64/UE4Editor-OnlineSubsystemUtils.dll (API version 3709383).
LogModuleManager: Display: Found up-to-date module file ../../../Engine/Plugins/Online/OnlineSubsystemUtils/Binaries/Win64/UE4Editor-OnlineBlueprintSupport.dll (API version 3709383).
LogModuleManager: Display: Found up-to-date module file ../../../Engine/Plugins/Runtime/AndroidDeviceProfileSelector/Binaries/Win64/UE4Editor-AndroidDeviceProfileSelector.dll (API version 3709383).
LogModuleManager: Display: Found up-to-date module file ../../../Engine/Plugins/Runtime/AndroidPermission/Binaries/Win64/UE4Editor-AndroidPermission.dll (API version 3709383).
LogModuleManager: Display: Found up-to-date module file ../../../Engine/Plugins/Runtime/AppleARKit/Binaries/Win64/UE4Editor-AppleARKit.dll (API version 3709383).
LogModuleManager: Display: Found up-to-date module file ../../../Engine/Plugins/Runtime/ArchVisCharacter/Binaries/Win64/UE4Editor-ArchVisCharacter.dll (API version 3709383).
LogModuleManager: Display: Found up-to-date module file ../../../Engine/Plugins/Runtime/CableComponent/Binaries/Win64/UE4Editor-CableComponent.dll (API version 3709383).
LogModuleManager: Display: Found up-to-date module file ../../../Engine/Plugins/Runtime/CustomMeshComponent/Binaries/Win64/UE4Editor-CustomMeshComponent.dll (API version 3709383).
LogModuleManager: Display: Found up-to-date module file ../../../Engine/Plugins/Runtime/ExampleDeviceProfileSelector/Binaries/Win64/UE4Editor-ExampleDeviceProfileSelector.dll (API version 3709383).
LogModuleManager: Display: Found up-to-date module file ../../../Engine/Plugins/Runtime/ImmediatePhysics/Binaries/Win64/UE4Editor-ImmediatePhysics.dll (API version 3709383).
LogModuleManager: Display: Found up-to-date module file ../../../Engine/Plugins/Runtime/ImmediatePhysics/Binaries/Win64/UE4Editor-ImmediatePhysicsEditor.dll (API version 3709383).
LogModuleManager: Display: Found up-to-date module file ../../../Engine/Plugins/Runtime/LocationServicesBPLibrary/Binaries/Win64/UE4Editor-LocationServicesBPLibrary.dll (API version 3709383).
LogModuleManager: Display: Found up-to-date module file ../../../Engine/Plugins/Runtime/MobilePatchingUtils/Binaries/Win64/UE4Editor-MobilePatchingUtils.dll (API version 3709383).
LogModuleManager: Display: Found up-to-date module file ../../../Engine/Plugins/Runtime/Oculus/OculusVR/Binaries/Win64/UE4Editor-OculusHMD.dll (API version 3709383).
LogModuleManager: Display: Found up-to-date module file ../../../Engine/Plugins/Runtime/Oculus/OculusVR/Binaries/Win64/UE4Editor-OculusInput.dll (API version 3709383).
LogModuleManager: Display: Found up-to-date module file ../../../Engine/Plugins/Runtime/Oculus/OculusVR/Binaries/Win64/UE4Editor-OculusEditor.dll (API version 3709383).
LogModuleManager: Display: Found up-to-date module file ../../../Engine/Plugins/Runtime/PhysXVehicles/Binaries/Win64/UE4Editor-PhysXVehicles.dll (API version 3709383).
LogModuleManager: Display: Found up-to-date module file ../../../Engine/Plugins/Runtime/PhysXVehicles/Binaries/Win64/UE4Editor-PhysXVehiclesEditor.dll (API version 3709383).
LogModuleManager: Display: Found up-to-date module file ../../../Engine/Plugins/Runtime/ProceduralMeshComponent/Binaries/Win64/UE4Editor-ProceduralMeshComponent.dll (API version 3709383).
LogModuleManager: Display: Found up-to-date module file ../../../Engine/Plugins/Runtime/ProceduralMeshComponent/Binaries/Win64/UE4Editor-ProceduralMeshComponentEditor.dll (API version 3709383).
LogModuleManager: Display: Found up-to-date module file ../../../Engine/Plugins/Runtime/RuntimePhysXCooking/Binaries/Win64/UE4Editor-RuntimePhysXCooking.dll (API version 3709383).
LogModuleManager: Display: Found up-to-date module file ../../../Engine/Plugins/Runtime/Steam/SteamVR/Binaries/Win64/UE4Editor-SteamVR.dll (API version 3709383).
LogModuleManager: Display: Found up-to-date module file ../../../Engine/Plugins/Runtime/Steam/SteamVR/Binaries/Win64/UE4Editor-SteamVRController.dll (API version 3709383).
LogModuleManager: Display: Found up-to-date module file ../../../Engine/Plugins/Runtime/WindowsMoviePlayer/Binaries/Win64/UE4Editor-WindowsMoviePlayer.dll (API version 3709383).
LogInit: Using libcurl 7.47.1
LogInit:  - built for x86_64-pc-win32
LogInit:  - supports SSL with OpenSSL/1.0.2g
LogInit:  - supports HTTP deflate (compression) using libz 1.2.8
LogInit:  - other features:
LogInit:      CURL_VERSION_SSL
LogInit:      CURL_VERSION_LIBZ
LogInit:      CURL_VERSION_IPV6
LogInit:      CURL_VERSION_ASYNCHDNS
LogInit:      CURL_VERSION_LARGEFILE
LogInit:      CURL_VERSION_IDN
LogInit:  CurlRequestOptions (configurable via config and command line):
LogInit:  - bVerifyPeer = false  - Libcurl will NOT verify peer certificate
LogInit:  - bUseHttpProxy = false  - Libcurl will NOT use HTTP proxy
LogInit:  - bDontReuseConnections = false  - Libcurl will reuse connections
LogInit:  - CertBundlePath = nullptr  - Libcurl will use whatever was configured at build time.
LogInit: Build: ++UE4+Release-4.18-CL-3794801
LogInit: Engine Version: 4.18.2-3794801+++UE4+Release-4.18
LogInit: Compatible Engine Version: 4.18.0-3709383+++UE4+Release-4.18
LogInit: Net CL: 3709383
LogDevObjectVersion: Number of dev versions registered: 16
LogDevObjectVersion:   Dev-Blueprints (B0D832E4-1F89-4F0D-ACCF-7EB736FD4AA2): 10
LogDevObjectVersion:   Dev-Build (E1C64328-A22C-4D53-A36C-8E866417BD8C): 0
LogDevObjectVersion:   Dev-Core (375EC13C-06E4-48FB-B500-84F0262A717E): 2
LogDevObjectVersion:   Dev-Editor (E4B068ED-F494-42E9-A231-DA0B2E46BB41): 20
LogDevObjectVersion:   Dev-Framework (CFFC743F-43B0-4480-9391-14DF171D2073): 30
LogDevObjectVersion:   Dev-Mobile (B02B49B5-BB20-44E9-A304-32B752E40360): 0
LogDevObjectVersion:   Dev-Networking (A4E4105C-59A1-49B5-A7C5-40C4547EDFEE): 0
LogDevObjectVersion:   Dev-Online (39C831C9-5AE6-47DC-9A44-9C173E1C8E7C): 0
LogDevObjectVersion:   Dev-Physics (78F01B33-EBEA-4F98-B9B4-84EACCB95AA2): 0
LogDevObjectVersion:   Dev-Platform (6631380F-2D4D-43E0-8009-CF276956A95A): 0
LogDevObjectVersion:   Dev-Rendering (12F88B9F-8875-4AFC-A67C-D90C383ABD29): 20
LogDevObjectVersion:   Dev-Sequencer (7B5AE74C-D270-4C10-A958-57980B212A5A): 4
LogDevObjectVersion:   Dev-VR (D7296918-1DD6-4BDD-9DE2-64A83CC13884): 0
LogDevObjectVersion:   Dev-LoadTimes (C2A15278-BFE7-4AFE-6C17-90FF531DF755): 1
LogDevObjectVersion:   Private-Geometry (6EACA3D4-40EC-4CC1-B786-8BED09428FC5): 1
LogDevObjectVersion:   Dev-AnimPhys (29E575DD-E0A3-4627-9D10-D276232CDCEA): 12
LogInit: Compiled (64-bit): Dec  8 2017 02:04:53
LogInit: Compiled with Visual C++: 19.00.24215.01
LogInit: Build Configuration: Development
LogInit: Branch Name: ++UE4+Release-4.18
LogInit: Command line:  
LogInit: Base directory: C:/Program Files/Epic Games/UE_4.18/Engine/Binaries/Win64/
LogInit: Installed Engine Build: 1
LogInit: Presizing for max 8388607 objects, including 0 objects not considered by GC, pre-allocating 0 bytes for permanent pool.
LogInit: Object subsystem initialized
[2018.02.17-21.06.52:646][  0]LogInit: Selected Device Profile: [Windows]
[2018.02.17-21.06.52:646][  0]LogInit: Applying CVar settings loaded from the selected device profile: [Windows]
[2018.02.17-21.06.52:655][  0]LogInit: Computer: DESKTOP-6NVMURH
[2018.02.17-21.06.52:655][  0]LogInit: User: uzivatel1
[2018.02.17-21.06.52:656][  0]LogInit: CPU Page size=4096, Cores=4
[2018.02.17-21.06.52:656][  0]LogInit: High frequency timer resolution =4.101564 MHz
[2018.02.17-21.06.52:656][  0]LogMemory: Memory total: Physical=16.0GB (16GB approx)
[2018.02.17-21.06.52:656][  0]LogMemory: Platform Memory Stats for Windows
[2018.02.17-21.06.52:656][  0]LogMemory: Process Physical Memory: 272.36 MB used, 272.36 MB peak
[2018.02.17-21.06.52:656][  0]LogMemory: Process Virtual Memory: 269.70 MB used, 269.70 MB peak
[2018.02.17-21.06.52:656][  0]LogMemory: Physical Memory: 4797.59 MB used,  11544.47 MB free, 16342.06 MB total
[2018.02.17-21.06.52:656][  0]LogMemory: Virtual Memory: 682.18 MB used,  11544.47 MB free, 134217728.00 MB total
[2018.02.17-21.06.52:754][  0]LogInit: Using OS detected language (cs-CZ).
[2018.02.17-21.06.52:754][  0]LogInit: Using OS detected locale (cs-CZ).
[2018.02.17-21.06.52:756][  0]LogTextLocalizationManager: No localization for 'cs-CZ' exists, so 'en' will be used for the language.
[2018.02.17-21.06.52:756][  0]LogTextLocalizationManager: No localization for 'cs-CZ' exists, so 'en' will be used for the locale.
[2018.02.17-21.06.53:040][  0]LogInit: Setting process to per monitor DPI aware
[2018.02.17-21.06.53:201][  0]LogD3D11RHI: D3D11 adapters:
[2018.02.17-21.06.53:234][  0]LogD3D11RHI:    0. 'NVIDIA GeForce GTX 1070' (Feature Level 11_0)
[2018.02.17-21.06.53:234][  0]LogD3D11RHI:       8096/0/8171 MB DedicatedVideo/DedicatedSystem/SharedSystem, Outputs:1, VendorId:0x10de
[2018.02.17-21.06.53:235][  0]LogD3D11RHI:    1. 'Microsoft Basic Render Driver' (Feature Level 11_0)
[2018.02.17-21.06.53:235][  0]LogD3D11RHI:       0/0/8171 MB DedicatedVideo/DedicatedSystem/SharedSystem, Outputs:0, VendorId:0x1414
[2018.02.17-21.06.53:235][  0]LogD3D11RHI: Chosen D3D11 Adapter: 0
[2018.02.17-21.06.53:240][  0]LogD3D11RHI: Creating new Direct3DDevice
[2018.02.17-21.06.53:240][  0]LogD3D11RHI:     GPU DeviceId: 0x1b81 (for the marketing name, search the web for "GPU Device Id")
[2018.02.17-21.06.53:240][  0]LogWindows: EnumDisplayDevices:
[2018.02.17-21.06.53:240][  0]LogWindows:    0. 'NVIDIA GeForce GTX 1070' (P:1 D:1)
[2018.02.17-21.06.53:240][  0]LogWindows:    1. 'NVIDIA GeForce GTX 1070' (P:0 D:0)
[2018.02.17-21.06.53:240][  0]LogWindows:    2. 'NVIDIA GeForce GTX 1070' (P:0 D:0)
[2018.02.17-21.06.53:240][  0]LogWindows:    3. 'NVIDIA GeForce GTX 1070' (P:0 D:0)
[2018.02.17-21.06.53:240][  0]LogWindows: DebugString: GetVideoDriverDetailsInvalid PrimaryIsNotTheChoosenAdapter GetVideoDriverDetailsInvalid PrimaryIsNotTheChoosenAdapter GetVideoDriverDetailsInvalid PrimaryIsNotTheChoosenAdapter GetVideoDriverDetailsInvalid PrimaryIsNotTheChoosenAdapter FoundDriverCount:0 
[2018.02.17-21.06.53:240][  0]LogD3D11RHI:     Adapter Name: NVIDIA GeForce GTX 1070
[2018.02.17-21.06.53:240][  0]LogD3D11RHI:   Driver Version: Unknown (internal:Unknown, unified:Unknown)
[2018.02.17-21.06.53:240][  0]LogD3D11RHI:      Driver Date: Unknown
[2018.02.17-21.06.53:240][  0]LogRHI: Texture pool is 5667 MB (70% of 8096 MB)
[2018.02.17-21.06.53:256][  0]LogD3D11RHI: Async texture creation enabled
[2018.02.17-21.06.53:310][  0]LogD3D11RHI: GPU Timing Frequency: 1000.000000 (Debug: 2 1)
[2018.02.17-21.06.53:358][  0]LogShaderCompilers: Guid format shader working directory is 27 characters bigger than the processId version (D:/repos/GWGame/GW_Game/Intermediate/Shaders/WorkingDirectory/12176/).
[2018.02.17-21.06.53:358][  0]LogShaderCompilers: Cleaned the shader compiler working directory 'C:/Users/uzivatel 1/AppData/Local/Temp/UnrealShaderWorkingDir/6831B8E24F954936E5B04A96972EF49C/'.
[2018.02.17-21.06.53:358][  0]LogShaderCompilers: Display: Using Local Shader Compiler.
[2018.02.17-21.06.53:985][  0]LogTemp: Display: Loaded TP AllDesktopTargetPlatform
[2018.02.17-21.06.54:019][  0]LogTemp: Display: Loaded TP MacClientTargetPlatform
[2018.02.17-21.06.54:054][  0]LogTemp: Display: Loaded TP MacNoEditorTargetPlatform
[2018.02.17-21.06.54:089][  0]LogTemp: Display: Loaded TP MacServerTargetPlatform
[2018.02.17-21.06.54:125][  0]LogTemp: Display: Loaded TP MacTargetPlatform
[2018.02.17-21.06.54:160][  0]LogTemp: Display: Loaded TP WindowsClientTargetPlatform
[2018.02.17-21.06.54:195][  0]LogTemp: Display: Loaded TP WindowsNoEditorTargetPlatform
[2018.02.17-21.06.54:230][  0]LogTemp: Display: Loaded TP WindowsServerTargetPlatform
[2018.02.17-21.06.54:261][  0]LogTemp: Display: Loaded TP WindowsTargetPlatform
[2018.02.17-21.06.54:296][  0]LogTemp: Display: Loaded TP Android_ASTCTargetPlatform
[2018.02.17-21.06.54:331][  0]LogTemp: Display: Loaded TP Android_ATCTargetPlatform
[2018.02.17-21.06.54:367][  0]LogTemp: Display: Loaded TP Android_DXTTargetPlatform
[2018.02.17-21.06.54:401][  0]LogTemp: Display: Loaded TP Android_ETC1TargetPlatform
[2018.02.17-21.06.54:436][  0]LogTemp: Display: Loaded TP Android_ETC2TargetPlatform
[2018.02.17-21.06.54:505][  0]LogTemp: Display: Loaded TP Android_MultiTargetPlatform
[2018.02.17-21.06.54:505][  0]LogTemp: Display: Loaded TP Android_PVRTCTargetPlatform
[2018.02.17-21.06.54:539][  0]LogTemp: Display: Loaded TP AndroidTargetPlatform
[2018.02.17-21.06.54:566][  0]LogTemp: Display: Loaded TP HTML5TargetPlatform
[2018.02.17-21.06.54:635][  0]LogTemp: Display: Loaded TP IOSTargetPlatform
[2018.02.17-21.06.54:653][  0]LogTemp: Display: Loaded TP TVOSTargetPlatform
[2018.02.17-21.06.54:687][  0]LogTemp: Display: Loaded TP LinuxClientTargetPlatform
[2018.02.17-21.06.54:721][  0]LogTemp: Display: Loaded TP LinuxNoEditorTargetPlatform
[2018.02.17-21.06.54:755][  0]LogTemp: Display: Loaded TP LinuxServerTargetPlatform
[2018.02.17-21.06.54:789][  0]LogTemp: Display: Loaded TP LinuxTargetPlatform
[2018.02.17-21.06.54:789][  0]LogTargetPlatformManager: Display: Building Assets For Windows
[2018.02.17-21.06.55:099][  0]LogDerivedDataCache: Display: Max Cache Size: 512 MB
[2018.02.17-21.06.55:150][  0]LogDerivedDataCache: Loaded boot cache 0.05s 78MB C:/Users/uzivatel 1/AppData/Local/UnrealEngine/4.18/DerivedDataCache/Boot.ddc.
[2018.02.17-21.06.55:150][  0]LogDerivedDataCache: Display: Loaded Boot cache: C:/Users/uzivatel 1/AppData/Local/UnrealEngine/4.18/DerivedDataCache/Boot.ddc
[2018.02.17-21.06.55:150][  0]LogDerivedDataCache: FDerivedDataBackendGraph:  Pak pak cache file D:/repos/GWGame/GW_Game/DerivedDataCache/DDC.ddp not found, will not use a pak cache.
[2018.02.17-21.06.55:150][  0]LogDerivedDataCache: Unable to find inner node Pak for hierarchical cache Hierarchy.
[2018.02.17-21.06.55:150][  0]LogDerivedDataCache: FDerivedDataBackendGraph:  CompressedPak pak cache file D:/repos/GWGame/GW_Game/DerivedDataCache/Compressed.ddp not found, will not use a pak cache.
[2018.02.17-21.06.55:150][  0]LogDerivedDataCache: Unable to find inner node CompressedPak for hierarchical cache Hierarchy.
[2018.02.17-21.06.55:161][  0]LogDerivedDataCache: Display: Pak cache opened for reading ../../../Engine/DerivedDataCache/Compressed.ddp.
[2018.02.17-21.06.55:173][  0]LogDerivedDataCache: Using Local data cache path C:/Users/uzivatel 1/AppData/Local/UnrealEngine/Common/DerivedDataCache: Writable
[2018.02.17-21.06.55:180][  0]LogMaterial: Verifying Global Shaders for PCD3D_SM5
[2018.02.17-21.06.55:180][  0]LogSlate: Using Freetype 2.6.0
[2018.02.17-21.06.55:181][  0]LogSlate: SlateFontCache - WITH_FREETYPE: 1, WITH_HARFBUZZ: 1
[2018.02.17-21.06.55:181][  0]LogSlate: SlateFontCache - WITH_FREETYPE: 1, WITH_HARFBUZZ: 1
[2018.02.17-21.06.55:424][  0]LogInit: Selected Device Profile: [Windows]
[2018.02.17-21.06.55:648][  0]LogSimplygon: Simplygon DLL not present - disabling.
[2018.02.17-21.06.55:675][  0]LogMeshReduction: Using SimplygonSwarm for distributed automatic mesh merging
[2018.02.17-21.06.55:675][  0]LogMeshReduction: Using QuadricMeshReduction for automatic static mesh reduction
[2018.02.17-21.06.55:675][  0]LogMeshReduction: No automatic skeletal mesh reduction module available
[2018.02.17-21.06.55:675][  0]LogMeshReduction: No automatic mesh merging module available
[2018.02.17-21.06.55:675][  0]LogMeshMerging: No automatic mesh merging module available
[2018.02.17-21.06.55:694][  0]LogNetVersion: GW_Game , NetCL: 3709383, EngineNetVer: 2, GameNetVer: 0 (Checksum: 4001666234)
[2018.02.17-21.06.55:814][  0]LogAssetRegistry: FAssetRegistry took 0.0247 seconds to start up
[2018.02.17-21.06.56:134][  0]LogPackageLocalizationCache: Processed 7 localized package path(s) for 1 prioritized culture(s) in 0.020850 seconds
[2018.02.17-21.06.56:138][  0]LogUObjectArray: 35900 objects as part of root set at end of initial load.
[2018.02.17-21.06.56:138][  0]LogUObjectAllocator: 7372016 out of 0 bytes used by permanent object pool.
[2018.02.17-21.06.56:138][  0]LogUObjectArray: CloseDisregardForGC: 0/0 objects in disregard for GC pool
[2018.02.17-21.06.56:174][  0]LogInit: WinSock: version 1.1 (2.2), MaxSocks=32767, MaxUdp=65467
[2018.02.17-21.06.58:027][  0]LogTcpMessaging: Initializing TcpMessaging bridge
[2018.02.17-21.06.58:058][  0]LogUdpMessaging: Initializing bridge on interface 0.0.0.0:0 to multicast group 230.0.0.1:6666.
[2018.02.17-21.06.58:580][  0]LogMaterial: Uniform references updated for custom material expression Custom.
[2018.02.17-21.06.58:875][  0]SourceControl: Source control is disabled
[2018.02.17-21.06.58:875][  0]SourceControl: Source control is disabled
[2018.02.17-21.06.58:912][  0]SourceControl: Source control is disabled
[2018.02.17-21.06.58:948][  0]SourceControl: Source control is disabled
[2018.02.17-21.06.59:501][  0]LogAndroidPermission: UAndroidPermissionCallbackProxy::GetInstance
[2018.02.17-21.06.59:687][  0]LogOcInput: OculusInput pre-init called
[2018.02.17-21.06.59:892][  0]LogEngine: Initializing Engine...
[2018.02.17-21.06.59:894][  0]LogHMD: Failed to initialize OpenVR with code 110
[2018.02.17-21.07.00:041][  0]LogStats: UGameplayTagsManager::ConstructGameplayTagTree: Construct from data asset -  0.000 s
[2018.02.17-21.07.00:042][  0]LogStats: UGameplayTagsManager::ConstructGameplayTagTree: GameplayTagTreeChangedEvent.Broadcast -  0.000 s
[2018.02.17-21.07.00:131][  0]LogAIModule: Creating AISystem for world Untitled
[2018.02.17-21.07.00:136][  0]LogInit: XAudio2 using 'U24E590-4 (NVIDIA High Definition Audio)' : 2 channels at 48 kHz using 16 bits per sample (channel mask 0x3)
[2018.02.17-21.07.00:143][  0]LogInit: FAudioDevice initialized.
[2018.02.17-21.07.00:206][  0]LogDerivedDataCache: Saved boot cache 0.06s 78MB C:/Users/uzivatel 1/AppData/Local/UnrealEngine/4.18/DerivedDataCache/Boot.ddc.
[2018.02.17-21.07.00:215][  0]LogInit: Texture streaming: Enabled
[2018.02.17-21.07.00:283][  0]LogEngineSessionManager: EngineSessionManager initialized
[2018.02.17-21.07.00:283][  0]LogEngineSessionManager: EngineSessionManager sent abnormal shutdown report. Type=Crashed, SessionId={B980348B-490C-45BD-E48E-539A39010D3A}
[2018.02.17-21.07.00:373][  0]LogInit: Transaction tracking system initialized
[2018.02.17-21.07.00:586][  0]BlueprintLog: New page: Editor Load
[2018.02.17-21.07.01:193][  0]LocalizationService: Localization service is disabled
[2018.02.17-21.07.01:717][  0]LogConsoleResponse: Display: 
[2018.02.17-21.07.01:847][  0]LogCook: Display: Max memory allowance for cook 16384mb min free memory 0mb
[2018.02.17-21.07.01:847][  0]LogCook: Display: Mobile HDR setting 1
[2018.02.17-21.07.01:847][  0]LogGameplayTags: Display: UGameplayTagsManager::DoneAddingNativeTags. DelegateIsBound: 0
[2018.02.17-21.07.02:189][  0]LogFileCache: Scanning file cache for directory 'D:/repos/GWGame/GW_Game/Content/' took 0.01s
[2018.02.17-21.07.02:648][  0]SourceControl: Source control is disabled
[2018.02.17-21.07.02:648][  0]Cmd: MAP LOAD FILE="D:/repos/GWGame/GW_Game/Content/_Levels/BattleGround.umap" TEMPLATE=0 SHOWPROGRESS=1 FEATURELEVEL=3
[2018.02.17-21.07.02:648][  0]LightingResults: New page: Lighting Build
[2018.02.17-21.07.02:677][  0]MapCheck: New page: Map Check
[2018.02.17-21.07.02:677][  0]LightingResults: New page: Lighting Build
[2018.02.17-21.07.03:004][  0]LogAIModule: Creating AISystem for world BattleGround
[2018.02.17-21.07.03:020][  0]LogEditorServer: Finished looking for orphan Actors (0.000 secs)
[2018.02.17-21.07.03:029][  0]Cmd: MAP CHECKDEP NOCLEARLOG
[2018.02.17-21.07.03:066][  0]MapCheck: Map check complete: 0 Error(s), 0 Warning(s), took 36.983ms to complete.
[2018.02.17-21.07.03:066][  0]LogFileHelpers: Loading map 'BattleGround' took 0.418
[2018.02.17-21.07.03:128][  0]LogWindowsTextInputMethodSystem: Display: IME system now deactivated.
[2018.02.17-21.07.03:183][  0]LogCollectionManager: Loaded 0 collections in 0.000994 seconds
[2018.02.17-21.07.03:247][  0]LogFileCache: Scanning file cache for directory 'D:/repos/GWGame/GW_Game/Saved/Collections/' took 0.01s
[2018.02.17-21.07.03:247][  0]LogFileCache: Scanning file cache for directory 'D:/repos/GWGame/GW_Game/Content/Developers/uzivatel1/Collections/' took 0.01s
[2018.02.17-21.07.03:247][  0]LogFileCache: Scanning file cache for directory 'D:/repos/GWGame/GW_Game/Content/Collections/' took 0.01s
[2018.02.17-21.07.03:247][  0]LogCollectionManager: Rebuilt the GUID cache for 0 collections in 0.000000 seconds
[2018.02.17-21.07.03:253][  0]LogContentBrowser: Native class hierarchy populated in 0.0061 seconds. Added 2374 classes and 524 folders.
[2018.02.17-21.07.03:297][  0]LogContentBrowser: Native class hierarchy updated for 'WidgetCarousel' in 0.0004 seconds. Added 0 classes and 0 folders.
[2018.02.17-21.07.03:322][  0]LogContentBrowser: Native class hierarchy updated for 'AddContentDialog' in 0.0004 seconds. Added 0 classes and 0 folders.
[2018.02.17-21.07.03:415][  0]LogContentBrowser: Native class hierarchy updated for 'HierarchicalLODOutliner' in 0.0004 seconds. Added 1 classes and 2 folders.
[2018.02.17-21.07.03:415][  0]LogLoad: (Engine Initialization) Total time: 12.55 seconds
[2018.02.17-21.07.03:415][  0]LogLoad: (Engine Initialization) Total Blueprint compile time: 0.00 seconds
[2018.02.17-21.07.03:415][  0]LogExternalProfiler: No external profilers were discovered.  External profiling features will not be available.
[2018.02.17-21.07.03:437][  0]LogAssetRegistry: Asset discovery search completed in 7.6448 seconds
[2018.02.17-21.07.03:438][  0]LogCollectionManager: Rebuilt the object cache for 0 collections in 0.000000 seconds (found 0 objects)
[2018.02.17-21.07.03:438][  0]LogCollectionManager: Fixed up redirectors for 0 collections in 0.000047 seconds (updated 0 objects)
[2018.02.17-21.07.03:439][  0]LogContentStreaming: Texture pool size now 1000 MB
[2018.02.17-21.07.03:445][  0]LogSlate: Took 0.000162 seconds to synchronously load lazily loaded font '../../../Engine/Content/Slate/Fonts/Roboto-Regular.ttf' (155K)
[2018.02.17-21.07.03:446][  0]LogSlate: Took 0.000090 seconds to synchronously load lazily loaded font '../../../Engine/Content/Editor/Slate/Fonts/FontAwesome.ttf' (139K)
[2018.02.17-21.07.03:447][  0]LogSlate: Took 0.000138 seconds to synchronously load lazily loaded font '../../../Engine/Content/Slate/Fonts/Roboto-Bold.ttf' (160K)
[2018.02.17-21.07.03:450][  0]LogSlate: Took 0.000082 seconds to synchronously load lazily loaded font '../../../Engine/Content/Editor/Slate/Fonts/DroidSansMono.ttf' (77K)
[2018.02.17-21.07.03:554][  0]LogRenderer: Reallocating scene render targets to support 720x476 Format 10 NumSamples 1 (Frame:1).
[2018.02.17-21.07.05:501][206]LogRenderer: Reallocating scene render targets to support 1088x756 Format 10 NumSamples 1 (Frame:3).
[2018.02.17-21.07.11:324][864]LogSlate: Took 0.000143 seconds to synchronously load lazily loaded font '../../../Engine/Content/Slate/Fonts/Roboto-Light.ttf' (159K)
[2018.02.17-21.07.11:541][864]LogContentBrowser: Native class hierarchy updated for 'BlueprintGraph' in 0.0007 seconds. Added 116 classes and 0 folders.
[2018.02.17-21.07.11:967][864]LogSlate: Took 0.000100 seconds to synchronously load lazily loaded font '../../../Engine/Content/Slate/Fonts/Roboto-Regular.ttf' (155K)
[2018.02.17-21.07.12:009][864]LogSlate: Took 0.000146 seconds to synchronously load lazily loaded font '../../../Engine/Content/Editor/Slate/Fonts/Roboto-BoldCondensed.ttf' (158K)
[2018.02.17-21.07.12:048][865]LogSlate: Took 0.000122 seconds to synchronously load lazily loaded font '../../../Engine/Content/Editor/Slate/Fonts/Roboto-Italic.ttf' (157K)
[2018.02.17-21.07.21:610][919]BlueprintLog: New page: Compile Assault_BP
[2018.02.17-21.07.22:224][955]Cmd: OBJ SAVEPACKAGE PACKAGE="/Game/Characters/Assault/Assault_BP" FILE="D:/repos/GWGame/GW_Game/Content/Characters/Assault/Assault_BP.uasset" SILENT=true
[2018.02.17-21.07.22:278][955]LogSavePackage: Save=42.51ms
[2018.02.17-21.07.22:278][955]LogSavePackage: Moving 'D:/repos/GWGame/GW_Game/Saved/Assault_BP6A5A3A784F2A0B0A354BD18F0DC52804.tmp' to 'D:/repos/GWGame/GW_Game/Content/Characters/Assault/Assault_BP.uasset'
[2018.02.17-21.07.22:280][955]LogSavePackage: Display: Finished SavePackage D:/repos/GWGame/GW_Game/Content/Characters/Assault/Assault_BP.uasset
[2018.02.17-21.07.31:310][904]BlueprintLog: New page: Compile Heavy_BP
[2018.02.17-21.07.32:150][976]Cmd: OBJ SAVEPACKAGE PACKAGE="/Game/Characters/Heavy/Heavy_BP" FILE="D:/repos/GWGame/GW_Game/Content/Characters/Heavy/Heavy_BP.uasset" SILENT=true
[2018.02.17-21.07.32:196][976]LogSavePackage: Save=39.22ms
[2018.02.17-21.07.32:196][976]LogSavePackage: Moving 'D:/repos/GWGame/GW_Game/Saved/Heavy_BPFECD638445CCA4809A7297AD20DF6C54.tmp' to 'D:/repos/GWGame/GW_Game/Content/Characters/Heavy/Heavy_BP.uasset'
[2018.02.17-21.07.32:198][976]LogSavePackage: Display: Finished SavePackage D:/repos/GWGame/GW_Game/Content/Characters/Heavy/Heavy_BP.uasset
[2018.02.17-21.07.41:695][ 55]BlueprintLog: New page: Compile Sniper_BP
[2018.02.17-21.07.42:305][ 93]Cmd: OBJ SAVEPACKAGE PACKAGE="/Game/Characters/Sniper/Sniper_BP" FILE="D:/repos/GWGame/GW_Game/Content/Characters/Sniper/Sniper_BP.uasset" SILENT=true
[2018.02.17-21.07.42:402][ 93]LogSavePackage: Save=87.66ms
[2018.02.17-21.07.42:402][ 93]LogSavePackage: Moving 'D:/repos/GWGame/GW_Game/Saved/Sniper_BP9FEDB6AC40346D8EA6E93E89297E3EAF.tmp' to 'D:/repos/GWGame/GW_Game/Content/Characters/Sniper/Sniper_BP.uasset'
[2018.02.17-21.07.42:404][ 93]LogSavePackage: Display: Finished SavePackage D:/repos/GWGame/GW_Game/Content/Characters/Sniper/Sniper_BP.uasset
[2018.02.17-21.07.44:711][356]Candidate modules for hot reload:
[2018.02.17-21.07.44:711][356]  GW_Game
[2018.02.17-21.07.44:711][356]Launching UnrealBuildTool... [C:/Program Files/Epic Games/UE_4.18/Engine/Binaries/DotNET/UnrealBuildTool.exe GW_Game -ModuleWithSuffix GW_Game 4317 Win64 Development -editorrecompile -canskiplink "D:/repos/GWGame/GW_Game/GW_Game.uproject" ]
[2018.02.17-21.07.44:736][356]Warning: Starting HotReload took  0.0s.
[2018.02.17-21.07.56:976][794]CompilerResultsLog: New page: Compilation - Feb 17, 2018, 11:07:56 PM
[2018.02.17-21.07.56:976][794]CompilerResultsLog: Using 'git status' to determine working set for adaptive non-unity build.
[2018.02.17-21.07.56:977][794]CompilerResultsLog: Creating makefile for hot reloading GW_Game (ini files are newer than UBTMakefile)
[2018.02.17-21.07.56:977][794]CompilerResultsLog: Compiling game modules for hot reload
[2018.02.17-21.07.56:977][794]CompilerResultsLog: Parsing headers for GW_GameEditor
[2018.02.17-21.07.56:977][794]CompilerResultsLog:   Running UnrealHeaderTool "D:\repos\GWGame\GW_Game\GW_Game.uproject" "D:\repos\GWGame\GW_Game\Intermediate\Build\Win64\GW_GameEditor\Development\GW_GameEditor.uhtmanifest" -LogCmds="loginit warning, logexit warning, logdatabase error" -Unattended -WarningsAsErrors -installed
[2018.02.17-21.07.56:977][794]CompilerResultsLog: Reflection code generated for GW_GameEditor in 5,8587129 seconds
[2018.02.17-21.07.56:977][794]CompilerResultsLog: Performing 6 actions (4 in parallel)
[2018.02.17-21.07.56:977][794]CompilerResultsLog: GW_Game.init.gen.cpp
[2018.02.17-21.07.56:977][794]CompilerResultsLog: TankMovementComponent.cpp
[2018.02.17-21.07.56:977][794]CompilerResultsLog: Assault.cpp
[2018.02.17-21.07.56:977][794]CompilerResultsLog: TankMovementComponent.gen.cpp
[2018.02.17-21.07.56:977][794]CompilerResultsLog: [5/6] Link UE4Editor-GW_Game-4317.dll
[2018.02.17-21.07.56:977][794]CompilerResultsLog: [6/6] Link UE4Editor-GW_Game-4317.lib
[2018.02.17-21.07.56:977][794]CompilerResultsLog:    Creating library D:\repos\GWGame\GW_Game\Intermediate\Build\Win64\UE4Editor\Development\UE4Editor-GW_Game-4317.lib and object D:\repos\GWGame\GW_Game\Intermediate\Build\Win64\UE4Editor\Development\UE4Editor-GW_Game-4317.exp
[2018.02.17-21.07.56:978][794]CompilerResultsLog:    Creating library D:\repos\GWGame\GW_Game\Intermediate\Build\Win64\UE4Editor\Development\UE4Editor-GW_Game-4317.suppressed.lib and object D:\repos\GWGame\GW_Game\Intermediate\Build\Win64\UE4Editor\Development\UE4Editor-GW_Game-4317.suppressed.exp
[2018.02.17-21.07.56:978][794]CompilerResultsLog: Total build time: 11,86 seconds (Local executor: 1,01 seconds)
[2018.02.17-21.07.56:978][794]LogMainFrame: MainFrame: Module compiling took 12.270 seconds
[2018.02.17-21.07.57:038][794]LogClass: Could not find existing class TankMovementComponent in package /Script/GW_Game for HotReload, assuming new class
[2018.02.17-21.07.57:038][794]LogClass: Function Initialise is new.
[2018.02.17-21.07.57:038][794]LogClass: Function IntendMoveForward is new.
[2018.02.17-21.07.57:038][794]LogClass: Function IntendTurnRight is new.
[2018.02.17-21.07.57:044][794]LogHotReload: Re-instancing TankMovementComponent after hot-reload.
[2018.02.17-21.07.57:107][794]LogContentBrowser: Native class hierarchy updated for 'GW_Game' in 0.0005 seconds. Added 10 classes and 3 folders.
[2018.02.17-21.07.57:109][794]Display: HotReload successful (5 functions remapped  0 scriptstructs remapped)
[2018.02.17-21.07.57:347][794]LogContentBrowser: Native class hierarchy populated in 0.0065 seconds. Added 2375 classes and 526 folders.
[2018.02.17-21.07.57:347][794]Display: HotReload took 12.6s.
[2018.02.17-21.08.22:738][136]LogTemp: Repeating last play command: Selected Viewport
[2018.02.17-21.08.22:773][136]LogBlueprintUserMessages: Early PlayInEditor Detection: Level '/Game/_Levels/BattleGround.BattleGround:PersistentLevel' has LevelScriptBlueprint '/Game/_Levels/BattleGround.BattleGround:PersistentLevel.BattleGround' with GeneratedClass '/Game/_Levels/BattleGround.BattleGround_C' with ClassGeneratedBy '/Game/_Levels/BattleGround.BattleGround:PersistentLevel.BattleGround'
[2018.02.17-21.08.22:773][136]LogPlayLevel: PlayLevel: No blueprints needed recompiling
[2018.02.17-21.08.22:774][136]PIE: New page: PIE session: BattleGround (Feb 17, 2018, 11:08:22 PM)
[2018.02.17-21.08.22:774][136]LogPlayLevel: Creating play world package: /Game/_Levels/UEDPIE_0_BattleGround
[2018.02.17-21.08.22:785][136]LogPlayLevel: PIE: StaticDuplicateObject took: (0.010828s)
[2018.02.17-21.08.22:785][136]LogAIModule: Creating AISystem for world BattleGround
[2018.02.17-21.08.22:786][136]LogPlayLevel: PIE: World Init took: (0.000834s)
[2018.02.17-21.08.22:786][136]LogPlayLevel: PIE: Created PIE world by copying editor world from /Game/_Levels/BattleGround.BattleGround to /Game/_Levels/UEDPIE_0_BattleGround.BattleGround (0.012274s)
[2018.02.17-21.08.22:812][136]LogInit: XAudio2 using 'U24E590-4 (NVIDIA High Definition Audio)' : 2 channels at 48 kHz using 16 bits per sample (channel mask 0x3)
[2018.02.17-21.08.22:817][136]LogInit: FAudioDevice initialized.
[2018.02.17-21.08.22:873][136]LogLoad: Game class is 'AssaultGameMode_BP_C'
[2018.02.17-21.08.22:875][136]LogWorld: Bringing World /Game/_Levels/UEDPIE_0_BattleGround.BattleGround up for play (max tick rate 0) at 2018.02.17-22.08.22
[2018.02.17-21.08.22:876][136]LogWorld: Bringing up level for play took: 0.001577
[2018.02.17-21.08.22:916][136]LogContentBrowser: Native class hierarchy updated for 'MovieSceneCapture' in 0.0005 seconds. Added 11 classes and 0 folders.
[2018.02.17-21.08.22:917][136]LogTemp: Warning: PlayerController not possessing a tank
[2018.02.17-21.08.22:918][136]PIE: Play in editor start time for /Game/_Levels/UEDPIE_0_BattleGround -0.152
[2018.02.17-21.08.22:918][136]LogBlueprintUserMessages: Late PlayInEditor Detection: Level '/Game/_Levels/BattleGround.BattleGround:PersistentLevel' has LevelScriptBlueprint '/Game/_Levels/BattleGround.BattleGround:PersistentLevel.BattleGround' with GeneratedClass '/Game/_Levels/BattleGround.BattleGround_C' with ClassGeneratedBy '/Game/_Levels/BattleGround.BattleGround:PersistentLevel.BattleGround'
[2018.02.17-21.08.29:462][904]LogBlueprintUserMessages: Early EndPlayMap Detection: Level '/Game/_Levels/BattleGround.BattleGround:PersistentLevel' has LevelScriptBlueprint '/Game/_Levels/BattleGround.BattleGround:PersistentLevel.BattleGround' with GeneratedClass '/Game/_Levels/BattleGround.BattleGround_C' with ClassGeneratedBy '/Game/_Levels/BattleGround.BattleGround:PersistentLevel.BattleGround'
[2018.02.17-21.08.29:495][904]LogBlueprintUserMessages: Late EndPlayMap Detection: Level '/Game/_Levels/BattleGround.BattleGround:PersistentLevel' has LevelScriptBlueprint '/Game/_Levels/BattleGround.BattleGround:PersistentLevel.BattleGround' with GeneratedClass '/Game/_Levels/BattleGround.BattleGround_C' with ClassGeneratedBy '/Game/_Levels/BattleGround.BattleGround:PersistentLevel.BattleGround'
[2018.02.17-21.08.31:530][138]LogTemp: Repeating last play command: Selected Viewport
[2018.02.17-21.08.31:546][138]LogBlueprintUserMessages: Early PlayInEditor Detection: Level '/Game/_Levels/BattleGround.BattleGround:PersistentLevel' has LevelScriptBlueprint '/Game/_Levels/BattleGround.BattleGround:PersistentLevel.BattleGround' with GeneratedClass '/Game/_Levels/BattleGround.BattleGround_C' with ClassGeneratedBy '/Game/_Levels/BattleGround.BattleGround:PersistentLevel.BattleGround'
[2018.02.17-21.08.31:546][138]LogPlayLevel: PlayLevel: No blueprints needed recompiling
[2018.02.17-21.08.31:546][138]PIE: New page: PIE session: BattleGround (Feb 17, 2018, 11:08:31 PM)
[2018.02.17-21.08.31:546][138]LogPlayLevel: Creating play world package: /Game/_Levels/UEDPIE_0_BattleGround
[2018.02.17-21.08.31:554][138]LogPlayLevel: PIE: StaticDuplicateObject took: (0.007193s)
[2018.02.17-21.08.31:555][138]LogAIModule: Creating AISystem for world BattleGround
[2018.02.17-21.08.31:555][138]LogPlayLevel: PIE: World Init took: (0.000652s)
[2018.02.17-21.08.31:555][138]LogPlayLevel: PIE: Created PIE world by copying editor world from /Game/_Levels/BattleGround.BattleGround to /Game/_Levels/UEDPIE_0_BattleGround.BattleGround (0.008349s)
[2018.02.17-21.08.31:569][138]LogInit: XAudio2 using 'U24E590-4 (NVIDIA High Definition Audio)' : 2 channels at 48 kHz using 16 bits per sample (channel mask 0x3)
[2018.02.17-21.08.31:574][138]LogInit: FAudioDevice initialized.
[2018.02.17-21.08.31:602][138]LogLoad: Game class is 'AssaultGameMode_BP_C'
[2018.02.17-21.08.31:605][138]LogWorld: Bringing World /Game/_Levels/UEDPIE_0_BattleGround.BattleGround up for play (max tick rate 0) at 2018.02.17-22.08.31
[2018.02.17-21.08.31:605][138]LogWorld: Bringing up level for play took: 0.001650
[2018.02.17-21.08.31:606][138]LogTemp: Warning: PlayerController not possessing a tank
[2018.02.17-21.08.31:607][138]PIE: Play in editor start time for /Game/_Levels/UEDPIE_0_BattleGround 0.538
[2018.02.17-21.08.31:607][138]LogBlueprintUserMessages: Late PlayInEditor Detection: Level '/Game/_Levels/BattleGround.BattleGround:PersistentLevel' has LevelScriptBlueprint '/Game/_Levels/BattleGround.BattleGround:PersistentLevel.BattleGround' with GeneratedClass '/Game/_Levels/BattleGround.BattleGround_C' with ClassGeneratedBy '/Game/_Levels/BattleGround.BattleGround:PersistentLevel.BattleGround'
[2018.02.17-21.08.34:679][439]LogWindows: Error: === Critical error: ===
[2018.02.17-21.08.34:679][439]LogWindows: Error: 
[2018.02.17-21.08.34:679][439]LogWindows: Error: Fatal error!
[2018.02.17-21.08.34:679][439]LogWindows: Error: 
[2018.02.17-21.08.34:679][439]LogWindows: Error: Unhandled Exception: EXCEPTION_ACCESS_VIOLATION reading address 0x000001a0
[2018.02.17-21.08.34:679][439]LogWindows: Error: 
[2018.02.17-21.08.34:679][439]LogWindows: Error: [Callstack] 0x00000000215F5385 UE4Editor-Engine.dll!UnknownFunction []
[2018.02.17-21.08.34:679][439]LogWindows: Error: [Callstack] 0x00000000089142A2 UE4Editor-GW_Game-7101.dll!UMovementPoint::SetThrottle() [d:\repos\gwgame\gw_game\source\gw_game\private\movementpoint.cpp:9]
[2018.02.17-21.08.34:679][439]LogWindows: Error: [Callstack] 0x000000000891551D UE4Editor-GW_Game-7101.dll!UTankMovementComponent::IntendTurnRight() [d:\repos\gwgame\gw_game\source\gw_game\private\tankmovementcomponent.cpp:21]
[2018.02.17-21.08.34:679][439]LogWindows: Error: [Callstack] 0x00000000089137C2 UE4Editor-GW_Game-7101.dll!UTankMovementComponent::execIntendTurnRight() [d:\repos\gwgame\gw_game\source\gw_game\public\tankmovementcomponent.h:15]
[2018.02.17-21.08.34:679][439]LogWindows: Error: [Callstack] 0x0000000020A35264 UE4Editor-CoreUObject.dll!UnknownFunction []
[2018.02.17-21.08.34:679][439]LogWindows: Error: [Callstack] 0x0000000020BF9B74 UE4Editor-CoreUObject.dll!UnknownFunction []
[2018.02.17-21.08.34:679][439]LogWindows: Error: [Callstack] 0x0000000020C0FA41 UE4Editor-CoreUObject.dll!UnknownFunction []
[2018.02.17-21.08.34:679][439]LogWindows: Error: [Callstack] 0x0000000020C11B72 UE4Editor-CoreUObject.dll!UnknownFunction []
[2018.02.17-21.08.34:679][439]LogWindows: Error: [Callstack] 0x0000000020BFA57E UE4Editor-CoreUObject.dll!UnknownFunction []
[2018.02.17-21.08.34:679][439]LogWindows: Error: [Callstack] 0x0000000020C11B72 UE4Editor-CoreUObject.dll!UnknownFunction []
[2018.02.17-21.08.34:679][439]LogWindows: Error: [Callstack] 0x0000000020A35264 UE4Editor-CoreUObject.dll!UnknownFunction []
[2018.02.17-21.08.34:679][439]LogWindows: Error: [Callstack] 0x0000000020C10F66 UE4Editor-CoreUObject.dll!UnknownFunction []
[2018.02.17-21.08.34:679][439]LogWindows: Error: [Callstack] 0x00000000210FE64B UE4Editor-Engine.dll!UnknownFunction []
[2018.02.17-21.08.34:679][439]LogWindows: Error: [Callstack] 0x000000002224F29A UE4Editor-Engine.dll!UnknownFunction []
[2018.02.17-21.08.34:679][439]LogWindows: Error: [Callstack] 0x000000002228139A UE4Editor-Engine.dll!UnknownFunction []
[2018.02.17-21.08.34:679][439]LogWindows: Error: [Callstack] 0x0000000021DF327C UE4Editor-Engine.dll!UnknownFunction []
[2018.02.17-21.08.34:679][439]LogWindows: Error: [Callstack] 0x0000000021E06F66 UE4Editor-Engine.dll!UnknownFunction []
[2018.02.17-21.08.34:679][439]LogWindows: Error: [Callstack] 0x0000000021DF0DDB UE4Editor-Engine.dll!UnknownFunction []
[2018.02.17-21.08.34:679][439]LogWindows: Error: [Callstack] 0x0000000021E0613A UE4Editor-Engine.dll!UnknownFunction []
[2018.02.17-21.08.34:679][439]LogWindows: Error: [Callstack] 0x00000000210D58B6 UE4Editor-Engine.dll!UnknownFunction []
[2018.02.17-21.08.34:679][439]LogWindows: Error: [Callstack] 0x0000000022129BDB UE4Editor-Engine.dll!UnknownFunction []
[2018.02.17-21.08.34:679][439]LogWindows: Error: [Callstack] 0x000000002212DD0B UE4Editor-Engine.dll!UnknownFunction []
[2018.02.17-21.08.34:679][439]LogWindows: Error: [Callstack] 0x0000000023A44845 UE4Editor-Core.dll!UnknownFunction []
[2018.02.17-21.08.34:679][439]LogWindows: Error: [Callstack] 0x0000000023A44E2A UE4Editor-Core.dll!UnknownFunction []
[2018.02.17-21.08.34:679][439]LogWindows: Error: [Callstack] 0x0000000023A6589E UE4Editor-Core.dll!UnknownFunction []
[2018.02.17-21.08.34:679][439]LogWindows: Error: [Callstack] 0x0000000022147E11 UE4Editor-Engine.dll!UnknownFunction []
[2018.02.17-21.08.34:679][439]LogWindows: Error: [Callstack] 0x000000002214C632 UE4Editor-Engine.dll!UnknownFunction []
[2018.02.17-21.08.34:679][439]LogWindows: Error: [Callstack] 0x0000000021A3D104 UE4Editor-Engine.dll!UnknownFunction []
[2018.02.17-21.08.34:679][439]LogWindows: Error: [Callstack] 0x0000000021A46448 UE4Editor-Engine.dll!UnknownFunction []
[2018.02.17-21.08.34:679][439]LogWindows: Error: [Callstack] 0x000000001F0E6BA6 UE4Editor-UnrealEd.dll!UnknownFunction []
[2018.02.17-21.08.34:679][439]LogWindows: Error: [Callstack] 0x000000001F994AC6 UE4Editor-UnrealEd.dll!UnknownFunction []
[2018.02.17-21.08.34:680][439]LogWindows: Error: [Callstack] 0x00000000C4C25A26 UE4Editor.exe!UnknownFunction []
[2018.02.17-21.08.34:680][439]LogWindows: Error: [Callstack] 0x00000000C4C35430 UE4Editor.exe!UnknownFunction []
[2018.02.17-21.08.34:680][439]LogWindows: Error: [Callstack] 0x00000000C4C354AA UE4Editor.exe!UnknownFunction []
[2018.02.17-21.08.34:680][439]LogWindows: Error: [Callstack] 0x00000000C4C42379 UE4Editor.exe!UnknownFunction []
[2018.02.17-21.08.34:680][439]LogWindows: Error: [Callstack] 0x00000000C4C43D57 UE4Editor.exe!UnknownFunction []
[2018.02.17-21.08.34:680][439]LogWindows: Error: [Callstack] 0x000000006F281FE4 KERNEL32.DLL!UnknownFunction []
[2018.02.17-21.08.34:680][439]LogWindows: Error: [Callstack] 0x000000006FA2EFC1 ntdll.dll!UnknownFunction []
[2018.02.17-21.08.34:680][439]LogWindows: Error: [Callstack] 0x000000006FA2EFC1 ntdll.dll!UnknownFunction []
[2018.02.17-21.08.34:680][439]LogWindows: Error: 
[2018.02.17-21.08.34:686][439]LogExit: Executing StaticShutdownAfterError
[2018.02.17-21.08.34:689][439]LogWindows: FPlatformMisc::RequestExit(1)
[2018.02.17-21.08.34:689][439]Log file closed, 02/17/18 22:08:34
