Log file open, 01/13/18 23:29:53
LogWindows: Failed to load 'aqProf.dll' (GetLastError=126)
LogWindows: File 'aqProf.dll' does not exist
LogWindows: Failed to load 'VSPerf140.dll' (GetLastError=126)
LogWindows: File 'VSPerf140.dll' does not exist
LogWindows: Failed to load 'VtuneApi.dll' (GetLastError=126)
LogWindows: File 'VtuneApi.dll' does not exist
LogWindows: Failed to load 'VtuneApi32e.dll' (GetLastError=126)
LogWindows: File 'VtuneApi32e.dll' does not exist
LogInit: Display: Running engine for game: GW_Game
LogPlatformFile: Not using cached read wrapper
LogInit: Display: RandInit(400529665) SRandInit(400529665).
LogInit: Read version file with build ID '3709383'
LogInit: Overriding engine version to CL 3794801, compatible CL 3709383
LogInit: Registered custom module enumerator with build ID '3709383'
LogTaskGraph: Started task graph with 5 named threads and 14 total threads with 3 sets of task threads.
LogStats: Stats thread started at 0.180345
LogD3D11RHI: Aftermath initialized
LogPluginManager: Mounting plugin Paper2D
LogPluginManager: Mounting plugin LightPropagationVolume
LogPluginManager: Mounting plugin CodeLiteSourceCodeAccess
LogPluginManager: Mounting plugin GitSourceControl
LogPluginManager: Mounting plugin KDevelopSourceCodeAccess
LogPluginManager: Mounting plugin NullSourceCodeAccess
LogPluginManager: Mounting plugin PerforceSourceControl
LogPluginManager: Mounting plugin SubversionSourceControl
LogPluginManager: Mounting plugin UObjectPlugin
LogPluginManager: Mounting plugin VisualStudioCodeSourceCodeAccess
LogPluginManager: Mounting plugin VisualStudioSourceCodeAccess
LogPluginManager: Mounting plugin XCodeSourceCodeAccess
LogPluginManager: Mounting plugin AssetManagerEditor
LogPluginManager: Mounting plugin AudioCapture
LogPluginManager: Mounting plugin FacialAnimation
LogPluginManager: Mounting plugin GameplayTagsEditor
LogPluginManager: Mounting plugin MobileLauncherProfileWizard
LogPluginManager: Mounting plugin PluginBrowser
LogPluginManager: Mounting plugin SpeedTreeImporter
LogPluginManager: Mounting plugin AlembicImporter
LogPluginManager: Mounting plugin CharacterAI
LogPluginManager: Mounting plugin HTML5Networking
LogPluginManager: Mounting plugin AndroidMedia
LogPluginManager: Mounting plugin AvfMedia
LogPluginManager: Mounting plugin ImgMedia
LogPluginManager: Mounting plugin MediaCompositing
LogPluginManager: Mounting plugin MediaPlayerEditor
LogPluginManager: Mounting plugin WmfMedia
LogPluginManager: Mounting plugin TcpMessaging
LogPluginManager: Mounting plugin UdpMessaging
LogPluginManager: Mounting plugin ActorSequence
LogPluginManager: Mounting plugin LevelSequenceEditor
LogPluginManager: Mounting plugin MatineeToLevelSequence
LogPluginManager: Mounting plugin OnlineSubsystemGooglePlay
LogPluginManager: Mounting plugin OnlineSubsystemIOS
LogPluginManager: Mounting plugin OnlineSubsystem
LogPluginManager: Mounting plugin OnlineSubsystemNull
LogPluginManager: Mounting plugin OnlineSubsystemUtils
LogPluginManager: Mounting plugin AndroidDeviceProfileSelector
LogPluginManager: Mounting plugin AndroidMoviePlayer
LogPluginManager: Mounting plugin AndroidPermission
LogPluginManager: Mounting plugin AppleARKit
LogPluginManager: Mounting plugin AppleMoviePlayer
LogPluginManager: Mounting plugin ArchVisCharacter
LogPluginManager: Mounting plugin CableComponent
LogPluginManager: Mounting plugin CustomMeshComponent
LogPluginManager: Mounting plugin ExampleDeviceProfileSelector
LogPluginManager: Mounting plugin GoogleCloudMessaging
LogPluginManager: Mounting plugin ImmediatePhysics
LogPluginManager: Mounting plugin IOSDeviceProfileSelector
LogPluginManager: Mounting plugin LinuxDeviceProfileSelector
LogPluginManager: Mounting plugin LocationServicesBPLibrary
LogPluginManager: Mounting plugin MobilePatchingUtils
LogPluginManager: Mounting plugin OculusVR
LogPluginManager: Plugin shader directory ../../../Engine/Plugins/Runtime/Oculus/OculusVR/Shaders found
LogPluginManager: Mapping shader source directory ../../../Engine/Plugins/Runtime/Oculus/OculusVR/Shaders to virtual directory /Plugin/OculusVR
LogPluginManager: Mounting plugin PhysXVehicles
LogPluginManager: Mounting plugin ProceduralMeshComponent
LogPluginManager: Mounting plugin RuntimePhysXCooking
LogPluginManager: Mounting plugin SteamVR
LogPluginManager: Mounting plugin WindowsMoviePlayer
LogModuleManager: Display: Found up-to-date module file D:/repos/GWGame/GW_Game/Binaries/Win64/UE4Editor-GW_Game-2887.dll (API version 3709383).
LogModuleManager: Display: Found up-to-date module file ../../../Engine/Plugins/2D/Paper2D/Binaries/Win64/UE4Editor-Paper2D.dll (API version 3709383).
LogModuleManager: Display: Found up-to-date module file ../../../Engine/Plugins/2D/Paper2D/Binaries/Win64/UE4Editor-Paper2DEditor.dll (API version 3709383).
LogModuleManager: Display: Found up-to-date module file ../../../Engine/Plugins/2D/Paper2D/Binaries/Win64/UE4Editor-PaperSpriteSheetImporter.dll (API version 3709383).
LogModuleManager: Display: Found up-to-date module file ../../../Engine/Plugins/2D/Paper2D/Binaries/Win64/UE4Editor-PaperTiledImporter.dll (API version 3709383).
LogModuleManager: Display: Found up-to-date module file ../../../Engine/Plugins/2D/Paper2D/Binaries/Win64/UE4Editor-SmartSnapping.dll (API version 3709383).
LogModuleManager: Display: Found up-to-date module file ../../../Engine/Plugins/Blendables/LightPropagationVolume/Binaries/Win64/UE4Editor-LightPropagationVolumeRuntime.dll (API version 3709383).
LogModuleManager: Display: Found up-to-date module file ../../../Engine/Plugins/Blendables/LightPropagationVolume/Binaries/Win64/UE4Editor-LightPropagationVolumeEditor.dll (API version 3709383).
LogModuleManager: Display: Found up-to-date module file ../../../Engine/Plugins/Developer/GitSourceControl/Binaries/Win64/UE4Editor-GitSourceControl.dll (API version 3709383).
LogModuleManager: Display: Found up-to-date module file ../../../Engine/Plugins/Developer/PerforceSourceControl/Binaries/Win64/UE4Editor-PerforceSourceControl.dll (API version 3709383).
LogModuleManager: Display: Found up-to-date module file ../../../Engine/Plugins/Developer/SubversionSourceControl/Binaries/Win64/UE4Editor-SubversionSourceControl.dll (API version 3709383).
LogModuleManager: Display: Found up-to-date module file ../../../Engine/Plugins/Developer/UObjectPlugin/Binaries/Win64/UE4Editor-UObjectPlugin.dll (API version 3709383).
LogModuleManager: Display: Found up-to-date module file ../../../Engine/Plugins/Developer/VisualStudioCodeSourceCodeAccess/Binaries/Win64/UE4Editor-VisualStudioCodeSourceCodeAccess.dll (API version 3709383).
LogModuleManager: Display: Found up-to-date module file ../../../Engine/Plugins/Developer/VisualStudioSourceCodeAccess/Binaries/Win64/UE4Editor-VisualStudioSourceCodeAccess.dll (API version 3709383).
LogModuleManager: Display: Found up-to-date module file ../../../Engine/Plugins/Editor/AssetManagerEditor/Binaries/Win64/UE4Editor-AssetManagerEditor.dll (API version 3709383).
LogModuleManager: Display: Found up-to-date module file ../../../Engine/Plugins/Editor/AudioCapture/Binaries/Win64/UE4Editor-AudioCapture.dll (API version 3709383).
LogModuleManager: Display: Found up-to-date module file ../../../Engine/Plugins/Editor/FacialAnimation/Binaries/Win64/UE4Editor-FacialAnimation.dll (API version 3709383).
LogModuleManager: Display: Found up-to-date module file ../../../Engine/Plugins/Editor/FacialAnimation/Binaries/Win64/UE4Editor-FacialAnimationEditor.dll (API version 3709383).
LogModuleManager: Display: Found up-to-date module file ../../../Engine/Plugins/Editor/GameplayTagsEditor/Binaries/Win64/UE4Editor-GameplayTagsEditor.dll (API version 3709383).
LogModuleManager: Display: Found up-to-date module file ../../../Engine/Plugins/Editor/MobileLauncherProfileWizard/Binaries/Win64/UE4Editor-MobileLauncherProfileWizard.dll (API version 3709383).
LogModuleManager: Display: Found up-to-date module file ../../../Engine/Plugins/Editor/PluginBrowser/Binaries/Win64/UE4Editor-PluginBrowser.dll (API version 3709383).
LogModuleManager: Display: Found up-to-date module file ../../../Engine/Plugins/Editor/SpeedTreeImporter/Binaries/Win64/UE4Editor-SpeedTreeImporter.dll (API version 3709383).
LogModuleManager: Display: Found up-to-date module file ../../../Engine/Plugins/Experimental/AlembicImporter/Binaries/Win64/UE4Editor-AlembicImporter.dll (API version 3709383).
LogModuleManager: Display: Found up-to-date module file ../../../Engine/Plugins/Experimental/AlembicImporter/Binaries/Win64/UE4Editor-AlembicLibrary.dll (API version 3709383).
LogModuleManager: Display: Found up-to-date module file ../../../Engine/Plugins/Experimental/CharacterAI/Binaries/Win64/UE4Editor-CharacterAI.dll (API version 3709383).
LogModuleManager: Display: Found up-to-date module file ../../../Engine/Plugins/Experimental/HTML5Networking/Binaries/Win64/UE4Editor-HTML5Networking.dll (API version 3709383).
LogModuleManager: Display: Found up-to-date module file ../../../Engine/Plugins/Media/AndroidMedia/Binaries/Win64/UE4Editor-AndroidMediaEditor.dll (API version 3709383).
LogModuleManager: Display: Found up-to-date module file ../../../Engine/Plugins/Media/AndroidMedia/Binaries/Win64/UE4Editor-AndroidMediaFactory.dll (API version 3709383).
LogModuleManager: Display: Found up-to-date module file ../../../Engine/Plugins/Media/AvfMedia/Binaries/Win64/UE4Editor-AvfMediaEditor.dll (API version 3709383).
LogModuleManager: Display: Found up-to-date module file ../../../Engine/Plugins/Media/AvfMedia/Binaries/Win64/UE4Editor-AvfMediaFactory.dll (API version 3709383).
LogModuleManager: Display: Found up-to-date module file ../../../Engine/Plugins/Media/AvfMedia/Binaries/Win64/UE4Editor-AvfMediaFactory.dll (API version 3709383).
LogModuleManager: Display: Found up-to-date module file ../../../Engine/Plugins/Media/ImgMedia/Binaries/Win64/UE4Editor-ImgMedia.dll (API version 3709383).
LogModuleManager: Display: Found up-to-date module file ../../../Engine/Plugins/Media/ImgMedia/Binaries/Win64/UE4Editor-ImgMediaEditor.dll (API version 3709383).
LogModuleManager: Display: Found up-to-date module file ../../../Engine/Plugins/Media/ImgMedia/Binaries/Win64/UE4Editor-ImgMediaFactory.dll (API version 3709383).
LogModuleManager: Display: Found up-to-date module file ../../../Engine/Plugins/Media/ImgMedia/Binaries/Win64/UE4Editor-ImgMediaFactory.dll (API version 3709383).
LogModuleManager: Display: Found up-to-date module file ../../../Engine/Plugins/Media/ImgMedia/Binaries/Win64/UE4Editor-OpenExrWrapper.dll (API version 3709383).
LogModuleManager: Display: Found up-to-date module file ../../../Engine/Plugins/Media/MediaCompositing/Binaries/Win64/UE4Editor-MediaCompositing.dll (API version 3709383).
LogModuleManager: Display: Found up-to-date module file ../../../Engine/Plugins/Media/MediaCompositing/Binaries/Win64/UE4Editor-MediaCompositingEditor.dll (API version 3709383).
LogModuleManager: Display: Found up-to-date module file ../../../Engine/Plugins/Media/MediaPlayerEditor/Binaries/Win64/UE4Editor-MediaPlayerEditor.dll (API version 3709383).
LogModuleManager: Display: Found up-to-date module file ../../../Engine/Plugins/Media/WmfMedia/Binaries/Win64/UE4Editor-WmfMedia.dll (API version 3709383).
LogModuleManager: Display: Found up-to-date module file ../../../Engine/Plugins/Media/WmfMedia/Binaries/Win64/UE4Editor-WmfMediaEditor.dll (API version 3709383).
LogModuleManager: Display: Found up-to-date module file ../../../Engine/Plugins/Media/WmfMedia/Binaries/Win64/UE4Editor-WmfMediaFactory.dll (API version 3709383).
LogModuleManager: Display: Found up-to-date module file ../../../Engine/Plugins/Media/WmfMedia/Binaries/Win64/UE4Editor-WmfMediaFactory.dll (API version 3709383).
LogModuleManager: Display: Found up-to-date module file ../../../Engine/Plugins/Messaging/TcpMessaging/Binaries/Win64/UE4Editor-TcpMessaging.dll (API version 3709383).
LogModuleManager: Display: Found up-to-date module file ../../../Engine/Plugins/Messaging/UdpMessaging/Binaries/Win64/UE4Editor-UdpMessaging.dll (API version 3709383).
LogModuleManager: Display: Found up-to-date module file ../../../Engine/Plugins/MovieScene/ActorSequence/Binaries/Win64/UE4Editor-ActorSequence.dll (API version 3709383).
LogModuleManager: Display: Found up-to-date module file ../../../Engine/Plugins/MovieScene/LevelSequenceEditor/Binaries/Win64/UE4Editor-LevelSequenceEditor.dll (API version 3709383).
LogModuleManager: Display: Found up-to-date module file ../../../Engine/Plugins/MovieScene/MatineeToLevelSequence/Binaries/Win64/UE4Editor-MatineeToLevelSequence.dll (API version 3709383).
LogModuleManager: Display: Found up-to-date module file ../../../Engine/Plugins/Online/OnlineSubsystem/Binaries/Win64/UE4Editor-OnlineSubsystem.dll (API version 3709383).
LogModuleManager: Display: Found up-to-date module file ../../../Engine/Plugins/Online/OnlineSubsystemNull/Binaries/Win64/UE4Editor-OnlineSubsystemNull.dll (API version 3709383).
LogModuleManager: Display: Found up-to-date module file ../../../Engine/Plugins/Online/OnlineSubsystemUtils/Binaries/Win64/UE4Editor-OnlineSubsystemUtils.dll (API version 3709383).
LogModuleManager: Display: Found up-to-date module file ../../../Engine/Plugins/Online/OnlineSubsystemUtils/Binaries/Win64/UE4Editor-OnlineBlueprintSupport.dll (API version 3709383).
LogModuleManager: Display: Found up-to-date module file ../../../Engine/Plugins/Runtime/AndroidDeviceProfileSelector/Binaries/Win64/UE4Editor-AndroidDeviceProfileSelector.dll (API version 3709383).
LogModuleManager: Display: Found up-to-date module file ../../../Engine/Plugins/Runtime/AndroidPermission/Binaries/Win64/UE4Editor-AndroidPermission.dll (API version 3709383).
LogModuleManager: Display: Found up-to-date module file ../../../Engine/Plugins/Runtime/AppleARKit/Binaries/Win64/UE4Editor-AppleARKit.dll (API version 3709383).
LogModuleManager: Display: Found up-to-date module file ../../../Engine/Plugins/Runtime/ArchVisCharacter/Binaries/Win64/UE4Editor-ArchVisCharacter.dll (API version 3709383).
LogModuleManager: Display: Found up-to-date module file ../../../Engine/Plugins/Runtime/CableComponent/Binaries/Win64/UE4Editor-CableComponent.dll (API version 3709383).
LogModuleManager: Display: Found up-to-date module file ../../../Engine/Plugins/Runtime/CustomMeshComponent/Binaries/Win64/UE4Editor-CustomMeshComponent.dll (API version 3709383).
LogModuleManager: Display: Found up-to-date module file ../../../Engine/Plugins/Runtime/ExampleDeviceProfileSelector/Binaries/Win64/UE4Editor-ExampleDeviceProfileSelector.dll (API version 3709383).
LogModuleManager: Display: Found up-to-date module file ../../../Engine/Plugins/Runtime/ImmediatePhysics/Binaries/Win64/UE4Editor-ImmediatePhysics.dll (API version 3709383).
LogModuleManager: Display: Found up-to-date module file ../../../Engine/Plugins/Runtime/ImmediatePhysics/Binaries/Win64/UE4Editor-ImmediatePhysicsEditor.dll (API version 3709383).
LogModuleManager: Display: Found up-to-date module file ../../../Engine/Plugins/Runtime/LocationServicesBPLibrary/Binaries/Win64/UE4Editor-LocationServicesBPLibrary.dll (API version 3709383).
LogModuleManager: Display: Found up-to-date module file ../../../Engine/Plugins/Runtime/MobilePatchingUtils/Binaries/Win64/UE4Editor-MobilePatchingUtils.dll (API version 3709383).
LogModuleManager: Display: Found up-to-date module file ../../../Engine/Plugins/Runtime/Oculus/OculusVR/Binaries/Win64/UE4Editor-OculusHMD.dll (API version 3709383).
LogModuleManager: Display: Found up-to-date module file ../../../Engine/Plugins/Runtime/Oculus/OculusVR/Binaries/Win64/UE4Editor-OculusInput.dll (API version 3709383).
LogModuleManager: Display: Found up-to-date module file ../../../Engine/Plugins/Runtime/Oculus/OculusVR/Binaries/Win64/UE4Editor-OculusEditor.dll (API version 3709383).
LogModuleManager: Display: Found up-to-date module file ../../../Engine/Plugins/Runtime/PhysXVehicles/Binaries/Win64/UE4Editor-PhysXVehicles.dll (API version 3709383).
LogModuleManager: Display: Found up-to-date module file ../../../Engine/Plugins/Runtime/PhysXVehicles/Binaries/Win64/UE4Editor-PhysXVehiclesEditor.dll (API version 3709383).
LogModuleManager: Display: Found up-to-date module file ../../../Engine/Plugins/Runtime/ProceduralMeshComponent/Binaries/Win64/UE4Editor-ProceduralMeshComponent.dll (API version 3709383).
LogModuleManager: Display: Found up-to-date module file ../../../Engine/Plugins/Runtime/ProceduralMeshComponent/Binaries/Win64/UE4Editor-ProceduralMeshComponentEditor.dll (API version 3709383).
LogModuleManager: Display: Found up-to-date module file ../../../Engine/Plugins/Runtime/RuntimePhysXCooking/Binaries/Win64/UE4Editor-RuntimePhysXCooking.dll (API version 3709383).
LogModuleManager: Display: Found up-to-date module file ../../../Engine/Plugins/Runtime/Steam/SteamVR/Binaries/Win64/UE4Editor-SteamVR.dll (API version 3709383).
LogModuleManager: Display: Found up-to-date module file ../../../Engine/Plugins/Runtime/Steam/SteamVR/Binaries/Win64/UE4Editor-SteamVRController.dll (API version 3709383).
LogModuleManager: Display: Found up-to-date module file ../../../Engine/Plugins/Runtime/WindowsMoviePlayer/Binaries/Win64/UE4Editor-WindowsMoviePlayer.dll (API version 3709383).
LogInit: Using libcurl 7.47.1
LogInit:  - built for x86_64-pc-win32
LogInit:  - supports SSL with OpenSSL/1.0.2g
LogInit:  - supports HTTP deflate (compression) using libz 1.2.8
LogInit:  - other features:
LogInit:      CURL_VERSION_SSL
LogInit:      CURL_VERSION_LIBZ
LogInit:      CURL_VERSION_IPV6
LogInit:      CURL_VERSION_ASYNCHDNS
LogInit:      CURL_VERSION_LARGEFILE
LogInit:      CURL_VERSION_IDN
LogInit:  CurlRequestOptions (configurable via config and command line):
LogInit:  - bVerifyPeer = false  - Libcurl will NOT verify peer certificate
LogInit:  - bUseHttpProxy = false  - Libcurl will NOT use HTTP proxy
LogInit:  - bDontReuseConnections = false  - Libcurl will reuse connections
LogInit:  - CertBundlePath = nullptr  - Libcurl will use whatever was configured at build time.
LogInit: Build: ++UE4+Release-4.18-CL-3794801
LogInit: Engine Version: 4.18.2-3794801+++UE4+Release-4.18
LogInit: Compatible Engine Version: 4.18.0-3709383+++UE4+Release-4.18
LogInit: Net CL: 3709383
LogDevObjectVersion: Number of dev versions registered: 16
LogDevObjectVersion:   Dev-Blueprints (B0D832E4-1F89-4F0D-ACCF-7EB736FD4AA2): 10
LogDevObjectVersion:   Dev-Build (E1C64328-A22C-4D53-A36C-8E866417BD8C): 0
LogDevObjectVersion:   Dev-Core (375EC13C-06E4-48FB-B500-84F0262A717E): 2
LogDevObjectVersion:   Dev-Editor (E4B068ED-F494-42E9-A231-DA0B2E46BB41): 20
LogDevObjectVersion:   Dev-Framework (CFFC743F-43B0-4480-9391-14DF171D2073): 30
LogDevObjectVersion:   Dev-Mobile (B02B49B5-BB20-44E9-A304-32B752E40360): 0
LogDevObjectVersion:   Dev-Networking (A4E4105C-59A1-49B5-A7C5-40C4547EDFEE): 0
LogDevObjectVersion:   Dev-Online (39C831C9-5AE6-47DC-9A44-9C173E1C8E7C): 0
LogDevObjectVersion:   Dev-Physics (78F01B33-EBEA-4F98-B9B4-84EACCB95AA2): 0
LogDevObjectVersion:   Dev-Platform (6631380F-2D4D-43E0-8009-CF276956A95A): 0
LogDevObjectVersion:   Dev-Rendering (12F88B9F-8875-4AFC-A67C-D90C383ABD29): 20
LogDevObjectVersion:   Dev-Sequencer (7B5AE74C-D270-4C10-A958-57980B212A5A): 4
LogDevObjectVersion:   Dev-VR (D7296918-1DD6-4BDD-9DE2-64A83CC13884): 0
LogDevObjectVersion:   Dev-LoadTimes (C2A15278-BFE7-4AFE-6C17-90FF531DF755): 1
LogDevObjectVersion:   Private-Geometry (6EACA3D4-40EC-4CC1-B786-8BED09428FC5): 1
LogDevObjectVersion:   Dev-AnimPhys (29E575DD-E0A3-4627-9D10-D276232CDCEA): 12
LogInit: Compiled (64-bit): Dec  8 2017 02:04:53
LogInit: Compiled with Visual C++: 19.00.24215.01
LogInit: Build Configuration: Development
LogInit: Branch Name: ++UE4+Release-4.18
LogInit: Command line:  
LogInit: Base directory: C:/Program Files/Epic Games/UE_4.18/Engine/Binaries/Win64/
LogInit: Installed Engine Build: 1
LogInit: Presizing for max 8388607 objects, including 0 objects not considered by GC, pre-allocating 0 bytes for permanent pool.
LogInit: Object subsystem initialized
[2018.01.13-22.29.58:463][  0]LogInit: Selected Device Profile: [Windows]
[2018.01.13-22.29.58:463][  0]LogInit: Applying CVar settings loaded from the selected device profile: [Windows]
[2018.01.13-22.29.58:477][  0]LogInit: Computer: DESKTOP-6NVMURH
[2018.01.13-22.29.58:477][  0]LogInit: User: uzivatel1
[2018.01.13-22.29.58:477][  0]LogInit: CPU Page size=4096, Cores=4
[2018.01.13-22.29.58:477][  0]LogInit: High frequency timer resolution =4.101562 MHz
[2018.01.13-22.29.58:477][  0]LogMemory: Memory total: Physical=16.0GB (16GB approx)
[2018.01.13-22.29.58:477][  0]LogMemory: Platform Memory Stats for Windows
[2018.01.13-22.29.58:477][  0]LogMemory: Process Physical Memory: 273.67 MB used, 273.67 MB peak
[2018.01.13-22.29.58:477][  0]LogMemory: Process Virtual Memory: 269.77 MB used, 269.77 MB peak
[2018.01.13-22.29.58:477][  0]LogMemory: Physical Memory: 5846.20 MB used,  10495.87 MB free, 16342.06 MB total
[2018.01.13-22.29.58:477][  0]LogMemory: Virtual Memory: 677.37 MB used,  10495.87 MB free, 134217728.00 MB total
[2018.01.13-22.29.59:319][  0]LogInit: Using OS detected language (cs-CZ).
[2018.01.13-22.29.59:319][  0]LogInit: Using OS detected locale (cs-CZ).
[2018.01.13-22.29.59:325][  0]LogTextLocalizationManager: No localization for 'cs-CZ' exists, so 'en' will be used for the language.
[2018.01.13-22.29.59:326][  0]LogTextLocalizationManager: No localization for 'cs-CZ' exists, so 'en' will be used for the locale.
[2018.01.13-22.29.59:614][  0]LogInit: Setting process to per monitor DPI aware
[2018.01.13-22.30.00:206][  0]LogD3D11RHI: D3D11 adapters:
[2018.01.13-22.30.00:253][  0]LogD3D11RHI:    0. 'NVIDIA GeForce GTX 1070' (Feature Level 11_0)
[2018.01.13-22.30.00:253][  0]LogD3D11RHI:       8096/0/8171 MB DedicatedVideo/DedicatedSystem/SharedSystem, Outputs:1, VendorId:0x10de
[2018.01.13-22.30.00:256][  0]LogD3D11RHI:    1. 'Microsoft Basic Render Driver' (Feature Level 11_0)
[2018.01.13-22.30.00:256][  0]LogD3D11RHI:       0/0/8171 MB DedicatedVideo/DedicatedSystem/SharedSystem, Outputs:0, VendorId:0x1414
[2018.01.13-22.30.00:256][  0]LogD3D11RHI: Chosen D3D11 Adapter: 0
[2018.01.13-22.30.00:262][  0]LogD3D11RHI: Creating new Direct3DDevice
[2018.01.13-22.30.00:262][  0]LogD3D11RHI:     GPU DeviceId: 0x1b81 (for the marketing name, search the web for "GPU Device Id")
[2018.01.13-22.30.00:262][  0]LogWindows: EnumDisplayDevices:
[2018.01.13-22.30.00:262][  0]LogWindows:    0. 'NVIDIA GeForce GTX 1070' (P:1 D:1)
[2018.01.13-22.30.00:262][  0]LogWindows:    1. 'NVIDIA GeForce GTX 1070' (P:0 D:0)
[2018.01.13-22.30.00:262][  0]LogWindows:    2. 'NVIDIA GeForce GTX 1070' (P:0 D:0)
[2018.01.13-22.30.00:262][  0]LogWindows:    3. 'NVIDIA GeForce GTX 1070' (P:0 D:0)
[2018.01.13-22.30.00:263][  0]LogWindows: DebugString: GetVideoDriverDetailsInvalid PrimaryIsNotTheChoosenAdapter GetVideoDriverDetailsInvalid PrimaryIsNotTheChoosenAdapter GetVideoDriverDetailsInvalid PrimaryIsNotTheChoosenAdapter GetVideoDriverDetailsInvalid PrimaryIsNotTheChoosenAdapter FoundDriverCount:0 
[2018.01.13-22.30.00:263][  0]LogD3D11RHI:     Adapter Name: NVIDIA GeForce GTX 1070
[2018.01.13-22.30.00:263][  0]LogD3D11RHI:   Driver Version: Unknown (internal:Unknown, unified:Unknown)
[2018.01.13-22.30.00:263][  0]LogD3D11RHI:      Driver Date: Unknown
[2018.01.13-22.30.00:263][  0]LogRHI: Texture pool is 5667 MB (70% of 8096 MB)
[2018.01.13-22.30.00:286][  0]LogD3D11RHI: Async texture creation enabled
[2018.01.13-22.30.00:332][  0]LogD3D11RHI: GPU Timing Frequency: 1000.000000 (Debug: 2 1)
[2018.01.13-22.30.00:379][  0]LogShaderCompilers: Guid format shader working directory is 28 characters bigger than the processId version (D:/repos/GWGame/GW_Game/Intermediate/Shaders/WorkingDirectory/5916/).
[2018.01.13-22.30.00:380][  0]LogShaderCompilers: Cleaned the shader compiler working directory 'C:/Users/uzivatel 1/AppData/Local/Temp/UnrealShaderWorkingDir/833A093A4CF70FF88821BF98B9BA67CA/'.
[2018.01.13-22.30.00:380][  0]LogShaderCompilers: Display: Using Local Shader Compiler.
[2018.01.13-22.30.01:974][  0]LogTemp: Display: Loaded TP AllDesktopTargetPlatform
[2018.01.13-22.30.02:202][  0]LogTemp: Display: Loaded TP MacClientTargetPlatform
[2018.01.13-22.30.02:430][  0]LogTemp: Display: Loaded TP MacNoEditorTargetPlatform
[2018.01.13-22.30.02:663][  0]LogTemp: Display: Loaded TP MacServerTargetPlatform
[2018.01.13-22.30.02:896][  0]LogTemp: Display: Loaded TP MacTargetPlatform
[2018.01.13-22.30.03:130][  0]LogTemp: Display: Loaded TP WindowsClientTargetPlatform
[2018.01.13-22.30.03:366][  0]LogTemp: Display: Loaded TP WindowsNoEditorTargetPlatform
[2018.01.13-22.30.03:597][  0]LogTemp: Display: Loaded TP WindowsServerTargetPlatform
[2018.01.13-22.30.03:819][  0]LogTemp: Display: Loaded TP WindowsTargetPlatform
[2018.01.13-22.30.04:046][  0]LogTemp: Display: Loaded TP Android_ASTCTargetPlatform
[2018.01.13-22.30.04:279][  0]LogTemp: Display: Loaded TP Android_ATCTargetPlatform
[2018.01.13-22.30.04:509][  0]LogTemp: Display: Loaded TP Android_DXTTargetPlatform
[2018.01.13-22.30.04:739][  0]LogTemp: Display: Loaded TP Android_ETC1TargetPlatform
[2018.01.13-22.30.04:970][  0]LogTemp: Display: Loaded TP Android_ETC2TargetPlatform
[2018.01.13-22.30.05:432][  0]LogTemp: Display: Loaded TP Android_MultiTargetPlatform
[2018.01.13-22.30.05:432][  0]LogTemp: Display: Loaded TP Android_PVRTCTargetPlatform
[2018.01.13-22.30.05:668][  0]LogTemp: Display: Loaded TP AndroidTargetPlatform
[2018.01.13-22.30.05:897][  0]LogTemp: Display: Loaded TP HTML5TargetPlatform
[2018.01.13-22.30.06:261][  0]LogTemp: Display: Loaded TP IOSTargetPlatform
[2018.01.13-22.30.06:376][  0]LogTemp: Display: Loaded TP TVOSTargetPlatform
[2018.01.13-22.30.06:605][  0]LogTemp: Display: Loaded TP LinuxClientTargetPlatform
[2018.01.13-22.30.06:837][  0]LogTemp: Display: Loaded TP LinuxNoEditorTargetPlatform
[2018.01.13-22.30.07:068][  0]LogTemp: Display: Loaded TP LinuxServerTargetPlatform
[2018.01.13-22.30.07:301][  0]LogTemp: Display: Loaded TP LinuxTargetPlatform
[2018.01.13-22.30.07:301][  0]LogTargetPlatformManager: Display: Building Assets For Windows
[2018.01.13-22.30.09:783][  0]LogDerivedDataCache: Display: Max Cache Size: 512 MB
[2018.01.13-22.30.09:834][  0]LogDerivedDataCache: Loaded boot cache 0.05s 78MB C:/Users/uzivatel 1/AppData/Local/UnrealEngine/4.18/DerivedDataCache/Boot.ddc.
[2018.01.13-22.30.09:834][  0]LogDerivedDataCache: Display: Loaded Boot cache: C:/Users/uzivatel 1/AppData/Local/UnrealEngine/4.18/DerivedDataCache/Boot.ddc
[2018.01.13-22.30.09:834][  0]LogDerivedDataCache: FDerivedDataBackendGraph:  Pak pak cache file D:/repos/GWGame/GW_Game/DerivedDataCache/DDC.ddp not found, will not use a pak cache.
[2018.01.13-22.30.09:834][  0]LogDerivedDataCache: Unable to find inner node Pak for hierarchical cache Hierarchy.
[2018.01.13-22.30.09:834][  0]LogDerivedDataCache: FDerivedDataBackendGraph:  CompressedPak pak cache file D:/repos/GWGame/GW_Game/DerivedDataCache/Compressed.ddp not found, will not use a pak cache.
[2018.01.13-22.30.09:834][  0]LogDerivedDataCache: Unable to find inner node CompressedPak for hierarchical cache Hierarchy.
[2018.01.13-22.30.09:846][  0]LogDerivedDataCache: Display: Pak cache opened for reading ../../../Engine/DerivedDataCache/Compressed.ddp.
[2018.01.13-22.30.09:860][  0]LogDerivedDataCache: Using Local data cache path C:/Users/uzivatel 1/AppData/Local/UnrealEngine/Common/DerivedDataCache: Writable
[2018.01.13-22.30.09:867][  0]LogMaterial: Verifying Global Shaders for PCD3D_SM5
[2018.01.13-22.30.09:867][  0]LogSlate: Using Freetype 2.6.0
[2018.01.13-22.30.09:868][  0]LogSlate: SlateFontCache - WITH_FREETYPE: 1, WITH_HARFBUZZ: 1
[2018.01.13-22.30.09:868][  0]LogSlate: SlateFontCache - WITH_FREETYPE: 1, WITH_HARFBUZZ: 1
[2018.01.13-22.30.10:285][  0]LogInit: Selected Device Profile: [Windows]
[2018.01.13-22.30.11:524][  0]LogSimplygon: Simplygon DLL not present - disabling.
[2018.01.13-22.30.11:744][  0]LogMeshReduction: Using SimplygonSwarm for distributed automatic mesh merging
[2018.01.13-22.30.11:744][  0]LogMeshReduction: Using QuadricMeshReduction for automatic static mesh reduction
[2018.01.13-22.30.11:744][  0]LogMeshReduction: No automatic skeletal mesh reduction module available
[2018.01.13-22.30.11:744][  0]LogMeshReduction: No automatic mesh merging module available
[2018.01.13-22.30.11:744][  0]LogMeshMerging: No automatic mesh merging module available
[2018.01.13-22.30.11:787][  0]LogNetVersion: GW_Game , NetCL: 3709383, EngineNetVer: 2, GameNetVer: 0 (Checksum: 4001666234)
[2018.01.13-22.30.12:138][  0]LogAssetRegistry: FAssetRegistry took 0.0261 seconds to start up
[2018.01.13-22.30.12:994][  0]LogPackageLocalizationCache: Processed 7 localized package path(s) for 1 prioritized culture(s) in 0.040683 seconds
[2018.01.13-22.30.12:998][  0]LogUObjectArray: 35900 objects as part of root set at end of initial load.
[2018.01.13-22.30.12:998][  0]LogUObjectAllocator: 7372016 out of 0 bytes used by permanent object pool.
[2018.01.13-22.30.12:998][  0]LogUObjectArray: CloseDisregardForGC: 0/0 objects in disregard for GC pool
[2018.01.13-22.30.13:314][  0]LogInit: WinSock: version 1.1 (2.2), MaxSocks=32767, MaxUdp=65467
[2018.01.13-22.30.22:487][  0]LogTcpMessaging: Initializing TcpMessaging bridge
[2018.01.13-22.30.22:634][  0]LogUdpMessaging: Initializing bridge on interface 0.0.0.0:0 to multicast group 230.0.0.1:6666.
[2018.01.13-22.30.25:914][  0]LogMaterial: Uniform references updated for custom material expression Custom.
[2018.01.13-22.30.27:841][  0]SourceControl: Source control is disabled
[2018.01.13-22.30.27:841][  0]SourceControl: Source control is disabled
[2018.01.13-22.30.28:135][  0]SourceControl: Source control is disabled
[2018.01.13-22.30.28:417][  0]SourceControl: Source control is disabled
[2018.01.13-22.30.32:598][  0]LogAndroidPermission: UAndroidPermissionCallbackProxy::GetInstance
[2018.01.13-22.30.33:968][  0]LogOcInput: OculusInput pre-init called
[2018.01.13-22.30.35:175][  0]LogEngine: Initializing Engine...
[2018.01.13-22.30.35:178][  0]LogHMD: Failed to initialize OpenVR with code 110
[2018.01.13-22.30.35:363][  0]LogStats: UGameplayTagsManager::ConstructGameplayTagTree: Construct from data asset -  0.000 s
[2018.01.13-22.30.35:363][  0]LogStats: UGameplayTagsManager::ConstructGameplayTagTree: GameplayTagTreeChangedEvent.Broadcast -  0.000 s
[2018.01.13-22.30.36:088][  0]LogAIModule: Creating AISystem for world Untitled
[2018.01.13-22.30.36:095][  0]LogInit: XAudio2 using 'U24E590-4 (NVIDIA High Definition Audio)' : 2 channels at 48 kHz using 16 bits per sample (channel mask 0x3)
[2018.01.13-22.30.36:110][  0]LogInit: FAudioDevice initialized.
[2018.01.13-22.30.36:179][  0]LogDerivedDataCache: Saved boot cache 0.07s 78MB C:/Users/uzivatel 1/AppData/Local/UnrealEngine/4.18/DerivedDataCache/Boot.ddc.
[2018.01.13-22.30.36:189][  0]LogInit: Texture streaming: Enabled
[2018.01.13-22.30.36:801][  0]LogEngineSessionManager: EngineSessionManager initialized
[2018.01.13-22.30.36:801][  0]LogEngineSessionManager: EngineSessionManager sent abnormal shutdown report. Type=Crashed, SessionId={002F1A0E-4863-AAF5-4919-6C8D644F3B68}
[2018.01.13-22.30.37:533][  0]LogInit: Transaction tracking system initialized
[2018.01.13-22.30.39:367][  0]BlueprintLog: New page: Editor Load
[2018.01.13-22.30.44:300][  0]LocalizationService: Localization service is disabled
[2018.01.13-22.30.48:222][  0]LogConsoleResponse: Display: 
[2018.01.13-22.30.48:528][  0]LogCook: Display: Max memory allowance for cook 16384mb min free memory 0mb
[2018.01.13-22.30.48:528][  0]LogCook: Display: Mobile HDR setting 1
[2018.01.13-22.30.48:528][  0]LogGameplayTags: Display: UGameplayTagsManager::DoneAddingNativeTags. DelegateIsBound: 0
[2018.01.13-22.30.49:275][  0]LogFileCache: Scanning file cache for directory 'D:/repos/GWGame/GW_Game/Content/' took 0.02s
[2018.01.13-22.30.54:341][  0]SourceControl: Source control is disabled
[2018.01.13-22.30.54:341][  0]Cmd: MAP LOAD FILE="D:/repos/GWGame/GW_Game/Content/_Levels/BattleGround.umap" TEMPLATE=0 SHOWPROGRESS=1 FEATURELEVEL=3
[2018.01.13-22.30.54:341][  0]LightingResults: New page: Lighting Build
[2018.01.13-22.30.54:574][  0]MapCheck: New page: Map Check
[2018.01.13-22.30.54:574][  0]LightingResults: New page: Lighting Build
[2018.01.13-22.30.54:945][  0]LogAIModule: Creating AISystem for world BattleGround
[2018.01.13-22.30.54:992][  0]LogEditorServer: Finished looking for orphan Actors (0.000 secs)
[2018.01.13-22.30.55:000][  0]Cmd: MAP CHECKDEP NOCLEARLOG
[2018.01.13-22.30.55:163][  0]MapCheck: Map check complete: 0 Error(s), 0 Warning(s), took 162.284ms to complete.
[2018.01.13-22.30.55:163][  0]LogFileHelpers: Loading map 'BattleGround' took 0.822
[2018.01.13-22.30.55:560][  0]LogCollectionManager: Loaded 0 collections in 0.001429 seconds
[2018.01.13-22.30.55:822][  0]LogFileCache: Scanning file cache for directory 'D:/repos/GWGame/GW_Game/Saved/Collections/' took 0.01s
[2018.01.13-22.30.55:822][  0]LogFileCache: Scanning file cache for directory 'D:/repos/GWGame/GW_Game/Content/Developers/uzivatel1/Collections/' took 0.01s
[2018.01.13-22.30.55:822][  0]LogFileCache: Scanning file cache for directory 'D:/repos/GWGame/GW_Game/Content/Collections/' took 0.01s
[2018.01.13-22.30.55:822][  0]LogCollectionManager: Rebuilt the GUID cache for 0 collections in 0.000000 seconds
[2018.01.13-22.30.55:830][  0]LogContentBrowser: Native class hierarchy populated in 0.0076 seconds. Added 2372 classes and 524 folders.
[2018.01.13-22.30.56:190][  0]LogContentBrowser: Native class hierarchy updated for 'WidgetCarousel' in 0.0016 seconds. Added 0 classes and 0 folders.
[2018.01.13-22.30.56:271][  0]LogContentBrowser: Native class hierarchy updated for 'AddContentDialog' in 0.0016 seconds. Added 0 classes and 0 folders.
[2018.01.13-22.30.56:432][  0]LogSlate: Took 0.000267 seconds to synchronously load lazily loaded font '../../../Engine/Content/Slate/Fonts/Roboto-Regular.ttf' (155K)
[2018.01.13-22.30.56:433][  0]LogSlate: Took 0.000231 seconds to synchronously load lazily loaded font '../../../Engine/Content/Editor/Slate/Fonts/FontAwesome.ttf' (139K)
[2018.01.13-22.30.56:433][  0]LogSlate: Took 0.000228 seconds to synchronously load lazily loaded font '../../../Engine/Content/Slate/Fonts/Roboto-Bold.ttf' (160K)
[2018.01.13-22.30.56:438][  0]LogSlate: Took 0.000344 seconds to synchronously load lazily loaded font '../../../Engine/Content/Editor/Slate/Fonts/DroidSansMono.ttf' (77K)
[2018.01.13-22.30.56:522][  0]LogRenderer: Reallocating scene render targets to support 1088x756 Format 10 NumSamples 1 (Frame:1).
[2018.01.13-22.30.56:867][  0]LogContentBrowser: Native class hierarchy updated for 'HierarchicalLODOutliner' in 0.0016 seconds. Added 1 classes and 2 folders.
[2018.01.13-22.30.56:867][  0]LogLoad: (Engine Initialization) Total time: 64.75 seconds
[2018.01.13-22.30.56:867][  0]LogLoad: (Engine Initialization) Total Blueprint compile time: 0.00 seconds
[2018.01.13-22.30.56:867][  0]LogExternalProfiler: No external profilers were discovered.  External profiling features will not be available.
[2018.01.13-22.30.57:227][  0]LogContentStreaming: Texture pool size now 1000 MB
[2018.01.13-22.30.57:551][  1]LogAssetRegistry: Asset discovery search completed in 45.4355 seconds
[2018.01.13-22.30.57:552][  1]LogCollectionManager: Rebuilt the object cache for 0 collections in 0.000000 seconds (found 0 objects)
[2018.01.13-22.30.57:552][  1]LogCollectionManager: Fixed up redirectors for 0 collections in 0.000182 seconds (updated 0 objects)
[2018.01.13-22.32.48:226][998]Candidate modules for hot reload:
[2018.01.13-22.32.48:226][998]  GW_Game
[2018.01.13-22.32.48:226][998]Launching UnrealBuildTool... [C:/Program Files/Epic Games/UE_4.18/Engine/Binaries/DotNET/UnrealBuildTool.exe GW_Game -ModuleWithSuffix GW_Game 2490 Win64 Development -editorrecompile -canskiplink "D:/repos/GWGame/GW_Game/GW_Game.uproject" ]
[2018.01.13-22.32.48:245][998]Warning: Starting HotReload took  0.0s.
[2018.01.13-22.33.00:821][ 16]CompilerResultsLog: New page: Compilation - Jan 14, 2018, 12:33:00 AM
[2018.01.13-22.33.00:821][ 16]CompilerResultsLog: Using 'git status' to determine working set for adaptive non-unity build.
[2018.01.13-22.33.00:821][ 16]CompilerResultsLog: Compiling game modules for hot reload
[2018.01.13-22.33.00:822][ 16]CompilerResultsLog: Parsing headers for GW_GameEditor
[2018.01.13-22.33.00:822][ 16]CompilerResultsLog:   Running UnrealHeaderTool "D:\repos\GWGame\GW_Game\GW_Game.uproject" "D:\repos\GWGame\GW_Game\Intermediate\Build\Win64\GW_GameEditor\Development\GW_GameEditor.uhtmanifest" -LogCmds="loginit warning, logexit warning, logdatabase error" -Unattended -WarningsAsErrors -installed
[2018.01.13-22.33.00:822][ 16]CompilerResultsLog: Reflection code generated for GW_GameEditor in 7,8315958 seconds
[2018.01.13-22.33.00:822][ 16]CompilerResultsLog: Performing 4 actions (4 in parallel)
[2018.01.13-22.33.00:822][ 16]CompilerResultsLog: TankAIController.gen.cpp
[2018.01.13-22.33.00:822][ 16]CompilerResultsLog: TankAIController.cpp
[2018.01.13-22.33.00:822][ 16]CompilerResultsLog: Error: D:\repos\GWGame\GW_Game\Source\GW_Game\Private\TankAIController.cpp(13) : error C2039: 'GetFirstPlayerPlayerController': is not a member of 'UWorld'
[2018.01.13-22.33.00:822][ 16]CompilerResultsLog: Error: C:\Program Files\Epic Games\UE_4.18\Engine\Source\Runtime\Engine\Classes\Engine/World.h(732) : note: see declaration of 'UWorld'
[2018.01.13-22.33.00:823][ 16]CompilerResultsLog: Error: D:\repos\GWGame\GW_Game\Source\GW_Game\Private\TankAIController.cpp(13) : error C2227: left of '->GetPawn' must point to class/struct/union/generic type
[2018.01.13-22.33.00:823][ 16]CompilerResultsLog: Error: D:\repos\GWGame\GW_Game\Source\GW_Game\Private\TankAIController.cpp(15) : error C3536: 'PlayerTank': cannot be used before it is initialized
[2018.01.13-22.33.00:823][ 16]CompilerResultsLog: Error: D:\repos\GWGame\GW_Game\Source\GW_Game\Private\TankAIController.cpp(17) : error C2227: left of '->GetActorLocation' must point to class/struct/union/generic type
[2018.01.13-22.33.00:823][ 16]CompilerResultsLog: Error: D:\repos\GWGame\GW_Game\Source\GW_Game\Private\TankAIController.cpp(17) : note: type is 'int'
[2018.01.13-22.33.00:823][ 16]CompilerResultsLog: ERROR: UBT ERROR: Failed to produce item: D:\repos\GWGame\GW_Game\Binaries\Win64\UE4Editor-GW_Game-2490.dll
[2018.01.13-22.33.00:823][ 16]CompilerResultsLog: Total build time: 12,37 seconds (Local executor: 0,00 seconds)
[2018.01.13-22.33.00:824][ 16]LogMainFrame: MainFrame: Module compiling took 12.600 seconds
[2018.01.13-22.33.00:824][ 16]Warning: HotReload failed, recompile failed
[2018.01.13-22.33.51:562][932]Candidate modules for hot reload:
[2018.01.13-22.33.51:562][932]  GW_Game
[2018.01.13-22.33.51:562][932]Launching UnrealBuildTool... [C:/Program Files/Epic Games/UE_4.18/Engine/Binaries/DotNET/UnrealBuildTool.exe GW_Game -ModuleWithSuffix GW_Game 990 Win64 Development -editorrecompile -canskiplink "D:/repos/GWGame/GW_Game/GW_Game.uproject" ]
[2018.01.13-22.33.51:579][932]Warning: Starting HotReload took  0.0s.
[2018.01.13-22.33.56:139][227]CompilerResultsLog: New page: Compilation - Jan 14, 2018, 12:33:56 AM
[2018.01.13-22.33.56:139][227]CompilerResultsLog: Using 'git status' to determine working set for adaptive non-unity build.
[2018.01.13-22.33.56:140][227]CompilerResultsLog: Compiling game modules for hot reload
[2018.01.13-22.33.56:140][227]CompilerResultsLog: Performing 3 actions (4 in parallel)
[2018.01.13-22.33.56:140][227]CompilerResultsLog: TankAIController.cpp
[2018.01.13-22.33.56:140][227]CompilerResultsLog: [2/3] Link UE4Editor-GW_Game-990.dll
[2018.01.13-22.33.56:140][227]CompilerResultsLog: [3/3] Link UE4Editor-GW_Game-990.lib
[2018.01.13-22.33.56:140][227]CompilerResultsLog:    Creating library D:\repos\GWGame\GW_Game\Intermediate\Build\Win64\UE4Editor\Development\UE4Editor-GW_Game-990.suppressed.lib and object D:\repos\GWGame\GW_Game\Intermediate\Build\Win64\UE4Editor\Development\UE4Editor-GW_Game-990.suppressed.exp
[2018.01.13-22.33.56:140][227]CompilerResultsLog:    Creating library D:\repos\GWGame\GW_Game\Intermediate\Build\Win64\UE4Editor\Development\UE4Editor-GW_Game-990.lib and object D:\repos\GWGame\GW_Game\Intermediate\Build\Win64\UE4Editor\Development\UE4Editor-GW_Game-990.exp
[2018.01.13-22.33.56:141][227]CompilerResultsLog: Total build time: 4,38 seconds (Local executor: 1,62 seconds)
[2018.01.13-22.33.56:141][227]LogMainFrame: MainFrame: Module compiling took 4.587 seconds
[2018.01.13-22.33.56:391][227]LogContentBrowser: Native class hierarchy updated for 'GW_Game' in 0.0018 seconds. Added 8 classes and 3 folders.
[2018.01.13-22.33.56:392][227]Display: HotReload successful (3 functions remapped  0 scriptstructs remapped)
[2018.01.13-22.33.56:459][227]LogContentBrowser: Native class hierarchy populated in 0.0077 seconds. Added 2373 classes and 526 folders.
[2018.01.13-22.33.56:460][227]Display: HotReload took  4.9s.
[2018.01.13-22.33.58:057][317]LogTemp: Repeating last play command: Selected Viewport
[2018.01.13-22.33.58:098][317]LogBlueprintUserMessages: Early PlayInEditor Detection: Level '/Game/_Levels/BattleGround.BattleGround:PersistentLevel' has LevelScriptBlueprint '/Game/_Levels/BattleGround.BattleGround:PersistentLevel.BattleGround' with GeneratedClass '/Game/_Levels/BattleGround.BattleGround_C' with ClassGeneratedBy '/Game/_Levels/BattleGround.BattleGround:PersistentLevel.BattleGround'
[2018.01.13-22.33.58:098][317]LogPlayLevel: PlayLevel: No blueprints needed recompiling
[2018.01.13-22.33.58:099][317]PIE: New page: PIE session: BattleGround (Jan 14, 2018, 12:33:58 AM)
[2018.01.13-22.33.58:099][317]LogPlayLevel: Creating play world package: /Game/_Levels/UEDPIE_0_BattleGround
[2018.01.13-22.33.58:110][317]LogPlayLevel: PIE: StaticDuplicateObject took: (0.011691s)
[2018.01.13-22.33.58:111][317]LogAIModule: Creating AISystem for world BattleGround
[2018.01.13-22.33.58:111][317]LogPlayLevel: PIE: World Init took: (0.000849s)
[2018.01.13-22.33.58:112][317]LogPlayLevel: PIE: Created PIE world by copying editor world from /Game/_Levels/BattleGround.BattleGround to /Game/_Levels/UEDPIE_0_BattleGround.BattleGround (0.013036s)
[2018.01.13-22.33.58:121][317]LogInit: XAudio2 using 'U24E590-4 (NVIDIA High Definition Audio)' : 2 channels at 48 kHz using 16 bits per sample (channel mask 0x3)
[2018.01.13-22.33.58:128][317]LogInit: FAudioDevice initialized.
[2018.01.13-22.33.58:181][317]LogLoad: Game class is 'AssaultGameMode_BP_C'
[2018.01.13-22.33.58:184][317]LogWorld: Bringing World /Game/_Levels/UEDPIE_0_BattleGround.BattleGround up for play (max tick rate 0) at 2018.01.13-23.33.58
[2018.01.13-22.33.58:184][317]LogWorld: Bringing up level for play took: 0.001897
[2018.01.13-22.33.58:438][317]LogContentBrowser: Native class hierarchy updated for 'MovieSceneCapture' in 0.0016 seconds. Added 11 classes and 0 folders.
[2018.01.13-22.33.58:438][317]LogTemp: Warning: PlayerController not possessing a tank
[2018.01.13-22.33.58:439][317]PIE: Play in editor start time for /Game/_Levels/UEDPIE_0_BattleGround 0.874
[2018.01.13-22.33.58:439][317]LogBlueprintUserMessages: Late PlayInEditor Detection: Level '/Game/_Levels/BattleGround.BattleGround:PersistentLevel' has LevelScriptBlueprint '/Game/_Levels/BattleGround.BattleGround:PersistentLevel.BattleGround' with GeneratedClass '/Game/_Levels/BattleGround.BattleGround_C' with ClassGeneratedBy '/Game/_Levels/BattleGround.BattleGround:PersistentLevel.BattleGround'
[2018.01.13-22.33.59:774][412]LogTemp: Warning: FEUER FREI!
[2018.01.13-22.33.59:775][412]LogTemp: Warning: 1.713947: Projectile fires at 4000.000000
[2018.01.13-22.34.03:465][693]LogTemp: Warning: FEUER FREI!
[2018.01.13-22.34.03:465][693]LogTemp: Warning: 5.405559: Projectile fires at 4000.000000
[2018.01.13-22.34.07:698][201]LogTemp: Warning: FEUER FREI!
[2018.01.13-22.34.07:699][201]LogTemp: Warning: 9.638945: Projectile fires at 4000.000000
[2018.01.13-22.34.10:173][498]LogBlueprintUserMessages: Early EndPlayMap Detection: Level '/Game/_Levels/BattleGround.BattleGround:PersistentLevel' has LevelScriptBlueprint '/Game/_Levels/BattleGround.BattleGround:PersistentLevel.BattleGround' with GeneratedClass '/Game/_Levels/BattleGround.BattleGround_C' with ClassGeneratedBy '/Game/_Levels/BattleGround.BattleGround:PersistentLevel.BattleGround'
[2018.01.13-22.34.10:206][498]LogBlueprintUserMessages: Late EndPlayMap Detection: Level '/Game/_Levels/BattleGround.BattleGround:PersistentLevel' has LevelScriptBlueprint '/Game/_Levels/BattleGround.BattleGround:PersistentLevel.BattleGround' with GeneratedClass '/Game/_Levels/BattleGround.BattleGround_C' with ClassGeneratedBy '/Game/_Levels/BattleGround.BattleGround:PersistentLevel.BattleGround'
[2018.01.13-22.34.10:938][582]LogSlate: Took 0.000265 seconds to synchronously load lazily loaded font '../../../Engine/Content/Slate/Fonts/Roboto-Light.ttf' (159K)
[2018.01.13-22.34.10:953][582]Cmd: OBJ SAVEPACKAGE PACKAGE="/Game/_Levels/BattleGround" FILE="D:/repos/GWGame/GW_Game/Content/_Levels/BattleGround.umap" SILENT=true AUTOSAVING=false KEEPDIRTY=false
[2018.01.13-22.34.11:224][582]LogSavePackage: Save=245.01ms
[2018.01.13-22.34.11:224][582]LogSavePackage: Moving 'D:/repos/GWGame/GW_Game/Saved/BattleGroundB4FA342045E66781293044947C8095F4.tmp' to 'D:/repos/GWGame/GW_Game/Content/_Levels/BattleGround.umap'
[2018.01.13-22.34.11:231][582]LogSavePackage: Display: Finished SavePackage D:/repos/GWGame/GW_Game/Content/_Levels/BattleGround.umap
[2018.01.13-22.34.11:258][582]Cmd: OBJ SAVEPACKAGE PACKAGE="/Game/_Levels/BattleGround_BuiltData" FILE="D:/repos/GWGame/GW_Game/Content/_Levels/BattleGround_BuiltData.uasset" SILENT=true
[2018.01.13-22.34.11:311][582]LogSavePackage: Save=38.74ms
[2018.01.13-22.34.11:311][582]LogSavePackage: Moving 'D:/repos/GWGame/GW_Game/Saved/BattleGround_BuiltData5B3CC0AD4D20A7BA74CEA0ADDB7AFB0C.tmp' to 'D:/repos/GWGame/GW_Game/Content/_Levels/BattleGround_BuiltData.uasset'
[2018.01.13-22.34.11:314][582]LogSavePackage: Display: Finished SavePackage D:/repos/GWGame/GW_Game/Content/_Levels/BattleGround_BuiltData.uasset
[2018.01.13-22.34.14:085][872]LogEditorViewport: Clicking on Actor (LMB): Assault_BP_C (Assault_BP)
[2018.01.13-22.44.04:602][258]LogContentBrowser: Native class hierarchy updated for 'BlueprintGraph' in 0.0019 seconds. Added 116 classes and 0 folders.
[2018.01.13-22.44.05:059][258]LogSlate: Took 0.000238 seconds to synchronously load lazily loaded font '../../../Engine/Content/Slate/Fonts/Roboto-Regular.ttf' (155K)
[2018.01.13-22.44.05:117][258]LogSlate: Took 0.000419 seconds to synchronously load lazily loaded font '../../../Engine/Content/Editor/Slate/Fonts/Roboto-BoldCondensed.ttf' (158K)
[2018.01.13-22.44.05:152][259]LogSlate: Took 0.000531 seconds to synchronously load lazily loaded font '../../../Engine/Content/Editor/Slate/Fonts/Roboto-Italic.ttf' (157K)
[2018.01.13-22.44.09:801][705]BlueprintLog: New page: Compile Heavy_BP
[2018.01.13-22.44.10:480][733]Cmd: OBJ SAVEPACKAGE PACKAGE="/Game/Characters/Heavy/Heavy_BP" FILE="D:/repos/GWGame/GW_Game/Content/Characters/Heavy/Heavy_BP.uasset" SILENT=true
[2018.01.13-22.44.10:530][733]LogSavePackage: Save=31.92ms
[2018.01.13-22.44.10:530][733]LogSavePackage: Moving 'D:/repos/GWGame/GW_Game/Saved/Heavy_BPB48E9213484640641079DFABEDCD1BED.tmp' to 'D:/repos/GWGame/GW_Game/Content/Characters/Heavy/Heavy_BP.uasset'
[2018.01.13-22.44.10:536][733]LogSavePackage: Display: Finished SavePackage D:/repos/GWGame/GW_Game/Content/Characters/Heavy/Heavy_BP.uasset
[2018.01.13-22.44.29:789][453]Cmd: OBJ SAVEPACKAGE PACKAGE="/Game/_Levels/BattleGround" FILE="D:/repos/GWGame/GW_Game/Content/_Levels/BattleGround.umap" SILENT=true AUTOSAVING=false KEEPDIRTY=false
[2018.01.13-22.44.30:091][453]LogSavePackage: Save=269.68ms
[2018.01.13-22.44.30:091][453]LogSavePackage: Moving 'D:/repos/GWGame/GW_Game/Saved/BattleGround7EB3EFC94724FEDC31F64388EB50664E.tmp' to 'D:/repos/GWGame/GW_Game/Content/_Levels/BattleGround.umap'
[2018.01.13-22.44.30:098][453]LogSavePackage: Display: Finished SavePackage D:/repos/GWGame/GW_Game/Content/_Levels/BattleGround.umap
[2018.01.13-22.44.30:127][453]LogFileHelpers: Saving map 'BattleGround' took 0.512
[2018.01.13-22.45.12:527][867]Candidate modules for hot reload:
[2018.01.13-22.45.12:527][867]  GW_Game
[2018.01.13-22.45.12:527][867]Launching UnrealBuildTool... [C:/Program Files/Epic Games/UE_4.18/Engine/Binaries/DotNET/UnrealBuildTool.exe GW_Game -ModuleWithSuffix GW_Game 2964 Win64 Development -editorrecompile -canskiplink "D:/repos/GWGame/GW_Game/GW_Game.uproject" ]
[2018.01.13-22.45.12:545][867]Warning: Starting HotReload took  0.0s.
[2018.01.13-22.45.17:148][147]CompilerResultsLog: New page: Compilation - Jan 14, 2018, 12:45:17 AM
[2018.01.13-22.45.17:148][147]CompilerResultsLog: Using 'git status' to determine working set for adaptive non-unity build.
[2018.01.13-22.45.17:148][147]CompilerResultsLog: Compiling game modules for hot reload
[2018.01.13-22.45.17:148][147]CompilerResultsLog: Performing 3 actions (4 in parallel)
[2018.01.13-22.45.17:148][147]CompilerResultsLog: TankAIController.cpp
[2018.01.13-22.45.17:149][147]CompilerResultsLog: [2/3] Link UE4Editor-GW_Game-2964.dll
[2018.01.13-22.45.17:149][147]CompilerResultsLog: [3/3] Link UE4Editor-GW_Game-2964.lib
[2018.01.13-22.45.17:149][147]CompilerResultsLog:    Creating library D:\repos\GWGame\GW_Game\Intermediate\Build\Win64\UE4Editor\Development\UE4Editor-GW_Game-2964.suppressed.lib and object D:\repos\GWGame\GW_Game\Intermediate\Build\Win64\UE4Editor\Development\UE4Editor-GW_Game-2964.suppressed.exp
[2018.01.13-22.45.17:149][147]CompilerResultsLog:    Creating library D:\repos\GWGame\GW_Game\Intermediate\Build\Win64\UE4Editor\Development\UE4Editor-GW_Game-2964.lib and object D:\repos\GWGame\GW_Game\Intermediate\Build\Win64\UE4Editor\Development\UE4Editor-GW_Game-2964.exp
[2018.01.13-22.45.17:149][147]CompilerResultsLog: Total build time: 4,39 seconds (Local executor: 1,62 seconds)
[2018.01.13-22.45.17:149][147]LogMainFrame: MainFrame: Module compiling took 4.632 seconds
[2018.01.13-22.45.17:403][147]LogContentBrowser: Native class hierarchy updated for 'GW_Game' in 0.0018 seconds. Added 8 classes and 3 folders.
[2018.01.13-22.45.17:405][147]Display: HotReload successful (3 functions remapped  0 scriptstructs remapped)
[2018.01.13-22.45.17:610][147]LogContentBrowser: Native class hierarchy populated in 0.0080 seconds. Added 2373 classes and 526 folders.
[2018.01.13-22.45.17:610][147]Display: HotReload took  5.1s.
[2018.01.13-22.45.18:806][215]LogTemp: Repeating last play command: Selected Viewport
[2018.01.13-22.45.18:834][215]LogBlueprintUserMessages: Early PlayInEditor Detection: Level '/Game/_Levels/BattleGround.BattleGround:PersistentLevel' has LevelScriptBlueprint '/Game/_Levels/BattleGround.BattleGround:PersistentLevel.BattleGround' with GeneratedClass '/Game/_Levels/BattleGround.BattleGround_C' with ClassGeneratedBy '/Game/_Levels/BattleGround.BattleGround:PersistentLevel.BattleGround'
[2018.01.13-22.45.18:834][215]LogPlayLevel: PlayLevel: No blueprints needed recompiling
[2018.01.13-22.45.18:834][215]PIE: New page: PIE session: BattleGround (Jan 14, 2018, 12:45:18 AM)
[2018.01.13-22.45.18:834][215]LogPlayLevel: Creating play world package: /Game/_Levels/UEDPIE_0_BattleGround
[2018.01.13-22.45.18:842][215]LogPlayLevel: PIE: StaticDuplicateObject took: (0.007704s)
[2018.01.13-22.45.18:843][215]LogAIModule: Creating AISystem for world BattleGround
[2018.01.13-22.45.18:843][215]LogPlayLevel: PIE: World Init took: (0.000913s)
[2018.01.13-22.45.18:844][215]LogPlayLevel: PIE: Created PIE world by copying editor world from /Game/_Levels/BattleGround.BattleGround to /Game/_Levels/UEDPIE_0_BattleGround.BattleGround (0.009144s)
[2018.01.13-22.45.18:912][215]LogInit: XAudio2 using 'U24E590-4 (NVIDIA High Definition Audio)' : 2 channels at 48 kHz using 16 bits per sample (channel mask 0x3)
[2018.01.13-22.45.18:920][215]LogInit: FAudioDevice initialized.
[2018.01.13-22.45.18:949][215]LogLoad: Game class is 'AssaultGameMode_BP_C'
[2018.01.13-22.45.18:951][215]LogWorld: Bringing World /Game/_Levels/UEDPIE_0_BattleGround.BattleGround up for play (max tick rate 0) at 2018.01.13-23.45.18
[2018.01.13-22.45.18:952][215]LogWorld: Bringing up level for play took: 0.001891
[2018.01.13-22.45.18:953][215]LogTemp: Warning: PlayerController not possessing a tank
[2018.01.13-22.45.18:953][215]PIE: Play in editor start time for /Game/_Levels/UEDPIE_0_BattleGround -0.611
[2018.01.13-22.45.18:954][215]LogBlueprintUserMessages: Late PlayInEditor Detection: Level '/Game/_Levels/BattleGround.BattleGround:PersistentLevel' has LevelScriptBlueprint '/Game/_Levels/BattleGround.BattleGround:PersistentLevel.BattleGround' with GeneratedClass '/Game/_Levels/BattleGround.BattleGround_C' with ClassGeneratedBy '/Game/_Levels/BattleGround.BattleGround:PersistentLevel.BattleGround'
[2018.01.13-22.45.20:431][316]LogTemp: Warning: FEUER FREI!
[2018.01.13-22.45.20:431][316]LogTemp: Warning: 1.642172: Projectile fires at 4000.000000
[2018.01.13-22.45.20:431][316]LogTemp: Warning: FEUER FREI!
[2018.01.13-22.45.20:431][316]LogTemp: Warning: 1.642172: Projectile fires at 4000.000000
[2018.01.13-22.45.20:432][316]LogTemp: Warning: FEUER FREI!
[2018.01.13-22.45.20:432][316]LogTemp: Warning: 1.642172: Projectile fires at 4000.000000
[2018.01.13-22.45.21:442][376]LogTemp: Warning: FEUER FREI!
[2018.01.13-22.45.21:443][376]LogTemp: Warning: 2.653136: Projectile fires at 4000.000000
[2018.01.13-22.45.23:435][504]LogTemp: Warning: FEUER FREI!
[2018.01.13-22.45.23:436][504]LogTemp: Warning: 4.647384: Projectile fires at 4000.000000
[2018.01.13-22.45.23:436][504]LogTemp: Warning: FEUER FREI!
[2018.01.13-22.45.23:436][504]LogTemp: Warning: 4.647384: Projectile fires at 4000.000000
[2018.01.13-22.45.23:436][504]LogTemp: Warning: FEUER FREI!
[2018.01.13-22.45.23:436][504]LogTemp: Warning: 4.647384: Projectile fires at 4000.000000
[2018.01.13-22.45.26:440][830]LogTemp: Warning: FEUER FREI!
[2018.01.13-22.45.26:440][830]LogTemp: Warning: 7.652466: Projectile fires at 4000.000000
[2018.01.13-22.45.26:441][830]LogTemp: Warning: FEUER FREI!
[2018.01.13-22.45.26:441][830]LogTemp: Warning: 7.652466: Projectile fires at 4000.000000
[2018.01.13-22.45.26:441][830]LogTemp: Warning: FEUER FREI!
[2018.01.13-22.45.26:441][830]LogTemp: Warning: 7.652466: Projectile fires at 4000.000000
[2018.01.13-22.45.29:449][191]LogTemp: Warning: FEUER FREI!
[2018.01.13-22.45.29:449][191]LogTemp: Warning: 10.660762: Projectile fires at 4000.000000
[2018.01.13-22.45.29:449][191]LogTemp: Warning: FEUER FREI!
[2018.01.13-22.45.29:449][191]LogTemp: Warning: 10.660762: Projectile fires at 4000.000000
[2018.01.13-22.45.29:449][191]LogTemp: Warning: FEUER FREI!
[2018.01.13-22.45.29:450][191]LogTemp: Warning: 10.660762: Projectile fires at 4000.000000
[2018.01.13-22.45.32:457][552]LogTemp: Warning: FEUER FREI!
[2018.01.13-22.45.32:457][552]LogTemp: Warning: 13.669053: Projectile fires at 4000.000000
[2018.01.13-22.45.32:457][552]LogTemp: Warning: FEUER FREI!
[2018.01.13-22.45.32:458][552]LogTemp: Warning: 13.669053: Projectile fires at 4000.000000
[2018.01.13-22.45.32:458][552]LogTemp: Warning: FEUER FREI!
[2018.01.13-22.45.32:458][552]LogTemp: Warning: 13.669053: Projectile fires at 4000.000000
[2018.01.13-22.45.35:465][913]LogTemp: Warning: FEUER FREI!
[2018.01.13-22.45.35:465][913]LogTemp: Warning: 16.677349: Projectile fires at 4000.000000
[2018.01.13-22.45.35:466][913]LogTemp: Warning: FEUER FREI!
[2018.01.13-22.45.35:466][913]LogTemp: Warning: 16.677349: Projectile fires at 4000.000000
[2018.01.13-22.45.35:466][913]LogTemp: Warning: FEUER FREI!
[2018.01.13-22.45.35:466][913]LogTemp: Warning: 16.677349: Projectile fires at 4000.000000
[2018.01.13-22.45.38:474][274]LogTemp: Warning: FEUER FREI!
[2018.01.13-22.45.38:474][274]LogTemp: Warning: 19.685656: Projectile fires at 4000.000000
[2018.01.13-22.45.38:474][274]LogTemp: Warning: FEUER FREI!
[2018.01.13-22.45.38:474][274]LogTemp: Warning: 19.685656: Projectile fires at 4000.000000
[2018.01.13-22.45.38:475][274]LogTemp: Warning: FEUER FREI!
[2018.01.13-22.45.38:475][274]LogTemp: Warning: 19.685656: Projectile fires at 4000.000000
[2018.01.13-22.45.41:482][635]LogTemp: Warning: FEUER FREI!
[2018.01.13-22.45.41:482][635]LogTemp: Warning: 22.693945: Projectile fires at 4000.000000
[2018.01.13-22.45.41:482][635]LogTemp: Warning: FEUER FREI!
[2018.01.13-22.45.41:482][635]LogTemp: Warning: 22.693945: Projectile fires at 4000.000000
[2018.01.13-22.45.41:483][635]LogTemp: Warning: FEUER FREI!
[2018.01.13-22.45.41:483][635]LogTemp: Warning: 22.693945: Projectile fires at 4000.000000
[2018.01.13-22.45.44:490][996]LogTemp: Warning: FEUER FREI!
[2018.01.13-22.45.44:491][996]LogTemp: Warning: 25.702234: Projectile fires at 4000.000000
[2018.01.13-22.45.44:491][996]LogTemp: Warning: FEUER FREI!
[2018.01.13-22.45.44:491][996]LogTemp: Warning: 25.702234: Projectile fires at 4000.000000
[2018.01.13-22.45.44:491][996]LogTemp: Warning: FEUER FREI!
[2018.01.13-22.45.44:491][996]LogTemp: Warning: 25.702234: Projectile fires at 4000.000000
[2018.01.13-22.45.45:875][162]LogBlueprintUserMessages: Early EndPlayMap Detection: Level '/Game/_Levels/BattleGround.BattleGround:PersistentLevel' has LevelScriptBlueprint '/Game/_Levels/BattleGround.BattleGround:PersistentLevel.BattleGround' with GeneratedClass '/Game/_Levels/BattleGround.BattleGround_C' with ClassGeneratedBy '/Game/_Levels/BattleGround.BattleGround:PersistentLevel.BattleGround'
[2018.01.13-22.45.45:907][162]LogBlueprintUserMessages: Late EndPlayMap Detection: Level '/Game/_Levels/BattleGround.BattleGround:PersistentLevel' has LevelScriptBlueprint '/Game/_Levels/BattleGround.BattleGround:PersistentLevel.BattleGround' with GeneratedClass '/Game/_Levels/BattleGround.BattleGround_C' with ClassGeneratedBy '/Game/_Levels/BattleGround.BattleGround:PersistentLevel.BattleGround'
[2018.01.13-22.45.47:889][372]Cmd: OBJ SAVEPACKAGE PACKAGE="/Game/_Levels/BattleGround" FILE="D:/repos/GWGame/GW_Game/Content/_Levels/BattleGround.umap" SILENT=true AUTOSAVING=false KEEPDIRTY=false
[2018.01.13-22.45.48:160][372]LogSavePackage: Save=250.50ms
[2018.01.13-22.45.48:160][372]LogSavePackage: Moving 'D:/repos/GWGame/GW_Game/Saved/BattleGroundFD63D4CD4F03FDE6743658A94ED08109.tmp' to 'D:/repos/GWGame/GW_Game/Content/_Levels/BattleGround.umap'
[2018.01.13-22.45.48:168][372]LogSavePackage: Display: Finished SavePackage D:/repos/GWGame/GW_Game/Content/_Levels/BattleGround.umap
[2018.01.13-22.45.48:193][372]Cmd: OBJ SAVEPACKAGE PACKAGE="/Game/_Levels/BattleGround_BuiltData" FILE="D:/repos/GWGame/GW_Game/Content/_Levels/BattleGround_BuiltData.uasset" SILENT=true
[2018.01.13-22.45.48:241][372]LogSavePackage: Save=30.63ms
[2018.01.13-22.45.48:241][372]LogSavePackage: Moving 'D:/repos/GWGame/GW_Game/Saved/BattleGround_BuiltData0565E7BA4BFC0D3DA9CEB8A5E988BA94.tmp' to 'D:/repos/GWGame/GW_Game/Content/_Levels/BattleGround_BuiltData.uasset'
[2018.01.13-22.45.48:243][372]LogSavePackage: Display: Finished SavePackage D:/repos/GWGame/GW_Game/Content/_Levels/BattleGround_BuiltData.uasset
[2018.01.13-22.45.50:080][552]LogWindowsTextInputMethodSystem: Display: IME system now deactivated.
[2018.01.13-22.45.50:221][553]Cmd: QUIT_EDITOR
[2018.01.13-22.45.50:315][553]LogExit: Preparing to exit.
[2018.01.13-22.45.50:991][553]LogExit: Editor shut down
[2018.01.13-22.45.50:994][553]LogExit: Transaction tracking system shut down
[2018.01.13-22.45.51:169][553]LogDirectoryWatcher: A directory notification for '../../../Engine/Content/' was aborted.
[2018.01.13-22.45.51:169][553]LogDirectoryWatcher: A directory notification for 'D:/repos/GWGame/GW_Game/Content/' was aborted.
[2018.01.13-22.45.51:169][553]LogDirectoryWatcher: A directory notification for '../../../Engine/Plugins/2D/Paper2D/Content/' was aborted.
[2018.01.13-22.45.51:169][553]LogDirectoryWatcher: A directory notification for '../../../Engine/Plugins/Media/MediaCompositing/Content/' was aborted.
[2018.01.13-22.45.51:169][553]LogDirectoryWatcher: A directory notification for '../../../Engine/Plugins/Runtime/AppleARKit/Content/' was aborted.
[2018.01.13-22.45.51:169][553]LogDirectoryWatcher: A directory notification for '../../../Engine/Plugins/Runtime/Oculus/OculusVR/Content/' was aborted.
[2018.01.13-22.45.51:169][553]LogDirectoryWatcher: A directory notification for '../../../Engine/Plugins/Runtime/Steam/SteamVR/Content/' was aborted.
[2018.01.13-22.45.51:220][553]LogExit: Object subsystem successfully closed.
[2018.01.13-22.45.51:239][553]LogD3D11RHI: Shutdown
[2018.01.13-22.45.51:239][553]LogD3D11RHI: CleanupD3DDevice
[2018.01.13-22.45.51:241][553]LogD3D11RHI: ~FD3D11DynamicRHI
[2018.01.13-22.45.51:309][553]LogModuleManager: Shutting down and abandoning module GW_Game (556)
[2018.01.13-22.45.51:309][553]LogModuleManager: Shutting down and abandoning module BlueprintGraph (555)
[2018.01.13-22.45.51:309][553]LogModuleManager: Shutting down and abandoning module MovieSceneCapture (553)
[2018.01.13-22.45.51:309][553]LogModuleManager: Shutting down and abandoning module HierarchicalLODOutliner (550)
[2018.01.13-22.45.51:309][553]LogModuleManager: Shutting down and abandoning module DesktopPlatform (548)
[2018.01.13-22.45.51:309][553]LogModuleManager: Shutting down and abandoning module AddContentDialog (546)
[2018.01.13-22.45.51:309][553]LogDirectoryWatcher: A directory notification for 'C:/Program Files/Epic Games/UE_4.18/FeaturePacks/' was aborted.
[2018.01.13-22.45.51:310][553]LogModuleManager: Shutting down and abandoning module WidgetCarousel (545)
[2018.01.13-22.45.51:310][553]LogModuleManager: Shutting down and abandoning module EditorWidgets (542)
[2018.01.13-22.45.51:310][553]LogModuleManager: Shutting down and abandoning module CollectionManager (540)
[2018.01.13-22.45.51:310][553]LogDirectoryWatcher: A directory notification for 'D:/repos/GWGame/GW_Game/Content/Collections/' was aborted.
[2018.01.13-22.45.51:310][553]LogDirectoryWatcher: A directory notification for 'D:/repos/GWGame/GW_Game/Content/Developers/uzivatel1/Collections/' was aborted.
[2018.01.13-22.45.51:310][553]LogDirectoryWatcher: A directory notification for 'D:/repos/GWGame/GW_Game/Saved/Collections/' was aborted.
[2018.01.13-22.45.51:310][553]LogModuleManager: Shutting down and abandoning module SceneOutliner (538)
[2018.01.13-22.45.51:310][553]LogModuleManager: Shutting down and abandoning module StatsViewer (536)
[2018.01.13-22.45.51:310][553]LogModuleManager: Shutting down and abandoning module FoliageEdit (534)
[2018.01.13-22.45.51:310][553]LogModuleManager: Shutting down and abandoning module LandscapeEditor (532)
[2018.01.13-22.45.51:310][553]LogModuleManager: Shutting down and abandoning module MeshPaintMode (530)
[2018.01.13-22.45.51:310][553]LogModuleManager: Shutting down and abandoning module SceneDepthPickerMode (528)
[2018.01.13-22.45.51:310][553]LogModuleManager: Shutting down and abandoning module ActorPickerMode (526)
[2018.01.13-22.45.51:310][553]LogModuleManager: Shutting down and abandoning module GeometryMode (524)
[2018.01.13-22.45.51:310][553]LogModuleManager: Shutting down and abandoning module TextureAlignMode (522)
[2018.01.13-22.45.51:310][553]LogModuleManager: Shutting down and abandoning module BspMode (520)
[2018.01.13-22.45.51:310][553]LogModuleManager: Shutting down and abandoning module PIEPreviewDeviceProfileSelector (518)
[2018.01.13-22.45.51:310][553]LogModuleManager: Shutting down and abandoning module HardwareSurvey (516)
[2018.01.13-22.45.51:310][553]LogModuleManager: Shutting down and abandoning module SequenceRecorderSections (514)
[2018.01.13-22.45.51:310][553]LogModuleManager: Shutting down and abandoning module AutomationWorker (512)
[2018.01.13-22.45.51:310][553]LogModuleManager: Shutting down and abandoning module MatineeToLevelSequence (510)
[2018.01.13-22.45.51:310][553]LogModuleManager: Shutting down and abandoning module LevelSequenceEditor (508)
[2018.01.13-22.45.51:311][553]LogModuleManager: Shutting down and abandoning module PlacementMode (507)
[2018.01.13-22.45.51:311][553]LogModuleManager: Shutting down and abandoning module WmfMediaFactory (504)
[2018.01.13-22.45.51:311][553]LogModuleManager: Shutting down and abandoning module WmfMediaEditor (502)
[2018.01.13-22.45.51:311][553]LogModuleManager: Shutting down and abandoning module OpenExrWrapper (500)
[2018.01.13-22.45.51:311][553]LogModuleManager: Shutting down and abandoning module ImgMediaFactory (498)
[2018.01.13-22.45.51:311][553]LogModuleManager: Shutting down and abandoning module ImgMediaEditor (496)
[2018.01.13-22.45.51:311][553]LogModuleManager: Shutting down and abandoning module AvfMediaFactory (494)
[2018.01.13-22.45.51:311][553]LogModuleManager: Shutting down and abandoning module AvfMediaEditor (492)
[2018.01.13-22.45.51:311][553]LogModuleManager: Shutting down and abandoning module AndroidMediaFactory (490)
[2018.01.13-22.45.51:311][553]LogModuleManager: Shutting down and abandoning module AndroidMediaEditor (488)
[2018.01.13-22.45.51:311][553]LogModuleManager: Shutting down and abandoning module CharacterAI (486)
[2018.01.13-22.45.51:311][553]LogModuleManager: Shutting down and abandoning module AudioCapture (484)
[2018.01.13-22.45.51:311][553]LogModuleManager: Shutting down and abandoning module SequenceRecorder (483)
[2018.01.13-22.45.51:311][553]LogModuleManager: Shutting down and abandoning module SmartSnapping (480)
[2018.01.13-22.45.51:311][553]LogModuleManager: Shutting down and abandoning module SessionServices (478)
[2018.01.13-22.45.51:311][553]LogModuleManager: Shutting down and abandoning module ViewportSnapping (476)
[2018.01.13-22.45.51:311][553]LogModuleManager: Shutting down and abandoning module ViewportInteraction (474)
[2018.01.13-22.45.51:311][553]LogModuleManager: Shutting down and abandoning module ClothPainter (472)
[2018.01.13-22.45.51:311][553]LogModuleManager: Shutting down and abandoning module SkeletalMeshEditor (471)
[2018.01.13-22.45.51:311][553]LogModuleManager: Shutting down and abandoning module LogVisualizer (468)
[2018.01.13-22.45.51:311][553]LogModuleManager: Shutting down and abandoning module IntroTutorials (466)
[2018.01.13-22.45.51:311][553]LogModuleManager: Shutting down and abandoning module GameProjectGeneration (465)
[2018.01.13-22.45.51:311][553]LogModuleManager: Shutting down and abandoning module IOSPlatformEditor (462)
[2018.01.13-22.45.51:311][553]LogModuleManager: Shutting down and abandoning module HTML5PlatformEditor (460)
[2018.01.13-22.45.51:311][553]LogModuleManager: Shutting down and abandoning module AndroidPlatformEditor (458)
[2018.01.13-22.45.51:311][553]LogModuleManager: Shutting down and abandoning module AndroidDeviceDetection (457)
[2018.01.13-22.45.51:619][553]LogModuleManager: Shutting down and abandoning module WindowsPlatformEditor (454)
[2018.01.13-22.45.51:619][553]LogModuleManager: Shutting down and abandoning module IOSRuntimeSettings (452)
[2018.01.13-22.45.51:619][553]LogModuleManager: Shutting down and abandoning module AndroidRuntimeSettings (450)
[2018.01.13-22.45.51:619][553]LogModuleManager: Shutting down and abandoning module InputBindingEditor (448)
[2018.01.13-22.45.51:619][553]LogModuleManager: Shutting down and abandoning module MergeActors (446)
[2018.01.13-22.45.51:619][553]LogModuleManager: Shutting down and abandoning module SizeMap (444)
[2018.01.13-22.45.51:619][553]LogModuleManager: Shutting down and abandoning module TreeMap (442)
[2018.01.13-22.45.51:619][553]LogModuleManager: Shutting down and abandoning module ReferenceViewer (440)
[2018.01.13-22.45.51:619][553]LogModuleManager: Shutting down and abandoning module LocalizationDashboard (438)
[2018.01.13-22.45.51:619][553]LogModuleManager: Shutting down and abandoning module LocalizationService (437)
[2018.01.13-22.45.51:619][553]LogModuleManager: Shutting down and abandoning module HardwareTargeting (434)
[2018.01.13-22.45.51:619][553]LogModuleManager: Shutting down and abandoning module DeviceProfileEditor (432)
[2018.01.13-22.45.51:619][553]LogModuleManager: Shutting down and abandoning module UndoHistory (430)
[2018.01.13-22.45.51:619][553]LogModuleManager: Shutting down and abandoning module XmlParser (428)
[2018.01.13-22.45.51:619][553]LogModuleManager: Shutting down and abandoning module Blutility (426)
[2018.01.13-22.45.51:619][553]LogModuleManager: Shutting down and abandoning module ProjectSettingsViewer (424)
[2018.01.13-22.45.51:619][553]LogModuleManager: Shutting down and abandoning module ProjectTargetPlatformEditor (423)
[2018.01.13-22.45.51:619][553]LogModuleManager: Shutting down and abandoning module EditorSettingsViewer (420)
[2018.01.13-22.45.51:619][553]LogModuleManager: Shutting down and abandoning module SettingsEditor (418)
[2018.01.13-22.45.51:619][553]LogModuleManager: Shutting down and abandoning module ProjectLauncher (416)
[2018.01.13-22.45.51:619][553]LogModuleManager: Shutting down and abandoning module SessionFrontend (414)
[2018.01.13-22.45.51:620][553]LogModuleManager: Shutting down and abandoning module ProfilerClient (412)
[2018.01.13-22.45.51:620][553]LogModuleManager: Shutting down and abandoning module DeviceManager (410)
[2018.01.13-22.45.51:620][553]LogModuleManager: Shutting down and abandoning module TargetDeviceServices (409)
[2018.01.13-22.45.51:681][553]LogModuleManager: Shutting down and abandoning module AutomationController (406)
[2018.01.13-22.45.51:681][553]LogModuleManager: Shutting down and abandoning module AutomationWindow (404)
[2018.01.13-22.45.51:681][553]LogModuleManager: Shutting down and abandoning module Layers (402)
[2018.01.13-22.45.51:681][553]LogModuleManager: Shutting down and abandoning module ComponentVisualizers (400)
[2018.01.13-22.45.51:681][553]LogModuleManager: Shutting down and abandoning module DetailCustomizations (398)
[2018.01.13-22.45.51:681][553]LogModuleManager: Shutting down and abandoning module PackagesDialog (396)
[2018.01.13-22.45.51:681][553]LogModuleManager: Shutting down and abandoning module Persona (394)
[2018.01.13-22.45.51:681][553]LogModuleManager: Shutting down and abandoning module AdvancedPreviewScene (393)
[2018.01.13-22.45.51:681][553]LogModuleManager: Shutting down and abandoning module AnimGraph (391)
[2018.01.13-22.45.51:681][553]LogModuleManager: Shutting down and abandoning module Kismet (388)
[2018.01.13-22.45.51:686][553]LogModuleManager: Shutting down and abandoning module ClassViewer (386)
[2018.01.13-22.45.51:687][553]LogModuleManager: Shutting down and abandoning module Toolbox (384)
[2018.01.13-22.45.51:687][553]LogModuleManager: Shutting down and abandoning module ModuleUI (382)
[2018.01.13-22.45.51:687][553]LogModuleManager: Shutting down and abandoning module MovieSceneTools (380)
[2018.01.13-22.45.51:687][553]LogModuleManager: Shutting down and abandoning module OutputLog (378)
[2018.01.13-22.45.51:687][553]LogModuleManager: Shutting down and abandoning module GammaUI (376)
[2018.01.13-22.45.51:687][553]LogModuleManager: Shutting down and abandoning module Documentation (374)
[2018.01.13-22.45.51:687][553]LogModuleManager: Shutting down and abandoning module MovieSceneTracks (372)
[2018.01.13-22.45.51:687][553]LogModuleManager: Shutting down and abandoning module MovieScene (370)
[2018.01.13-22.45.51:687][553]LogModuleManager: Shutting down and abandoning module StreamingPauseRendering (368)
[2018.01.13-22.45.51:687][553]LogModuleManager: Shutting down and abandoning module LauncherPlatform (366)
[2018.01.13-22.45.51:687][553]LogModuleManager: Shutting down and abandoning module AnalyticsET (364)
[2018.01.13-22.45.51:687][553]LogModuleManager: Shutting down and abandoning module PortalServices (362)
[2018.01.13-22.45.51:687][553]LogModuleManager: Shutting down and abandoning module PortalRpc (360)
[2018.01.13-22.45.51:687][553]LogModuleManager: Shutting down and abandoning module MessagingRpc (358)
[2018.01.13-22.45.51:687][553]LogModuleManager: Shutting down and abandoning module AIModule (356)
[2018.01.13-22.45.51:687][553]LogModuleManager: Shutting down and abandoning module GameplayDebugger (355)
[2018.01.13-22.45.51:687][553]LogModuleManager: Shutting down and abandoning module AITestSuite (353)
[2018.01.13-22.45.51:687][553]LogModuleManager: Shutting down and abandoning module ProfilerService (350)
[2018.01.13-22.45.51:723][553]LogModuleManager: Shutting down and abandoning module TaskGraph (348)
[2018.01.13-22.45.51:723][553]LogModuleManager: Shutting down and abandoning module SteamVRController (346)
[2018.01.13-22.45.51:723][553]LogModuleManager: Shutting down and abandoning module ProceduralMeshComponentEditor (344)
[2018.01.13-22.45.51:723][553]LogModuleManager: Shutting down and abandoning module ProceduralMeshComponent (342)
[2018.01.13-22.45.51:723][553]LogModuleManager: Shutting down and abandoning module OculusInput (340)
[2018.01.13-22.45.51:723][553]LogModuleManager: Shutting down and abandoning module MobilePatchingUtils (338)
[2018.01.13-22.45.51:723][553]LogModuleManager: Shutting down and abandoning module CustomMeshComponent (336)
[2018.01.13-22.45.51:723][553]LogModuleManager: Shutting down and abandoning module CableComponent (334)
[2018.01.13-22.45.51:723][553]LogModuleManager: Shutting down and abandoning module ArchVisCharacter (332)
[2018.01.13-22.45.51:723][553]LogModuleManager: Shutting down and abandoning module AndroidPermission (330)
[2018.01.13-22.45.51:723][553]LogModuleManager: Shutting down and abandoning module ActorSequence (326)
[2018.01.13-22.45.51:723][553]LogModuleManager: Shutting down and abandoning module MediaPlayerEditor (324)
[2018.01.13-22.45.51:723][553]LogModuleManager: Shutting down and abandoning module MediaCompositingEditor (322)
[2018.01.13-22.45.51:723][553]LogModuleManager: Shutting down and abandoning module MediaCompositing (320)
[2018.01.13-22.45.51:723][553]LogModuleManager: Shutting down and abandoning module HTML5Networking (318)
[2018.01.13-22.45.51:723][553]LogModuleManager: Shutting down and abandoning module AlembicImporter (316)
[2018.01.13-22.45.51:723][553]LogModuleManager: Shutting down and abandoning module AlembicLibrary (315)
[2018.01.13-22.45.51:723][553]LogModuleManager: Shutting down and abandoning module GeometryCache (314)
[2018.01.13-22.45.51:723][553]LogModuleManager: Shutting down and abandoning module GeometryCacheEd (313)
[2018.01.13-22.45.51:723][553]LogModuleManager: Shutting down and abandoning module SpeedTreeImporter (308)
[2018.01.13-22.45.51:723][553]LogModuleManager: Shutting down and abandoning module PluginBrowser (306)
[2018.01.13-22.45.51:723][553]LogModuleManager: Shutting down and abandoning module MobileLauncherProfileWizard (304)
[2018.01.13-22.45.51:723][553]LogModuleManager: Shutting down and abandoning module VisualStudioSourceCodeAccess (302)
[2018.01.13-22.45.51:723][553]LogModuleManager: Shutting down and abandoning module VisualStudioCodeSourceCodeAccess (300)
[2018.01.13-22.45.51:723][553]LogModuleManager: Shutting down and abandoning module UObjectPlugin (298)
[2018.01.13-22.45.51:723][553]LogModuleManager: Shutting down and abandoning module SubversionSourceControl (296)
[2018.01.13-22.45.51:723][553]LogModuleManager: Shutting down and abandoning module PerforceSourceControl (294)
[2018.01.13-22.45.51:724][553]LogModuleManager: Shutting down and abandoning module GitSourceControl (292)
[2018.01.13-22.45.51:724][553]LogModuleManager: Shutting down and abandoning module SourceControl (291)
[2018.01.13-22.45.51:724][553]LogModuleManager: Shutting down and abandoning module LightPropagationVolumeEditor (288)
[2018.01.13-22.45.51:724][553]LogModuleManager: Shutting down and abandoning module PaperTiledImporter (286)
[2018.01.13-22.45.51:724][553]LogModuleManager: Shutting down and abandoning module PaperSpriteSheetImporter (284)
[2018.01.13-22.45.51:724][553]LogModuleManager: Shutting down and abandoning module Paper2DEditor (282)
[2018.01.13-22.45.51:724][553]LogModuleManager: Shutting down and abandoning module MeshPaint (281)
[2018.01.13-22.45.51:724][553]LogModuleManager: Shutting down and abandoning module LevelEditor (279)
[2018.01.13-22.45.51:724][553]LogModuleManager: Shutting down and abandoning module PixelInspectorModule (278)
[2018.01.13-22.45.51:724][553]LogModuleManager: Shutting down and abandoning module MainFrame (276)
[2018.01.13-22.45.51:724][553]LogModuleManager: Shutting down and abandoning module HotReload (275)
[2018.01.13-22.45.51:724][553]LogDirectoryWatcher: A directory notification for 'D:/repos/GWGame/GW_Game/Binaries/Win64' was aborted.
[2018.01.13-22.45.51:725][553]LogModuleManager: Shutting down and abandoning module RuntimePhysXCooking (268)
[2018.01.13-22.45.51:725][553]LogModuleManager: Shutting down and abandoning module PhysXVehiclesEditor (266)
[2018.01.13-22.45.51:725][553]LogModuleManager: Shutting down and abandoning module PhysXVehicles (264)
[2018.01.13-22.45.51:725][553]LogModuleManager: Shutting down and abandoning module OculusEditor (262)
[2018.01.13-22.45.51:725][553]LogModuleManager: Shutting down and abandoning module LocationServicesBPLibrary (260)
[2018.01.13-22.45.51:725][553]LogModuleManager: Shutting down and abandoning module ImmediatePhysicsEditor (258)
[2018.01.13-22.45.51:725][553]LogModuleManager: Shutting down and abandoning module ImmediatePhysics (256)
[2018.01.13-22.45.51:725][553]LogModuleManager: Shutting down and abandoning module UdpMessaging (254)
[2018.01.13-22.45.51:826][553]LogModuleManager: Shutting down and abandoning module TcpMessaging (252)
[2018.01.13-22.45.51:926][553]LogModuleManager: Shutting down and abandoning module GameplayTagsEditor (250)
[2018.01.13-22.45.51:926][553]LogModuleManager: Shutting down and abandoning module FacialAnimationEditor (248)
[2018.01.13-22.45.51:926][553]LogModuleManager: Shutting down and abandoning module FacialAnimation (246)
[2018.01.13-22.45.51:926][553]LogModuleManager: Shutting down and abandoning module AssetManagerEditor (244)
[2018.01.13-22.45.51:926][553]LogModuleManager: Shutting down and abandoning module GraphEditor (243)
[2018.01.13-22.45.51:927][553]LogModuleManager: Shutting down and abandoning module ContentBrowser (241)
[2018.01.13-22.45.51:928][553]LogModuleManager: Shutting down and abandoning module LightPropagationVolumeRuntime (238)
[2018.01.13-22.45.51:928][553]LogModuleManager: Shutting down and abandoning module Paper2D (236)
[2018.01.13-22.45.51:928][553]LogModuleManager: Shutting down and abandoning module WindowsMoviePlayer (234)
[2018.01.13-22.45.51:928][553]LogModuleManager: Shutting down and abandoning module WmfMedia (232)
[2018.01.13-22.45.51:932][553]LogModuleManager: Shutting down and abandoning module ImgMedia (230)
[2018.01.13-22.45.51:932][553]LogModuleManager: Shutting down and abandoning module PacketHandler (228)
[2018.01.13-22.45.51:932][553]LogModuleManager: Shutting down and abandoning module ClothingSystemEditor (226)
[2018.01.13-22.45.51:932][553]LogModuleManager: Shutting down and abandoning module ClothingSystemRuntime (224)
[2018.01.13-22.45.51:933][553]LogModuleManager: Shutting down and abandoning module MediaAssets (222)
[2018.01.13-22.45.51:933][553]LogModuleManager: Shutting down and abandoning module Media (221)
[2018.01.13-22.45.51:939][553]LogModuleManager: Shutting down and abandoning module Overlay (218)
[2018.01.13-22.45.51:939][553]LogModuleManager: Shutting down and abandoning module OverlayEditor (217)
[2018.01.13-22.45.51:939][553]LogModuleManager: Shutting down and abandoning module VREditor (214)
[2018.01.13-22.45.51:939][553]LogModuleManager: Shutting down and abandoning module StringTableEditor (212)
[2018.01.13-22.45.51:940][553]LogModuleManager: Shutting down and abandoning module GameplayTasksEditor (210)
[2018.01.13-22.45.51:940][553]LogModuleManager: Shutting down and abandoning module BehaviorTreeEditor (208)
[2018.01.13-22.45.51:940][553]LogModuleManager: Shutting down and abandoning module FunctionalTesting (206)
[2018.01.13-22.45.51:940][553]LogModuleManager: Shutting down and abandoning module CollisionAnalyzer (204)
[2018.01.13-22.45.51:940][553]LogModuleManager: Shutting down and abandoning module WorkspaceMenuStructure (203)
[2018.01.13-22.45.51:940][553]LogModuleManager: Shutting down and abandoning module UMG (200)
[2018.01.13-22.45.51:940][553]LogModuleManager: Shutting down and abandoning module UMGEditor (199)
[2018.01.13-22.45.51:940][553]LogModuleManager: Shutting down and abandoning module Sequencer (198)
[2018.01.13-22.45.51:941][553]LogModuleManager: Shutting down and abandoning module MessageLog (195)
[2018.01.13-22.45.51:941][553]LogModuleManager: Shutting down and abandoning module SlateReflector (190)
[2018.01.13-22.45.51:941][553]LogModuleManager: Shutting down and abandoning module Slate (188)
[2018.01.13-22.45.51:941][553]LogModuleManager: Shutting down and abandoning module EditorStyle (186)
[2018.01.13-22.45.51:948][553]LogModuleManager: Shutting down and abandoning module MRMesh (184)
[2018.01.13-22.45.51:948][553]LogModuleManager: Shutting down and abandoning module SourceCodeAccess (182)
[2018.01.13-22.45.51:948][553]LogModuleManager: Shutting down and abandoning module HeadMountedDisplay (180)
[2018.01.13-22.45.51:948][553]LogModuleManager: Shutting down and abandoning module XAudio2 (178)
[2018.01.13-22.45.51:948][553]LogModuleManager: Shutting down and abandoning module Networking (176)
[2018.01.13-22.45.51:948][553]LogModuleManager: Shutting down and abandoning module Core (172)
[2018.01.13-22.45.51:948][553]LogModuleManager: Shutting down and abandoning module LevelSequence (168)
[2018.01.13-22.45.51:948][553]LogModuleManager: Shutting down and abandoning module DirectoryWatcher (166)
[2018.01.13-22.45.51:949][553]LogModuleManager: Shutting down and abandoning module KismetCompiler (164)
[2018.01.13-22.45.51:949][553]LogModuleManager: Shutting down and abandoning module MeshUtilities (162)
[2018.01.13-22.45.51:949][553]LogModuleManager: Shutting down and abandoning module MeshMergeUtilities (161)
[2018.01.13-22.45.51:949][553]LogModuleManager: Shutting down and abandoning module MeshReductionInterface (160)
[2018.01.13-22.45.51:949][553]LogModuleManager: Shutting down and abandoning module SimplygonSwarm (159)
[2018.01.13-22.45.51:949][553]LogModuleManager: Shutting down and abandoning module SimplygonMeshReduction (157)
[2018.01.13-22.45.51:949][553]LogModuleManager: Shutting down and abandoning module QuadricMeshReduction (155)
[2018.01.13-22.45.51:949][553]LogModuleManager: Shutting down and abandoning module MaterialBaking (151)
[2018.01.13-22.45.51:949][553]LogModuleManager: Shutting down and abandoning module DerivedDataCache (148)
[2018.01.13-22.45.52:023][553]LogDerivedDataCache: Shutdown
[2018.01.13-22.45.52:024][553]LogModuleManager: Shutting down and abandoning module TargetPlatform (146)
[2018.01.13-22.45.52:024][553]LogModuleManager: Shutting down and abandoning module VulkanShaderFormat (145)
[2018.01.13-22.45.52:024][553]LogModuleManager: Shutting down and abandoning module ShaderFormatVectorVM (143)
[2018.01.13-22.45.52:024][553]LogModuleManager: Shutting down and abandoning module ShaderFormatOpenGL (141)
[2018.01.13-22.45.52:024][553]LogModuleManager: Shutting down and abandoning module ShaderFormatD3D (139)
[2018.01.13-22.45.52:024][553]LogModuleManager: Shutting down and abandoning module MetalShaderFormat (137)
[2018.01.13-22.45.52:024][553]LogModuleManager: Shutting down and abandoning module TextureFormatUncompressed (135)
[2018.01.13-22.45.52:024][553]LogModuleManager: Shutting down and abandoning module TextureFormatPVR (133)
[2018.01.13-22.45.52:024][553]LogModuleManager: Shutting down and abandoning module TextureFormatDXT (131)
[2018.01.13-22.45.52:024][553]LogModuleManager: Shutting down and abandoning module TextureFormatIntelISPCTexComp (129)
[2018.01.13-22.45.52:024][553]LogModuleManager: Shutting down and abandoning module TextureFormatASTC (127)
[2018.01.13-22.45.52:024][553]LogModuleManager: Shutting down and abandoning module ImageWrapper (126)
[2018.01.13-22.45.52:024][553]LogModuleManager: Shutting down and abandoning module TextureFormatAndroid (123)
[2018.01.13-22.45.52:024][553]LogModuleManager: Shutting down and abandoning module AudioFormatOpus (121)
[2018.01.13-22.45.52:024][553]LogModuleManager: Shutting down and abandoning module AudioFormatOgg (119)
[2018.01.13-22.45.52:024][553]LogModuleManager: Shutting down and abandoning module AudioFormatADPCM (117)
[2018.01.13-22.45.52:024][553]LogModuleManager: Shutting down and abandoning module LinuxTargetPlatform (115)
[2018.01.13-22.45.52:024][553]LogModuleManager: Shutting down and abandoning module LinuxServerTargetPlatform (113)
[2018.01.13-22.45.52:024][553]LogModuleManager: Shutting down and abandoning module LinuxNoEditorTargetPlatform (111)
[2018.01.13-22.45.52:024][553]LogModuleManager: Shutting down and abandoning module LinuxClientTargetPlatform (109)
[2018.01.13-22.45.52:024][553]LogModuleManager: Shutting down and abandoning module TVOSTargetPlatform (107)
[2018.01.13-22.45.52:025][553]LogModuleManager: Shutting down and abandoning module Messaging (105)
[2018.01.13-22.45.52:025][553]LogModuleManager: Shutting down and abandoning module IOSTargetPlatform (103)
[2018.01.13-22.45.52:025][553]LogModuleManager: Shutting down and abandoning module HTML5TargetPlatform (101)
[2018.01.13-22.45.52:025][553]LogModuleManager: Shutting down and abandoning module AndroidTargetPlatform (99)
[2018.01.13-22.45.52:025][553]LogModuleManager: Shutting down and abandoning module Android_PVRTCTargetPlatform (97)
[2018.01.13-22.45.52:025][553]LogModuleManager: Shutting down and abandoning module Android_MultiTargetPlatform (95)
[2018.01.13-22.45.52:025][553]LogModuleManager: Shutting down and abandoning module Android_ETC2TargetPlatform (93)
[2018.01.13-22.45.52:025][553]LogModuleManager: Shutting down and abandoning module Android_ETC1TargetPlatform (91)
[2018.01.13-22.45.52:025][553]LogModuleManager: Shutting down and abandoning module Android_DXTTargetPlatform (89)
[2018.01.13-22.45.52:025][553]LogModuleManager: Shutting down and abandoning module Android_ATCTargetPlatform (87)
[2018.01.13-22.45.52:025][553]LogModuleManager: Shutting down and abandoning module Android_ASTCTargetPlatform (85)
[2018.01.13-22.45.52:025][553]LogModuleManager: Shutting down and abandoning module WindowsTargetPlatform (83)
[2018.01.13-22.45.52:025][553]LogModuleManager: Shutting down and abandoning module WindowsServerTargetPlatform (81)
[2018.01.13-22.45.52:025][553]LogModuleManager: Shutting down and abandoning module WindowsNoEditorTargetPlatform (79)
[2018.01.13-22.45.52:025][553]LogModuleManager: Shutting down and abandoning module WindowsClientTargetPlatform (77)
[2018.01.13-22.45.52:025][553]LogModuleManager: Shutting down and abandoning module MacTargetPlatform (75)
[2018.01.13-22.45.52:025][553]LogModuleManager: Shutting down and abandoning module MacServerTargetPlatform (73)
[2018.01.13-22.45.52:025][553]LogModuleManager: Shutting down and abandoning module MacNoEditorTargetPlatform (71)
[2018.01.13-22.45.52:026][553]LogModuleManager: Shutting down and abandoning module MacClientTargetPlatform (69)
[2018.01.13-22.45.52:026][553]LogModuleManager: Shutting down and abandoning module AllDesktopTargetPlatform (67)
[2018.01.13-22.45.52:026][553]LogModuleManager: Shutting down and abandoning module InputCore (64)
[2018.01.13-22.45.52:026][553]LogModuleManager: Shutting down and abandoning module Settings (62)
[2018.01.13-22.45.52:026][553]LogModuleManager: Shutting down and abandoning module PhysXCooking (60)
[2018.01.13-22.45.52:026][553]LogModuleManager: Shutting down and abandoning module SteamVR (58)
[2018.01.13-22.45.52:026][553]LogModuleManager: Shutting down and abandoning module OculusHMD (56)
[2018.01.13-22.45.52:026][553]LogModuleManager: Shutting down and abandoning module ExampleDeviceProfileSelector (54)
[2018.01.13-22.45.52:026][553]LogModuleManager: Shutting down and abandoning module AppleARKit (52)
[2018.01.13-22.45.52:026][553]LogModuleManager: Shutting down and abandoning module AugmentedReality (51)
[2018.01.13-22.45.52:026][553]LogModuleManager: Shutting down and abandoning module OnlineBlueprintSupport (48)
[2018.01.13-22.45.52:026][553]LogModuleManager: Shutting down and abandoning module OnlineSubsystem (44)
[2018.01.13-22.45.52:026][553]LogModuleManager: Shutting down and abandoning module XMPP (43)
[2018.01.13-22.45.52:027][553]LogModuleManager: Shutting down and abandoning module HTTP (41)
[2018.01.13-22.45.52:027][553]LogHttp: Display: Http module shutting down, but needs to wait on 1 outstanding Http requests:
[2018.01.13-22.45.52:027][553]LogHttp: Display: 	verb=[POST] url=[https://datarouter.ol.epicgames.com/datarouter/api/v1/public/data?SessionID=%7BBAF46951-4E8D-3983-2C5F-3EBEFD921D43%7D&AppID=UEEditor.Rocket.Release&AppVersion=4.18.2-3794801%2B%2B%2BUE4%2BRelease-4.18&UserID=cc42ddc2440a28282bc68e8490f26174%7C4ceece949fa540afa05284edb250037f%7C0bebcf97-a808-44ca-9c7d-125cb113877c&AppEnvironment=datacollector-binary&UploadType=eteventstream] status=Processing
[2018.01.13-22.45.52:035][553]LogModuleManager: Shutting down and abandoning module SSL (40)
[2018.01.13-22.45.52:039][553]LogModuleManager: Shutting down and abandoning module AnimationModifiers (36)
[2018.01.13-22.45.52:039][553]LogModuleManager: Shutting down and abandoning module PropertyEditor (35)
[2018.01.13-22.45.52:039][553]LogModuleManager: Shutting down and abandoning module AudioEditor (32)
[2018.01.13-22.45.52:039][553]LogModuleManager: Shutting down and abandoning module TextureCompressor (30)
[2018.01.13-22.45.52:040][553]LogModuleManager: Shutting down and abandoning module ShaderCore (28)
[2018.01.13-22.45.52:040][553]LogModuleManager: Shutting down and abandoning module Landscape (26)
[2018.01.13-22.45.52:040][553]LogModuleManager: Shutting down and abandoning module SlateRHIRenderer (24)
[2018.01.13-22.45.52:042][553]LogModuleManager: Shutting down and abandoning module OpenGLDrv (22)
[2018.01.13-22.45.52:042][553]LogModuleManager: Shutting down and abandoning module D3D11RHI (20)
[2018.01.13-22.45.52:042][553]LogModuleManager: Shutting down and abandoning module AnimGraphRuntime (18)
[2018.01.13-22.45.52:042][553]LogModuleManager: Shutting down and abandoning module Renderer (16)
[2018.01.13-22.45.52:042][553]LogModuleManager: Shutting down and abandoning module Engine (14)
[2018.01.13-22.45.52:042][553]LogModuleManager: Shutting down and abandoning module CoreUObject (12)
[2018.01.13-22.45.52:042][553]LogModuleManager: Shutting down and abandoning module NetworkFile (10)
[2018.01.13-22.45.52:042][553]LogModuleManager: Shutting down and abandoning module CookedIterativeFile (8)
[2018.01.13-22.45.52:042][553]LogModuleManager: Shutting down and abandoning module StreamingFile (6)
[2018.01.13-22.45.52:042][553]LogModuleManager: Shutting down and abandoning module SandboxFile (4)
[2018.01.13-22.45.52:043][553]LogModuleManager: Shutting down and abandoning module PakFile (2)
[2018.01.13-22.45.52:052][553]LogExit: Exiting.
[2018.01.13-22.45.52:068][553]Log file closed, 01/13/18 23:45:52
