Log file open, 12/31/17 18:20:21
LogWindows: Failed to load 'aqProf.dll' (GetLastError=126)
LogWindows: File 'aqProf.dll' does not exist
LogWindows: Failed to load 'VSPerf140.dll' (GetLastError=126)
LogWindows: File 'VSPerf140.dll' does not exist
LogWindows: Failed to load 'VtuneApi.dll' (GetLastError=126)
LogWindows: File 'VtuneApi.dll' does not exist
LogWindows: Failed to load 'VtuneApi32e.dll' (GetLastError=126)
LogWindows: File 'VtuneApi32e.dll' does not exist
LogInit: Display: Running engine for game: GW_Game
LogPlatformFile: Not using cached read wrapper
LogInit: Display: RandInit(-2057467943) SRandInit(-2057467943).
LogInit: Read version file with build ID '3709383'
LogInit: Overriding engine version to CL 3794801, compatible CL 3709383
LogInit: Registered custom module enumerator with build ID '3709383'
LogTaskGraph: Started task graph with 5 named threads and 14 total threads with 3 sets of task threads.
LogStats: Stats thread started at 0.177941
LogD3D11RHI: Aftermath initialized
LogPluginManager: Mounting plugin Paper2D
LogPluginManager: Mounting plugin LightPropagationVolume
LogPluginManager: Mounting plugin CodeLiteSourceCodeAccess
LogPluginManager: Mounting plugin GitSourceControl
LogPluginManager: Mounting plugin KDevelopSourceCodeAccess
LogPluginManager: Mounting plugin NullSourceCodeAccess
LogPluginManager: Mounting plugin PerforceSourceControl
LogPluginManager: Mounting plugin SubversionSourceControl
LogPluginManager: Mounting plugin UObjectPlugin
LogPluginManager: Mounting plugin VisualStudioCodeSourceCodeAccess
LogPluginManager: Mounting plugin VisualStudioSourceCodeAccess
LogPluginManager: Mounting plugin XCodeSourceCodeAccess
LogPluginManager: Mounting plugin AssetManagerEditor
LogPluginManager: Mounting plugin AudioCapture
LogPluginManager: Mounting plugin FacialAnimation
LogPluginManager: Mounting plugin GameplayTagsEditor
LogPluginManager: Mounting plugin MobileLauncherProfileWizard
LogPluginManager: Mounting plugin PluginBrowser
LogPluginManager: Mounting plugin SpeedTreeImporter
LogPluginManager: Mounting plugin AlembicImporter
LogPluginManager: Mounting plugin CharacterAI
LogPluginManager: Mounting plugin HTML5Networking
LogPluginManager: Mounting plugin AndroidMedia
LogPluginManager: Mounting plugin AvfMedia
LogPluginManager: Mounting plugin ImgMedia
LogPluginManager: Mounting plugin MediaCompositing
LogPluginManager: Mounting plugin MediaPlayerEditor
LogPluginManager: Mounting plugin WmfMedia
LogPluginManager: Mounting plugin TcpMessaging
LogPluginManager: Mounting plugin UdpMessaging
LogPluginManager: Mounting plugin ActorSequence
LogPluginManager: Mounting plugin LevelSequenceEditor
LogPluginManager: Mounting plugin MatineeToLevelSequence
LogPluginManager: Mounting plugin OnlineSubsystemGooglePlay
LogPluginManager: Mounting plugin OnlineSubsystemIOS
LogPluginManager: Mounting plugin OnlineSubsystem
LogPluginManager: Mounting plugin OnlineSubsystemNull
LogPluginManager: Mounting plugin OnlineSubsystemUtils
LogPluginManager: Mounting plugin AndroidDeviceProfileSelector
LogPluginManager: Mounting plugin AndroidMoviePlayer
LogPluginManager: Mounting plugin AndroidPermission
LogPluginManager: Mounting plugin AppleARKit
LogPluginManager: Mounting plugin AppleMoviePlayer
LogPluginManager: Mounting plugin ArchVisCharacter
LogPluginManager: Mounting plugin CableComponent
LogPluginManager: Mounting plugin CustomMeshComponent
LogPluginManager: Mounting plugin ExampleDeviceProfileSelector
LogPluginManager: Mounting plugin GoogleCloudMessaging
LogPluginManager: Mounting plugin ImmediatePhysics
LogPluginManager: Mounting plugin IOSDeviceProfileSelector
LogPluginManager: Mounting plugin LinuxDeviceProfileSelector
LogPluginManager: Mounting plugin LocationServicesBPLibrary
LogPluginManager: Mounting plugin MobilePatchingUtils
LogPluginManager: Mounting plugin OculusVR
LogPluginManager: Plugin shader directory ../../../Engine/Plugins/Runtime/Oculus/OculusVR/Shaders found
LogPluginManager: Mapping shader source directory ../../../Engine/Plugins/Runtime/Oculus/OculusVR/Shaders to virtual directory /Plugin/OculusVR
LogPluginManager: Mounting plugin PhysXVehicles
LogPluginManager: Mounting plugin ProceduralMeshComponent
LogPluginManager: Mounting plugin RuntimePhysXCooking
LogPluginManager: Mounting plugin SteamVR
LogPluginManager: Mounting plugin WindowsMoviePlayer
LogModuleManager: Display: Found up-to-date module file D:/repos/GWGame/GW_Game/Binaries/Win64/UE4Editor-GW_Game.dll (API version 3709383).
LogModuleManager: Display: Found up-to-date module file ../../../Engine/Plugins/2D/Paper2D/Binaries/Win64/UE4Editor-Paper2D.dll (API version 3709383).
LogModuleManager: Display: Found up-to-date module file ../../../Engine/Plugins/2D/Paper2D/Binaries/Win64/UE4Editor-Paper2DEditor.dll (API version 3709383).
LogModuleManager: Display: Found up-to-date module file ../../../Engine/Plugins/2D/Paper2D/Binaries/Win64/UE4Editor-PaperSpriteSheetImporter.dll (API version 3709383).
LogModuleManager: Display: Found up-to-date module file ../../../Engine/Plugins/2D/Paper2D/Binaries/Win64/UE4Editor-PaperTiledImporter.dll (API version 3709383).
LogModuleManager: Display: Found up-to-date module file ../../../Engine/Plugins/2D/Paper2D/Binaries/Win64/UE4Editor-SmartSnapping.dll (API version 3709383).
LogModuleManager: Display: Found up-to-date module file ../../../Engine/Plugins/Blendables/LightPropagationVolume/Binaries/Win64/UE4Editor-LightPropagationVolumeRuntime.dll (API version 3709383).
LogModuleManager: Display: Found up-to-date module file ../../../Engine/Plugins/Blendables/LightPropagationVolume/Binaries/Win64/UE4Editor-LightPropagationVolumeEditor.dll (API version 3709383).
LogModuleManager: Display: Found up-to-date module file ../../../Engine/Plugins/Developer/GitSourceControl/Binaries/Win64/UE4Editor-GitSourceControl.dll (API version 3709383).
LogModuleManager: Display: Found up-to-date module file ../../../Engine/Plugins/Developer/PerforceSourceControl/Binaries/Win64/UE4Editor-PerforceSourceControl.dll (API version 3709383).
LogModuleManager: Display: Found up-to-date module file ../../../Engine/Plugins/Developer/SubversionSourceControl/Binaries/Win64/UE4Editor-SubversionSourceControl.dll (API version 3709383).
LogModuleManager: Display: Found up-to-date module file ../../../Engine/Plugins/Developer/UObjectPlugin/Binaries/Win64/UE4Editor-UObjectPlugin.dll (API version 3709383).
LogModuleManager: Display: Found up-to-date module file ../../../Engine/Plugins/Developer/VisualStudioCodeSourceCodeAccess/Binaries/Win64/UE4Editor-VisualStudioCodeSourceCodeAccess.dll (API version 3709383).
LogModuleManager: Display: Found up-to-date module file ../../../Engine/Plugins/Developer/VisualStudioSourceCodeAccess/Binaries/Win64/UE4Editor-VisualStudioSourceCodeAccess.dll (API version 3709383).
LogModuleManager: Display: Found up-to-date module file ../../../Engine/Plugins/Editor/AssetManagerEditor/Binaries/Win64/UE4Editor-AssetManagerEditor.dll (API version 3709383).
LogModuleManager: Display: Found up-to-date module file ../../../Engine/Plugins/Editor/AudioCapture/Binaries/Win64/UE4Editor-AudioCapture.dll (API version 3709383).
LogModuleManager: Display: Found up-to-date module file ../../../Engine/Plugins/Editor/FacialAnimation/Binaries/Win64/UE4Editor-FacialAnimation.dll (API version 3709383).
LogModuleManager: Display: Found up-to-date module file ../../../Engine/Plugins/Editor/FacialAnimation/Binaries/Win64/UE4Editor-FacialAnimationEditor.dll (API version 3709383).
LogModuleManager: Display: Found up-to-date module file ../../../Engine/Plugins/Editor/GameplayTagsEditor/Binaries/Win64/UE4Editor-GameplayTagsEditor.dll (API version 3709383).
LogModuleManager: Display: Found up-to-date module file ../../../Engine/Plugins/Editor/MobileLauncherProfileWizard/Binaries/Win64/UE4Editor-MobileLauncherProfileWizard.dll (API version 3709383).
LogModuleManager: Display: Found up-to-date module file ../../../Engine/Plugins/Editor/PluginBrowser/Binaries/Win64/UE4Editor-PluginBrowser.dll (API version 3709383).
LogModuleManager: Display: Found up-to-date module file ../../../Engine/Plugins/Editor/SpeedTreeImporter/Binaries/Win64/UE4Editor-SpeedTreeImporter.dll (API version 3709383).
LogModuleManager: Display: Found up-to-date module file ../../../Engine/Plugins/Experimental/AlembicImporter/Binaries/Win64/UE4Editor-AlembicImporter.dll (API version 3709383).
LogModuleManager: Display: Found up-to-date module file ../../../Engine/Plugins/Experimental/AlembicImporter/Binaries/Win64/UE4Editor-AlembicLibrary.dll (API version 3709383).
LogModuleManager: Display: Found up-to-date module file ../../../Engine/Plugins/Experimental/CharacterAI/Binaries/Win64/UE4Editor-CharacterAI.dll (API version 3709383).
LogModuleManager: Display: Found up-to-date module file ../../../Engine/Plugins/Experimental/HTML5Networking/Binaries/Win64/UE4Editor-HTML5Networking.dll (API version 3709383).
LogModuleManager: Display: Found up-to-date module file ../../../Engine/Plugins/Media/AndroidMedia/Binaries/Win64/UE4Editor-AndroidMediaEditor.dll (API version 3709383).
LogModuleManager: Display: Found up-to-date module file ../../../Engine/Plugins/Media/AndroidMedia/Binaries/Win64/UE4Editor-AndroidMediaFactory.dll (API version 3709383).
LogModuleManager: Display: Found up-to-date module file ../../../Engine/Plugins/Media/AvfMedia/Binaries/Win64/UE4Editor-AvfMediaEditor.dll (API version 3709383).
LogModuleManager: Display: Found up-to-date module file ../../../Engine/Plugins/Media/AvfMedia/Binaries/Win64/UE4Editor-AvfMediaFactory.dll (API version 3709383).
LogModuleManager: Display: Found up-to-date module file ../../../Engine/Plugins/Media/AvfMedia/Binaries/Win64/UE4Editor-AvfMediaFactory.dll (API version 3709383).
LogModuleManager: Display: Found up-to-date module file ../../../Engine/Plugins/Media/ImgMedia/Binaries/Win64/UE4Editor-ImgMedia.dll (API version 3709383).
LogModuleManager: Display: Found up-to-date module file ../../../Engine/Plugins/Media/ImgMedia/Binaries/Win64/UE4Editor-ImgMediaEditor.dll (API version 3709383).
LogModuleManager: Display: Found up-to-date module file ../../../Engine/Plugins/Media/ImgMedia/Binaries/Win64/UE4Editor-ImgMediaFactory.dll (API version 3709383).
LogModuleManager: Display: Found up-to-date module file ../../../Engine/Plugins/Media/ImgMedia/Binaries/Win64/UE4Editor-ImgMediaFactory.dll (API version 3709383).
LogModuleManager: Display: Found up-to-date module file ../../../Engine/Plugins/Media/ImgMedia/Binaries/Win64/UE4Editor-OpenExrWrapper.dll (API version 3709383).
LogModuleManager: Display: Found up-to-date module file ../../../Engine/Plugins/Media/MediaCompositing/Binaries/Win64/UE4Editor-MediaCompositing.dll (API version 3709383).
LogModuleManager: Display: Found up-to-date module file ../../../Engine/Plugins/Media/MediaCompositing/Binaries/Win64/UE4Editor-MediaCompositingEditor.dll (API version 3709383).
LogModuleManager: Display: Found up-to-date module file ../../../Engine/Plugins/Media/MediaPlayerEditor/Binaries/Win64/UE4Editor-MediaPlayerEditor.dll (API version 3709383).
LogModuleManager: Display: Found up-to-date module file ../../../Engine/Plugins/Media/WmfMedia/Binaries/Win64/UE4Editor-WmfMedia.dll (API version 3709383).
LogModuleManager: Display: Found up-to-date module file ../../../Engine/Plugins/Media/WmfMedia/Binaries/Win64/UE4Editor-WmfMediaEditor.dll (API version 3709383).
LogModuleManager: Display: Found up-to-date module file ../../../Engine/Plugins/Media/WmfMedia/Binaries/Win64/UE4Editor-WmfMediaFactory.dll (API version 3709383).
LogModuleManager: Display: Found up-to-date module file ../../../Engine/Plugins/Media/WmfMedia/Binaries/Win64/UE4Editor-WmfMediaFactory.dll (API version 3709383).
LogModuleManager: Display: Found up-to-date module file ../../../Engine/Plugins/Messaging/TcpMessaging/Binaries/Win64/UE4Editor-TcpMessaging.dll (API version 3709383).
LogModuleManager: Display: Found up-to-date module file ../../../Engine/Plugins/Messaging/UdpMessaging/Binaries/Win64/UE4Editor-UdpMessaging.dll (API version 3709383).
LogModuleManager: Display: Found up-to-date module file ../../../Engine/Plugins/MovieScene/ActorSequence/Binaries/Win64/UE4Editor-ActorSequence.dll (API version 3709383).
LogModuleManager: Display: Found up-to-date module file ../../../Engine/Plugins/MovieScene/LevelSequenceEditor/Binaries/Win64/UE4Editor-LevelSequenceEditor.dll (API version 3709383).
LogModuleManager: Display: Found up-to-date module file ../../../Engine/Plugins/MovieScene/MatineeToLevelSequence/Binaries/Win64/UE4Editor-MatineeToLevelSequence.dll (API version 3709383).
LogModuleManager: Display: Found up-to-date module file ../../../Engine/Plugins/Online/OnlineSubsystem/Binaries/Win64/UE4Editor-OnlineSubsystem.dll (API version 3709383).
LogModuleManager: Display: Found up-to-date module file ../../../Engine/Plugins/Online/OnlineSubsystemNull/Binaries/Win64/UE4Editor-OnlineSubsystemNull.dll (API version 3709383).
LogModuleManager: Display: Found up-to-date module file ../../../Engine/Plugins/Online/OnlineSubsystemUtils/Binaries/Win64/UE4Editor-OnlineSubsystemUtils.dll (API version 3709383).
LogModuleManager: Display: Found up-to-date module file ../../../Engine/Plugins/Online/OnlineSubsystemUtils/Binaries/Win64/UE4Editor-OnlineBlueprintSupport.dll (API version 3709383).
LogModuleManager: Display: Found up-to-date module file ../../../Engine/Plugins/Runtime/AndroidDeviceProfileSelector/Binaries/Win64/UE4Editor-AndroidDeviceProfileSelector.dll (API version 3709383).
LogModuleManager: Display: Found up-to-date module file ../../../Engine/Plugins/Runtime/AndroidPermission/Binaries/Win64/UE4Editor-AndroidPermission.dll (API version 3709383).
LogModuleManager: Display: Found up-to-date module file ../../../Engine/Plugins/Runtime/AppleARKit/Binaries/Win64/UE4Editor-AppleARKit.dll (API version 3709383).
LogModuleManager: Display: Found up-to-date module file ../../../Engine/Plugins/Runtime/ArchVisCharacter/Binaries/Win64/UE4Editor-ArchVisCharacter.dll (API version 3709383).
LogModuleManager: Display: Found up-to-date module file ../../../Engine/Plugins/Runtime/CableComponent/Binaries/Win64/UE4Editor-CableComponent.dll (API version 3709383).
LogModuleManager: Display: Found up-to-date module file ../../../Engine/Plugins/Runtime/CustomMeshComponent/Binaries/Win64/UE4Editor-CustomMeshComponent.dll (API version 3709383).
LogModuleManager: Display: Found up-to-date module file ../../../Engine/Plugins/Runtime/ExampleDeviceProfileSelector/Binaries/Win64/UE4Editor-ExampleDeviceProfileSelector.dll (API version 3709383).
LogModuleManager: Display: Found up-to-date module file ../../../Engine/Plugins/Runtime/ImmediatePhysics/Binaries/Win64/UE4Editor-ImmediatePhysics.dll (API version 3709383).
LogModuleManager: Display: Found up-to-date module file ../../../Engine/Plugins/Runtime/ImmediatePhysics/Binaries/Win64/UE4Editor-ImmediatePhysicsEditor.dll (API version 3709383).
LogModuleManager: Display: Found up-to-date module file ../../../Engine/Plugins/Runtime/LocationServicesBPLibrary/Binaries/Win64/UE4Editor-LocationServicesBPLibrary.dll (API version 3709383).
LogModuleManager: Display: Found up-to-date module file ../../../Engine/Plugins/Runtime/MobilePatchingUtils/Binaries/Win64/UE4Editor-MobilePatchingUtils.dll (API version 3709383).
LogModuleManager: Display: Found up-to-date module file ../../../Engine/Plugins/Runtime/Oculus/OculusVR/Binaries/Win64/UE4Editor-OculusHMD.dll (API version 3709383).
LogModuleManager: Display: Found up-to-date module file ../../../Engine/Plugins/Runtime/Oculus/OculusVR/Binaries/Win64/UE4Editor-OculusInput.dll (API version 3709383).
LogModuleManager: Display: Found up-to-date module file ../../../Engine/Plugins/Runtime/Oculus/OculusVR/Binaries/Win64/UE4Editor-OculusEditor.dll (API version 3709383).
LogModuleManager: Display: Found up-to-date module file ../../../Engine/Plugins/Runtime/PhysXVehicles/Binaries/Win64/UE4Editor-PhysXVehicles.dll (API version 3709383).
LogModuleManager: Display: Found up-to-date module file ../../../Engine/Plugins/Runtime/PhysXVehicles/Binaries/Win64/UE4Editor-PhysXVehiclesEditor.dll (API version 3709383).
LogModuleManager: Display: Found up-to-date module file ../../../Engine/Plugins/Runtime/ProceduralMeshComponent/Binaries/Win64/UE4Editor-ProceduralMeshComponent.dll (API version 3709383).
LogModuleManager: Display: Found up-to-date module file ../../../Engine/Plugins/Runtime/ProceduralMeshComponent/Binaries/Win64/UE4Editor-ProceduralMeshComponentEditor.dll (API version 3709383).
LogModuleManager: Display: Found up-to-date module file ../../../Engine/Plugins/Runtime/RuntimePhysXCooking/Binaries/Win64/UE4Editor-RuntimePhysXCooking.dll (API version 3709383).
LogModuleManager: Display: Found up-to-date module file ../../../Engine/Plugins/Runtime/Steam/SteamVR/Binaries/Win64/UE4Editor-SteamVR.dll (API version 3709383).
LogModuleManager: Display: Found up-to-date module file ../../../Engine/Plugins/Runtime/Steam/SteamVR/Binaries/Win64/UE4Editor-SteamVRController.dll (API version 3709383).
LogModuleManager: Display: Found up-to-date module file ../../../Engine/Plugins/Runtime/WindowsMoviePlayer/Binaries/Win64/UE4Editor-WindowsMoviePlayer.dll (API version 3709383).
LogInit: Using libcurl 7.47.1
LogInit:  - built for x86_64-pc-win32
LogInit:  - supports SSL with OpenSSL/1.0.2g
LogInit:  - supports HTTP deflate (compression) using libz 1.2.8
LogInit:  - other features:
LogInit:      CURL_VERSION_SSL
LogInit:      CURL_VERSION_LIBZ
LogInit:      CURL_VERSION_IPV6
LogInit:      CURL_VERSION_ASYNCHDNS
LogInit:      CURL_VERSION_LARGEFILE
LogInit:      CURL_VERSION_IDN
LogInit:  CurlRequestOptions (configurable via config and command line):
LogInit:  - bVerifyPeer = false  - Libcurl will NOT verify peer certificate
LogInit:  - bUseHttpProxy = false  - Libcurl will NOT use HTTP proxy
LogInit:  - bDontReuseConnections = false  - Libcurl will reuse connections
LogInit:  - CertBundlePath = nullptr  - Libcurl will use whatever was configured at build time.
LogInit: Build: ++UE4+Release-4.18-CL-3794801
LogInit: Engine Version: 4.18.2-3794801+++UE4+Release-4.18
LogInit: Compatible Engine Version: 4.18.0-3709383+++UE4+Release-4.18
LogInit: Net CL: 3709383
LogDevObjectVersion: Number of dev versions registered: 16
LogDevObjectVersion:   Dev-Blueprints (B0D832E4-1F89-4F0D-ACCF-7EB736FD4AA2): 10
LogDevObjectVersion:   Dev-Build (E1C64328-A22C-4D53-A36C-8E866417BD8C): 0
LogDevObjectVersion:   Dev-Core (375EC13C-06E4-48FB-B500-84F0262A717E): 2
LogDevObjectVersion:   Dev-Editor (E4B068ED-F494-42E9-A231-DA0B2E46BB41): 20
LogDevObjectVersion:   Dev-Framework (CFFC743F-43B0-4480-9391-14DF171D2073): 30
LogDevObjectVersion:   Dev-Mobile (B02B49B5-BB20-44E9-A304-32B752E40360): 0
LogDevObjectVersion:   Dev-Networking (A4E4105C-59A1-49B5-A7C5-40C4547EDFEE): 0
LogDevObjectVersion:   Dev-Online (39C831C9-5AE6-47DC-9A44-9C173E1C8E7C): 0
LogDevObjectVersion:   Dev-Physics (78F01B33-EBEA-4F98-B9B4-84EACCB95AA2): 0
LogDevObjectVersion:   Dev-Platform (6631380F-2D4D-43E0-8009-CF276956A95A): 0
LogDevObjectVersion:   Dev-Rendering (12F88B9F-8875-4AFC-A67C-D90C383ABD29): 20
LogDevObjectVersion:   Dev-Sequencer (7B5AE74C-D270-4C10-A958-57980B212A5A): 4
LogDevObjectVersion:   Dev-VR (D7296918-1DD6-4BDD-9DE2-64A83CC13884): 0
LogDevObjectVersion:   Dev-LoadTimes (C2A15278-BFE7-4AFE-6C17-90FF531DF755): 1
LogDevObjectVersion:   Private-Geometry (6EACA3D4-40EC-4CC1-B786-8BED09428FC5): 1
LogDevObjectVersion:   Dev-AnimPhys (29E575DD-E0A3-4627-9D10-D276232CDCEA): 12
LogInit: Compiled (64-bit): Dec  8 2017 02:04:53
LogInit: Compiled with Visual C++: 19.00.24215.01
LogInit: Build Configuration: Development
LogInit: Branch Name: ++UE4+Release-4.18
LogInit: Command line:  
LogInit: Base directory: C:/Program Files/Epic Games/UE_4.18/Engine/Binaries/Win64/
LogInit: Installed Engine Build: 1
LogInit: Presizing for max 8388607 objects, including 0 objects not considered by GC, pre-allocating 0 bytes for permanent pool.
LogInit: Object subsystem initialized
[2017.12.31-17.20.25:503][  0]LogInit: Selected Device Profile: [Windows]
[2017.12.31-17.20.25:504][  0]LogInit: Applying CVar settings loaded from the selected device profile: [Windows]
[2017.12.31-17.20.25:547][  0]LogInit: Computer: DESKTOP-6NVMURH
[2017.12.31-17.20.25:547][  0]LogInit: User: uzivatel1
[2017.12.31-17.20.25:547][  0]LogInit: CPU Page size=4096, Cores=4
[2017.12.31-17.20.25:547][  0]LogInit: High frequency timer resolution =4.101562 MHz
[2017.12.31-17.20.25:547][  0]LogMemory: Memory total: Physical=16.0GB (16GB approx)
[2017.12.31-17.20.25:547][  0]LogMemory: Platform Memory Stats for Windows
[2017.12.31-17.20.25:547][  0]LogMemory: Process Physical Memory: 273.82 MB used, 273.82 MB peak
[2017.12.31-17.20.25:547][  0]LogMemory: Process Virtual Memory: 269.88 MB used, 269.88 MB peak
[2017.12.31-17.20.25:547][  0]LogMemory: Physical Memory: 4948.99 MB used,  11393.07 MB free, 16342.06 MB total
[2017.12.31-17.20.25:547][  0]LogMemory: Virtual Memory: 677.37 MB used,  11393.07 MB free, 134217728.00 MB total
[2017.12.31-17.20.26:313][  0]LogInit: Using OS detected language (cs-CZ).
[2017.12.31-17.20.26:313][  0]LogInit: Using OS detected locale (cs-CZ).
[2017.12.31-17.20.26:319][  0]LogTextLocalizationManager: No localization for 'cs-CZ' exists, so 'en' will be used for the language.
[2017.12.31-17.20.26:319][  0]LogTextLocalizationManager: No localization for 'cs-CZ' exists, so 'en' will be used for the locale.
[2017.12.31-17.20.26:603][  0]LogInit: Setting process to per monitor DPI aware
[2017.12.31-17.20.27:151][  0]LogD3D11RHI: D3D11 adapters:
[2017.12.31-17.20.27:196][  0]LogD3D11RHI:    0. 'NVIDIA GeForce GTX 1070' (Feature Level 11_0)
[2017.12.31-17.20.27:196][  0]LogD3D11RHI:       8096/0/8171 MB DedicatedVideo/DedicatedSystem/SharedSystem, Outputs:1, VendorId:0x10de
[2017.12.31-17.20.27:198][  0]LogD3D11RHI:    1. 'Microsoft Basic Render Driver' (Feature Level 11_0)
[2017.12.31-17.20.27:198][  0]LogD3D11RHI:       0/0/8171 MB DedicatedVideo/DedicatedSystem/SharedSystem, Outputs:0, VendorId:0x1414
[2017.12.31-17.20.27:198][  0]LogD3D11RHI: Chosen D3D11 Adapter: 0
[2017.12.31-17.20.27:202][  0]LogD3D11RHI: Creating new Direct3DDevice
[2017.12.31-17.20.27:202][  0]LogD3D11RHI:     GPU DeviceId: 0x1b81 (for the marketing name, search the web for "GPU Device Id")
[2017.12.31-17.20.27:202][  0]LogWindows: EnumDisplayDevices:
[2017.12.31-17.20.27:202][  0]LogWindows:    0. 'NVIDIA GeForce GTX 1070' (P:1 D:1)
[2017.12.31-17.20.27:202][  0]LogWindows:    1. 'NVIDIA GeForce GTX 1070' (P:0 D:0)
[2017.12.31-17.20.27:203][  0]LogWindows:    2. 'NVIDIA GeForce GTX 1070' (P:0 D:0)
[2017.12.31-17.20.27:203][  0]LogWindows:    3. 'NVIDIA GeForce GTX 1070' (P:0 D:0)
[2017.12.31-17.20.27:203][  0]LogWindows: DebugString: GetVideoDriverDetailsInvalid PrimaryIsNotTheChoosenAdapter GetVideoDriverDetailsInvalid PrimaryIsNotTheChoosenAdapter GetVideoDriverDetailsInvalid PrimaryIsNotTheChoosenAdapter GetVideoDriverDetailsInvalid PrimaryIsNotTheChoosenAdapter FoundDriverCount:0 
[2017.12.31-17.20.27:203][  0]LogD3D11RHI:     Adapter Name: NVIDIA GeForce GTX 1070
[2017.12.31-17.20.27:203][  0]LogD3D11RHI:   Driver Version: Unknown (internal:Unknown, unified:Unknown)
[2017.12.31-17.20.27:203][  0]LogD3D11RHI:      Driver Date: Unknown
[2017.12.31-17.20.27:203][  0]LogRHI: Texture pool is 5667 MB (70% of 8096 MB)
[2017.12.31-17.20.27:224][  0]LogD3D11RHI: Async texture creation enabled
[2017.12.31-17.20.27:378][  0]LogD3D11RHI: GPU Timing Frequency: 1000.000000 (Debug: 2 1)
[2017.12.31-17.20.27:425][  0]LogShaderCompilers: Guid format shader working directory is 28 characters bigger than the processId version (D:/repos/GWGame/GW_Game/Intermediate/Shaders/WorkingDirectory/8708/).
[2017.12.31-17.20.27:426][  0]LogShaderCompilers: Cleaned the shader compiler working directory 'C:/Users/uzivatel 1/AppData/Local/Temp/UnrealShaderWorkingDir/E68F1F2B4B1C53B8679F1994C747E95D/'.
[2017.12.31-17.20.27:426][  0]LogShaderCompilers: Display: Using Local Shader Compiler.
[2017.12.31-17.20.28:941][  0]LogTemp: Display: Loaded TP AllDesktopTargetPlatform
[2017.12.31-17.20.29:153][  0]LogTemp: Display: Loaded TP MacClientTargetPlatform
[2017.12.31-17.20.29:363][  0]LogTemp: Display: Loaded TP MacNoEditorTargetPlatform
[2017.12.31-17.20.29:574][  0]LogTemp: Display: Loaded TP MacServerTargetPlatform
[2017.12.31-17.20.29:786][  0]LogTemp: Display: Loaded TP MacTargetPlatform
[2017.12.31-17.20.29:997][  0]LogTemp: Display: Loaded TP WindowsClientTargetPlatform
[2017.12.31-17.20.30:208][  0]LogTemp: Display: Loaded TP WindowsNoEditorTargetPlatform
[2017.12.31-17.20.30:420][  0]LogTemp: Display: Loaded TP WindowsServerTargetPlatform
[2017.12.31-17.20.30:624][  0]LogTemp: Display: Loaded TP WindowsTargetPlatform
[2017.12.31-17.20.30:834][  0]LogTemp: Display: Loaded TP Android_ASTCTargetPlatform
[2017.12.31-17.20.31:043][  0]LogTemp: Display: Loaded TP Android_ATCTargetPlatform
[2017.12.31-17.20.31:250][  0]LogTemp: Display: Loaded TP Android_DXTTargetPlatform
[2017.12.31-17.20.31:460][  0]LogTemp: Display: Loaded TP Android_ETC1TargetPlatform
[2017.12.31-17.20.31:670][  0]LogTemp: Display: Loaded TP Android_ETC2TargetPlatform
[2017.12.31-17.20.32:088][  0]LogTemp: Display: Loaded TP Android_MultiTargetPlatform
[2017.12.31-17.20.32:088][  0]LogTemp: Display: Loaded TP Android_PVRTCTargetPlatform
[2017.12.31-17.20.32:297][  0]LogTemp: Display: Loaded TP AndroidTargetPlatform
[2017.12.31-17.20.32:501][  0]LogTemp: Display: Loaded TP HTML5TargetPlatform
[2017.12.31-17.20.32:830][  0]LogTemp: Display: Loaded TP IOSTargetPlatform
[2017.12.31-17.20.32:934][  0]LogTemp: Display: Loaded TP TVOSTargetPlatform
[2017.12.31-17.20.33:143][  0]LogTemp: Display: Loaded TP LinuxClientTargetPlatform
[2017.12.31-17.20.33:353][  0]LogTemp: Display: Loaded TP LinuxNoEditorTargetPlatform
[2017.12.31-17.20.33:563][  0]LogTemp: Display: Loaded TP LinuxServerTargetPlatform
[2017.12.31-17.20.33:776][  0]LogTemp: Display: Loaded TP LinuxTargetPlatform
[2017.12.31-17.20.33:776][  0]LogTargetPlatformManager: Display: Building Assets For Windows
[2017.12.31-17.20.36:030][  0]LogDerivedDataCache: Display: Max Cache Size: 512 MB
[2017.12.31-17.20.36:078][  0]LogDerivedDataCache: Loaded boot cache 0.05s 78MB C:/Users/uzivatel 1/AppData/Local/UnrealEngine/4.18/DerivedDataCache/Boot.ddc.
[2017.12.31-17.20.36:079][  0]LogDerivedDataCache: Display: Loaded Boot cache: C:/Users/uzivatel 1/AppData/Local/UnrealEngine/4.18/DerivedDataCache/Boot.ddc
[2017.12.31-17.20.36:079][  0]LogDerivedDataCache: FDerivedDataBackendGraph:  Pak pak cache file D:/repos/GWGame/GW_Game/DerivedDataCache/DDC.ddp not found, will not use a pak cache.
[2017.12.31-17.20.36:079][  0]LogDerivedDataCache: Unable to find inner node Pak for hierarchical cache Hierarchy.
[2017.12.31-17.20.36:079][  0]LogDerivedDataCache: FDerivedDataBackendGraph:  CompressedPak pak cache file D:/repos/GWGame/GW_Game/DerivedDataCache/Compressed.ddp not found, will not use a pak cache.
[2017.12.31-17.20.36:079][  0]LogDerivedDataCache: Unable to find inner node CompressedPak for hierarchical cache Hierarchy.
[2017.12.31-17.20.36:090][  0]LogDerivedDataCache: Display: Pak cache opened for reading ../../../Engine/DerivedDataCache/Compressed.ddp.
[2017.12.31-17.20.36:104][  0]LogDerivedDataCache: Using Local data cache path C:/Users/uzivatel 1/AppData/Local/UnrealEngine/Common/DerivedDataCache: Writable
[2017.12.31-17.20.36:111][  0]LogMaterial: Verifying Global Shaders for PCD3D_SM5
[2017.12.31-17.20.36:111][  0]LogSlate: Using Freetype 2.6.0
[2017.12.31-17.20.36:112][  0]LogSlate: SlateFontCache - WITH_FREETYPE: 1, WITH_HARFBUZZ: 1
[2017.12.31-17.20.36:112][  0]LogSlate: SlateFontCache - WITH_FREETYPE: 1, WITH_HARFBUZZ: 1
[2017.12.31-17.20.36:510][  0]LogInit: Selected Device Profile: [Windows]
[2017.12.31-17.20.37:657][  0]LogSimplygon: Simplygon DLL not present - disabling.
[2017.12.31-17.20.37:862][  0]LogMeshReduction: Using SimplygonSwarm for distributed automatic mesh merging
[2017.12.31-17.20.37:862][  0]LogMeshReduction: Using QuadricMeshReduction for automatic static mesh reduction
[2017.12.31-17.20.37:862][  0]LogMeshReduction: No automatic skeletal mesh reduction module available
[2017.12.31-17.20.37:862][  0]LogMeshReduction: No automatic mesh merging module available
[2017.12.31-17.20.37:862][  0]LogMeshMerging: No automatic mesh merging module available
[2017.12.31-17.20.37:902][  0]LogNetVersion: GW_Game , NetCL: 3709383, EngineNetVer: 2, GameNetVer: 0 (Checksum: 4001666234)
[2017.12.31-17.20.38:232][  0]LogAssetRegistry: FAssetRegistry took 0.0265 seconds to start up
[2017.12.31-17.20.39:040][  0]LogPackageLocalizationCache: Processed 7 localized package path(s) for 1 prioritized culture(s) in 0.042585 seconds
[2017.12.31-17.20.39:045][  0]LogUObjectArray: 35900 objects as part of root set at end of initial load.
[2017.12.31-17.20.39:045][  0]LogUObjectAllocator: 7372016 out of 0 bytes used by permanent object pool.
[2017.12.31-17.20.39:045][  0]LogUObjectArray: CloseDisregardForGC: 0/0 objects in disregard for GC pool
[2017.12.31-17.20.39:329][  0]LogInit: WinSock: version 1.1 (2.2), MaxSocks=32767, MaxUdp=65467
[2017.12.31-17.20.47:744][  0]LogTcpMessaging: Initializing TcpMessaging bridge
[2017.12.31-17.20.47:884][  0]LogUdpMessaging: Initializing bridge on interface 0.0.0.0:0 to multicast group 230.0.0.1:6666.
[2017.12.31-17.20.50:750][  0]LogMaterial: Uniform references updated for custom material expression Custom.
[2017.12.31-17.20.52:362][  0]SourceControl: Source control is disabled
[2017.12.31-17.20.52:362][  0]SourceControl: Source control is disabled
[2017.12.31-17.20.52:594][  0]SourceControl: Source control is disabled
[2017.12.31-17.20.52:823][  0]SourceControl: Source control is disabled
[2017.12.31-17.20.56:533][  0]LogAndroidPermission: UAndroidPermissionCallbackProxy::GetInstance
[2017.12.31-17.20.57:697][  0]LogOcInput: OculusInput pre-init called
[2017.12.31-17.20.58:733][  0]LogEngine: Initializing Engine...
[2017.12.31-17.20.58:735][  0]LogHMD: Failed to initialize OpenVR with code 110
[2017.12.31-17.20.58:906][  0]LogStats: UGameplayTagsManager::ConstructGameplayTagTree: Construct from data asset -  0.000 s
[2017.12.31-17.20.58:907][  0]LogStats: UGameplayTagsManager::ConstructGameplayTagTree: GameplayTagTreeChangedEvent.Broadcast -  0.000 s
[2017.12.31-17.20.59:511][  0]LogAIModule: Creating AISystem for world Untitled
[2017.12.31-17.20.59:519][  0]LogInit: XAudio2 using 'Reproduktory (Realtek High Definition Audio)' : 2 channels at 48 kHz using 32 bits per sample (channel mask 0x3)
[2017.12.31-17.20.59:536][  0]LogInit: FAudioDevice initialized.
[2017.12.31-17.20.59:604][  0]LogDerivedDataCache: Saved boot cache 0.07s 78MB C:/Users/uzivatel 1/AppData/Local/UnrealEngine/4.18/DerivedDataCache/Boot.ddc.
[2017.12.31-17.20.59:616][  0]LogInit: Texture streaming: Enabled
[2017.12.31-17.21.00:130][  0]LogEngineSessionManager: EngineSessionManager initialized
[2017.12.31-17.21.00:744][  0]LogInit: Transaction tracking system initialized
[2017.12.31-17.21.02:276][  0]BlueprintLog: New page: Editor Load
[2017.12.31-17.21.06:622][  0]LocalizationService: Localization service is disabled
[2017.12.31-17.21.10:056][  0]LogConsoleResponse: Display: 
[2017.12.31-17.21.10:362][  0]LogCook: Display: Max memory allowance for cook 16384mb min free memory 0mb
[2017.12.31-17.21.10:362][  0]LogCook: Display: Mobile HDR setting 1
[2017.12.31-17.21.10:362][  0]LogGameplayTags: Display: UGameplayTagsManager::DoneAddingNativeTags. DelegateIsBound: 0
[2017.12.31-17.21.11:070][  0]LogFileCache: Scanning file cache for directory 'D:/repos/GWGame/GW_Game/Content/' took 0.02s
[2017.12.31-17.21.15:731][  0]SourceControl: Source control is disabled
[2017.12.31-17.21.15:731][  0]Cmd: MAP LOAD FILE="D:/repos/GWGame/GW_Game/Content/_Levels/BattleGround.umap" TEMPLATE=0 SHOWPROGRESS=1 FEATURELEVEL=3
[2017.12.31-17.21.15:732][  0]LightingResults: New page: Lighting Build
[2017.12.31-17.21.15:932][  0]MapCheck: New page: Map Check
[2017.12.31-17.21.15:932][  0]LightingResults: New page: Lighting Build
[2017.12.31-17.21.16:260][  0]LogAIModule: Creating AISystem for world BattleGround
[2017.12.31-17.21.16:300][  0]LogEditorServer: Finished looking for orphan Actors (0.000 secs)
[2017.12.31-17.21.16:308][  0]Cmd: MAP CHECKDEP NOCLEARLOG
[2017.12.31-17.21.16:458][  0]MapCheck: Map check complete: 0 Error(s), 0 Warning(s), took 149.754ms to complete.
[2017.12.31-17.21.16:458][  0]LogFileHelpers: Loading map 'BattleGround' took 0.726
[2017.12.31-17.21.16:524][  0]LogWindowsTextInputMethodSystem: Display: IME system now deactivated.
[2017.12.31-17.21.16:838][  0]LogCollectionManager: Loaded 0 collections in 0.001519 seconds
[2017.12.31-17.21.17:077][  0]LogFileCache: Scanning file cache for directory 'D:/repos/GWGame/GW_Game/Saved/Collections/' took 0.01s
[2017.12.31-17.21.17:077][  0]LogFileCache: Scanning file cache for directory 'D:/repos/GWGame/GW_Game/Content/Developers/uzivatel1/Collections/' took 0.01s
[2017.12.31-17.21.17:077][  0]LogFileCache: Scanning file cache for directory 'D:/repos/GWGame/GW_Game/Content/Collections/' took 0.01s
[2017.12.31-17.21.17:077][  0]LogCollectionManager: Rebuilt the GUID cache for 0 collections in 0.000000 seconds
[2017.12.31-17.21.17:085][  0]LogContentBrowser: Native class hierarchy populated in 0.0072 seconds. Added 2365 classes and 523 folders.
[2017.12.31-17.21.17:407][  0]LogContentBrowser: Native class hierarchy updated for 'WidgetCarousel' in 0.0011 seconds. Added 0 classes and 0 folders.
[2017.12.31-17.21.17:483][  0]LogContentBrowser: Native class hierarchy updated for 'AddContentDialog' in 0.0011 seconds. Added 0 classes and 0 folders.
[2017.12.31-17.21.17:646][  0]LogSlate: Took 0.000321 seconds to synchronously load lazily loaded font '../../../Engine/Content/Slate/Fonts/Roboto-Regular.ttf' (155K)
[2017.12.31-17.21.17:648][  0]LogSlate: Took 0.000319 seconds to synchronously load lazily loaded font '../../../Engine/Content/Editor/Slate/Fonts/FontAwesome.ttf' (139K)
[2017.12.31-17.21.17:648][  0]LogSlate: Took 0.000324 seconds to synchronously load lazily loaded font '../../../Engine/Content/Slate/Fonts/Roboto-Bold.ttf' (160K)
[2017.12.31-17.21.17:720][  0]LogRenderer: Reallocating scene render targets to support 1088x924 Format 10 NumSamples 1 (Frame:1).
[2017.12.31-17.21.18:200][  0]LogContentBrowser: Native class hierarchy updated for 'HierarchicalLODOutliner' in 0.0012 seconds. Added 1 classes and 2 folders.
[2017.12.31-17.21.18:200][  0]LogLoad: (Engine Initialization) Total time: 58.66 seconds
[2017.12.31-17.21.18:200][  0]LogLoad: (Engine Initialization) Total Blueprint compile time: 0.00 seconds
[2017.12.31-17.21.18:200][  0]LogExternalProfiler: No external profilers were discovered.  External profiling features will not be available.
[2017.12.31-17.21.18:224][  0]LogAssetRegistry: Asset discovery search completed in 40.0152 seconds
[2017.12.31-17.21.18:226][  0]LogCollectionManager: Rebuilt the object cache for 0 collections in 0.000000 seconds (found 0 objects)
[2017.12.31-17.21.18:226][  0]LogCollectionManager: Fixed up redirectors for 0 collections in 0.000044 seconds (updated 0 objects)
[2017.12.31-17.21.18:229][  0]LogContentStreaming: Texture pool size now 1000 MB
[2017.12.31-17.21.35:411][966]LogTemp: Repeating last play command: Selected Viewport
[2017.12.31-17.21.35:447][966]LogBlueprintUserMessages: Early PlayInEditor Detection: Level '/Game/_Levels/BattleGround.BattleGround:PersistentLevel' has LevelScriptBlueprint '/Game/_Levels/BattleGround.BattleGround:PersistentLevel.BattleGround' with GeneratedClass '/Game/_Levels/BattleGround.BattleGround_C' with ClassGeneratedBy '/Game/_Levels/BattleGround.BattleGround:PersistentLevel.BattleGround'
[2017.12.31-17.21.35:447][966]LogPlayLevel: PlayLevel: No blueprints needed recompiling
[2017.12.31-17.21.35:448][966]PIE: New page: PIE session: BattleGround (Dec 31, 2017, 7:21:35 PM)
[2017.12.31-17.21.35:448][966]LogPlayLevel: Creating play world package: /Game/_Levels/UEDPIE_0_BattleGround
[2017.12.31-17.21.35:458][966]LogPlayLevel: PIE: StaticDuplicateObject took: (0.010125s)
[2017.12.31-17.21.35:458][966]LogAIModule: Creating AISystem for world BattleGround
[2017.12.31-17.21.35:458][966]LogPlayLevel: PIE: World Init took: (0.000432s)
[2017.12.31-17.21.35:458][966]LogPlayLevel: PIE: Created PIE world by copying editor world from /Game/_Levels/BattleGround.BattleGround to /Game/_Levels/UEDPIE_0_BattleGround.BattleGround (0.010725s)
[2017.12.31-17.21.35:468][966]LogInit: XAudio2 using 'Reproduktory (Realtek High Definition Audio)' : 2 channels at 48 kHz using 32 bits per sample (channel mask 0x3)
[2017.12.31-17.21.35:479][966]LogInit: FAudioDevice initialized.
[2017.12.31-17.21.35:530][966]LogLoad: Game class is 'AssaultGameMode_BP_C'
[2017.12.31-17.21.35:533][966]LogWorld: Bringing World /Game/_Levels/UEDPIE_0_BattleGround.BattleGround up for play (max tick rate 0) at 2017.12.31-18.21.35
[2017.12.31-17.21.35:534][966]LogWorld: Bringing up level for play took: 0.001929
[2017.12.31-17.21.35:734][966]LogContentBrowser: Native class hierarchy updated for 'MovieSceneCapture' in 0.0011 seconds. Added 11 classes and 0 folders.
[2017.12.31-17.21.35:735][966]PIE: Play in editor start time for /Game/_Levels/UEDPIE_0_BattleGround -0.172
[2017.12.31-17.21.35:736][966]LogBlueprintUserMessages: Late PlayInEditor Detection: Level '/Game/_Levels/BattleGround.BattleGround:PersistentLevel' has LevelScriptBlueprint '/Game/_Levels/BattleGround.BattleGround:PersistentLevel.BattleGround' with GeneratedClass '/Game/_Levels/BattleGround.BattleGround_C' with ClassGeneratedBy '/Game/_Levels/BattleGround.BattleGround:PersistentLevel.BattleGround'
[2017.12.31-17.21.36:841][ 93]LogBlueprintUserMessages: Early EndPlayMap Detection: Level '/Game/_Levels/BattleGround.BattleGround:PersistentLevel' has LevelScriptBlueprint '/Game/_Levels/BattleGround.BattleGround:PersistentLevel.BattleGround' with GeneratedClass '/Game/_Levels/BattleGround.BattleGround_C' with ClassGeneratedBy '/Game/_Levels/BattleGround.BattleGround:PersistentLevel.BattleGround'
[2017.12.31-17.21.36:875][ 93]LogBlueprintUserMessages: Late EndPlayMap Detection: Level '/Game/_Levels/BattleGround.BattleGround:PersistentLevel' has LevelScriptBlueprint '/Game/_Levels/BattleGround.BattleGround:PersistentLevel.BattleGround' with GeneratedClass '/Game/_Levels/BattleGround.BattleGround_C' with ClassGeneratedBy '/Game/_Levels/BattleGround.BattleGround:PersistentLevel.BattleGround'
[2017.12.31-17.24.54:579][842]LogWindowsTextInputMethodSystem: Display: IME system now deactivated.
[2017.12.31-17.24.54:795][843]Cmd: QUIT_EDITOR
[2017.12.31-17.24.55:510][843]LogExit: Preparing to exit.
[2017.12.31-17.24.56:004][843]LogExit: Editor shut down
[2017.12.31-17.24.56:006][843]LogExit: Transaction tracking system shut down
[2017.12.31-17.24.56:180][843]LogDirectoryWatcher: A directory notification for '../../../Engine/Content/' was aborted.
[2017.12.31-17.24.56:180][843]LogDirectoryWatcher: A directory notification for 'D:/repos/GWGame/GW_Game/Content/' was aborted.
[2017.12.31-17.24.56:180][843]LogDirectoryWatcher: A directory notification for '../../../Engine/Plugins/2D/Paper2D/Content/' was aborted.
[2017.12.31-17.24.56:180][843]LogDirectoryWatcher: A directory notification for '../../../Engine/Plugins/Media/MediaCompositing/Content/' was aborted.
[2017.12.31-17.24.56:180][843]LogDirectoryWatcher: A directory notification for '../../../Engine/Plugins/Runtime/AppleARKit/Content/' was aborted.
[2017.12.31-17.24.56:180][843]LogDirectoryWatcher: A directory notification for '../../../Engine/Plugins/Runtime/Oculus/OculusVR/Content/' was aborted.
[2017.12.31-17.24.56:180][843]LogDirectoryWatcher: A directory notification for '../../../Engine/Plugins/Runtime/Steam/SteamVR/Content/' was aborted.
[2017.12.31-17.24.56:206][843]LogExit: Object subsystem successfully closed.
[2017.12.31-17.24.56:224][843]LogD3D11RHI: Shutdown
[2017.12.31-17.24.56:224][843]LogD3D11RHI: CleanupD3DDevice
[2017.12.31-17.24.56:225][843]LogD3D11RHI: ~FD3D11DynamicRHI
[2017.12.31-17.24.56:286][843]LogModuleManager: Shutting down and abandoning module MovieSceneCapture (552)
[2017.12.31-17.24.56:286][843]LogModuleManager: Shutting down and abandoning module HierarchicalLODOutliner (550)
[2017.12.31-17.24.56:286][843]LogModuleManager: Shutting down and abandoning module DesktopPlatform (548)
[2017.12.31-17.24.56:286][843]LogModuleManager: Shutting down and abandoning module AddContentDialog (546)
[2017.12.31-17.24.56:286][843]LogDirectoryWatcher: A directory notification for 'C:/Program Files/Epic Games/UE_4.18/FeaturePacks/' was aborted.
[2017.12.31-17.24.56:287][843]LogModuleManager: Shutting down and abandoning module WidgetCarousel (545)
[2017.12.31-17.24.56:287][843]LogModuleManager: Shutting down and abandoning module EditorWidgets (542)
[2017.12.31-17.24.56:287][843]LogModuleManager: Shutting down and abandoning module CollectionManager (540)
[2017.12.31-17.24.56:287][843]LogDirectoryWatcher: A directory notification for 'D:/repos/GWGame/GW_Game/Content/Collections/' was aborted.
[2017.12.31-17.24.56:287][843]LogDirectoryWatcher: A directory notification for 'D:/repos/GWGame/GW_Game/Content/Developers/uzivatel1/Collections/' was aborted.
[2017.12.31-17.24.56:287][843]LogDirectoryWatcher: A directory notification for 'D:/repos/GWGame/GW_Game/Saved/Collections/' was aborted.
[2017.12.31-17.24.56:287][843]LogModuleManager: Shutting down and abandoning module SceneOutliner (538)
[2017.12.31-17.24.56:287][843]LogModuleManager: Shutting down and abandoning module StatsViewer (536)
[2017.12.31-17.24.56:287][843]LogModuleManager: Shutting down and abandoning module FoliageEdit (534)
[2017.12.31-17.24.56:287][843]LogModuleManager: Shutting down and abandoning module LandscapeEditor (532)
[2017.12.31-17.24.56:287][843]LogModuleManager: Shutting down and abandoning module MeshPaintMode (530)
[2017.12.31-17.24.56:287][843]LogModuleManager: Shutting down and abandoning module SceneDepthPickerMode (528)
[2017.12.31-17.24.56:287][843]LogModuleManager: Shutting down and abandoning module ActorPickerMode (526)
[2017.12.31-17.24.56:287][843]LogModuleManager: Shutting down and abandoning module GeometryMode (524)
[2017.12.31-17.24.56:287][843]LogModuleManager: Shutting down and abandoning module TextureAlignMode (522)
[2017.12.31-17.24.56:287][843]LogModuleManager: Shutting down and abandoning module BspMode (520)
[2017.12.31-17.24.56:287][843]LogModuleManager: Shutting down and abandoning module PIEPreviewDeviceProfileSelector (518)
[2017.12.31-17.24.56:287][843]LogModuleManager: Shutting down and abandoning module HardwareSurvey (516)
[2017.12.31-17.24.56:287][843]LogModuleManager: Shutting down and abandoning module SequenceRecorderSections (514)
[2017.12.31-17.24.56:287][843]LogModuleManager: Shutting down and abandoning module AutomationWorker (512)
[2017.12.31-17.24.56:287][843]LogModuleManager: Shutting down and abandoning module MatineeToLevelSequence (510)
[2017.12.31-17.24.56:287][843]LogModuleManager: Shutting down and abandoning module LevelSequenceEditor (508)
[2017.12.31-17.24.56:287][843]LogModuleManager: Shutting down and abandoning module PlacementMode (507)
[2017.12.31-17.24.56:287][843]LogModuleManager: Shutting down and abandoning module WmfMediaFactory (504)
[2017.12.31-17.24.56:287][843]LogModuleManager: Shutting down and abandoning module WmfMediaEditor (502)
[2017.12.31-17.24.56:287][843]LogModuleManager: Shutting down and abandoning module OpenExrWrapper (500)
[2017.12.31-17.24.56:287][843]LogModuleManager: Shutting down and abandoning module ImgMediaFactory (498)
[2017.12.31-17.24.56:287][843]LogModuleManager: Shutting down and abandoning module ImgMediaEditor (496)
[2017.12.31-17.24.56:288][843]LogModuleManager: Shutting down and abandoning module AvfMediaFactory (494)
[2017.12.31-17.24.56:288][843]LogModuleManager: Shutting down and abandoning module AvfMediaEditor (492)
[2017.12.31-17.24.56:288][843]LogModuleManager: Shutting down and abandoning module AndroidMediaFactory (490)
[2017.12.31-17.24.56:288][843]LogModuleManager: Shutting down and abandoning module AndroidMediaEditor (488)
[2017.12.31-17.24.56:288][843]LogModuleManager: Shutting down and abandoning module CharacterAI (486)
[2017.12.31-17.24.56:288][843]LogModuleManager: Shutting down and abandoning module AudioCapture (484)
[2017.12.31-17.24.56:288][843]LogModuleManager: Shutting down and abandoning module SequenceRecorder (483)
[2017.12.31-17.24.56:288][843]LogModuleManager: Shutting down and abandoning module SmartSnapping (480)
[2017.12.31-17.24.56:288][843]LogModuleManager: Shutting down and abandoning module SessionServices (478)
[2017.12.31-17.24.56:288][843]LogModuleManager: Shutting down and abandoning module ViewportSnapping (476)
[2017.12.31-17.24.56:288][843]LogModuleManager: Shutting down and abandoning module ViewportInteraction (474)
[2017.12.31-17.24.56:288][843]LogModuleManager: Shutting down and abandoning module ClothPainter (472)
[2017.12.31-17.24.56:288][843]LogModuleManager: Shutting down and abandoning module SkeletalMeshEditor (471)
[2017.12.31-17.24.56:288][843]LogModuleManager: Shutting down and abandoning module LogVisualizer (468)
[2017.12.31-17.24.56:288][843]LogModuleManager: Shutting down and abandoning module IntroTutorials (466)
[2017.12.31-17.24.56:288][843]LogModuleManager: Shutting down and abandoning module GameProjectGeneration (465)
[2017.12.31-17.24.56:288][843]LogModuleManager: Shutting down and abandoning module IOSPlatformEditor (462)
[2017.12.31-17.24.56:288][843]LogModuleManager: Shutting down and abandoning module HTML5PlatformEditor (460)
[2017.12.31-17.24.56:288][843]LogModuleManager: Shutting down and abandoning module AndroidPlatformEditor (458)
[2017.12.31-17.24.56:288][843]LogModuleManager: Shutting down and abandoning module AndroidDeviceDetection (457)
[2017.12.31-17.24.56:493][843]LogModuleManager: Shutting down and abandoning module WindowsPlatformEditor (454)
[2017.12.31-17.24.56:493][843]LogModuleManager: Shutting down and abandoning module IOSRuntimeSettings (452)
[2017.12.31-17.24.56:493][843]LogModuleManager: Shutting down and abandoning module AndroidRuntimeSettings (450)
[2017.12.31-17.24.56:493][843]LogModuleManager: Shutting down and abandoning module InputBindingEditor (448)
[2017.12.31-17.24.56:493][843]LogModuleManager: Shutting down and abandoning module MergeActors (446)
[2017.12.31-17.24.56:493][843]LogModuleManager: Shutting down and abandoning module SizeMap (444)
[2017.12.31-17.24.56:493][843]LogModuleManager: Shutting down and abandoning module TreeMap (442)
[2017.12.31-17.24.56:493][843]LogModuleManager: Shutting down and abandoning module ReferenceViewer (440)
[2017.12.31-17.24.56:493][843]LogModuleManager: Shutting down and abandoning module LocalizationDashboard (438)
[2017.12.31-17.24.56:493][843]LogModuleManager: Shutting down and abandoning module LocalizationService (437)
[2017.12.31-17.24.56:493][843]LogModuleManager: Shutting down and abandoning module HardwareTargeting (434)
[2017.12.31-17.24.56:493][843]LogModuleManager: Shutting down and abandoning module DeviceProfileEditor (432)
[2017.12.31-17.24.56:493][843]LogModuleManager: Shutting down and abandoning module UndoHistory (430)
[2017.12.31-17.24.56:493][843]LogModuleManager: Shutting down and abandoning module XmlParser (428)
[2017.12.31-17.24.56:493][843]LogModuleManager: Shutting down and abandoning module Blutility (426)
[2017.12.31-17.24.56:493][843]LogModuleManager: Shutting down and abandoning module ProjectSettingsViewer (424)
[2017.12.31-17.24.56:493][843]LogModuleManager: Shutting down and abandoning module ProjectTargetPlatformEditor (423)
[2017.12.31-17.24.56:493][843]LogModuleManager: Shutting down and abandoning module EditorSettingsViewer (420)
[2017.12.31-17.24.56:494][843]LogModuleManager: Shutting down and abandoning module SettingsEditor (418)
[2017.12.31-17.24.56:494][843]LogModuleManager: Shutting down and abandoning module ProjectLauncher (416)
[2017.12.31-17.24.56:494][843]LogModuleManager: Shutting down and abandoning module SessionFrontend (414)
[2017.12.31-17.24.56:494][843]LogModuleManager: Shutting down and abandoning module ProfilerClient (412)
[2017.12.31-17.24.56:494][843]LogModuleManager: Shutting down and abandoning module DeviceManager (410)
[2017.12.31-17.24.56:494][843]LogModuleManager: Shutting down and abandoning module TargetDeviceServices (409)
[2017.12.31-17.24.56:557][843]LogModuleManager: Shutting down and abandoning module AutomationController (406)
[2017.12.31-17.24.56:557][843]LogModuleManager: Shutting down and abandoning module AutomationWindow (404)
[2017.12.31-17.24.56:557][843]LogModuleManager: Shutting down and abandoning module Layers (402)
[2017.12.31-17.24.56:557][843]LogModuleManager: Shutting down and abandoning module ComponentVisualizers (400)
[2017.12.31-17.24.56:557][843]LogModuleManager: Shutting down and abandoning module DetailCustomizations (398)
[2017.12.31-17.24.56:557][843]LogModuleManager: Shutting down and abandoning module PackagesDialog (396)
[2017.12.31-17.24.56:557][843]LogModuleManager: Shutting down and abandoning module Persona (394)
[2017.12.31-17.24.56:557][843]LogModuleManager: Shutting down and abandoning module AdvancedPreviewScene (393)
[2017.12.31-17.24.56:558][843]LogModuleManager: Shutting down and abandoning module AnimGraph (391)
[2017.12.31-17.24.56:558][843]LogModuleManager: Shutting down and abandoning module Kismet (388)
[2017.12.31-17.24.56:559][843]LogModuleManager: Shutting down and abandoning module ClassViewer (386)
[2017.12.31-17.24.56:559][843]LogModuleManager: Shutting down and abandoning module Toolbox (384)
[2017.12.31-17.24.56:559][843]LogModuleManager: Shutting down and abandoning module ModuleUI (382)
[2017.12.31-17.24.56:559][843]LogModuleManager: Shutting down and abandoning module MovieSceneTools (380)
[2017.12.31-17.24.56:559][843]LogModuleManager: Shutting down and abandoning module OutputLog (378)
[2017.12.31-17.24.56:559][843]LogModuleManager: Shutting down and abandoning module GammaUI (376)
[2017.12.31-17.24.56:559][843]LogModuleManager: Shutting down and abandoning module Documentation (374)
[2017.12.31-17.24.56:559][843]LogModuleManager: Shutting down and abandoning module MovieSceneTracks (372)
[2017.12.31-17.24.56:559][843]LogModuleManager: Shutting down and abandoning module MovieScene (370)
[2017.12.31-17.24.56:559][843]LogModuleManager: Shutting down and abandoning module StreamingPauseRendering (368)
[2017.12.31-17.24.56:559][843]LogModuleManager: Shutting down and abandoning module LauncherPlatform (366)
[2017.12.31-17.24.56:560][843]LogModuleManager: Shutting down and abandoning module AnalyticsET (364)
[2017.12.31-17.24.56:560][843]LogModuleManager: Shutting down and abandoning module PortalServices (362)
[2017.12.31-17.24.56:560][843]LogModuleManager: Shutting down and abandoning module PortalRpc (360)
[2017.12.31-17.24.56:560][843]LogModuleManager: Shutting down and abandoning module MessagingRpc (358)
[2017.12.31-17.24.56:560][843]LogModuleManager: Shutting down and abandoning module AIModule (356)
[2017.12.31-17.24.56:560][843]LogModuleManager: Shutting down and abandoning module GameplayDebugger (355)
[2017.12.31-17.24.56:560][843]LogModuleManager: Shutting down and abandoning module AITestSuite (353)
[2017.12.31-17.24.56:560][843]LogModuleManager: Shutting down and abandoning module ProfilerService (350)
[2017.12.31-17.24.56:759][843]LogModuleManager: Shutting down and abandoning module TaskGraph (348)
[2017.12.31-17.24.56:759][843]LogModuleManager: Shutting down and abandoning module SteamVRController (346)
[2017.12.31-17.24.56:759][843]LogModuleManager: Shutting down and abandoning module ProceduralMeshComponentEditor (344)
[2017.12.31-17.24.56:759][843]LogModuleManager: Shutting down and abandoning module ProceduralMeshComponent (342)
[2017.12.31-17.24.56:759][843]LogModuleManager: Shutting down and abandoning module OculusInput (340)
[2017.12.31-17.24.56:759][843]LogModuleManager: Shutting down and abandoning module MobilePatchingUtils (338)
[2017.12.31-17.24.56:759][843]LogModuleManager: Shutting down and abandoning module CustomMeshComponent (336)
[2017.12.31-17.24.56:759][843]LogModuleManager: Shutting down and abandoning module CableComponent (334)
[2017.12.31-17.24.56:759][843]LogModuleManager: Shutting down and abandoning module ArchVisCharacter (332)
[2017.12.31-17.24.56:759][843]LogModuleManager: Shutting down and abandoning module AndroidPermission (330)
[2017.12.31-17.24.56:759][843]LogModuleManager: Shutting down and abandoning module ActorSequence (326)
[2017.12.31-17.24.56:759][843]LogModuleManager: Shutting down and abandoning module MediaPlayerEditor (324)
[2017.12.31-17.24.56:759][843]LogModuleManager: Shutting down and abandoning module MediaCompositingEditor (322)
[2017.12.31-17.24.56:759][843]LogModuleManager: Shutting down and abandoning module MediaCompositing (320)
[2017.12.31-17.24.56:759][843]LogModuleManager: Shutting down and abandoning module HTML5Networking (318)
[2017.12.31-17.24.56:759][843]LogModuleManager: Shutting down and abandoning module AlembicImporter (316)
[2017.12.31-17.24.56:759][843]LogModuleManager: Shutting down and abandoning module AlembicLibrary (315)
[2017.12.31-17.24.56:759][843]LogModuleManager: Shutting down and abandoning module GeometryCache (314)
[2017.12.31-17.24.56:759][843]LogModuleManager: Shutting down and abandoning module GeometryCacheEd (313)
[2017.12.31-17.24.56:759][843]LogModuleManager: Shutting down and abandoning module SpeedTreeImporter (308)
[2017.12.31-17.24.56:759][843]LogModuleManager: Shutting down and abandoning module PluginBrowser (306)
[2017.12.31-17.24.56:759][843]LogModuleManager: Shutting down and abandoning module MobileLauncherProfileWizard (304)
[2017.12.31-17.24.56:760][843]LogModuleManager: Shutting down and abandoning module VisualStudioSourceCodeAccess (302)
[2017.12.31-17.24.56:760][843]LogModuleManager: Shutting down and abandoning module VisualStudioCodeSourceCodeAccess (300)
[2017.12.31-17.24.56:760][843]LogModuleManager: Shutting down and abandoning module UObjectPlugin (298)
[2017.12.31-17.24.56:760][843]LogModuleManager: Shutting down and abandoning module SubversionSourceControl (296)
[2017.12.31-17.24.56:760][843]LogModuleManager: Shutting down and abandoning module PerforceSourceControl (294)
[2017.12.31-17.24.56:760][843]LogModuleManager: Shutting down and abandoning module GitSourceControl (292)
[2017.12.31-17.24.56:760][843]LogModuleManager: Shutting down and abandoning module SourceControl (291)
[2017.12.31-17.24.56:760][843]LogModuleManager: Shutting down and abandoning module LightPropagationVolumeEditor (288)
[2017.12.31-17.24.56:760][843]LogModuleManager: Shutting down and abandoning module PaperTiledImporter (286)
[2017.12.31-17.24.56:760][843]LogModuleManager: Shutting down and abandoning module PaperSpriteSheetImporter (284)
[2017.12.31-17.24.56:760][843]LogModuleManager: Shutting down and abandoning module Paper2DEditor (282)
[2017.12.31-17.24.56:760][843]LogModuleManager: Shutting down and abandoning module MeshPaint (281)
[2017.12.31-17.24.56:760][843]LogModuleManager: Shutting down and abandoning module LevelEditor (279)
