Log file open, 01/13/18 22:57:14
LogWindows: Failed to load 'aqProf.dll' (GetLastError=126)
LogWindows: File 'aqProf.dll' does not exist
LogWindows: Failed to load 'VSPerf140.dll' (GetLastError=126)
LogWindows: File 'VSPerf140.dll' does not exist
LogWindows: Failed to load 'VtuneApi.dll' (GetLastError=126)
LogWindows: File 'VtuneApi.dll' does not exist
LogWindows: Failed to load 'VtuneApi32e.dll' (GetLastError=126)
LogWindows: File 'VtuneApi32e.dll' does not exist
LogInit: Display: Running engine for game: GW_Game
LogPlatformFile: Not using cached read wrapper
LogInit: Display: RandInit(954112269) SRandInit(954112269).
LogInit: Read version file with build ID '3709383'
LogInit: Overriding engine version to CL 3794801, compatible CL 3709383
LogInit: Registered custom module enumerator with build ID '3709383'
LogTaskGraph: Started task graph with 5 named threads and 14 total threads with 3 sets of task threads.
LogStats: Stats thread started at 0.182306
LogD3D11RHI: Aftermath initialized
LogPluginManager: Mounting plugin Paper2D
LogPluginManager: Mounting plugin LightPropagationVolume
LogPluginManager: Mounting plugin CodeLiteSourceCodeAccess
LogPluginManager: Mounting plugin GitSourceControl
LogPluginManager: Mounting plugin KDevelopSourceCodeAccess
LogPluginManager: Mounting plugin NullSourceCodeAccess
LogPluginManager: Mounting plugin PerforceSourceControl
LogPluginManager: Mounting plugin SubversionSourceControl
LogPluginManager: Mounting plugin UObjectPlugin
LogPluginManager: Mounting plugin VisualStudioCodeSourceCodeAccess
LogPluginManager: Mounting plugin VisualStudioSourceCodeAccess
LogPluginManager: Mounting plugin XCodeSourceCodeAccess
LogPluginManager: Mounting plugin AssetManagerEditor
LogPluginManager: Mounting plugin AudioCapture
LogPluginManager: Mounting plugin FacialAnimation
LogPluginManager: Mounting plugin GameplayTagsEditor
LogPluginManager: Mounting plugin MobileLauncherProfileWizard
LogPluginManager: Mounting plugin PluginBrowser
LogPluginManager: Mounting plugin SpeedTreeImporter
LogPluginManager: Mounting plugin AlembicImporter
LogPluginManager: Mounting plugin CharacterAI
LogPluginManager: Mounting plugin HTML5Networking
LogPluginManager: Mounting plugin AndroidMedia
LogPluginManager: Mounting plugin AvfMedia
LogPluginManager: Mounting plugin ImgMedia
LogPluginManager: Mounting plugin MediaCompositing
LogPluginManager: Mounting plugin MediaPlayerEditor
LogPluginManager: Mounting plugin WmfMedia
LogPluginManager: Mounting plugin TcpMessaging
LogPluginManager: Mounting plugin UdpMessaging
LogPluginManager: Mounting plugin ActorSequence
LogPluginManager: Mounting plugin LevelSequenceEditor
LogPluginManager: Mounting plugin MatineeToLevelSequence
LogPluginManager: Mounting plugin OnlineSubsystemGooglePlay
LogPluginManager: Mounting plugin OnlineSubsystemIOS
LogPluginManager: Mounting plugin OnlineSubsystem
LogPluginManager: Mounting plugin OnlineSubsystemNull
LogPluginManager: Mounting plugin OnlineSubsystemUtils
LogPluginManager: Mounting plugin AndroidDeviceProfileSelector
LogPluginManager: Mounting plugin AndroidMoviePlayer
LogPluginManager: Mounting plugin AndroidPermission
LogPluginManager: Mounting plugin AppleARKit
LogPluginManager: Mounting plugin AppleMoviePlayer
LogPluginManager: Mounting plugin ArchVisCharacter
LogPluginManager: Mounting plugin CableComponent
LogPluginManager: Mounting plugin CustomMeshComponent
LogPluginManager: Mounting plugin ExampleDeviceProfileSelector
LogPluginManager: Mounting plugin GoogleCloudMessaging
LogPluginManager: Mounting plugin ImmediatePhysics
LogPluginManager: Mounting plugin IOSDeviceProfileSelector
LogPluginManager: Mounting plugin LinuxDeviceProfileSelector
LogPluginManager: Mounting plugin LocationServicesBPLibrary
LogPluginManager: Mounting plugin MobilePatchingUtils
LogPluginManager: Mounting plugin OculusVR
LogPluginManager: Plugin shader directory ../../../Engine/Plugins/Runtime/Oculus/OculusVR/Shaders found
LogPluginManager: Mapping shader source directory ../../../Engine/Plugins/Runtime/Oculus/OculusVR/Shaders to virtual directory /Plugin/OculusVR
LogPluginManager: Mounting plugin PhysXVehicles
LogPluginManager: Mounting plugin ProceduralMeshComponent
LogPluginManager: Mounting plugin RuntimePhysXCooking
LogPluginManager: Mounting plugin SteamVR
LogPluginManager: Mounting plugin WindowsMoviePlayer
LogModuleManager: Display: Found up-to-date module file D:/repos/GWGame/GW_Game/Binaries/Win64/UE4Editor-GW_Game-444.dll (API version 3709383).
LogModuleManager: Display: Found up-to-date module file ../../../Engine/Plugins/2D/Paper2D/Binaries/Win64/UE4Editor-Paper2D.dll (API version 3709383).
LogModuleManager: Display: Found up-to-date module file ../../../Engine/Plugins/2D/Paper2D/Binaries/Win64/UE4Editor-Paper2DEditor.dll (API version 3709383).
LogModuleManager: Display: Found up-to-date module file ../../../Engine/Plugins/2D/Paper2D/Binaries/Win64/UE4Editor-PaperSpriteSheetImporter.dll (API version 3709383).
LogModuleManager: Display: Found up-to-date module file ../../../Engine/Plugins/2D/Paper2D/Binaries/Win64/UE4Editor-PaperTiledImporter.dll (API version 3709383).
LogModuleManager: Display: Found up-to-date module file ../../../Engine/Plugins/2D/Paper2D/Binaries/Win64/UE4Editor-SmartSnapping.dll (API version 3709383).
LogModuleManager: Display: Found up-to-date module file ../../../Engine/Plugins/Blendables/LightPropagationVolume/Binaries/Win64/UE4Editor-LightPropagationVolumeRuntime.dll (API version 3709383).
LogModuleManager: Display: Found up-to-date module file ../../../Engine/Plugins/Blendables/LightPropagationVolume/Binaries/Win64/UE4Editor-LightPropagationVolumeEditor.dll (API version 3709383).
LogModuleManager: Display: Found up-to-date module file ../../../Engine/Plugins/Developer/GitSourceControl/Binaries/Win64/UE4Editor-GitSourceControl.dll (API version 3709383).
LogModuleManager: Display: Found up-to-date module file ../../../Engine/Plugins/Developer/PerforceSourceControl/Binaries/Win64/UE4Editor-PerforceSourceControl.dll (API version 3709383).
LogModuleManager: Display: Found up-to-date module file ../../../Engine/Plugins/Developer/SubversionSourceControl/Binaries/Win64/UE4Editor-SubversionSourceControl.dll (API version 3709383).
LogModuleManager: Display: Found up-to-date module file ../../../Engine/Plugins/Developer/UObjectPlugin/Binaries/Win64/UE4Editor-UObjectPlugin.dll (API version 3709383).
LogModuleManager: Display: Found up-to-date module file ../../../Engine/Plugins/Developer/VisualStudioCodeSourceCodeAccess/Binaries/Win64/UE4Editor-VisualStudioCodeSourceCodeAccess.dll (API version 3709383).
LogModuleManager: Display: Found up-to-date module file ../../../Engine/Plugins/Developer/VisualStudioSourceCodeAccess/Binaries/Win64/UE4Editor-VisualStudioSourceCodeAccess.dll (API version 3709383).
LogModuleManager: Display: Found up-to-date module file ../../../Engine/Plugins/Editor/AssetManagerEditor/Binaries/Win64/UE4Editor-AssetManagerEditor.dll (API version 3709383).
LogModuleManager: Display: Found up-to-date module file ../../../Engine/Plugins/Editor/AudioCapture/Binaries/Win64/UE4Editor-AudioCapture.dll (API version 3709383).
LogModuleManager: Display: Found up-to-date module file ../../../Engine/Plugins/Editor/FacialAnimation/Binaries/Win64/UE4Editor-FacialAnimation.dll (API version 3709383).
LogModuleManager: Display: Found up-to-date module file ../../../Engine/Plugins/Editor/FacialAnimation/Binaries/Win64/UE4Editor-FacialAnimationEditor.dll (API version 3709383).
LogModuleManager: Display: Found up-to-date module file ../../../Engine/Plugins/Editor/GameplayTagsEditor/Binaries/Win64/UE4Editor-GameplayTagsEditor.dll (API version 3709383).
LogModuleManager: Display: Found up-to-date module file ../../../Engine/Plugins/Editor/MobileLauncherProfileWizard/Binaries/Win64/UE4Editor-MobileLauncherProfileWizard.dll (API version 3709383).
LogModuleManager: Display: Found up-to-date module file ../../../Engine/Plugins/Editor/PluginBrowser/Binaries/Win64/UE4Editor-PluginBrowser.dll (API version 3709383).
LogModuleManager: Display: Found up-to-date module file ../../../Engine/Plugins/Editor/SpeedTreeImporter/Binaries/Win64/UE4Editor-SpeedTreeImporter.dll (API version 3709383).
LogModuleManager: Display: Found up-to-date module file ../../../Engine/Plugins/Experimental/AlembicImporter/Binaries/Win64/UE4Editor-AlembicImporter.dll (API version 3709383).
LogModuleManager: Display: Found up-to-date module file ../../../Engine/Plugins/Experimental/AlembicImporter/Binaries/Win64/UE4Editor-AlembicLibrary.dll (API version 3709383).
LogModuleManager: Display: Found up-to-date module file ../../../Engine/Plugins/Experimental/CharacterAI/Binaries/Win64/UE4Editor-CharacterAI.dll (API version 3709383).
LogModuleManager: Display: Found up-to-date module file ../../../Engine/Plugins/Experimental/HTML5Networking/Binaries/Win64/UE4Editor-HTML5Networking.dll (API version 3709383).
LogModuleManager: Display: Found up-to-date module file ../../../Engine/Plugins/Media/AndroidMedia/Binaries/Win64/UE4Editor-AndroidMediaEditor.dll (API version 3709383).
LogModuleManager: Display: Found up-to-date module file ../../../Engine/Plugins/Media/AndroidMedia/Binaries/Win64/UE4Editor-AndroidMediaFactory.dll (API version 3709383).
LogModuleManager: Display: Found up-to-date module file ../../../Engine/Plugins/Media/AvfMedia/Binaries/Win64/UE4Editor-AvfMediaEditor.dll (API version 3709383).
LogModuleManager: Display: Found up-to-date module file ../../../Engine/Plugins/Media/AvfMedia/Binaries/Win64/UE4Editor-AvfMediaFactory.dll (API version 3709383).
LogModuleManager: Display: Found up-to-date module file ../../../Engine/Plugins/Media/AvfMedia/Binaries/Win64/UE4Editor-AvfMediaFactory.dll (API version 3709383).
LogModuleManager: Display: Found up-to-date module file ../../../Engine/Plugins/Media/ImgMedia/Binaries/Win64/UE4Editor-ImgMedia.dll (API version 3709383).
LogModuleManager: Display: Found up-to-date module file ../../../Engine/Plugins/Media/ImgMedia/Binaries/Win64/UE4Editor-ImgMediaEditor.dll (API version 3709383).
LogModuleManager: Display: Found up-to-date module file ../../../Engine/Plugins/Media/ImgMedia/Binaries/Win64/UE4Editor-ImgMediaFactory.dll (API version 3709383).
LogModuleManager: Display: Found up-to-date module file ../../../Engine/Plugins/Media/ImgMedia/Binaries/Win64/UE4Editor-ImgMediaFactory.dll (API version 3709383).
LogModuleManager: Display: Found up-to-date module file ../../../Engine/Plugins/Media/ImgMedia/Binaries/Win64/UE4Editor-OpenExrWrapper.dll (API version 3709383).
LogModuleManager: Display: Found up-to-date module file ../../../Engine/Plugins/Media/MediaCompositing/Binaries/Win64/UE4Editor-MediaCompositing.dll (API version 3709383).
LogModuleManager: Display: Found up-to-date module file ../../../Engine/Plugins/Media/MediaCompositing/Binaries/Win64/UE4Editor-MediaCompositingEditor.dll (API version 3709383).
LogModuleManager: Display: Found up-to-date module file ../../../Engine/Plugins/Media/MediaPlayerEditor/Binaries/Win64/UE4Editor-MediaPlayerEditor.dll (API version 3709383).
LogModuleManager: Display: Found up-to-date module file ../../../Engine/Plugins/Media/WmfMedia/Binaries/Win64/UE4Editor-WmfMedia.dll (API version 3709383).
LogModuleManager: Display: Found up-to-date module file ../../../Engine/Plugins/Media/WmfMedia/Binaries/Win64/UE4Editor-WmfMediaEditor.dll (API version 3709383).
LogModuleManager: Display: Found up-to-date module file ../../../Engine/Plugins/Media/WmfMedia/Binaries/Win64/UE4Editor-WmfMediaFactory.dll (API version 3709383).
LogModuleManager: Display: Found up-to-date module file ../../../Engine/Plugins/Media/WmfMedia/Binaries/Win64/UE4Editor-WmfMediaFactory.dll (API version 3709383).
LogModuleManager: Display: Found up-to-date module file ../../../Engine/Plugins/Messaging/TcpMessaging/Binaries/Win64/UE4Editor-TcpMessaging.dll (API version 3709383).
LogModuleManager: Display: Found up-to-date module file ../../../Engine/Plugins/Messaging/UdpMessaging/Binaries/Win64/UE4Editor-UdpMessaging.dll (API version 3709383).
LogModuleManager: Display: Found up-to-date module file ../../../Engine/Plugins/MovieScene/ActorSequence/Binaries/Win64/UE4Editor-ActorSequence.dll (API version 3709383).
LogModuleManager: Display: Found up-to-date module file ../../../Engine/Plugins/MovieScene/LevelSequenceEditor/Binaries/Win64/UE4Editor-LevelSequenceEditor.dll (API version 3709383).
LogModuleManager: Display: Found up-to-date module file ../../../Engine/Plugins/MovieScene/MatineeToLevelSequence/Binaries/Win64/UE4Editor-MatineeToLevelSequence.dll (API version 3709383).
LogModuleManager: Display: Found up-to-date module file ../../../Engine/Plugins/Online/OnlineSubsystem/Binaries/Win64/UE4Editor-OnlineSubsystem.dll (API version 3709383).
LogModuleManager: Display: Found up-to-date module file ../../../Engine/Plugins/Online/OnlineSubsystemNull/Binaries/Win64/UE4Editor-OnlineSubsystemNull.dll (API version 3709383).
LogModuleManager: Display: Found up-to-date module file ../../../Engine/Plugins/Online/OnlineSubsystemUtils/Binaries/Win64/UE4Editor-OnlineSubsystemUtils.dll (API version 3709383).
LogModuleManager: Display: Found up-to-date module file ../../../Engine/Plugins/Online/OnlineSubsystemUtils/Binaries/Win64/UE4Editor-OnlineBlueprintSupport.dll (API version 3709383).
LogModuleManager: Display: Found up-to-date module file ../../../Engine/Plugins/Runtime/AndroidDeviceProfileSelector/Binaries/Win64/UE4Editor-AndroidDeviceProfileSelector.dll (API version 3709383).
LogModuleManager: Display: Found up-to-date module file ../../../Engine/Plugins/Runtime/AndroidPermission/Binaries/Win64/UE4Editor-AndroidPermission.dll (API version 3709383).
LogModuleManager: Display: Found up-to-date module file ../../../Engine/Plugins/Runtime/AppleARKit/Binaries/Win64/UE4Editor-AppleARKit.dll (API version 3709383).
LogModuleManager: Display: Found up-to-date module file ../../../Engine/Plugins/Runtime/ArchVisCharacter/Binaries/Win64/UE4Editor-ArchVisCharacter.dll (API version 3709383).
LogModuleManager: Display: Found up-to-date module file ../../../Engine/Plugins/Runtime/CableComponent/Binaries/Win64/UE4Editor-CableComponent.dll (API version 3709383).
LogModuleManager: Display: Found up-to-date module file ../../../Engine/Plugins/Runtime/CustomMeshComponent/Binaries/Win64/UE4Editor-CustomMeshComponent.dll (API version 3709383).
LogModuleManager: Display: Found up-to-date module file ../../../Engine/Plugins/Runtime/ExampleDeviceProfileSelector/Binaries/Win64/UE4Editor-ExampleDeviceProfileSelector.dll (API version 3709383).
LogModuleManager: Display: Found up-to-date module file ../../../Engine/Plugins/Runtime/ImmediatePhysics/Binaries/Win64/UE4Editor-ImmediatePhysics.dll (API version 3709383).
LogModuleManager: Display: Found up-to-date module file ../../../Engine/Plugins/Runtime/ImmediatePhysics/Binaries/Win64/UE4Editor-ImmediatePhysicsEditor.dll (API version 3709383).
LogModuleManager: Display: Found up-to-date module file ../../../Engine/Plugins/Runtime/LocationServicesBPLibrary/Binaries/Win64/UE4Editor-LocationServicesBPLibrary.dll (API version 3709383).
LogModuleManager: Display: Found up-to-date module file ../../../Engine/Plugins/Runtime/MobilePatchingUtils/Binaries/Win64/UE4Editor-MobilePatchingUtils.dll (API version 3709383).
LogModuleManager: Display: Found up-to-date module file ../../../Engine/Plugins/Runtime/Oculus/OculusVR/Binaries/Win64/UE4Editor-OculusHMD.dll (API version 3709383).
LogModuleManager: Display: Found up-to-date module file ../../../Engine/Plugins/Runtime/Oculus/OculusVR/Binaries/Win64/UE4Editor-OculusInput.dll (API version 3709383).
LogModuleManager: Display: Found up-to-date module file ../../../Engine/Plugins/Runtime/Oculus/OculusVR/Binaries/Win64/UE4Editor-OculusEditor.dll (API version 3709383).
LogModuleManager: Display: Found up-to-date module file ../../../Engine/Plugins/Runtime/PhysXVehicles/Binaries/Win64/UE4Editor-PhysXVehicles.dll (API version 3709383).
LogModuleManager: Display: Found up-to-date module file ../../../Engine/Plugins/Runtime/PhysXVehicles/Binaries/Win64/UE4Editor-PhysXVehiclesEditor.dll (API version 3709383).
LogModuleManager: Display: Found up-to-date module file ../../../Engine/Plugins/Runtime/ProceduralMeshComponent/Binaries/Win64/UE4Editor-ProceduralMeshComponent.dll (API version 3709383).
LogModuleManager: Display: Found up-to-date module file ../../../Engine/Plugins/Runtime/ProceduralMeshComponent/Binaries/Win64/UE4Editor-ProceduralMeshComponentEditor.dll (API version 3709383).
LogModuleManager: Display: Found up-to-date module file ../../../Engine/Plugins/Runtime/RuntimePhysXCooking/Binaries/Win64/UE4Editor-RuntimePhysXCooking.dll (API version 3709383).
LogModuleManager: Display: Found up-to-date module file ../../../Engine/Plugins/Runtime/Steam/SteamVR/Binaries/Win64/UE4Editor-SteamVR.dll (API version 3709383).
LogModuleManager: Display: Found up-to-date module file ../../../Engine/Plugins/Runtime/Steam/SteamVR/Binaries/Win64/UE4Editor-SteamVRController.dll (API version 3709383).
LogModuleManager: Display: Found up-to-date module file ../../../Engine/Plugins/Runtime/WindowsMoviePlayer/Binaries/Win64/UE4Editor-WindowsMoviePlayer.dll (API version 3709383).
LogInit: Using libcurl 7.47.1
LogInit:  - built for x86_64-pc-win32
LogInit:  - supports SSL with OpenSSL/1.0.2g
LogInit:  - supports HTTP deflate (compression) using libz 1.2.8
LogInit:  - other features:
LogInit:      CURL_VERSION_SSL
LogInit:      CURL_VERSION_LIBZ
LogInit:      CURL_VERSION_IPV6
LogInit:      CURL_VERSION_ASYNCHDNS
LogInit:      CURL_VERSION_LARGEFILE
LogInit:      CURL_VERSION_IDN
LogInit:  CurlRequestOptions (configurable via config and command line):
LogInit:  - bVerifyPeer = false  - Libcurl will NOT verify peer certificate
LogInit:  - bUseHttpProxy = false  - Libcurl will NOT use HTTP proxy
LogInit:  - bDontReuseConnections = false  - Libcurl will reuse connections
LogInit:  - CertBundlePath = nullptr  - Libcurl will use whatever was configured at build time.
LogInit: Build: ++UE4+Release-4.18-CL-3794801
LogInit: Engine Version: 4.18.2-3794801+++UE4+Release-4.18
LogInit: Compatible Engine Version: 4.18.0-3709383+++UE4+Release-4.18
LogInit: Net CL: 3709383
LogDevObjectVersion: Number of dev versions registered: 16
LogDevObjectVersion:   Dev-Blueprints (B0D832E4-1F89-4F0D-ACCF-7EB736FD4AA2): 10
LogDevObjectVersion:   Dev-Build (E1C64328-A22C-4D53-A36C-8E866417BD8C): 0
LogDevObjectVersion:   Dev-Core (375EC13C-06E4-48FB-B500-84F0262A717E): 2
LogDevObjectVersion:   Dev-Editor (E4B068ED-F494-42E9-A231-DA0B2E46BB41): 20
LogDevObjectVersion:   Dev-Framework (CFFC743F-43B0-4480-9391-14DF171D2073): 30
LogDevObjectVersion:   Dev-Mobile (B02B49B5-BB20-44E9-A304-32B752E40360): 0
LogDevObjectVersion:   Dev-Networking (A4E4105C-59A1-49B5-A7C5-40C4547EDFEE): 0
LogDevObjectVersion:   Dev-Online (39C831C9-5AE6-47DC-9A44-9C173E1C8E7C): 0
LogDevObjectVersion:   Dev-Physics (78F01B33-EBEA-4F98-B9B4-84EACCB95AA2): 0
LogDevObjectVersion:   Dev-Platform (6631380F-2D4D-43E0-8009-CF276956A95A): 0
LogDevObjectVersion:   Dev-Rendering (12F88B9F-8875-4AFC-A67C-D90C383ABD29): 20
LogDevObjectVersion:   Dev-Sequencer (7B5AE74C-D270-4C10-A958-57980B212A5A): 4
LogDevObjectVersion:   Dev-VR (D7296918-1DD6-4BDD-9DE2-64A83CC13884): 0
LogDevObjectVersion:   Dev-LoadTimes (C2A15278-BFE7-4AFE-6C17-90FF531DF755): 1
LogDevObjectVersion:   Private-Geometry (6EACA3D4-40EC-4CC1-B786-8BED09428FC5): 1
LogDevObjectVersion:   Dev-AnimPhys (29E575DD-E0A3-4627-9D10-D276232CDCEA): 12
LogInit: Compiled (64-bit): Dec  8 2017 02:04:53
LogInit: Compiled with Visual C++: 19.00.24215.01
LogInit: Build Configuration: Development
LogInit: Branch Name: ++UE4+Release-4.18
LogInit: Command line:  
LogInit: Base directory: C:/Program Files/Epic Games/UE_4.18/Engine/Binaries/Win64/
LogInit: Installed Engine Build: 1
LogInit: Presizing for max 8388607 objects, including 0 objects not considered by GC, pre-allocating 0 bytes for permanent pool.
LogInit: Object subsystem initialized
[2018.01.13-21.57.19:205][  0]LogInit: Selected Device Profile: [Windows]
[2018.01.13-21.57.19:205][  0]LogInit: Applying CVar settings loaded from the selected device profile: [Windows]
[2018.01.13-21.57.19:219][  0]LogInit: Computer: DESKTOP-6NVMURH
[2018.01.13-21.57.19:219][  0]LogInit: User: uzivatel1
[2018.01.13-21.57.19:219][  0]LogInit: CPU Page size=4096, Cores=4
[2018.01.13-21.57.19:219][  0]LogInit: High frequency timer resolution =4.101562 MHz
[2018.01.13-21.57.19:219][  0]LogMemory: Memory total: Physical=16.0GB (16GB approx)
[2018.01.13-21.57.19:219][  0]LogMemory: Platform Memory Stats for Windows
[2018.01.13-21.57.19:219][  0]LogMemory: Process Physical Memory: 273.55 MB used, 273.55 MB peak
[2018.01.13-21.57.19:219][  0]LogMemory: Process Virtual Memory: 269.73 MB used, 269.73 MB peak
[2018.01.13-21.57.19:219][  0]LogMemory: Physical Memory: 6431.67 MB used,  9910.39 MB free, 16342.06 MB total
[2018.01.13-21.57.19:219][  0]LogMemory: Virtual Memory: 677.37 MB used,  9910.39 MB free, 134217728.00 MB total
[2018.01.13-21.57.20:061][  0]LogInit: Using OS detected language (cs-CZ).
[2018.01.13-21.57.20:061][  0]LogInit: Using OS detected locale (cs-CZ).
[2018.01.13-21.57.20:067][  0]LogTextLocalizationManager: No localization for 'cs-CZ' exists, so 'en' will be used for the language.
[2018.01.13-21.57.20:068][  0]LogTextLocalizationManager: No localization for 'cs-CZ' exists, so 'en' will be used for the locale.
[2018.01.13-21.57.20:366][  0]LogInit: Setting process to per monitor DPI aware
[2018.01.13-21.57.20:976][  0]LogD3D11RHI: D3D11 adapters:
[2018.01.13-21.57.21:026][  0]LogD3D11RHI:    0. 'NVIDIA GeForce GTX 1070' (Feature Level 11_0)
[2018.01.13-21.57.21:026][  0]LogD3D11RHI:       8096/0/8171 MB DedicatedVideo/DedicatedSystem/SharedSystem, Outputs:1, VendorId:0x10de
[2018.01.13-21.57.21:029][  0]LogD3D11RHI:    1. 'Microsoft Basic Render Driver' (Feature Level 11_0)
[2018.01.13-21.57.21:029][  0]LogD3D11RHI:       0/0/8171 MB DedicatedVideo/DedicatedSystem/SharedSystem, Outputs:0, VendorId:0x1414
[2018.01.13-21.57.21:029][  0]LogD3D11RHI: Chosen D3D11 Adapter: 0
[2018.01.13-21.57.21:035][  0]LogD3D11RHI: Creating new Direct3DDevice
[2018.01.13-21.57.21:035][  0]LogD3D11RHI:     GPU DeviceId: 0x1b81 (for the marketing name, search the web for "GPU Device Id")
[2018.01.13-21.57.21:035][  0]LogWindows: EnumDisplayDevices:
[2018.01.13-21.57.21:035][  0]LogWindows:    0. 'NVIDIA GeForce GTX 1070' (P:1 D:1)
[2018.01.13-21.57.21:035][  0]LogWindows:    1. 'NVIDIA GeForce GTX 1070' (P:0 D:0)
[2018.01.13-21.57.21:035][  0]LogWindows:    2. 'NVIDIA GeForce GTX 1070' (P:0 D:0)
[2018.01.13-21.57.21:035][  0]LogWindows:    3. 'NVIDIA GeForce GTX 1070' (P:0 D:0)
[2018.01.13-21.57.21:035][  0]LogWindows: DebugString: GetVideoDriverDetailsInvalid PrimaryIsNotTheChoosenAdapter GetVideoDriverDetailsInvalid PrimaryIsNotTheChoosenAdapter GetVideoDriverDetailsInvalid PrimaryIsNotTheChoosenAdapter GetVideoDriverDetailsInvalid PrimaryIsNotTheChoosenAdapter FoundDriverCount:0 
[2018.01.13-21.57.21:035][  0]LogD3D11RHI:     Adapter Name: NVIDIA GeForce GTX 1070
[2018.01.13-21.57.21:035][  0]LogD3D11RHI:   Driver Version: Unknown (internal:Unknown, unified:Unknown)
[2018.01.13-21.57.21:035][  0]LogD3D11RHI:      Driver Date: Unknown
[2018.01.13-21.57.21:035][  0]LogRHI: Texture pool is 5667 MB (70% of 8096 MB)
[2018.01.13-21.57.21:060][  0]LogD3D11RHI: Async texture creation enabled
[2018.01.13-21.57.21:129][  0]LogD3D11RHI: GPU Timing Frequency: 1000.000000 (Debug: 2 1)
[2018.01.13-21.57.21:176][  0]LogShaderCompilers: Guid format shader working directory is 27 characters bigger than the processId version (D:/repos/GWGame/GW_Game/Intermediate/Shaders/WorkingDirectory/25168/).
[2018.01.13-21.57.21:177][  0]LogShaderCompilers: Cleaned the shader compiler working directory 'C:/Users/uzivatel 1/AppData/Local/Temp/UnrealShaderWorkingDir/D6C5DD4049029B252226389677AB1823/'.
[2018.01.13-21.57.21:177][  0]LogShaderCompilers: Display: Using Local Shader Compiler.
[2018.01.13-21.57.22:807][  0]LogTemp: Display: Loaded TP AllDesktopTargetPlatform
[2018.01.13-21.57.23:037][  0]LogTemp: Display: Loaded TP MacClientTargetPlatform
[2018.01.13-21.57.23:268][  0]LogTemp: Display: Loaded TP MacNoEditorTargetPlatform
[2018.01.13-21.57.23:503][  0]LogTemp: Display: Loaded TP MacServerTargetPlatform
[2018.01.13-21.57.23:735][  0]LogTemp: Display: Loaded TP MacTargetPlatform
[2018.01.13-21.57.23:968][  0]LogTemp: Display: Loaded TP WindowsClientTargetPlatform
[2018.01.13-21.57.24:203][  0]LogTemp: Display: Loaded TP WindowsNoEditorTargetPlatform
[2018.01.13-21.57.24:435][  0]LogTemp: Display: Loaded TP WindowsServerTargetPlatform
[2018.01.13-21.57.24:660][  0]LogTemp: Display: Loaded TP WindowsTargetPlatform
[2018.01.13-21.57.24:889][  0]LogTemp: Display: Loaded TP Android_ASTCTargetPlatform
[2018.01.13-21.57.25:122][  0]LogTemp: Display: Loaded TP Android_ATCTargetPlatform
[2018.01.13-21.57.25:353][  0]LogTemp: Display: Loaded TP Android_DXTTargetPlatform
[2018.01.13-21.57.25:585][  0]LogTemp: Display: Loaded TP Android_ETC1TargetPlatform
[2018.01.13-21.57.25:819][  0]LogTemp: Display: Loaded TP Android_ETC2TargetPlatform
[2018.01.13-21.57.26:286][  0]LogTemp: Display: Loaded TP Android_MultiTargetPlatform
[2018.01.13-21.57.26:286][  0]LogTemp: Display: Loaded TP Android_PVRTCTargetPlatform
[2018.01.13-21.57.26:522][  0]LogTemp: Display: Loaded TP AndroidTargetPlatform
[2018.01.13-21.57.26:747][  0]LogTemp: Display: Loaded TP HTML5TargetPlatform
[2018.01.13-21.57.27:102][  0]LogTemp: Display: Loaded TP IOSTargetPlatform
[2018.01.13-21.57.27:215][  0]LogTemp: Display: Loaded TP TVOSTargetPlatform
[2018.01.13-21.57.27:446][  0]LogTemp: Display: Loaded TP LinuxClientTargetPlatform
[2018.01.13-21.57.27:678][  0]LogTemp: Display: Loaded TP LinuxNoEditorTargetPlatform
[2018.01.13-21.57.27:909][  0]LogTemp: Display: Loaded TP LinuxServerTargetPlatform
[2018.01.13-21.57.28:145][  0]LogTemp: Display: Loaded TP LinuxTargetPlatform
[2018.01.13-21.57.28:145][  0]LogTargetPlatformManager: Display: Building Assets For Windows
[2018.01.13-21.57.30:613][  0]LogDerivedDataCache: Display: Max Cache Size: 512 MB
[2018.01.13-21.57.30:664][  0]LogDerivedDataCache: Loaded boot cache 0.05s 78MB C:/Users/uzivatel 1/AppData/Local/UnrealEngine/4.18/DerivedDataCache/Boot.ddc.
[2018.01.13-21.57.30:665][  0]LogDerivedDataCache: Display: Loaded Boot cache: C:/Users/uzivatel 1/AppData/Local/UnrealEngine/4.18/DerivedDataCache/Boot.ddc
[2018.01.13-21.57.30:665][  0]LogDerivedDataCache: FDerivedDataBackendGraph:  Pak pak cache file D:/repos/GWGame/GW_Game/DerivedDataCache/DDC.ddp not found, will not use a pak cache.
[2018.01.13-21.57.30:665][  0]LogDerivedDataCache: Unable to find inner node Pak for hierarchical cache Hierarchy.
[2018.01.13-21.57.30:665][  0]LogDerivedDataCache: FDerivedDataBackendGraph:  CompressedPak pak cache file D:/repos/GWGame/GW_Game/DerivedDataCache/Compressed.ddp not found, will not use a pak cache.
[2018.01.13-21.57.30:665][  0]LogDerivedDataCache: Unable to find inner node CompressedPak for hierarchical cache Hierarchy.
[2018.01.13-21.57.30:676][  0]LogDerivedDataCache: Display: Pak cache opened for reading ../../../Engine/DerivedDataCache/Compressed.ddp.
[2018.01.13-21.57.30:691][  0]LogDerivedDataCache: Using Local data cache path C:/Users/uzivatel 1/AppData/Local/UnrealEngine/Common/DerivedDataCache: Writable
[2018.01.13-21.57.30:698][  0]LogMaterial: Verifying Global Shaders for PCD3D_SM5
[2018.01.13-21.57.30:698][  0]LogSlate: Using Freetype 2.6.0
[2018.01.13-21.57.30:699][  0]LogSlate: SlateFontCache - WITH_FREETYPE: 1, WITH_HARFBUZZ: 1
[2018.01.13-21.57.30:699][  0]LogSlate: SlateFontCache - WITH_FREETYPE: 1, WITH_HARFBUZZ: 1
[2018.01.13-21.57.31:134][  0]LogInit: Selected Device Profile: [Windows]
[2018.01.13-21.57.32:458][  0]LogSimplygon: Simplygon DLL not present - disabling.
[2018.01.13-21.57.32:684][  0]LogMeshReduction: Using SimplygonSwarm for distributed automatic mesh merging
[2018.01.13-21.57.32:684][  0]LogMeshReduction: Using QuadricMeshReduction for automatic static mesh reduction
[2018.01.13-21.57.32:684][  0]LogMeshReduction: No automatic skeletal mesh reduction module available
[2018.01.13-21.57.32:684][  0]LogMeshReduction: No automatic mesh merging module available
[2018.01.13-21.57.32:684][  0]LogMeshMerging: No automatic mesh merging module available
[2018.01.13-21.57.32:727][  0]LogNetVersion: GW_Game , NetCL: 3709383, EngineNetVer: 2, GameNetVer: 0 (Checksum: 4001666234)
[2018.01.13-21.57.33:090][  0]LogAssetRegistry: FAssetRegistry took 0.0262 seconds to start up
[2018.01.13-21.57.33:969][  0]LogPackageLocalizationCache: Processed 7 localized package path(s) for 1 prioritized culture(s) in 0.052280 seconds
[2018.01.13-21.57.33:973][  0]LogUObjectArray: 35900 objects as part of root set at end of initial load.
[2018.01.13-21.57.33:973][  0]LogUObjectAllocator: 7372024 out of 0 bytes used by permanent object pool.
[2018.01.13-21.57.33:973][  0]LogUObjectArray: CloseDisregardForGC: 0/0 objects in disregard for GC pool
[2018.01.13-21.57.34:296][  0]LogInit: WinSock: version 1.1 (2.2), MaxSocks=32767, MaxUdp=65467
[2018.01.13-21.57.43:986][  0]LogTcpMessaging: Initializing TcpMessaging bridge
[2018.01.13-21.57.44:142][  0]LogUdpMessaging: Initializing bridge on interface 0.0.0.0:0 to multicast group 230.0.0.1:6666.
[2018.01.13-21.57.47:411][  0]LogMaterial: Uniform references updated for custom material expression Custom.
[2018.01.13-21.57.49:188][  0]SourceControl: Source control is disabled
[2018.01.13-21.57.49:188][  0]SourceControl: Source control is disabled
[2018.01.13-21.57.49:446][  0]SourceControl: Source control is disabled
[2018.01.13-21.57.49:708][  0]SourceControl: Source control is disabled
[2018.01.13-21.57.53:613][  0]LogAndroidPermission: UAndroidPermissionCallbackProxy::GetInstance
[2018.01.13-21.57.54:899][  0]LogOcInput: OculusInput pre-init called
[2018.01.13-21.57.56:044][  0]LogEngine: Initializing Engine...
[2018.01.13-21.57.56:046][  0]LogHMD: Failed to initialize OpenVR with code 110
[2018.01.13-21.57.56:224][  0]LogStats: UGameplayTagsManager::ConstructGameplayTagTree: Construct from data asset -  0.000 s
[2018.01.13-21.57.56:224][  0]LogStats: UGameplayTagsManager::ConstructGameplayTagTree: GameplayTagTreeChangedEvent.Broadcast -  0.000 s
[2018.01.13-21.57.56:923][  0]LogAIModule: Creating AISystem for world Untitled
[2018.01.13-21.57.56:930][  0]LogInit: XAudio2 using 'U24E590-4 (NVIDIA High Definition Audio)' : 2 channels at 48 kHz using 16 bits per sample (channel mask 0x3)
[2018.01.13-21.57.56:944][  0]LogInit: FAudioDevice initialized.
[2018.01.13-21.57.57:044][  0]LogDerivedDataCache: Saved boot cache 0.10s 78MB C:/Users/uzivatel 1/AppData/Local/UnrealEngine/4.18/DerivedDataCache/Boot.ddc.
[2018.01.13-21.57.57:057][  0]LogInit: Texture streaming: Enabled
[2018.01.13-21.57.57:623][  0]LogEngineSessionManager: EngineSessionManager initialized
[2018.01.13-21.57.57:623][  0]LogEngineSessionManager: EngineSessionManager sent abnormal shutdown report. Type=Crashed, SessionId={5088B7C0-471E-7271-1A85-F38234A661C8}
[2018.01.13-21.57.58:303][  0]LogInit: Transaction tracking system initialized
[2018.01.13-21.58.00:002][  0]BlueprintLog: New page: Editor Load
[2018.01.13-21.58.04:840][  0]LocalizationService: Localization service is disabled
[2018.01.13-21.58.08:660][  0]LogConsoleResponse: Display: 
[2018.01.13-21.58.08:965][  0]LogCook: Display: Max memory allowance for cook 16384mb min free memory 0mb
[2018.01.13-21.58.08:965][  0]LogCook: Display: Mobile HDR setting 1
[2018.01.13-21.58.08:965][  0]LogGameplayTags: Display: UGameplayTagsManager::DoneAddingNativeTags. DelegateIsBound: 0
[2018.01.13-21.58.09:726][  0]LogFileCache: Scanning file cache for directory 'D:/repos/GWGame/GW_Game/Content/' took 0.02s
[2018.01.13-21.58.14:908][  0]SourceControl: Source control is disabled
[2018.01.13-21.58.14:909][  0]Cmd: MAP LOAD FILE="D:/repos/GWGame/GW_Game/Content/_Levels/BattleGround.umap" TEMPLATE=0 SHOWPROGRESS=1 FEATURELEVEL=3
[2018.01.13-21.58.14:909][  0]LightingResults: New page: Lighting Build
[2018.01.13-21.58.15:135][  0]MapCheck: New page: Map Check
[2018.01.13-21.58.15:135][  0]LightingResults: New page: Lighting Build
[2018.01.13-21.58.15:502][  0]LogAIModule: Creating AISystem for world BattleGround
[2018.01.13-21.58.15:549][  0]LogEditorServer: Finished looking for orphan Actors (0.000 secs)
[2018.01.13-21.58.15:557][  0]Cmd: MAP CHECKDEP NOCLEARLOG
[2018.01.13-21.58.15:721][  0]MapCheck: Map check complete: 0 Error(s), 0 Warning(s), took 163.585ms to complete.
[2018.01.13-21.58.15:721][  0]LogFileHelpers: Loading map 'BattleGround' took 0.813
[2018.01.13-21.58.16:117][  0]LogCollectionManager: Loaded 0 collections in 0.001458 seconds
[2018.01.13-21.58.16:384][  0]LogFileCache: Scanning file cache for directory 'D:/repos/GWGame/GW_Game/Saved/Collections/' took 0.01s
[2018.01.13-21.58.16:384][  0]LogFileCache: Scanning file cache for directory 'D:/repos/GWGame/GW_Game/Content/Developers/uzivatel1/Collections/' took 0.01s
[2018.01.13-21.58.16:384][  0]LogFileCache: Scanning file cache for directory 'D:/repos/GWGame/GW_Game/Content/Collections/' took 0.01s
[2018.01.13-21.58.16:384][  0]LogCollectionManager: Rebuilt the GUID cache for 0 collections in 0.000000 seconds
[2018.01.13-21.58.16:392][  0]LogContentBrowser: Native class hierarchy populated in 0.0073 seconds. Added 2372 classes and 524 folders.
[2018.01.13-21.58.16:756][  0]LogContentBrowser: Native class hierarchy updated for 'WidgetCarousel' in 0.0017 seconds. Added 0 classes and 0 folders.
[2018.01.13-21.58.16:836][  0]LogContentBrowser: Native class hierarchy updated for 'AddContentDialog' in 0.0016 seconds. Added 0 classes and 0 folders.
[2018.01.13-21.58.16:999][  0]LogSlate: Took 0.000255 seconds to synchronously load lazily loaded font '../../../Engine/Content/Slate/Fonts/Roboto-Regular.ttf' (155K)
[2018.01.13-21.58.17:000][  0]LogSlate: Took 0.000236 seconds to synchronously load lazily loaded font '../../../Engine/Content/Editor/Slate/Fonts/FontAwesome.ttf' (139K)
[2018.01.13-21.58.17:001][  0]LogSlate: Took 0.000231 seconds to synchronously load lazily loaded font '../../../Engine/Content/Slate/Fonts/Roboto-Bold.ttf' (160K)
[2018.01.13-21.58.17:005][  0]LogSlate: Took 0.000352 seconds to synchronously load lazily loaded font '../../../Engine/Content/Editor/Slate/Fonts/DroidSansMono.ttf' (77K)
[2018.01.13-21.58.17:090][  0]LogRenderer: Reallocating scene render targets to support 1088x756 Format 10 NumSamples 1 (Frame:1).
[2018.01.13-21.58.17:495][  0]LogContentBrowser: Native class hierarchy updated for 'HierarchicalLODOutliner' in 0.0017 seconds. Added 1 classes and 2 folders.
[2018.01.13-21.58.17:495][  0]LogLoad: (Engine Initialization) Total time: 64.72 seconds
[2018.01.13-21.58.17:495][  0]LogLoad: (Engine Initialization) Total Blueprint compile time: 0.00 seconds
[2018.01.13-21.58.17:495][  0]LogExternalProfiler: No external profilers were discovered.  External profiling features will not be available.
[2018.01.13-21.58.17:850][  0]LogAssetRegistry: Asset discovery search completed in 44.7816 seconds
[2018.01.13-21.58.17:851][  0]LogCollectionManager: Rebuilt the object cache for 0 collections in 0.000000 seconds (found 0 objects)
[2018.01.13-21.58.17:851][  0]LogCollectionManager: Fixed up redirectors for 0 collections in 0.000124 seconds (updated 0 objects)
[2018.01.13-21.58.17:853][  0]LogContentStreaming: Texture pool size now 1000 MB
[2018.01.13-21.58.18:836][  3]LogSlate: Took 0.000490 seconds to synchronously load lazily loaded font '../../../Engine/Content/Slate/Fonts/Roboto-Light.ttf' (159K)
[2018.01.13-21.58.24:540][ 65]Candidate modules for hot reload:
[2018.01.13-21.58.24:540][ 65]  GW_Game
[2018.01.13-21.58.24:540][ 65]Launching UnrealBuildTool... [C:/Program Files/Epic Games/UE_4.18/Engine/Binaries/DotNET/UnrealBuildTool.exe GW_Game -ModuleWithSuffix GW_Game 2365 Win64 Development -editorrecompile -canskiplink "D:/repos/GWGame/GW_Game/GW_Game.uproject" ]
[2018.01.13-21.58.24:558][ 65]Warning: Starting HotReload took  0.1s.
[2018.01.13-21.58.28:632][117]CompilerResultsLog: New page: Compilation - Jan 13, 2018, 11:58:28 PM
[2018.01.13-21.58.28:632][117]CompilerResultsLog: Using 'git status' to determine working set for adaptive non-unity build.
[2018.01.13-21.58.28:632][117]CompilerResultsLog: Compiling game modules for hot reload
[2018.01.13-21.58.28:632][117]CompilerResultsLog: Performing 3 actions (4 in parallel)
[2018.01.13-21.58.28:632][117]CompilerResultsLog: Assault.cpp
[2018.01.13-21.58.28:632][117]CompilerResultsLog: [2/3] Link UE4Editor-GW_Game-2365.dll
[2018.01.13-21.58.28:632][117]CompilerResultsLog: [3/3] Link UE4Editor-GW_Game-2365.lib
[2018.01.13-21.58.28:632][117]CompilerResultsLog:    Creating library D:\repos\GWGame\GW_Game\Intermediate\Build\Win64\UE4Editor\Development\UE4Editor-GW_Game-2365.suppressed.lib and object D:\repos\GWGame\GW_Game\Intermediate\Build\Win64\UE4Editor\Development\UE4Editor-GW_Game-2365.suppressed.exp
[2018.01.13-21.58.28:632][117]CompilerResultsLog:    Creating library D:\repos\GWGame\GW_Game\Intermediate\Build\Win64\UE4Editor\Development\UE4Editor-GW_Game-2365.lib and object D:\repos\GWGame\GW_Game\Intermediate\Build\Win64\UE4Editor\Development\UE4Editor-GW_Game-2365.exp
[2018.01.13-21.58.28:633][117]CompilerResultsLog: Total build time: 3,81 seconds (Local executor: 1,12 seconds)
[2018.01.13-21.58.28:633][117]LogMainFrame: MainFrame: Module compiling took 4.119 seconds
[2018.01.13-21.58.28:883][117]LogContentBrowser: Native class hierarchy updated for 'GW_Game' in 0.0018 seconds. Added 8 classes and 3 folders.
[2018.01.13-21.58.28:885][117]Display: HotReload successful (3 functions remapped  0 scriptstructs remapped)
[2018.01.13-21.58.28:953][117]LogContentBrowser: Native class hierarchy populated in 0.0077 seconds. Added 2373 classes and 526 folders.
[2018.01.13-21.58.28:954][117]Display: HotReload took  4.4s.
[2018.01.13-21.59.19:745][389]LogSlate: Took 0.000228 seconds to synchronously load lazily loaded font '../../../Engine/Content/Slate/Fonts/Roboto-Light.ttf' (159K)
[2018.01.13-21.59.20:280][389]LogContentBrowser: Native class hierarchy updated for 'BlueprintGraph' in 0.0019 seconds. Added 116 classes and 0 folders.
[2018.01.13-21.59.20:733][389]LogSlate: Took 0.000232 seconds to synchronously load lazily loaded font '../../../Engine/Content/Slate/Fonts/Roboto-Regular.ttf' (155K)
[2018.01.13-21.59.20:797][389]LogSlate: Took 0.000422 seconds to synchronously load lazily loaded font '../../../Engine/Content/Editor/Slate/Fonts/Roboto-BoldCondensed.ttf' (158K)
[2018.01.13-21.59.20:842][390]LogSlate: Took 0.000349 seconds to synchronously load lazily loaded font '../../../Engine/Content/Editor/Slate/Fonts/Roboto-Italic.ttf' (157K)
[2018.01.13-21.59.37:369][130]LogRenderer: Reallocating scene render targets to support 1140x756 Format 10 NumSamples 1 (Frame:1).
[2018.01.13-21.59.46:448][629]LogRenderer: Reallocating scene render targets to support 1432x924 Format 10 NumSamples 1 (Frame:1).
[2018.01.13-21.59.58:701][361]Cmd: OBJ SAVEPACKAGE PACKAGE="/Game/Characters/Assault/AssaultBarrel_New" FILE="D:/repos/GWGame/GW_Game/Content/Characters/Assault/AssaultBarrel_New.uasset" SILENT=true
[2018.01.13-21.59.58:731][361]LogSavePackage: Save=14.04ms
[2018.01.13-21.59.58:731][361]LogSavePackage: Moving 'D:/repos/GWGame/GW_Game/Saved/AssaultBarrel_New7166D4AC4513717B4529FCB7D396C858.tmp' to 'D:/repos/GWGame/GW_Game/Content/Characters/Assault/AssaultBarrel_New.uasset'
[2018.01.13-21.59.58:739][361]LogSavePackage: Display: Finished SavePackage D:/repos/GWGame/GW_Game/Content/Characters/Assault/AssaultBarrel_New.uasset
[2018.01.13-22.00.02:819][543]Cmd: OBJ SAVEPACKAGE PACKAGE="/Game/Characters/Assault/Assault_BP" FILE="D:/repos/GWGame/GW_Game/Content/Characters/Assault/Assault_BP.uasset" SILENT=true
[2018.01.13-22.00.02:872][543]LogSavePackage: Save=34.00ms
[2018.01.13-22.00.02:872][543]LogSavePackage: Moving 'D:/repos/GWGame/GW_Game/Saved/Assault_BPF1875F614E62B1B408F52AB9560E9A78.tmp' to 'D:/repos/GWGame/GW_Game/Content/Characters/Assault/Assault_BP.uasset'
[2018.01.13-22.00.02:878][543]LogSavePackage: Display: Finished SavePackage D:/repos/GWGame/GW_Game/Content/Characters/Assault/Assault_BP.uasset
[2018.01.13-22.00.29:092][769]Cmd: OBJ SAVEPACKAGE PACKAGE="/Game/Characters/Sniper/Sniper_BarrelMB" FILE="D:/repos/GWGame/GW_Game/Content/Characters/Sniper/Sniper_BarrelMB.uasset" SILENT=true
[2018.01.13-22.00.29:123][769]LogSavePackage: Save=14.84ms
[2018.01.13-22.00.29:123][769]LogSavePackage: Moving 'D:/repos/GWGame/GW_Game/Saved/Sniper_BarrelMB69A9856D42BF2E209CFD13AB219E7473.tmp' to 'D:/repos/GWGame/GW_Game/Content/Characters/Sniper/Sniper_BarrelMB.uasset'
[2018.01.13-22.00.29:129][769]LogSavePackage: Display: Finished SavePackage D:/repos/GWGame/GW_Game/Content/Characters/Sniper/Sniper_BarrelMB.uasset
[2018.01.13-22.00.34:132][  7]Cmd: OBJ SAVEPACKAGE PACKAGE="/Game/Characters/Sniper/Sniper_BP" FILE="D:/repos/GWGame/GW_Game/Content/Characters/Sniper/Sniper_BP.uasset" SILENT=true
[2018.01.13-22.00.34:187][  7]LogSavePackage: Save=36.77ms
[2018.01.13-22.00.34:187][  7]LogSavePackage: Moving 'D:/repos/GWGame/GW_Game/Saved/Sniper_BPF7CB60094585B2EBC772058CAC35BE46.tmp' to 'D:/repos/GWGame/GW_Game/Content/Characters/Sniper/Sniper_BP.uasset'
[2018.01.13-22.00.34:193][  7]LogSavePackage: Display: Finished SavePackage D:/repos/GWGame/GW_Game/Content/Characters/Sniper/Sniper_BP.uasset
[2018.01.13-22.00.34:484][ 18]BlueprintLog: New page: Compile Sniper_BP
[2018.01.13-22.00.35:164][ 32]Cmd: OBJ SAVEPACKAGE PACKAGE="/Game/Characters/Sniper/Sniper_BP" FILE="D:/repos/GWGame/GW_Game/Content/Characters/Sniper/Sniper_BP.uasset" SILENT=true
[2018.01.13-22.00.35:205][ 32]LogSavePackage: Save=31.04ms
[2018.01.13-22.00.35:205][ 32]LogSavePackage: Moving 'D:/repos/GWGame/GW_Game/Saved/Sniper_BP814E8645496DFB9F2CE6469FC6FB9249.tmp' to 'D:/repos/GWGame/GW_Game/Content/Characters/Sniper/Sniper_BP.uasset'
[2018.01.13-22.00.35:207][ 32]LogSavePackage: Display: Finished SavePackage D:/repos/GWGame/GW_Game/Content/Characters/Sniper/Sniper_BP.uasset
[2018.01.13-22.00.47:450][735]Cmd: OBJ SAVEPACKAGE PACKAGE="/Game/Characters/Heavy/Heavy_Barrel" FILE="D:/repos/GWGame/GW_Game/Content/Characters/Heavy/Heavy_Barrel.uasset" SILENT=true
[2018.01.13-22.00.47:479][735]LogSavePackage: Save=13.71ms
[2018.01.13-22.00.47:479][735]LogSavePackage: Moving 'D:/repos/GWGame/GW_Game/Saved/Heavy_BarrelA07682934137B38FA39EF4B65991ECBF.tmp' to 'D:/repos/GWGame/GW_Game/Content/Characters/Heavy/Heavy_Barrel.uasset'
[2018.01.13-22.00.47:484][735]LogSavePackage: Display: Finished SavePackage D:/repos/GWGame/GW_Game/Content/Characters/Heavy/Heavy_Barrel.uasset
[2018.01.13-22.00.49:472][846]BlueprintLog: New page: Compile Heavy_BP
[2018.01.13-22.00.49:888][851]Cmd: OBJ SAVEPACKAGE PACKAGE="/Game/Characters/Heavy/Heavy_BP" FILE="D:/repos/GWGame/GW_Game/Content/Characters/Heavy/Heavy_BP.uasset" SILENT=true
[2018.01.13-22.00.49:935][851]LogSavePackage: Save=31.62ms
[2018.01.13-22.00.49:935][851]LogSavePackage: Moving 'D:/repos/GWGame/GW_Game/Saved/Heavy_BPF874970A4E11C6E8EA52BF91A5853F05.tmp' to 'D:/repos/GWGame/GW_Game/Content/Characters/Heavy/Heavy_BP.uasset'
[2018.01.13-22.00.49:937][851]LogSavePackage: Display: Finished SavePackage D:/repos/GWGame/GW_Game/Content/Characters/Heavy/Heavy_BP.uasset
[2018.01.13-22.00.52:448][992]Cmd: OBJ SAVEPACKAGE PACKAGE="/Game/_Levels/BattleGround" FILE="D:/repos/GWGame/GW_Game/Content/_Levels/BattleGround.umap" SILENT=true AUTOSAVING=false KEEPDIRTY=false
[2018.01.13-22.00.52:775][992]LogSavePackage: Save=260.17ms
[2018.01.13-22.00.52:775][992]LogSavePackage: Moving 'D:/repos/GWGame/GW_Game/Saved/BattleGround700B5C9A4DDE559080143680A00D0186.tmp' to 'D:/repos/GWGame/GW_Game/Content/_Levels/BattleGround.umap'
[2018.01.13-22.00.52:781][992]LogSavePackage: Display: Finished SavePackage D:/repos/GWGame/GW_Game/Content/_Levels/BattleGround.umap
[2018.01.13-22.00.52:808][992]LogFileHelpers: Saving map 'BattleGround' took 0.538
[2018.01.13-22.00.53:345][ 30]LogTemp: Repeating last play command: Selected Viewport
[2018.01.13-22.00.53:386][ 30]LogBlueprintUserMessages: Early PlayInEditor Detection: Level '/Game/_Levels/BattleGround.BattleGround:PersistentLevel' has LevelScriptBlueprint '/Game/_Levels/BattleGround.BattleGround:PersistentLevel.BattleGround' with GeneratedClass '/Game/_Levels/BattleGround.BattleGround_C' with ClassGeneratedBy '/Game/_Levels/BattleGround.BattleGround:PersistentLevel.BattleGround'
[2018.01.13-22.00.53:386][ 30]LogPlayLevel: PlayLevel: No blueprints needed recompiling
[2018.01.13-22.00.53:387][ 30]PIE: New page: PIE session: BattleGround (Jan 14, 2018, 12:00:53 AM)
[2018.01.13-22.00.53:387][ 30]LogPlayLevel: Creating play world package: /Game/_Levels/UEDPIE_0_BattleGround
[2018.01.13-22.00.53:395][ 30]LogPlayLevel: PIE: StaticDuplicateObject took: (0.007741s)
[2018.01.13-22.00.53:395][ 30]LogAIModule: Creating AISystem for world BattleGround
[2018.01.13-22.00.53:395][ 30]LogPlayLevel: PIE: World Init took: (0.000611s)
[2018.01.13-22.00.53:395][ 30]LogPlayLevel: PIE: Created PIE world by copying editor world from /Game/_Levels/BattleGround.BattleGround to /Game/_Levels/UEDPIE_0_BattleGround.BattleGround (0.008768s)
[2018.01.13-22.00.53:410][ 30]LogInit: XAudio2 using 'U24E590-4 (NVIDIA High Definition Audio)' : 2 channels at 48 kHz using 16 bits per sample (channel mask 0x3)
[2018.01.13-22.00.53:417][ 30]LogInit: FAudioDevice initialized.
[2018.01.13-22.00.53:470][ 30]LogLoad: Game class is 'AssaultGameMode_BP_C'
[2018.01.13-22.00.53:473][ 30]LogWorld: Bringing World /Game/_Levels/UEDPIE_0_BattleGround.BattleGround up for play (max tick rate 0) at 2018.01.13-23.00.53
[2018.01.13-22.00.53:473][ 30]LogWorld: Bringing up level for play took: 0.001937
[2018.01.13-22.00.53:706][ 30]LogContentBrowser: Native class hierarchy updated for 'MovieSceneCapture' in 0.0019 seconds. Added 11 classes and 0 folders.
[2018.01.13-22.00.53:706][ 30]LogTemp: Warning: AIController can't find player tank
[2018.01.13-22.00.53:706][ 30]LogTemp: Warning: AIController can't find player tank
[2018.01.13-22.00.53:706][ 30]LogTemp: Warning: AIController can't find player tank
[2018.01.13-22.00.53:707][ 30]LogTemp: Warning: PlayerController not possessing a tank
[2018.01.13-22.00.53:707][ 30]PIE: Play in editor start time for /Game/_Levels/UEDPIE_0_BattleGround 0.143
[2018.01.13-22.00.53:708][ 30]LogBlueprintUserMessages: Late PlayInEditor Detection: Level '/Game/_Levels/BattleGround.BattleGround:PersistentLevel' has LevelScriptBlueprint '/Game/_Levels/BattleGround.BattleGround:PersistentLevel.BattleGround' with GeneratedClass '/Game/_Levels/BattleGround.BattleGround_C' with ClassGeneratedBy '/Game/_Levels/BattleGround.BattleGround:PersistentLevel.BattleGround'
[2018.01.13-22.00.58:070][400]LogBlueprintUserMessages: Early EndPlayMap Detection: Level '/Game/_Levels/BattleGround.BattleGround:PersistentLevel' has LevelScriptBlueprint '/Game/_Levels/BattleGround.BattleGround:PersistentLevel.BattleGround' with GeneratedClass '/Game/_Levels/BattleGround.BattleGround_C' with ClassGeneratedBy '/Game/_Levels/BattleGround.BattleGround:PersistentLevel.BattleGround'
[2018.01.13-22.00.58:108][400]LogBlueprintUserMessages: Late EndPlayMap Detection: Level '/Game/_Levels/BattleGround.BattleGround:PersistentLevel' has LevelScriptBlueprint '/Game/_Levels/BattleGround.BattleGround:PersistentLevel.BattleGround' with GeneratedClass '/Game/_Levels/BattleGround.BattleGround_C' with ClassGeneratedBy '/Game/_Levels/BattleGround.BattleGround:PersistentLevel.BattleGround'
[2018.01.13-22.05.38:747][ 13]Candidate modules for hot reload:
[2018.01.13-22.05.38:747][ 13]  GW_Game
[2018.01.13-22.05.38:747][ 13]Launching UnrealBuildTool... [C:/Program Files/Epic Games/UE_4.18/Engine/Binaries/DotNET/UnrealBuildTool.exe GW_Game -ModuleWithSuffix GW_Game 9217 Win64 Development -editorrecompile -canskiplink "D:/repos/GWGame/GW_Game/GW_Game.uproject" ]
[2018.01.13-22.05.38:764][ 13]Warning: Starting HotReload took  0.0s.
[2018.01.13-22.05.51:467][664]CompilerResultsLog: New page: Compilation - Jan 14, 2018, 12:05:51 AM
[2018.01.13-22.05.51:467][664]CompilerResultsLog: Using 'git status' to determine working set for adaptive non-unity build.
[2018.01.13-22.05.51:468][664]CompilerResultsLog: Compiling game modules for hot reload
[2018.01.13-22.05.51:468][664]CompilerResultsLog: Parsing headers for GW_GameEditor
[2018.01.13-22.05.51:468][664]CompilerResultsLog:   Running UnrealHeaderTool "D:\repos\GWGame\GW_Game\GW_Game.uproject" "D:\repos\GWGame\GW_Game\Intermediate\Build\Win64\GW_GameEditor\Development\GW_GameEditor.uhtmanifest" -LogCmds="loginit warning, logexit warning, logdatabase error" -Unattended -WarningsAsErrors -installed
[2018.01.13-22.05.51:468][664]CompilerResultsLog: Reflection code generated for GW_GameEditor in 7,9089537 seconds
[2018.01.13-22.05.51:468][664]CompilerResultsLog: Performing 5 actions (4 in parallel)
[2018.01.13-22.05.51:468][664]CompilerResultsLog: Projectile.gen.cpp
[2018.01.13-22.05.51:468][664]CompilerResultsLog: Projectile.cpp
[2018.01.13-22.05.51:468][664]CompilerResultsLog: Assault.cpp
[2018.01.13-22.05.51:468][664]CompilerResultsLog: Error: D:\repos\GWGame\GW_Game\Source\GW_Game\Private\Assault.cpp(58) : error C2248: 'AProjectile::LaunchProjectile': cannot access private member declared in class 'AProjectile'
[2018.01.13-22.05.51:468][664]CompilerResultsLog: Error: D:\repos\GWGame\GW_Game\Source\GW_Game\Public\Projectile.h(23) : note: see declaration of 'AProjectile::LaunchProjectile'
[2018.01.13-22.05.51:468][664]CompilerResultsLog: Error: D:\repos\GWGame\GW_Game\Source\GW_Game\Public\Projectile.h(9) : note: see declaration of 'AProjectile'
[2018.01.13-22.05.51:468][664]CompilerResultsLog: ERROR: UBT ERROR: Failed to produce item: D:\repos\GWGame\GW_Game\Binaries\Win64\UE4Editor-GW_Game-9217.dll
[2018.01.13-22.05.51:469][664]CompilerResultsLog: Total build time: 12,25 seconds (Local executor: 0,00 seconds)
[2018.01.13-22.05.51:469][664]LogMainFrame: MainFrame: Module compiling took 12.727 seconds
[2018.01.13-22.05.51:469][664]Warning: HotReload failed, recompile failed
[2018.01.13-22.06.59:756][167]Candidate modules for hot reload:
[2018.01.13-22.06.59:756][167]  GW_Game
[2018.01.13-22.06.59:756][167]Launching UnrealBuildTool... [C:/Program Files/Epic Games/UE_4.18/Engine/Binaries/DotNET/UnrealBuildTool.exe GW_Game -ModuleWithSuffix GW_Game 2341 Win64 Development -editorrecompile -canskiplink "D:/repos/GWGame/GW_Game/GW_Game.uproject" ]
[2018.01.13-22.06.59:774][167]Warning: Starting HotReload took  0.0s.
[2018.01.13-22.07.12:566][773]CompilerResultsLog: New page: Compilation - Jan 14, 2018, 12:07:12 AM
[2018.01.13-22.07.12:567][773]CompilerResultsLog: Using 'git status' to determine working set for adaptive non-unity build.
[2018.01.13-22.07.12:567][773]CompilerResultsLog: Compiling game modules for hot reload
[2018.01.13-22.07.12:567][773]CompilerResultsLog: Parsing headers for GW_GameEditor
[2018.01.13-22.07.12:567][773]CompilerResultsLog:   Running UnrealHeaderTool "D:\repos\GWGame\GW_Game\GW_Game.uproject" "D:\repos\GWGame\GW_Game\Intermediate\Build\Win64\GW_GameEditor\Development\GW_GameEditor.uhtmanifest" -LogCmds="loginit warning, logexit warning, logdatabase error" -Unattended -WarningsAsErrors -installed
[2018.01.13-22.07.12:567][773]CompilerResultsLog: Reflection code generated for GW_GameEditor in 7,7972528 seconds
[2018.01.13-22.07.12:567][773]CompilerResultsLog: Performing 5 actions (4 in parallel)
[2018.01.13-22.07.12:568][773]CompilerResultsLog: Projectile.gen.cpp
[2018.01.13-22.07.12:568][773]CompilerResultsLog: Projectile.cpp
[2018.01.13-22.07.12:568][773]CompilerResultsLog: Assault.cpp
[2018.01.13-22.07.12:568][773]CompilerResultsLog: [4/5] Link UE4Editor-GW_Game-2341.dll
[2018.01.13-22.07.12:568][773]CompilerResultsLog: [5/5] Link UE4Editor-GW_Game-2341.lib
[2018.01.13-22.07.12:568][773]CompilerResultsLog:    Creating library D:\repos\GWGame\GW_Game\Intermediate\Build\Win64\UE4Editor\Development\UE4Editor-GW_Game-2341.suppressed.lib and object D:\repos\GWGame\GW_Game\Intermediate\Build\Win64\UE4Editor\Development\UE4Editor-GW_Game-2341.suppressed.exp
[2018.01.13-22.07.12:568][773]CompilerResultsLog:    Creating library D:\repos\GWGame\GW_Game\Intermediate\Build\Win64\UE4Editor\Development\UE4Editor-GW_Game-2341.lib and object D:\repos\GWGame\GW_Game\Intermediate\Build\Win64\UE4Editor\Development\UE4Editor-GW_Game-2341.exp
[2018.01.13-22.07.12:568][773]CompilerResultsLog: Total build time: 12,59 seconds (Local executor: 1,32 seconds)
[2018.01.13-22.07.12:569][773]LogMainFrame: MainFrame: Module compiling took 12.821 seconds
[2018.01.13-22.07.12:845][773]LogContentBrowser: Native class hierarchy updated for 'GW_Game' in 0.0018 seconds. Added 8 classes and 3 folders.
[2018.01.13-22.07.12:847][773]Display: HotReload successful (3 functions remapped  0 scriptstructs remapped)
[2018.01.13-22.07.13:055][773]LogContentBrowser: Native class hierarchy populated in 0.0077 seconds. Added 2373 classes and 526 folders.
[2018.01.13-22.07.13:056][773]Display: HotReload took 13.3s.
[2018.01.13-22.07.14:000][812]LogTemp: Repeating last play command: Selected Viewport
[2018.01.13-22.07.14:014][812]LogBlueprintUserMessages: Early PlayInEditor Detection: Level '/Game/_Levels/BattleGround.BattleGround:PersistentLevel' has LevelScriptBlueprint '/Game/_Levels/BattleGround.BattleGround:PersistentLevel.BattleGround' with GeneratedClass '/Game/_Levels/BattleGround.BattleGround_C' with ClassGeneratedBy '/Game/_Levels/BattleGround.BattleGround:PersistentLevel.BattleGround'
[2018.01.13-22.07.14:014][812]LogPlayLevel: PlayLevel: No blueprints needed recompiling
[2018.01.13-22.07.14:014][812]PIE: New page: PIE session: BattleGround (Jan 14, 2018, 12:07:14 AM)
[2018.01.13-22.07.14:014][812]LogPlayLevel: Creating play world package: /Game/_Levels/UEDPIE_0_BattleGround
[2018.01.13-22.07.14:024][812]LogPlayLevel: PIE: StaticDuplicateObject took: (0.009147s)
[2018.01.13-22.07.14:024][812]LogAIModule: Creating AISystem for world BattleGround
[2018.01.13-22.07.14:024][812]LogPlayLevel: PIE: World Init took: (0.000608s)
[2018.01.13-22.07.14:025][812]LogPlayLevel: PIE: Created PIE world by copying editor world from /Game/_Levels/BattleGround.BattleGround to /Game/_Levels/UEDPIE_0_BattleGround.BattleGround (0.010139s)
[2018.01.13-22.07.14:064][812]LogInit: XAudio2 using 'U24E590-4 (NVIDIA High Definition Audio)' : 2 channels at 48 kHz using 16 bits per sample (channel mask 0x3)
[2018.01.13-22.07.14:071][812]LogInit: FAudioDevice initialized.
[2018.01.13-22.07.14:104][812]LogLoad: Game class is 'AssaultGameMode_BP_C'
[2018.01.13-22.07.14:106][812]LogWorld: Bringing World /Game/_Levels/UEDPIE_0_BattleGround.BattleGround up for play (max tick rate 0) at 2018.01.13-23.07.14
[2018.01.13-22.07.14:107][812]LogWorld: Bringing up level for play took: 0.001948
[2018.01.13-22.07.14:107][812]LogTemp: Warning: AIController can't find player tank
[2018.01.13-22.07.14:108][812]LogTemp: Warning: AIController can't find player tank
[2018.01.13-22.07.14:108][812]LogTemp: Warning: AIController can't find player tank
[2018.01.13-22.07.14:108][812]LogTemp: Warning: PlayerController not possessing a tank
[2018.01.13-22.07.14:108][812]PIE: Play in editor start time for /Game/_Levels/UEDPIE_0_BattleGround 0.544
[2018.01.13-22.07.14:109][812]LogBlueprintUserMessages: Late PlayInEditor Detection: Level '/Game/_Levels/BattleGround.BattleGround:PersistentLevel' has LevelScriptBlueprint '/Game/_Levels/BattleGround.BattleGround:PersistentLevel.BattleGround' with GeneratedClass '/Game/_Levels/BattleGround.BattleGround_C' with ClassGeneratedBy '/Game/_Levels/BattleGround.BattleGround:PersistentLevel.BattleGround'
[2018.01.13-22.07.19:256][118]LogBlueprintUserMessages: Early EndPlayMap Detection: Level '/Game/_Levels/BattleGround.BattleGround:PersistentLevel' has LevelScriptBlueprint '/Game/_Levels/BattleGround.BattleGround:PersistentLevel.BattleGround' with GeneratedClass '/Game/_Levels/BattleGround.BattleGround_C' with ClassGeneratedBy '/Game/_Levels/BattleGround.BattleGround:PersistentLevel.BattleGround'
[2018.01.13-22.07.19:302][118]LogBlueprintUserMessages: Late EndPlayMap Detection: Level '/Game/_Levels/BattleGround.BattleGround:PersistentLevel' has LevelScriptBlueprint '/Game/_Levels/BattleGround.BattleGround:PersistentLevel.BattleGround' with GeneratedClass '/Game/_Levels/BattleGround.BattleGround_C' with ClassGeneratedBy '/Game/_Levels/BattleGround.BattleGround:PersistentLevel.BattleGround'
[2018.01.13-22.12.26:852][476]Candidate modules for hot reload:
[2018.01.13-22.12.26:852][476]  GW_Game
[2018.01.13-22.12.26:852][476]Launching UnrealBuildTool... [C:/Program Files/Epic Games/UE_4.18/Engine/Binaries/DotNET/UnrealBuildTool.exe GW_Game -ModuleWithSuffix GW_Game 974 Win64 Development -editorrecompile -canskiplink "D:/repos/GWGame/GW_Game/GW_Game.uproject" ]
[2018.01.13-22.12.26:871][476]Warning: Starting HotReload took  0.0s.
[2018.01.13-22.12.31:158][675]CompilerResultsLog: New page: Compilation - Jan 14, 2018, 12:12:31 AM
[2018.01.13-22.12.31:158][675]CompilerResultsLog: Using 'git status' to determine working set for adaptive non-unity build.
[2018.01.13-22.12.31:158][675]CompilerResultsLog: Compiling game modules for hot reload
[2018.01.13-22.12.31:159][675]CompilerResultsLog: Performing 3 actions (4 in parallel)
[2018.01.13-22.12.31:159][675]CompilerResultsLog: Assault.cpp
[2018.01.13-22.12.31:159][675]CompilerResultsLog: [2/3] Link UE4Editor-GW_Game-974.dll
[2018.01.13-22.12.31:159][675]CompilerResultsLog: [3/3] Link UE4Editor-GW_Game-974.lib
[2018.01.13-22.12.31:159][675]CompilerResultsLog:    Creating library D:\repos\GWGame\GW_Game\Intermediate\Build\Win64\UE4Editor\Development\UE4Editor-GW_Game-974.suppressed.lib and object D:\repos\GWGame\GW_Game\Intermediate\Build\Win64\UE4Editor\Development\UE4Editor-GW_Game-974.suppressed.exp
[2018.01.13-22.12.31:159][675]CompilerResultsLog:    Creating library D:\repos\GWGame\GW_Game\Intermediate\Build\Win64\UE4Editor\Development\UE4Editor-GW_Game-974.lib and object D:\repos\GWGame\GW_Game\Intermediate\Build\Win64\UE4Editor\Development\UE4Editor-GW_Game-974.exp
[2018.01.13-22.12.31:159][675]CompilerResultsLog: Total build time: 4,06 seconds (Local executor: 1,22 seconds)
[2018.01.13-22.12.31:159][675]LogMainFrame: MainFrame: Module compiling took 4.310 seconds
[2018.01.13-22.12.31:415][675]LogContentBrowser: Native class hierarchy updated for 'GW_Game' in 0.0018 seconds. Added 8 classes and 3 folders.
[2018.01.13-22.12.31:417][675]Display: HotReload successful (3 functions remapped  0 scriptstructs remapped)
[2018.01.13-22.12.31:618][675]LogContentBrowser: Native class hierarchy populated in 0.0077 seconds. Added 2373 classes and 526 folders.
[2018.01.13-22.12.31:618][675]Display: HotReload took  4.8s.
[2018.01.13-22.12.33:936][753]LogTemp: Repeating last play command: Selected Viewport
[2018.01.13-22.12.33:950][753]LogBlueprintUserMessages: Early PlayInEditor Detection: Level '/Game/_Levels/BattleGround.BattleGround:PersistentLevel' has LevelScriptBlueprint '/Game/_Levels/BattleGround.BattleGround:PersistentLevel.BattleGround' with GeneratedClass '/Game/_Levels/BattleGround.BattleGround_C' with ClassGeneratedBy '/Game/_Levels/BattleGround.BattleGround:PersistentLevel.BattleGround'
[2018.01.13-22.12.33:950][753]LogPlayLevel: PlayLevel: No blueprints needed recompiling
[2018.01.13-22.12.33:950][753]PIE: New page: PIE session: BattleGround (Jan 14, 2018, 12:12:33 AM)
[2018.01.13-22.12.33:951][753]LogPlayLevel: Creating play world package: /Game/_Levels/UEDPIE_0_BattleGround
[2018.01.13-22.12.33:959][753]LogPlayLevel: PIE: StaticDuplicateObject took: (0.007922s)
[2018.01.13-22.12.33:959][753]LogAIModule: Creating AISystem for world BattleGround
[2018.01.13-22.12.33:959][753]LogPlayLevel: PIE: World Init took: (0.000737s)
[2018.01.13-22.12.33:960][753]LogPlayLevel: PIE: Created PIE world by copying editor world from /Game/_Levels/BattleGround.BattleGround to /Game/_Levels/UEDPIE_0_BattleGround.BattleGround (0.009095s)
[2018.01.13-22.12.34:002][753]LogInit: XAudio2 using 'U24E590-4 (NVIDIA High Definition Audio)' : 2 channels at 48 kHz using 16 bits per sample (channel mask 0x3)
[2018.01.13-22.12.34:009][753]LogInit: FAudioDevice initialized.
[2018.01.13-22.12.34:041][753]LogLoad: Game class is 'AssaultGameMode_BP_C'
[2018.01.13-22.12.34:043][753]LogWorld: Bringing World /Game/_Levels/UEDPIE_0_BattleGround.BattleGround up for play (max tick rate 0) at 2018.01.13-23.12.34
[2018.01.13-22.12.34:044][753]LogWorld: Bringing up level for play took: 0.002008
[2018.01.13-22.12.34:045][753]LogTemp: Warning: AIController can't find player tank
[2018.01.13-22.12.34:045][753]LogTemp: Warning: AIController can't find player tank
[2018.01.13-22.12.34:045][753]LogTemp: Warning: AIController can't find player tank
[2018.01.13-22.12.34:045][753]LogTemp: Warning: PlayerController not possessing a tank
[2018.01.13-22.12.34:046][753]PIE: Play in editor start time for /Game/_Levels/UEDPIE_0_BattleGround 0.481
[2018.01.13-22.12.34:046][753]LogBlueprintUserMessages: Late PlayInEditor Detection: Level '/Game/_Levels/BattleGround.BattleGround:PersistentLevel' has LevelScriptBlueprint '/Game/_Levels/BattleGround.BattleGround:PersistentLevel.BattleGround' with GeneratedClass '/Game/_Levels/BattleGround.BattleGround_C' with ClassGeneratedBy '/Game/_Levels/BattleGround.BattleGround:PersistentLevel.BattleGround'
[2018.01.13-22.12.36:149][854]LogTemp: Warning: FEUER FREI!
[2018.01.13-22.12.36:150][854]LogTemp: Warning: 2.292528: Projectile fires at 4000.000000
[2018.01.13-22.12.39:532][114]LogTemp: Warning: FEUER FREI!
[2018.01.13-22.12.39:533][114]LogTemp: Warning: 5.676243: Projectile fires at 4000.000000
[2018.01.13-22.12.45:365][814]LogTemp: Warning: FEUER FREI!
[2018.01.13-22.12.45:366][814]LogTemp: Warning: 11.509561: Projectile fires at 4000.000000
[2018.01.13-22.12.46:792][985]LogBlueprintUserMessages: Early EndPlayMap Detection: Level '/Game/_Levels/BattleGround.BattleGround:PersistentLevel' has LevelScriptBlueprint '/Game/_Levels/BattleGround.BattleGround:PersistentLevel.BattleGround' with GeneratedClass '/Game/_Levels/BattleGround.BattleGround_C' with ClassGeneratedBy '/Game/_Levels/BattleGround.BattleGround:PersistentLevel.BattleGround'
[2018.01.13-22.12.46:825][985]LogBlueprintUserMessages: Late EndPlayMap Detection: Level '/Game/_Levels/BattleGround.BattleGround:PersistentLevel' has LevelScriptBlueprint '/Game/_Levels/BattleGround.BattleGround:PersistentLevel.BattleGround' with GeneratedClass '/Game/_Levels/BattleGround.BattleGround_C' with ClassGeneratedBy '/Game/_Levels/BattleGround.BattleGround:PersistentLevel.BattleGround'
[2018.01.13-22.19.14:743][727]Candidate modules for hot reload:
[2018.01.13-22.19.14:744][727]  GW_Game
[2018.01.13-22.19.14:744][727]Launching UnrealBuildTool... [C:/Program Files/Epic Games/UE_4.18/Engine/Binaries/DotNET/UnrealBuildTool.exe GW_Game -ModuleWithSuffix GW_Game 4551 Win64 Development -editorrecompile -canskiplink "D:/repos/GWGame/GW_Game/GW_Game.uproject" ]
[2018.01.13-22.19.14:762][727]Warning: Starting HotReload took  0.0s.
[2018.01.13-22.19.27:986][303]CompilerResultsLog: New page: Compilation - Jan 14, 2018, 12:19:27 AM
[2018.01.13-22.19.27:987][303]CompilerResultsLog: Using 'git status' to determine working set for adaptive non-unity build.
[2018.01.13-22.19.27:987][303]CompilerResultsLog: Compiling game modules for hot reload
[2018.01.13-22.19.27:987][303]CompilerResultsLog: Parsing headers for GW_GameEditor
[2018.01.13-22.19.27:987][303]CompilerResultsLog:   Running UnrealHeaderTool "D:\repos\GWGame\GW_Game\GW_Game.uproject" "D:\repos\GWGame\GW_Game\Intermediate\Build\Win64\GW_GameEditor\Development\GW_GameEditor.uhtmanifest" -LogCmds="loginit warning, logexit warning, logdatabase error" -Unattended -WarningsAsErrors -installed
[2018.01.13-22.19.27:987][303]CompilerResultsLog: Reflection code generated for GW_GameEditor in 7,7921899 seconds
[2018.01.13-22.19.27:987][303]CompilerResultsLog: Performing 4 actions (4 in parallel)
[2018.01.13-22.19.27:987][303]CompilerResultsLog: TankAIController.gen.cpp
[2018.01.13-22.19.27:987][303]CompilerResultsLog: TankAIController.cpp
[2018.01.13-22.19.27:987][303]CompilerResultsLog: [3/4] Link UE4Editor-GW_Game-4551.dll
[2018.01.13-22.19.27:987][303]CompilerResultsLog: [4/4] Link UE4Editor-GW_Game-4551.lib
[2018.01.13-22.19.27:987][303]CompilerResultsLog:    Creating library D:\repos\GWGame\GW_Game\Intermediate\Build\Win64\UE4Editor\Development\UE4Editor-GW_Game-4551.suppressed.lib and object D:\repos\GWGame\GW_Game\Intermediate\Build\Win64\UE4Editor\Development\UE4Editor-GW_Game-4551.suppressed.exp
[2018.01.13-22.19.27:988][303]CompilerResultsLog:    Creating library D:\repos\GWGame\GW_Game\Intermediate\Build\Win64\UE4Editor\Development\UE4Editor-GW_Game-4551.lib and object D:\repos\GWGame\GW_Game\Intermediate\Build\Win64\UE4Editor\Development\UE4Editor-GW_Game-4551.exp
[2018.01.13-22.19.27:988][303]CompilerResultsLog: Total build time: 13,01 seconds (Local executor: 1,72 seconds)
[2018.01.13-22.19.27:988][303]LogMainFrame: MainFrame: Module compiling took 13.247 seconds
[2018.01.13-22.19.28:244][303]LogContentBrowser: Native class hierarchy updated for 'GW_Game' in 0.0018 seconds. Added 8 classes and 3 folders.
[2018.01.13-22.19.28:246][303]Display: HotReload successful (3 functions remapped  0 scriptstructs remapped)
[2018.01.13-22.19.28:449][303]LogContentBrowser: Native class hierarchy populated in 0.0078 seconds. Added 2373 classes and 526 folders.
[2018.01.13-22.19.28:449][303]Display: HotReload took 13.7s.
[2018.01.13-22.19.29:997][359]LogTemp: Repeating last play command: Selected Viewport
[2018.01.13-22.19.30:011][359]LogBlueprintUserMessages: Early PlayInEditor Detection: Level '/Game/_Levels/BattleGround.BattleGround:PersistentLevel' has LevelScriptBlueprint '/Game/_Levels/BattleGround.BattleGround:PersistentLevel.BattleGround' with GeneratedClass '/Game/_Levels/BattleGround.BattleGround_C' with ClassGeneratedBy '/Game/_Levels/BattleGround.BattleGround:PersistentLevel.BattleGround'
[2018.01.13-22.19.30:012][359]LogPlayLevel: PlayLevel: No blueprints needed recompiling
[2018.01.13-22.19.30:012][359]PIE: New page: PIE session: BattleGround (Jan 14, 2018, 12:19:30 AM)
[2018.01.13-22.19.30:012][359]LogPlayLevel: Creating play world package: /Game/_Levels/UEDPIE_0_BattleGround
[2018.01.13-22.19.30:024][359]LogPlayLevel: PIE: StaticDuplicateObject took: (0.011518s)
[2018.01.13-22.19.30:024][359]LogAIModule: Creating AISystem for world BattleGround
[2018.01.13-22.19.30:025][359]LogPlayLevel: PIE: World Init took: (0.000901s)
[2018.01.13-22.19.30:025][359]LogPlayLevel: PIE: Created PIE world by copying editor world from /Game/_Levels/BattleGround.BattleGround to /Game/_Levels/UEDPIE_0_BattleGround.BattleGround (0.013034s)
[2018.01.13-22.19.30:059][359]LogInit: XAudio2 using 'U24E590-4 (NVIDIA High Definition Audio)' : 2 channels at 48 kHz using 16 bits per sample (channel mask 0x3)
[2018.01.13-22.19.30:066][359]LogInit: FAudioDevice initialized.
[2018.01.13-22.19.30:093][359]LogLoad: Game class is 'AssaultGameMode_BP_C'
[2018.01.13-22.19.30:096][359]LogWorld: Bringing World /Game/_Levels/UEDPIE_0_BattleGround.BattleGround up for play (max tick rate 0) at 2018.01.13-23.19.30
[2018.01.13-22.19.30:097][359]LogWorld: Bringing up level for play took: 0.002701
[2018.01.13-22.19.30:098][359]LogTemp: Warning: PlayerController not possessing a tank
[2018.01.13-22.19.30:098][359]PIE: Play in editor start time for /Game/_Levels/UEDPIE_0_BattleGround 0.534
[2018.01.13-22.19.30:099][359]LogBlueprintUserMessages: Late PlayInEditor Detection: Level '/Game/_Levels/BattleGround.BattleGround:PersistentLevel' has LevelScriptBlueprint '/Game/_Levels/BattleGround.BattleGround:PersistentLevel.BattleGround' with GeneratedClass '/Game/_Levels/BattleGround.BattleGround_C' with ClassGeneratedBy '/Game/_Levels/BattleGround.BattleGround:PersistentLevel.BattleGround'
[2018.01.13-22.19.30:989][397]LogTemp: Warning: FEUER FREI!
[2018.01.13-22.19.30:989][397]LogTemp: Warning: 1.018596: Projectile fires at 4000.000000
[2018.01.13-22.19.30:989][397]LogTemp: Warning: FEUER FREI!
[2018.01.13-22.19.30:989][397]LogTemp: Warning: 1.018596: Projectile fires at 4000.000000
[2018.01.13-22.19.30:990][397]LogTemp: Warning: FEUER FREI!
[2018.01.13-22.19.30:990][397]LogSpawn: Warning: SpawnActor failed because no class was specified
[2018.01.13-22.19.32:988][397]LogWindows: Error: === Critical error: ===
[2018.01.13-22.19.32:989][397]LogWindows: Error: 
[2018.01.13-22.19.32:989][397]LogWindows: Error: Fatal error!
[2018.01.13-22.19.32:989][397]LogWindows: Error: 
[2018.01.13-22.19.32:989][397]LogWindows: Error: Unhandled Exception: EXCEPTION_ACCESS_VIOLATION reading address 0x00000000
[2018.01.13-22.19.32:989][397]LogWindows: Error: 
[2018.01.13-22.19.32:989][397]LogWindows: Error: [Callstack] 0x000000003DD03A96 UE4Editor-GW_Game-4551.dll!AProjectile::LaunchProjectile() [d:\repos\gwgame\gw_game\source\gw_game\private\projectile.cpp:32]
[2018.01.13-22.19.32:989][397]LogWindows: Error: [Callstack] 0x000000003DD02A55 UE4Editor-GW_Game-4551.dll!AAssault::Fire() [d:\repos\gwgame\gw_game\source\gw_game\private\assault.cpp:60]
[2018.01.13-22.19.32:989][397]LogWindows: Error: [Callstack] 0x000000003DD03F0C UE4Editor-GW_Game-4551.dll!ATankAIController::Tick() [d:\repos\gwgame\gw_game\source\gw_game\private\tankaicontroller.cpp:22]
[2018.01.13-22.19.32:989][397]LogWindows: Error: [Callstack] 0x000000000F0E904A UE4Editor-Engine.dll!UnknownFunction []
[2018.01.13-22.19.32:989][397]LogWindows: Error: [Callstack] 0x000000000E7758B6 UE4Editor-Engine.dll!UnknownFunction []
[2018.01.13-22.19.32:989][397]LogWindows: Error: [Callstack] 0x000000000F7C9BDB UE4Editor-Engine.dll!UnknownFunction []
[2018.01.13-22.19.32:989][397]LogWindows: Error: [Callstack] 0x000000000F7CDD0B UE4Editor-Engine.dll!UnknownFunction []
[2018.01.13-22.19.32:989][397]LogWindows: Error: [Callstack] 0x000000001BC94845 UE4Editor-Core.dll!UnknownFunction []
[2018.01.13-22.19.32:989][397]LogWindows: Error: [Callstack] 0x000000001BC94E2A UE4Editor-Core.dll!UnknownFunction []
[2018.01.13-22.19.32:989][397]LogWindows: Error: [Callstack] 0x000000001BCB589E UE4Editor-Core.dll!UnknownFunction []
[2018.01.13-22.19.32:989][397]LogWindows: Error: [Callstack] 0x000000000F7E7E11 UE4Editor-Engine.dll!UnknownFunction []
[2018.01.13-22.19.32:989][397]LogWindows: Error: [Callstack] 0x000000000F7EC632 UE4Editor-Engine.dll!UnknownFunction []
[2018.01.13-22.19.32:989][397]LogWindows: Error: [Callstack] 0x000000000F0DD104 UE4Editor-Engine.dll!UnknownFunction []
[2018.01.13-22.19.32:989][397]LogWindows: Error: [Callstack] 0x000000000F0E6448 UE4Editor-Engine.dll!UnknownFunction []
[2018.01.13-22.19.32:989][397]LogWindows: Error: [Callstack] 0x000000000CD76BA6 UE4Editor-UnrealEd.dll!UnknownFunction []
[2018.01.13-22.19.32:989][397]LogWindows: Error: [Callstack] 0x000000000D624AC6 UE4Editor-UnrealEd.dll!UnknownFunction []
[2018.01.13-22.19.32:989][397]LogWindows: Error: [Callstack] 0x00000000971F5A26 UE4Editor.exe!UnknownFunction []
[2018.01.13-22.19.32:989][397]LogWindows: Error: [Callstack] 0x0000000097205430 UE4Editor.exe!UnknownFunction []
[2018.01.13-22.19.32:989][397]LogWindows: Error: [Callstack] 0x00000000972054AA UE4Editor.exe!UnknownFunction []
[2018.01.13-22.19.32:989][397]LogWindows: Error: [Callstack] 0x0000000097212379 UE4Editor.exe!UnknownFunction []
[2018.01.13-22.19.32:989][397]LogWindows: Error: [Callstack] 0x0000000097213D57 UE4Editor.exe!UnknownFunction []
[2018.01.13-22.19.32:989][397]LogWindows: Error: [Callstack] 0x0000000056A91FE4 KERNEL32.DLL!UnknownFunction []
[2018.01.13-22.19.32:989][397]LogWindows: Error: [Callstack] 0x0000000056F2EFB1 ntdll.dll!UnknownFunction []
[2018.01.13-22.19.32:989][397]LogWindows: Error: [Callstack] 0x0000000056F2EFB1 ntdll.dll!UnknownFunction []
[2018.01.13-22.19.32:989][397]LogWindows: Error: 
[2018.01.13-22.19.33:004][397]LogExit: Executing StaticShutdownAfterError
[2018.01.13-22.19.33:006][397]LogWindows: FPlatformMisc::RequestExit(1)
[2018.01.13-22.19.33:007][397]Log file closed, 01/13/18 23:19:33
