Log file open, 12/31/17 16:06:15
LogWindows: Failed to load 'aqProf.dll' (GetLastError=126)
LogWindows: File 'aqProf.dll' does not exist
LogWindows: Failed to load 'VSPerf140.dll' (GetLastError=126)
LogWindows: File 'VSPerf140.dll' does not exist
LogWindows: Failed to load 'VtuneApi.dll' (GetLastError=126)
LogWindows: File 'VtuneApi.dll' does not exist
LogWindows: Failed to load 'VtuneApi32e.dll' (GetLastError=126)
LogWindows: File 'VtuneApi32e.dll' does not exist
LogInit: Display: Running engine for game: GW_Game
LogPlatformFile: Not using cached read wrapper
LogInit: Display: RandInit(-855720739) SRandInit(-855720739).
LogInit: Read version file with build ID '3709383'
LogInit: Overriding engine version to CL 3794801, compatible CL 3709383
LogInit: Registered custom module enumerator with build ID '3709383'
LogTaskGraph: Started task graph with 5 named threads and 8 total threads with 3 sets of task threads.
LogStats: Stats thread started at 0.153852
LogD3D11RHI: Aftermath initialized
LogPluginManager: Mounting plugin Paper2D
LogPluginManager: Mounting plugin LightPropagationVolume
LogPluginManager: Mounting plugin CodeLiteSourceCodeAccess
LogPluginManager: Mounting plugin GitSourceControl
LogPluginManager: Mounting plugin KDevelopSourceCodeAccess
LogPluginManager: Mounting plugin NullSourceCodeAccess
LogPluginManager: Mounting plugin PerforceSourceControl
LogPluginManager: Mounting plugin SubversionSourceControl
LogPluginManager: Mounting plugin UObjectPlugin
LogPluginManager: Mounting plugin VisualStudioCodeSourceCodeAccess
LogPluginManager: Mounting plugin VisualStudioSourceCodeAccess
LogPluginManager: Mounting plugin XCodeSourceCodeAccess
LogPluginManager: Mounting plugin AssetManagerEditor
LogPluginManager: Mounting plugin AudioCapture
LogPluginManager: Mounting plugin FacialAnimation
LogPluginManager: Mounting plugin GameplayTagsEditor
LogPluginManager: Mounting plugin MobileLauncherProfileWizard
LogPluginManager: Mounting plugin PluginBrowser
LogPluginManager: Mounting plugin SpeedTreeImporter
LogPluginManager: Mounting plugin AlembicImporter
LogPluginManager: Mounting plugin CharacterAI
LogPluginManager: Mounting plugin HTML5Networking
LogPluginManager: Mounting plugin AndroidMedia
LogPluginManager: Mounting plugin AvfMedia
LogPluginManager: Mounting plugin ImgMedia
LogPluginManager: Mounting plugin MediaCompositing
LogPluginManager: Mounting plugin MediaPlayerEditor
LogPluginManager: Mounting plugin WmfMedia
LogPluginManager: Mounting plugin TcpMessaging
LogPluginManager: Mounting plugin UdpMessaging
LogPluginManager: Mounting plugin ActorSequence
LogPluginManager: Mounting plugin LevelSequenceEditor
LogPluginManager: Mounting plugin MatineeToLevelSequence
LogPluginManager: Mounting plugin OnlineSubsystemGooglePlay
LogPluginManager: Mounting plugin OnlineSubsystemIOS
LogPluginManager: Mounting plugin OnlineSubsystem
LogPluginManager: Mounting plugin OnlineSubsystemNull
LogPluginManager: Mounting plugin OnlineSubsystemUtils
LogPluginManager: Mounting plugin AndroidDeviceProfileSelector
LogPluginManager: Mounting plugin AndroidMoviePlayer
LogPluginManager: Mounting plugin AndroidPermission
LogPluginManager: Mounting plugin AppleARKit
LogPluginManager: Mounting plugin AppleMoviePlayer
LogPluginManager: Mounting plugin ArchVisCharacter
LogPluginManager: Mounting plugin CableComponent
LogPluginManager: Mounting plugin CustomMeshComponent
LogPluginManager: Mounting plugin ExampleDeviceProfileSelector
LogPluginManager: Mounting plugin GoogleCloudMessaging
LogPluginManager: Mounting plugin ImmediatePhysics
LogPluginManager: Mounting plugin IOSDeviceProfileSelector
LogPluginManager: Mounting plugin LinuxDeviceProfileSelector
LogPluginManager: Mounting plugin LocationServicesBPLibrary
LogPluginManager: Mounting plugin MobilePatchingUtils
LogPluginManager: Mounting plugin OculusVR
LogPluginManager: Plugin shader directory ../../../Engine/Plugins/Runtime/Oculus/OculusVR/Shaders found
LogPluginManager: Mapping shader source directory ../../../Engine/Plugins/Runtime/Oculus/OculusVR/Shaders to virtual directory /Plugin/OculusVR
LogPluginManager: Mounting plugin PhysXVehicles
LogPluginManager: Mounting plugin ProceduralMeshComponent
LogPluginManager: Mounting plugin RuntimePhysXCooking
LogPluginManager: Mounting plugin SteamVR
LogPluginManager: Mounting plugin WindowsMoviePlayer
LogModuleManager: Warning: Module file ../../../../../../Users/palic/Documents/Unreal Projects/GW-GAME/GW_Game/Binaries/Win64/UE4Editor-GW_Game.dll is missing. This is likely a stale module that must be recompiled.
LogModuleManager: Display: Found up-to-date module file ../../../Engine/Plugins/2D/Paper2D/Binaries/Win64/UE4Editor-Paper2D.dll (API version 3709383).
LogModuleManager: Display: Found up-to-date module file ../../../Engine/Plugins/2D/Paper2D/Binaries/Win64/UE4Editor-Paper2DEditor.dll (API version 3709383).
LogModuleManager: Display: Found up-to-date module file ../../../Engine/Plugins/2D/Paper2D/Binaries/Win64/UE4Editor-PaperSpriteSheetImporter.dll (API version 3709383).
LogModuleManager: Display: Found up-to-date module file ../../../Engine/Plugins/2D/Paper2D/Binaries/Win64/UE4Editor-PaperTiledImporter.dll (API version 3709383).
LogModuleManager: Display: Found up-to-date module file ../../../Engine/Plugins/2D/Paper2D/Binaries/Win64/UE4Editor-SmartSnapping.dll (API version 3709383).
LogModuleManager: Display: Found up-to-date module file ../../../Engine/Plugins/Blendables/LightPropagationVolume/Binaries/Win64/UE4Editor-LightPropagationVolumeRuntime.dll (API version 3709383).
LogModuleManager: Display: Found up-to-date module file ../../../Engine/Plugins/Blendables/LightPropagationVolume/Binaries/Win64/UE4Editor-LightPropagationVolumeEditor.dll (API version 3709383).
LogModuleManager: Display: Found up-to-date module file ../../../Engine/Plugins/Developer/GitSourceControl/Binaries/Win64/UE4Editor-GitSourceControl.dll (API version 3709383).
LogModuleManager: Display: Found up-to-date module file ../../../Engine/Plugins/Developer/PerforceSourceControl/Binaries/Win64/UE4Editor-PerforceSourceControl.dll (API version 3709383).
LogModuleManager: Display: Found up-to-date module file ../../../Engine/Plugins/Developer/SubversionSourceControl/Binaries/Win64/UE4Editor-SubversionSourceControl.dll (API version 3709383).
LogModuleManager: Display: Found up-to-date module file ../../../Engine/Plugins/Developer/UObjectPlugin/Binaries/Win64/UE4Editor-UObjectPlugin.dll (API version 3709383).
LogModuleManager: Display: Found up-to-date module file ../../../Engine/Plugins/Developer/VisualStudioCodeSourceCodeAccess/Binaries/Win64/UE4Editor-VisualStudioCodeSourceCodeAccess.dll (API version 3709383).
LogModuleManager: Display: Found up-to-date module file ../../../Engine/Plugins/Developer/VisualStudioSourceCodeAccess/Binaries/Win64/UE4Editor-VisualStudioSourceCodeAccess.dll (API version 3709383).
LogModuleManager: Display: Found up-to-date module file ../../../Engine/Plugins/Editor/AssetManagerEditor/Binaries/Win64/UE4Editor-AssetManagerEditor.dll (API version 3709383).
LogModuleManager: Display: Found up-to-date module file ../../../Engine/Plugins/Editor/AudioCapture/Binaries/Win64/UE4Editor-AudioCapture.dll (API version 3709383).
LogModuleManager: Display: Found up-to-date module file ../../../Engine/Plugins/Editor/FacialAnimation/Binaries/Win64/UE4Editor-FacialAnimation.dll (API version 3709383).
LogModuleManager: Display: Found up-to-date module file ../../../Engine/Plugins/Editor/FacialAnimation/Binaries/Win64/UE4Editor-FacialAnimationEditor.dll (API version 3709383).
LogModuleManager: Display: Found up-to-date module file ../../../Engine/Plugins/Editor/GameplayTagsEditor/Binaries/Win64/UE4Editor-GameplayTagsEditor.dll (API version 3709383).
LogModuleManager: Display: Found up-to-date module file ../../../Engine/Plugins/Editor/MobileLauncherProfileWizard/Binaries/Win64/UE4Editor-MobileLauncherProfileWizard.dll (API version 3709383).
LogModuleManager: Display: Found up-to-date module file ../../../Engine/Plugins/Editor/PluginBrowser/Binaries/Win64/UE4Editor-PluginBrowser.dll (API version 3709383).
LogModuleManager: Display: Found up-to-date module file ../../../Engine/Plugins/Editor/SpeedTreeImporter/Binaries/Win64/UE4Editor-SpeedTreeImporter.dll (API version 3709383).
LogModuleManager: Display: Found up-to-date module file ../../../Engine/Plugins/Experimental/AlembicImporter/Binaries/Win64/UE4Editor-AlembicImporter.dll (API version 3709383).
LogModuleManager: Display: Found up-to-date module file ../../../Engine/Plugins/Experimental/AlembicImporter/Binaries/Win64/UE4Editor-AlembicLibrary.dll (API version 3709383).
LogModuleManager: Display: Found up-to-date module file ../../../Engine/Plugins/Experimental/CharacterAI/Binaries/Win64/UE4Editor-CharacterAI.dll (API version 3709383).
LogModuleManager: Display: Found up-to-date module file ../../../Engine/Plugins/Experimental/HTML5Networking/Binaries/Win64/UE4Editor-HTML5Networking.dll (API version 3709383).
LogModuleManager: Display: Found up-to-date module file ../../../Engine/Plugins/Media/AndroidMedia/Binaries/Win64/UE4Editor-AndroidMediaEditor.dll (API version 3709383).
LogModuleManager: Display: Found up-to-date module file ../../../Engine/Plugins/Media/AndroidMedia/Binaries/Win64/UE4Editor-AndroidMediaFactory.dll (API version 3709383).
LogModuleManager: Display: Found up-to-date module file ../../../Engine/Plugins/Media/AvfMedia/Binaries/Win64/UE4Editor-AvfMediaEditor.dll (API version 3709383).
LogModuleManager: Display: Found up-to-date module file ../../../Engine/Plugins/Media/AvfMedia/Binaries/Win64/UE4Editor-AvfMediaFactory.dll (API version 3709383).
LogModuleManager: Display: Found up-to-date module file ../../../Engine/Plugins/Media/AvfMedia/Binaries/Win64/UE4Editor-AvfMediaFactory.dll (API version 3709383).
LogModuleManager: Display: Found up-to-date module file ../../../Engine/Plugins/Media/ImgMedia/Binaries/Win64/UE4Editor-ImgMedia.dll (API version 3709383).
LogModuleManager: Display: Found up-to-date module file ../../../Engine/Plugins/Media/ImgMedia/Binaries/Win64/UE4Editor-ImgMediaEditor.dll (API version 3709383).
LogModuleManager: Display: Found up-to-date module file ../../../Engine/Plugins/Media/ImgMedia/Binaries/Win64/UE4Editor-ImgMediaFactory.dll (API version 3709383).
LogModuleManager: Display: Found up-to-date module file ../../../Engine/Plugins/Media/ImgMedia/Binaries/Win64/UE4Editor-ImgMediaFactory.dll (API version 3709383).
LogModuleManager: Display: Found up-to-date module file ../../../Engine/Plugins/Media/ImgMedia/Binaries/Win64/UE4Editor-OpenExrWrapper.dll (API version 3709383).
LogModuleManager: Display: Found up-to-date module file ../../../Engine/Plugins/Media/MediaCompositing/Binaries/Win64/UE4Editor-MediaCompositing.dll (API version 3709383).
LogModuleManager: Display: Found up-to-date module file ../../../Engine/Plugins/Media/MediaCompositing/Binaries/Win64/UE4Editor-MediaCompositingEditor.dll (API version 3709383).
LogModuleManager: Display: Found up-to-date module file ../../../Engine/Plugins/Media/MediaPlayerEditor/Binaries/Win64/UE4Editor-MediaPlayerEditor.dll (API version 3709383).
LogModuleManager: Display: Found up-to-date module file ../../../Engine/Plugins/Media/WmfMedia/Binaries/Win64/UE4Editor-WmfMedia.dll (API version 3709383).
LogModuleManager: Display: Found up-to-date module file ../../../Engine/Plugins/Media/WmfMedia/Binaries/Win64/UE4Editor-WmfMediaEditor.dll (API version 3709383).
LogModuleManager: Display: Found up-to-date module file ../../../Engine/Plugins/Media/WmfMedia/Binaries/Win64/UE4Editor-WmfMediaFactory.dll (API version 3709383).
LogModuleManager: Display: Found up-to-date module file ../../../Engine/Plugins/Media/WmfMedia/Binaries/Win64/UE4Editor-WmfMediaFactory.dll (API version 3709383).
LogModuleManager: Display: Found up-to-date module file ../../../Engine/Plugins/Messaging/TcpMessaging/Binaries/Win64/UE4Editor-TcpMessaging.dll (API version 3709383).
LogModuleManager: Display: Found up-to-date module file ../../../Engine/Plugins/Messaging/UdpMessaging/Binaries/Win64/UE4Editor-UdpMessaging.dll (API version 3709383).
LogModuleManager: Display: Found up-to-date module file ../../../Engine/Plugins/MovieScene/ActorSequence/Binaries/Win64/UE4Editor-ActorSequence.dll (API version 3709383).
LogModuleManager: Display: Found up-to-date module file ../../../Engine/Plugins/MovieScene/LevelSequenceEditor/Binaries/Win64/UE4Editor-LevelSequenceEditor.dll (API version 3709383).
LogModuleManager: Display: Found up-to-date module file ../../../Engine/Plugins/MovieScene/MatineeToLevelSequence/Binaries/Win64/UE4Editor-MatineeToLevelSequence.dll (API version 3709383).
LogModuleManager: Display: Found up-to-date module file ../../../Engine/Plugins/Online/OnlineSubsystem/Binaries/Win64/UE4Editor-OnlineSubsystem.dll (API version 3709383).
LogModuleManager: Display: Found up-to-date module file ../../../Engine/Plugins/Online/OnlineSubsystemNull/Binaries/Win64/UE4Editor-OnlineSubsystemNull.dll (API version 3709383).
LogModuleManager: Display: Found up-to-date module file ../../../Engine/Plugins/Online/OnlineSubsystemUtils/Binaries/Win64/UE4Editor-OnlineSubsystemUtils.dll (API version 3709383).
LogModuleManager: Display: Found up-to-date module file ../../../Engine/Plugins/Online/OnlineSubsystemUtils/Binaries/Win64/UE4Editor-OnlineBlueprintSupport.dll (API version 3709383).
LogModuleManager: Display: Found up-to-date module file ../../../Engine/Plugins/Runtime/AndroidDeviceProfileSelector/Binaries/Win64/UE4Editor-AndroidDeviceProfileSelector.dll (API version 3709383).
LogModuleManager: Display: Found up-to-date module file ../../../Engine/Plugins/Runtime/AndroidPermission/Binaries/Win64/UE4Editor-AndroidPermission.dll (API version 3709383).
LogModuleManager: Display: Found up-to-date module file ../../../Engine/Plugins/Runtime/AppleARKit/Binaries/Win64/UE4Editor-AppleARKit.dll (API version 3709383).
LogModuleManager: Display: Found up-to-date module file ../../../Engine/Plugins/Runtime/ArchVisCharacter/Binaries/Win64/UE4Editor-ArchVisCharacter.dll (API version 3709383).
LogModuleManager: Display: Found up-to-date module file ../../../Engine/Plugins/Runtime/CableComponent/Binaries/Win64/UE4Editor-CableComponent.dll (API version 3709383).
LogModuleManager: Display: Found up-to-date module file ../../../Engine/Plugins/Runtime/CustomMeshComponent/Binaries/Win64/UE4Editor-CustomMeshComponent.dll (API version 3709383).
LogModuleManager: Display: Found up-to-date module file ../../../Engine/Plugins/Runtime/ExampleDeviceProfileSelector/Binaries/Win64/UE4Editor-ExampleDeviceProfileSelector.dll (API version 3709383).
LogModuleManager: Display: Found up-to-date module file ../../../Engine/Plugins/Runtime/ImmediatePhysics/Binaries/Win64/UE4Editor-ImmediatePhysics.dll (API version 3709383).
LogModuleManager: Display: Found up-to-date module file ../../../Engine/Plugins/Runtime/ImmediatePhysics/Binaries/Win64/UE4Editor-ImmediatePhysicsEditor.dll (API version 3709383).
LogModuleManager: Display: Found up-to-date module file ../../../Engine/Plugins/Runtime/LocationServicesBPLibrary/Binaries/Win64/UE4Editor-LocationServicesBPLibrary.dll (API version 3709383).
LogModuleManager: Display: Found up-to-date module file ../../../Engine/Plugins/Runtime/MobilePatchingUtils/Binaries/Win64/UE4Editor-MobilePatchingUtils.dll (API version 3709383).
LogModuleManager: Display: Found up-to-date module file ../../../Engine/Plugins/Runtime/Oculus/OculusVR/Binaries/Win64/UE4Editor-OculusHMD.dll (API version 3709383).
LogModuleManager: Display: Found up-to-date module file ../../../Engine/Plugins/Runtime/Oculus/OculusVR/Binaries/Win64/UE4Editor-OculusInput.dll (API version 3709383).
LogModuleManager: Display: Found up-to-date module file ../../../Engine/Plugins/Runtime/Oculus/OculusVR/Binaries/Win64/UE4Editor-OculusEditor.dll (API version 3709383).
LogModuleManager: Display: Found up-to-date module file ../../../Engine/Plugins/Runtime/PhysXVehicles/Binaries/Win64/UE4Editor-PhysXVehicles.dll (API version 3709383).
LogModuleManager: Display: Found up-to-date module file ../../../Engine/Plugins/Runtime/PhysXVehicles/Binaries/Win64/UE4Editor-PhysXVehiclesEditor.dll (API version 3709383).
LogModuleManager: Display: Found up-to-date module file ../../../Engine/Plugins/Runtime/ProceduralMeshComponent/Binaries/Win64/UE4Editor-ProceduralMeshComponent.dll (API version 3709383).
LogModuleManager: Display: Found up-to-date module file ../../../Engine/Plugins/Runtime/ProceduralMeshComponent/Binaries/Win64/UE4Editor-ProceduralMeshComponentEditor.dll (API version 3709383).
LogModuleManager: Display: Found up-to-date module file ../../../Engine/Plugins/Runtime/RuntimePhysXCooking/Binaries/Win64/UE4Editor-RuntimePhysXCooking.dll (API version 3709383).
LogModuleManager: Display: Found up-to-date module file ../../../Engine/Plugins/Runtime/Steam/SteamVR/Binaries/Win64/UE4Editor-SteamVR.dll (API version 3709383).
LogModuleManager: Display: Found up-to-date module file ../../../Engine/Plugins/Runtime/Steam/SteamVR/Binaries/Win64/UE4Editor-SteamVRController.dll (API version 3709383).
LogModuleManager: Display: Found up-to-date module file ../../../Engine/Plugins/Runtime/WindowsMoviePlayer/Binaries/Win64/UE4Editor-WindowsMoviePlayer.dll (API version 3709383).
LogInit: Warning: Incompatible or missing module: UE4Editor-GW_Game.dll
Running C:/Program Files/Epic Games/UE_4.18/Engine/Binaries/DotNET/UnrealBuildTool.exe GW_Game Development Win64 -project="C:/Users/palic/Documents/Unreal Projects/GW-GAME/GW_Game/GW_Game.uproject" -editorrecompile -progress -NoHotReloadFromIDE
Using 'git status' to determine working set for adaptive non-unity build.
Creating makefile for GW_Game (game project files are newer)
Performing full C++ include scan (no include cache file)
@progress push 5%
Parsing headers for GW_GameEditor
  Running UnrealHeaderTool "C:\Users\palic\Documents\Unreal Projects\GW-GAME\GW_Game\GW_Game.uproject" "C:\Users\palic\Documents\Unreal Projects\GW-GAME\GW_Game\Intermediate\Build\Win64\GW_GameEditor\Development\GW_GameEditor.uhtmanifest" -LogCmds="loginit warning, logexit warning, logdatabase error" -Unattended -WarningsAsErrors -installed
Reflection code generated for GW_GameEditor in 19,8613438 seconds
@progress pop
Performing 7 actions (2 in parallel)
SharedPCH.Engine.cpp
GW_Game.cpp
GW_GameGameModeBase.cpp
GW_Game.init.gen.cpp
GW_GameGameModeBase.gen.cpp
[6/7] Link UE4Editor-GW_Game.dll
[7/7] Link UE4Editor-GW_Game.lib
   Vytv??? se knihovna C:\Users\palic\Documents\Unreal Projects\GW-GAME\GW_Game\Intermediate\Build\Win64\UE4Editor\Development\UE4Editor-GW_Game.lib a objekt C:\Users\palic\Documents\Unreal Projects\GW-GAME\GW_Game\Intermediate\Build\Win64\UE4Editor\Development\UE4Editor-GW_Game.exp.
   Vytv??? se knihovna C:\Users\palic\Documents\Unreal Projects\GW-GAME\GW_Game\Intermediate\Build\Win64\UE4Editor\Development\UE4Editor-GW_Game.suppressed.lib a objekt C:\Users\palic\Documents\Unreal Projects\GW-GAME\GW_Game\Intermediate\Build\Win64\UE4Editor\Development\UE4Editor-GW_Game.suppressed.exp.
Total build time: 124,04 seconds (Local executor: 62,68 seconds)
LogModuleManager: Display: Found up-to-date module file ../../../../../../Users/palic/Documents/Unreal Projects/GW-GAME/GW_Game/Binaries/Win64/UE4Editor-GW_Game.dll (API version 3709383).
LogModuleManager: Display: Found up-to-date module file ../../../Engine/Plugins/2D/Paper2D/Binaries/Win64/UE4Editor-Paper2D.dll (API version 3709383).
LogModuleManager: Display: Found up-to-date module file ../../../Engine/Plugins/2D/Paper2D/Binaries/Win64/UE4Editor-Paper2DEditor.dll (API version 3709383).
LogModuleManager: Display: Found up-to-date module file ../../../Engine/Plugins/2D/Paper2D/Binaries/Win64/UE4Editor-PaperSpriteSheetImporter.dll (API version 3709383).
LogModuleManager: Display: Found up-to-date module file ../../../Engine/Plugins/2D/Paper2D/Binaries/Win64/UE4Editor-PaperTiledImporter.dll (API version 3709383).
LogModuleManager: Display: Found up-to-date module file ../../../Engine/Plugins/2D/Paper2D/Binaries/Win64/UE4Editor-SmartSnapping.dll (API version 3709383).
LogModuleManager: Display: Found up-to-date module file ../../../Engine/Plugins/Blendables/LightPropagationVolume/Binaries/Win64/UE4Editor-LightPropagationVolumeRuntime.dll (API version 3709383).
LogModuleManager: Display: Found up-to-date module file ../../../Engine/Plugins/Blendables/LightPropagationVolume/Binaries/Win64/UE4Editor-LightPropagationVolumeEditor.dll (API version 3709383).
LogModuleManager: Display: Found up-to-date module file ../../../Engine/Plugins/Developer/GitSourceControl/Binaries/Win64/UE4Editor-GitSourceControl.dll (API version 3709383).
LogModuleManager: Display: Found up-to-date module file ../../../Engine/Plugins/Developer/PerforceSourceControl/Binaries/Win64/UE4Editor-PerforceSourceControl.dll (API version 3709383).
LogModuleManager: Display: Found up-to-date module file ../../../Engine/Plugins/Developer/SubversionSourceControl/Binaries/Win64/UE4Editor-SubversionSourceControl.dll (API version 3709383).
LogModuleManager: Display: Found up-to-date module file ../../../Engine/Plugins/Developer/UObjectPlugin/Binaries/Win64/UE4Editor-UObjectPlugin.dll (API version 3709383).
LogModuleManager: Display: Found up-to-date module file ../../../Engine/Plugins/Developer/VisualStudioCodeSourceCodeAccess/Binaries/Win64/UE4Editor-VisualStudioCodeSourceCodeAccess.dll (API version 3709383).
LogModuleManager: Display: Found up-to-date module file ../../../Engine/Plugins/Developer/VisualStudioSourceCodeAccess/Binaries/Win64/UE4Editor-VisualStudioSourceCodeAccess.dll (API version 3709383).
LogModuleManager: Display: Found up-to-date module file ../../../Engine/Plugins/Editor/AssetManagerEditor/Binaries/Win64/UE4Editor-AssetManagerEditor.dll (API version 3709383).
LogModuleManager: Display: Found up-to-date module file ../../../Engine/Plugins/Editor/AudioCapture/Binaries/Win64/UE4Editor-AudioCapture.dll (API version 3709383).
LogModuleManager: Display: Found up-to-date module file ../../../Engine/Plugins/Editor/FacialAnimation/Binaries/Win64/UE4Editor-FacialAnimation.dll (API version 3709383).
LogModuleManager: Display: Found up-to-date module file ../../../Engine/Plugins/Editor/FacialAnimation/Binaries/Win64/UE4Editor-FacialAnimationEditor.dll (API version 3709383).
LogModuleManager: Display: Found up-to-date module file ../../../Engine/Plugins/Editor/GameplayTagsEditor/Binaries/Win64/UE4Editor-GameplayTagsEditor.dll (API version 3709383).
LogModuleManager: Display: Found up-to-date module file ../../../Engine/Plugins/Editor/MobileLauncherProfileWizard/Binaries/Win64/UE4Editor-MobileLauncherProfileWizard.dll (API version 3709383).
LogModuleManager: Display: Found up-to-date module file ../../../Engine/Plugins/Editor/PluginBrowser/Binaries/Win64/UE4Editor-PluginBrowser.dll (API version 3709383).
LogModuleManager: Display: Found up-to-date module file ../../../Engine/Plugins/Editor/SpeedTreeImporter/Binaries/Win64/UE4Editor-SpeedTreeImporter.dll (API version 3709383).
LogModuleManager: Display: Found up-to-date module file ../../../Engine/Plugins/Experimental/AlembicImporter/Binaries/Win64/UE4Editor-AlembicImporter.dll (API version 3709383).
LogModuleManager: Display: Found up-to-date module file ../../../Engine/Plugins/Experimental/AlembicImporter/Binaries/Win64/UE4Editor-AlembicLibrary.dll (API version 3709383).
LogModuleManager: Display: Found up-to-date module file ../../../Engine/Plugins/Experimental/CharacterAI/Binaries/Win64/UE4Editor-CharacterAI.dll (API version 3709383).
LogModuleManager: Display: Found up-to-date module file ../../../Engine/Plugins/Experimental/HTML5Networking/Binaries/Win64/UE4Editor-HTML5Networking.dll (API version 3709383).
LogModuleManager: Display: Found up-to-date module file ../../../Engine/Plugins/Media/AndroidMedia/Binaries/Win64/UE4Editor-AndroidMediaEditor.dll (API version 3709383).
LogModuleManager: Display: Found up-to-date module file ../../../Engine/Plugins/Media/AndroidMedia/Binaries/Win64/UE4Editor-AndroidMediaFactory.dll (API version 3709383).
LogModuleManager: Display: Found up-to-date module file ../../../Engine/Plugins/Media/AvfMedia/Binaries/Win64/UE4Editor-AvfMediaEditor.dll (API version 3709383).
LogModuleManager: Display: Found up-to-date module file ../../../Engine/Plugins/Media/AvfMedia/Binaries/Win64/UE4Editor-AvfMediaFactory.dll (API version 3709383).
LogModuleManager: Display: Found up-to-date module file ../../../Engine/Plugins/Media/AvfMedia/Binaries/Win64/UE4Editor-AvfMediaFactory.dll (API version 3709383).
LogModuleManager: Display: Found up-to-date module file ../../../Engine/Plugins/Media/ImgMedia/Binaries/Win64/UE4Editor-ImgMedia.dll (API version 3709383).
LogModuleManager: Display: Found up-to-date module file ../../../Engine/Plugins/Media/ImgMedia/Binaries/Win64/UE4Editor-ImgMediaEditor.dll (API version 3709383).
LogModuleManager: Display: Found up-to-date module file ../../../Engine/Plugins/Media/ImgMedia/Binaries/Win64/UE4Editor-ImgMediaFactory.dll (API version 3709383).
LogModuleManager: Display: Found up-to-date module file ../../../Engine/Plugins/Media/ImgMedia/Binaries/Win64/UE4Editor-ImgMediaFactory.dll (API version 3709383).
LogModuleManager: Display: Found up-to-date module file ../../../Engine/Plugins/Media/ImgMedia/Binaries/Win64/UE4Editor-OpenExrWrapper.dll (API version 3709383).
LogModuleManager: Display: Found up-to-date module file ../../../Engine/Plugins/Media/MediaCompositing/Binaries/Win64/UE4Editor-MediaCompositing.dll (API version 3709383).
LogModuleManager: Display: Found up-to-date module file ../../../Engine/Plugins/Media/MediaCompositing/Binaries/Win64/UE4Editor-MediaCompositingEditor.dll (API version 3709383).
LogModuleManager: Display: Found up-to-date module file ../../../Engine/Plugins/Media/MediaPlayerEditor/Binaries/Win64/UE4Editor-MediaPlayerEditor.dll (API version 3709383).
LogModuleManager: Display: Found up-to-date module file ../../../Engine/Plugins/Media/WmfMedia/Binaries/Win64/UE4Editor-WmfMedia.dll (API version 3709383).
LogModuleManager: Display: Found up-to-date module file ../../../Engine/Plugins/Media/WmfMedia/Binaries/Win64/UE4Editor-WmfMediaEditor.dll (API version 3709383).
LogModuleManager: Display: Found up-to-date module file ../../../Engine/Plugins/Media/WmfMedia/Binaries/Win64/UE4Editor-WmfMediaFactory.dll (API version 3709383).
LogModuleManager: Display: Found up-to-date module file ../../../Engine/Plugins/Media/WmfMedia/Binaries/Win64/UE4Editor-WmfMediaFactory.dll (API version 3709383).
LogModuleManager: Display: Found up-to-date module file ../../../Engine/Plugins/Messaging/TcpMessaging/Binaries/Win64/UE4Editor-TcpMessaging.dll (API version 3709383).
LogModuleManager: Display: Found up-to-date module file ../../../Engine/Plugins/Messaging/UdpMessaging/Binaries/Win64/UE4Editor-UdpMessaging.dll (API version 3709383).
LogModuleManager: Display: Found up-to-date module file ../../../Engine/Plugins/MovieScene/ActorSequence/Binaries/Win64/UE4Editor-ActorSequence.dll (API version 3709383).
LogModuleManager: Display: Found up-to-date module file ../../../Engine/Plugins/MovieScene/LevelSequenceEditor/Binaries/Win64/UE4Editor-LevelSequenceEditor.dll (API version 3709383).
LogModuleManager: Display: Found up-to-date module file ../../../Engine/Plugins/MovieScene/MatineeToLevelSequence/Binaries/Win64/UE4Editor-MatineeToLevelSequence.dll (API version 3709383).
LogModuleManager: Display: Found up-to-date module file ../../../Engine/Plugins/Online/OnlineSubsystem/Binaries/Win64/UE4Editor-OnlineSubsystem.dll (API version 3709383).
LogModuleManager: Display: Found up-to-date module file ../../../Engine/Plugins/Online/OnlineSubsystemNull/Binaries/Win64/UE4Editor-OnlineSubsystemNull.dll (API version 3709383).
LogModuleManager: Display: Found up-to-date module file ../../../Engine/Plugins/Online/OnlineSubsystemUtils/Binaries/Win64/UE4Editor-OnlineSubsystemUtils.dll (API version 3709383).
LogModuleManager: Display: Found up-to-date module file ../../../Engine/Plugins/Online/OnlineSubsystemUtils/Binaries/Win64/UE4Editor-OnlineBlueprintSupport.dll (API version 3709383).
LogModuleManager: Display: Found up-to-date module file ../../../Engine/Plugins/Runtime/AndroidDeviceProfileSelector/Binaries/Win64/UE4Editor-AndroidDeviceProfileSelector.dll (API version 3709383).
LogModuleManager: Display: Found up-to-date module file ../../../Engine/Plugins/Runtime/AndroidPermission/Binaries/Win64/UE4Editor-AndroidPermission.dll (API version 3709383).
LogModuleManager: Display: Found up-to-date module file ../../../Engine/Plugins/Runtime/AppleARKit/Binaries/Win64/UE4Editor-AppleARKit.dll (API version 3709383).
LogModuleManager: Display: Found up-to-date module file ../../../Engine/Plugins/Runtime/ArchVisCharacter/Binaries/Win64/UE4Editor-ArchVisCharacter.dll (API version 3709383).
LogModuleManager: Display: Found up-to-date module file ../../../Engine/Plugins/Runtime/CableComponent/Binaries/Win64/UE4Editor-CableComponent.dll (API version 3709383).
LogModuleManager: Display: Found up-to-date module file ../../../Engine/Plugins/Runtime/CustomMeshComponent/Binaries/Win64/UE4Editor-CustomMeshComponent.dll (API version 3709383).
LogModuleManager: Display: Found up-to-date module file ../../../Engine/Plugins/Runtime/ExampleDeviceProfileSelector/Binaries/Win64/UE4Editor-ExampleDeviceProfileSelector.dll (API version 3709383).
LogModuleManager: Display: Found up-to-date module file ../../../Engine/Plugins/Runtime/ImmediatePhysics/Binaries/Win64/UE4Editor-ImmediatePhysics.dll (API version 3709383).
LogModuleManager: Display: Found up-to-date module file ../../../Engine/Plugins/Runtime/ImmediatePhysics/Binaries/Win64/UE4Editor-ImmediatePhysicsEditor.dll (API version 3709383).
LogModuleManager: Display: Found up-to-date module file ../../../Engine/Plugins/Runtime/LocationServicesBPLibrary/Binaries/Win64/UE4Editor-LocationServicesBPLibrary.dll (API version 3709383).
LogModuleManager: Display: Found up-to-date module file ../../../Engine/Plugins/Runtime/MobilePatchingUtils/Binaries/Win64/UE4Editor-MobilePatchingUtils.dll (API version 3709383).
LogModuleManager: Display: Found up-to-date module file ../../../Engine/Plugins/Runtime/Oculus/OculusVR/Binaries/Win64/UE4Editor-OculusHMD.dll (API version 3709383).
LogModuleManager: Display: Found up-to-date module file ../../../Engine/Plugins/Runtime/Oculus/OculusVR/Binaries/Win64/UE4Editor-OculusInput.dll (API version 3709383).
LogModuleManager: Display: Found up-to-date module file ../../../Engine/Plugins/Runtime/Oculus/OculusVR/Binaries/Win64/UE4Editor-OculusEditor.dll (API version 3709383).
LogModuleManager: Display: Found up-to-date module file ../../../Engine/Plugins/Runtime/PhysXVehicles/Binaries/Win64/UE4Editor-PhysXVehicles.dll (API version 3709383).
LogModuleManager: Display: Found up-to-date module file ../../../Engine/Plugins/Runtime/PhysXVehicles/Binaries/Win64/UE4Editor-PhysXVehiclesEditor.dll (API version 3709383).
LogModuleManager: Display: Found up-to-date module file ../../../Engine/Plugins/Runtime/ProceduralMeshComponent/Binaries/Win64/UE4Editor-ProceduralMeshComponent.dll (API version 3709383).
LogModuleManager: Display: Found up-to-date module file ../../../Engine/Plugins/Runtime/ProceduralMeshComponent/Binaries/Win64/UE4Editor-ProceduralMeshComponentEditor.dll (API version 3709383).
LogModuleManager: Display: Found up-to-date module file ../../../Engine/Plugins/Runtime/RuntimePhysXCooking/Binaries/Win64/UE4Editor-RuntimePhysXCooking.dll (API version 3709383).
LogModuleManager: Display: Found up-to-date module file ../../../Engine/Plugins/Runtime/Steam/SteamVR/Binaries/Win64/UE4Editor-SteamVR.dll (API version 3709383).
LogModuleManager: Display: Found up-to-date module file ../../../Engine/Plugins/Runtime/Steam/SteamVR/Binaries/Win64/UE4Editor-SteamVRController.dll (API version 3709383).
LogModuleManager: Display: Found up-to-date module file ../../../Engine/Plugins/Runtime/WindowsMoviePlayer/Binaries/Win64/UE4Editor-WindowsMoviePlayer.dll (API version 3709383).
LogInit: Using libcurl 7.47.1
LogInit:  - built for x86_64-pc-win32
LogInit:  - supports SSL with OpenSSL/1.0.2g
LogInit:  - supports HTTP deflate (compression) using libz 1.2.8
LogInit:  - other features:
LogInit:      CURL_VERSION_SSL
LogInit:      CURL_VERSION_LIBZ
LogInit:      CURL_VERSION_IPV6
LogInit:      CURL_VERSION_ASYNCHDNS
LogInit:      CURL_VERSION_LARGEFILE
LogInit:      CURL_VERSION_IDN
LogInit:  CurlRequestOptions (configurable via config and command line):
LogInit:  - bVerifyPeer = false  - Libcurl will NOT verify peer certificate
LogInit:  - bUseHttpProxy = false  - Libcurl will NOT use HTTP proxy
LogInit:  - bDontReuseConnections = false  - Libcurl will reuse connections
LogInit:  - CertBundlePath = nullptr  - Libcurl will use whatever was configured at build time.
LogInit: Build: ++UE4+Release-4.18-CL-3794801
LogInit: Engine Version: 4.18.2-3794801+++UE4+Release-4.18
LogInit: Compatible Engine Version: 4.18.0-3709383+++UE4+Release-4.18
LogInit: Net CL: 3709383
LogDevObjectVersion: Number of dev versions registered: 16
LogDevObjectVersion:   Dev-Blueprints (B0D832E4-1F89-4F0D-ACCF-7EB736FD4AA2): 10
LogDevObjectVersion:   Dev-Build (E1C64328-A22C-4D53-A36C-8E866417BD8C): 0
LogDevObjectVersion:   Dev-Core (375EC13C-06E4-48FB-B500-84F0262A717E): 2
LogDevObjectVersion:   Dev-Editor (E4B068ED-F494-42E9-A231-DA0B2E46BB41): 20
LogDevObjectVersion:   Dev-Framework (CFFC743F-43B0-4480-9391-14DF171D2073): 30
LogDevObjectVersion:   Dev-Mobile (B02B49B5-BB20-44E9-A304-32B752E40360): 0
LogDevObjectVersion:   Dev-Networking (A4E4105C-59A1-49B5-A7C5-40C4547EDFEE): 0
LogDevObjectVersion:   Dev-Online (39C831C9-5AE6-47DC-9A44-9C173E1C8E7C): 0
LogDevObjectVersion:   Dev-Physics (78F01B33-EBEA-4F98-B9B4-84EACCB95AA2): 0
LogDevObjectVersion:   Dev-Platform (6631380F-2D4D-43E0-8009-CF276956A95A): 0
LogDevObjectVersion:   Dev-Rendering (12F88B9F-8875-4AFC-A67C-D90C383ABD29): 20
LogDevObjectVersion:   Dev-Sequencer (7B5AE74C-D270-4C10-A958-57980B212A5A): 4
LogDevObjectVersion:   Dev-VR (D7296918-1DD6-4BDD-9DE2-64A83CC13884): 0
LogDevObjectVersion:   Dev-LoadTimes (C2A15278-BFE7-4AFE-6C17-90FF531DF755): 1
LogDevObjectVersion:   Private-Geometry (6EACA3D4-40EC-4CC1-B786-8BED09428FC5): 1
LogDevObjectVersion:   Dev-AnimPhys (29E575DD-E0A3-4627-9D10-D276232CDCEA): 12
LogInit: Compiled (64-bit): Dec  8 2017 02:04:53
LogInit: Compiled with Visual C++: 19.00.24215.01
LogInit: Build Configuration: Development
LogInit: Branch Name: ++UE4+Release-4.18
LogInit: Command line: -EpicPortal 
LogInit: Base directory: C:/Program Files/Epic Games/UE_4.18/Engine/Binaries/Win64/
LogInit: Installed Engine Build: 1
LogInit: Presizing for max 8388607 objects, including 0 objects not considered by GC, pre-allocating 0 bytes for permanent pool.
LogInit: Object subsystem initialized
[2017.12.31-15.08.33:792][  0]LogInit: Selected Device Profile: [Windows]
[2017.12.31-15.08.33:793][  0]LogInit: Applying CVar settings loaded from the selected device profile: [Windows]
[2017.12.31-15.08.33:823][  0]LogInit: Computer: DESKTOP-M6GFLGV
[2017.12.31-15.08.33:823][  0]LogInit: User: palic
[2017.12.31-15.08.33:823][  0]LogInit: CPU Page size=4096, Cores=2
[2017.12.31-15.08.33:823][  0]LogInit: High frequency timer resolution =2.143475 MHz
[2017.12.31-15.08.33:824][  0]LogMemory: Memory total: Physical=7.9GB (8GB approx)
[2017.12.31-15.08.33:824][  0]LogMemory: Platform Memory Stats for Windows
[2017.12.31-15.08.33:824][  0]LogMemory: Process Physical Memory: 277.95 MB used, 277.95 MB peak
[2017.12.31-15.08.33:824][  0]LogMemory: Process Virtual Memory: 271.05 MB used, 271.05 MB peak
[2017.12.31-15.08.33:824][  0]LogMemory: Physical Memory: 3251.14 MB used,  4855.30 MB free, 8106.45 MB total
[2017.12.31-15.08.33:824][  0]LogMemory: Virtual Memory: 682.89 MB used,  4855.30 MB free, 134217728.00 MB total
[2017.12.31-15.08.34:293][  0]LogInit: Using OS detected language (cs-CZ).
[2017.12.31-15.08.34:293][  0]LogInit: Using OS detected locale (cs-CZ).
[2017.12.31-15.08.34:301][  0]LogTextLocalizationManager: No localization for 'cs-CZ' exists, so 'en' will be used for the language.
[2017.12.31-15.08.34:302][  0]LogTextLocalizationManager: No localization for 'cs-CZ' exists, so 'en' will be used for the locale.
[2017.12.31-15.08.34:859][  0]LogInit: Setting process to per monitor DPI aware
[2017.12.31-15.08.35:318][  0]LogD3D11RHI: D3D11 adapters:
[2017.12.31-15.08.35:374][  0]LogD3D11RHI:    0. 'NVIDIA GeForce 940M' (Feature Level 11_0)
[2017.12.31-15.08.35:374][  0]LogD3D11RHI:       2014/0/4053 MB DedicatedVideo/DedicatedSystem/SharedSystem, Outputs:2, VendorId:0x10de
[2017.12.31-15.08.35:381][  0]LogD3D11RHI:    1. 'Intel(R) HD Graphics 5500' (Feature Level 11_0)
[2017.12.31-15.08.35:381][  0]LogD3D11RHI:       128/0/4053 MB DedicatedVideo/DedicatedSystem/SharedSystem, Outputs:0, VendorId:0x8086
[2017.12.31-15.08.35:383][  0]LogD3D11RHI:    2. 'Microsoft Basic Render Driver' (Feature Level 11_0)
[2017.12.31-15.08.35:383][  0]LogD3D11RHI:       0/0/4053 MB DedicatedVideo/DedicatedSystem/SharedSystem, Outputs:0, VendorId:0x1414
[2017.12.31-15.08.35:383][  0]LogD3D11RHI: Chosen D3D11 Adapter: 0
[2017.12.31-15.08.35:391][  0]LogD3D11RHI: Creating new Direct3DDevice
[2017.12.31-15.08.35:391][  0]LogD3D11RHI:     GPU DeviceId: 0x1347 (for the marketing name, search the web for "GPU Device Id")
[2017.12.31-15.08.35:391][  0]LogWindows: EnumDisplayDevices:
[2017.12.31-15.08.35:392][  0]LogWindows:    0. 'Intel(R) HD Graphics 5500' (P:1 D:1)
[2017.12.31-15.08.35:392][  0]LogWindows:    1. 'Intel(R) HD Graphics 5500' (P:0 D:1)
[2017.12.31-15.08.35:392][  0]LogWindows:    2. 'Intel(R) HD Graphics 5500' (P:0 D:0)
[2017.12.31-15.08.35:392][  0]LogWindows: DebugString: PrimaryIsNotTheChoosenAdapter PrimaryIsNotTheChoosenAdapter PrimaryIsNotTheChoosenAdapter FoundDriverCount:0 
[2017.12.31-15.08.35:392][  0]LogD3D11RHI:     Adapter Name: NVIDIA GeForce 940M
[2017.12.31-15.08.35:392][  0]LogD3D11RHI:   Driver Version: Unknown (internal:Unknown, unified:Unknown)
[2017.12.31-15.08.35:392][  0]LogD3D11RHI:      Driver Date: Unknown
[2017.12.31-15.08.35:392][  0]LogRHI: Texture pool is 1410 MB (70% of 2014 MB)
[2017.12.31-15.08.35:423][  0]LogD3D11RHI: Async texture creation enabled
[2017.12.31-15.08.35:438][  0]LogD3D11RHI: GPU Timing Frequency: 1000.000000 (Debug: 2 1)
[2017.12.31-15.08.35:440][  0]LogShaderCompilers: Guid format shader working directory is -26 characters bigger than the processId version (../../../../../../Users/palic/Documents/Unreal Projects/GW-GAME/GW_Game/Intermediate/Shaders/WorkingDirectory/13020/).
[2017.12.31-15.08.35:440][  0]LogShaderCompilers: Cleaned the shader compiler working directory 'C:/Users/palic/AppData/Local/Temp/UnrealShaderWorkingDir/4BB1BA3D4A75F7E779F8A1BFB4B93039/'.
[2017.12.31-15.08.35:440][  0]LogShaderCompilers: Display: Using Local Shader Compiler.
[2017.12.31-15.08.36:868][  0]LogTemp: Display: Loaded TP AllDesktopTargetPlatform
[2017.12.31-15.08.36:961][  0]LogTemp: Display: Loaded TP MacClientTargetPlatform
[2017.12.31-15.08.37:054][  0]LogTemp: Display: Loaded TP MacNoEditorTargetPlatform
[2017.12.31-15.08.37:149][  0]LogTemp: Display: Loaded TP MacServerTargetPlatform
[2017.12.31-15.08.37:246][  0]LogTemp: Display: Loaded TP MacTargetPlatform
[2017.12.31-15.08.37:340][  0]LogTemp: Display: Loaded TP WindowsClientTargetPlatform
[2017.12.31-15.08.37:440][  0]LogTemp: Display: Loaded TP WindowsNoEditorTargetPlatform
[2017.12.31-15.08.37:535][  0]LogTemp: Display: Loaded TP WindowsServerTargetPlatform
[2017.12.31-15.08.37:622][  0]LogTemp: Display: Loaded TP WindowsTargetPlatform
[2017.12.31-15.08.37:715][  0]LogTemp: Display: Loaded TP Android_ASTCTargetPlatform
[2017.12.31-15.08.37:805][  0]LogTemp: Display: Loaded TP Android_ATCTargetPlatform
[2017.12.31-15.08.37:904][  0]LogTemp: Display: Loaded TP Android_DXTTargetPlatform
[2017.12.31-15.08.37:999][  0]LogTemp: Display: Loaded TP Android_ETC1TargetPlatform
[2017.12.31-15.08.38:093][  0]LogTemp: Display: Loaded TP Android_ETC2TargetPlatform
[2017.12.31-15.08.38:278][  0]LogTemp: Display: Loaded TP Android_MultiTargetPlatform
[2017.12.31-15.08.38:278][  0]LogTemp: Display: Loaded TP Android_PVRTCTargetPlatform
[2017.12.31-15.08.38:374][  0]LogTemp: Display: Loaded TP AndroidTargetPlatform
[2017.12.31-15.08.38:458][  0]LogTemp: Display: Loaded TP HTML5TargetPlatform
[2017.12.31-15.08.38:617][  0]LogTemp: Display: Loaded TP IOSTargetPlatform
[2017.12.31-15.08.38:668][  0]LogTemp: Display: Loaded TP TVOSTargetPlatform
[2017.12.31-15.08.38:790][  0]LogTemp: Display: Loaded TP LinuxClientTargetPlatform
[2017.12.31-15.08.38:993][  0]LogTemp: Display: Loaded TP LinuxNoEditorTargetPlatform
[2017.12.31-15.08.39:145][  0]LogTemp: Display: Loaded TP LinuxServerTargetPlatform
[2017.12.31-15.08.39:271][  0]LogTemp: Display: Loaded TP LinuxTargetPlatform
[2017.12.31-15.08.39:271][  0]LogTargetPlatformManager: Display: Building Assets For Windows
[2017.12.31-15.08.40:499][  0]LogDerivedDataCache: Display: Max Cache Size: 512 MB
[2017.12.31-15.08.40:651][  0]LogDerivedDataCache: Loaded boot cache 0.15s 78MB C:/Users/palic/AppData/Local/UnrealEngine/4.18/DerivedDataCache/Boot.ddc.
[2017.12.31-15.08.40:651][  0]LogDerivedDataCache: Display: Loaded Boot cache: C:/Users/palic/AppData/Local/UnrealEngine/4.18/DerivedDataCache/Boot.ddc
[2017.12.31-15.08.40:651][  0]LogDerivedDataCache: FDerivedDataBackendGraph:  Pak pak cache file ../../../../../../Users/palic/Documents/Unreal Projects/GW-GAME/GW_Game/DerivedDataCache/DDC.ddp not found, will not use a pak cache.
[2017.12.31-15.08.40:651][  0]LogDerivedDataCache: Unable to find inner node Pak for hierarchical cache Hierarchy.
[2017.12.31-15.08.40:652][  0]LogDerivedDataCache: FDerivedDataBackendGraph:  CompressedPak pak cache file ../../../../../../Users/palic/Documents/Unreal Projects/GW-GAME/GW_Game/DerivedDataCache/Compressed.ddp not found, will not use a pak cache.
[2017.12.31-15.08.40:652][  0]LogDerivedDataCache: Unable to find inner node CompressedPak for hierarchical cache Hierarchy.
[2017.12.31-15.08.40:681][  0]LogDerivedDataCache: Display: Pak cache opened for reading ../../../Engine/DerivedDataCache/Compressed.ddp.
[2017.12.31-15.08.40:694][  0]LogDerivedDataCache: Using Local data cache path C:/Users/palic/AppData/Local/UnrealEngine/Common/DerivedDataCache: Writable
[2017.12.31-15.08.40:710][  0]LogMaterial: Verifying Global Shaders for PCD3D_SM5
[2017.12.31-15.08.40:711][  0]LogSlate: Using Freetype 2.6.0
[2017.12.31-15.08.40:712][  0]LogSlate: SlateFontCache - WITH_FREETYPE: 1, WITH_HARFBUZZ: 1
[2017.12.31-15.08.40:712][  0]LogSlate: SlateFontCache - WITH_FREETYPE: 1, WITH_HARFBUZZ: 1
[2017.12.31-15.08.41:327][  0]LogInit: Selected Device Profile: [Windows]
[2017.12.31-15.08.41:956][  0]LogSimplygon: Simplygon DLL not present - disabling.
[2017.12.31-15.08.42:045][  0]LogMeshReduction: Using SimplygonSwarm for distributed automatic mesh merging
[2017.12.31-15.08.42:045][  0]LogMeshReduction: Using QuadricMeshReduction for automatic static mesh reduction
[2017.12.31-15.08.42:045][  0]LogMeshReduction: No automatic skeletal mesh reduction module available
[2017.12.31-15.08.42:045][  0]LogMeshReduction: No automatic mesh merging module available
[2017.12.31-15.08.42:045][  0]LogMeshMerging: No automatic mesh merging module available
[2017.12.31-15.08.42:099][  0]LogNetVersion: GW_Game , NetCL: 3709383, EngineNetVer: 2, GameNetVer: 0 (Checksum: 4001666234)
[2017.12.31-15.08.42:378][  0]LogAssetRegistry: FAssetRegistry took 0.0285 seconds to start up
[2017.12.31-15.08.43:211][  0]LogPackageLocalizationCache: Processed 7 localized package path(s) for 1 prioritized culture(s) in 0.051674 seconds
[2017.12.31-15.08.43:218][  0]LogUObjectArray: 35900 objects as part of root set at end of initial load.
[2017.12.31-15.08.43:218][  0]LogUObjectAllocator: 7372024 out of 0 bytes used by permanent object pool.
[2017.12.31-15.08.43:218][  0]LogUObjectArray: CloseDisregardForGC: 0/0 objects in disregard for GC pool
[2017.12.31-15.08.43:332][  0]LogInit: WinSock: version 1.1 (2.2), MaxSocks=32767, MaxUdp=65467
[2017.12.31-15.08.49:876][  0]LogTcpMessaging: Initializing TcpMessaging bridge
[2017.12.31-15.08.49:955][  0]LogUdpMessaging: Initializing bridge on interface 0.0.0.0:0 to multicast group 230.0.0.1:6666.
[2017.12.31-15.08.52:637][  0]LogMaterial: Uniform references updated for custom material expression Custom.
[2017.12.31-15.08.53:587][  0]SourceControl: Source control is disabled
[2017.12.31-15.08.53:587][  0]SourceControl: Source control is disabled
[2017.12.31-15.08.53:781][  0]SourceControl: Source control is disabled
[2017.12.31-15.08.53:973][  0]SourceControl: Source control is disabled
[2017.12.31-15.08.56:090][  0]LogAndroidPermission: UAndroidPermissionCallbackProxy::GetInstance
[2017.12.31-15.08.56:818][  0]LogOcInput: OculusInput pre-init called
[2017.12.31-15.08.57:453][  0]LogEngine: Initializing Engine...
[2017.12.31-15.08.57:456][  0]LogHMD: Failed to initialize OpenVR with code 110
[2017.12.31-15.08.57:783][  0]LogStats: UGameplayTagsManager::ConstructGameplayTagTree: Construct from data asset -  0.000 s
[2017.12.31-15.08.57:783][  0]LogStats: UGameplayTagsManager::ConstructGameplayTagTree: GameplayTagTreeChangedEvent.Broadcast -  0.000 s
[2017.12.31-15.08.58:044][  0]LogAIModule: Creating AISystem for world Untitled
[2017.12.31-15.08.58:053][  0]LogInit: XAudio2 using 'Reproduktory (Realtek High Definition Audio)' : 2 channels at 48 kHz using 32 bits per sample (channel mask 0x3)
[2017.12.31-15.08.58:273][  0]LogInit: FAudioDevice initialized.
[2017.12.31-15.09.00:156][  0]LogDerivedDataCache: Saved boot cache 1.88s 78MB C:/Users/palic/AppData/Local/UnrealEngine/4.18/DerivedDataCache/Boot.ddc.
[2017.12.31-15.09.00:180][  0]LogInit: Texture streaming: Enabled
[2017.12.31-15.09.00:436][  0]LogEngineSessionManager: EngineSessionManager initialized
[2017.12.31-15.09.00:803][  0]LogInit: Transaction tracking system initialized
[2017.12.31-15.09.01:771][  0]BlueprintLog: New page: Editor Load
[2017.12.31-15.09.04:274][  0]LocalizationService: Localization service is disabled
[2017.12.31-15.09.05:952][  0]LogConsoleResponse: Display: 
[2017.12.31-15.09.06:258][  0]LogCook: Display: Max memory allowance for cook 16384mb min free memory 0mb
[2017.12.31-15.09.06:258][  0]LogCook: Display: Mobile HDR setting 1
[2017.12.31-15.09.06:258][  0]LogGameplayTags: Display: UGameplayTagsManager::DoneAddingNativeTags. DelegateIsBound: 0
[2017.12.31-15.09.06:690][  0]LogFileCache: Scanning file cache for directory 'C:/Users/palic/Documents/Unreal Projects/GW-GAME/GW_Game/Content/' took 0.02s
[2017.12.31-15.09.08:967][  0]SourceControl: Source control is disabled
[2017.12.31-15.09.08:967][  0]Cmd: MAP LOAD FILE="../../../../../../Users/palic/Documents/Unreal Projects/GW-GAME/GW_Game/Content/_Levels/BattleGround.umap" TEMPLATE=0 SHOWPROGRESS=1 FEATURELEVEL=3
[2017.12.31-15.09.08:968][  0]LightingResults: New page: Lighting Build
[2017.12.31-15.09.09:056][  0]MapCheck: New page: Map Check
[2017.12.31-15.09.09:057][  0]LightingResults: New page: Lighting Build
[2017.12.31-15.09.09:835][  0]LogMaterial: Missing cached shader map for material M_LightStage_Skybox_Master, compiling. 
[2017.12.31-15.09.10:135][  0]LogMaterial: Missing cached shader map for material M_Frame, compiling. 
[2017.12.31-15.09.11:450][  0]LogMaterial: Missing cached shader map for material M_Tech_Hex_Tile_Pulse, compiling. 
[2017.12.31-15.09.11:591][  0]LogMaterial: Missing cached shader map for material M_Tech_Hex_Tile, compiling. 
[2017.12.31-15.09.11:990][  0]LogMaterial: Missing cached shader map for material M_Metal_Steel, compiling. 
[2017.12.31-15.09.14:158][  0]LogAIModule: Creating AISystem for world BattleGround
[2017.12.31-15.09.18:822][  0]LogEditorServer: Finished looking for orphan Actors (0.000 secs)
[2017.12.31-15.09.18:884][  0]Cmd: MAP CHECKDEP NOCLEARLOG
[2017.12.31-15.09.19:093][  0]MapCheck: Map check complete: 0 Error(s), 0 Warning(s), took 208.16ms to complete.
[2017.12.31-15.09.19:093][  0]LogFileHelpers: Loading map 'BattleGround' took 10.126
[2017.12.31-15.09.19:635][  0]LogCollectionManager: Loaded 0 collections in 0.008289 seconds
[2017.12.31-15.09.19:942][  0]LogFileCache: Scanning file cache for directory 'C:/Users/palic/Documents/Unreal Projects/GW-GAME/GW_Game/Saved/Collections/' took 0.01s
[2017.12.31-15.09.19:942][  0]LogFileCache: Scanning file cache for directory 'C:/Users/palic/Documents/Unreal Projects/GW-GAME/GW_Game/Content/Developers/palic/Collections/' took 0.01s
[2017.12.31-15.09.19:942][  0]LogFileCache: Scanning file cache for directory 'C:/Users/palic/Documents/Unreal Projects/GW-GAME/GW_Game/Content/Collections/' took 0.01s
[2017.12.31-15.09.19:942][  0]LogCollectionManager: Rebuilt the GUID cache for 0 collections in 0.000000 seconds
[2017.12.31-15.09.19:999][  0]LogContentBrowser: Native class hierarchy populated in 0.0243 seconds. Added 2364 classes and 521 folders.
[2017.12.31-15.09.20:349][  0]LogContentBrowser: Native class hierarchy updated for 'WidgetCarousel' in 0.0016 seconds. Added 0 classes and 0 folders.
[2017.12.31-15.09.21:399][  0]LogContentBrowser: Native class hierarchy updated for 'AddContentDialog' in 0.0015 seconds. Added 0 classes and 0 folders.
[2017.12.31-15.09.21:667][  0]LogContentBrowser: Native class hierarchy updated for 'SceneOutliner' in 0.0039 seconds. Added 1 classes and 2 folders.
[2017.12.31-15.09.22:085][  0]LogSlate: Took 0.000354 seconds to synchronously load lazily loaded font '../../../Engine/Content/Slate/Fonts/Roboto-Regular.ttf' (155K)
[2017.12.31-15.09.22:130][  0]LogSlate: Took 0.042595 seconds to synchronously load lazily loaded font '../../../Engine/Content/Editor/Slate/Fonts/FontAwesome.ttf' (139K)
[2017.12.31-15.09.22:132][  0]LogSlate: Took 0.000837 seconds to synchronously load lazily loaded font '../../../Engine/Content/Slate/Fonts/Roboto-Bold.ttf' (160K)
[2017.12.31-15.09.22:251][  0]LogSlate: Took 0.012569 seconds to synchronously load lazily loaded font '../../../Engine/Content/Slate/Fonts/Roboto-Light.ttf' (159K)
[2017.12.31-15.09.22:587][  0]LogRenderer: Reallocating scene render targets to support 1056x612 Format 10 NumSamples 1 (Frame:1).
[2017.12.31-15.09.27:940][  0]LogContentBrowser: Native class hierarchy updated for 'HierarchicalLODOutliner' in 0.0017 seconds. Added 1 classes and 2 folders.
[2017.12.31-15.09.27:940][  0]LogLoad: (Engine Initialization) Total time: 194.40 seconds
[2017.12.31-15.09.27:940][  0]LogLoad: (Engine Initialization) Total Blueprint compile time: 0.00 seconds
[2017.12.31-15.09.27:940][  0]LogExternalProfiler: No external profilers were discovered.  External profiling features will not be available.
[2017.12.31-15.09.28:275][  0]LogWindowsTextInputMethodSystem: Display: IME system now deactivated.
[2017.12.31-15.09.28:531][  0]LogContentStreaming: Texture pool size now 1000 MB
[2017.12.31-15.09.29:046][  2]LogAssetRegistry: Asset discovery search completed in 46.6907 seconds
[2017.12.31-15.09.29:050][  2]LogCollectionManager: Rebuilt the object cache for 0 collections in 0.000000 seconds (found 0 objects)
[2017.12.31-15.09.29:050][  2]LogCollectionManager: Fixed up redirectors for 0 collections in 0.000166 seconds (updated 0 objects)
[2017.12.31-15.09.45:553][ 55]LogEditorViewport: Clicking on Actor (LMB): Landscape (Landscape)
[2017.12.31-15.10.34:994][467]LogStaticMesh: Building static mesh Assault_Barrel...
[2017.12.31-15.10.35:001][467]LogSlate: Took 0.000270 seconds to synchronously load lazily loaded font '../../../Engine/Content/Slate/Fonts/Roboto-Light.ttf' (159K)
[2017.12.31-15.10.35:079][467]LogStaticMesh: Built static mesh [0.08s] /Game/Pawns/Assault/Assault_Barrel.Assault_Barrel
[2017.12.31-15.10.35:657][467]LogSlate: Took 0.000244 seconds to synchronously load lazily loaded font '../../../Engine/Content/Slate/Fonts/Roboto-Regular.ttf' (155K)
[2017.12.31-15.11.13:446][646]LogTemp: Repeating last play command: Selected Viewport
[2017.12.31-15.11.13:620][646]LogBlueprintUserMessages: Early PlayInEditor Detection: Level '/Game/_Levels/BattleGround.BattleGround:PersistentLevel' has LevelScriptBlueprint '/Game/_Levels/BattleGround.BattleGround:PersistentLevel.BattleGround' with GeneratedClass '/Game/_Levels/BattleGround.BattleGround_C' with ClassGeneratedBy '/Game/_Levels/BattleGround.BattleGround:PersistentLevel.BattleGround'
[2017.12.31-15.11.13:648][646]LogPlayLevel: PlayLevel: No blueprints needed recompiling
[2017.12.31-15.11.13:662][646]PIE: New page: PIE session: BattleGround (Dec 31, 2017, 5:11:13 PM)
[2017.12.31-15.11.13:691][646]LogPlayLevel: Creating play world package: /Game/_Levels/UEDPIE_0_BattleGround
[2017.12.31-15.11.13:821][646]LogPlayLevel: PIE: StaticDuplicateObject took: (0.130386s)
[2017.12.31-15.11.13:822][646]LogAIModule: Creating AISystem for world BattleGround
[2017.12.31-15.11.13:822][646]LogPlayLevel: PIE: World Init took: (0.000928s)
[2017.12.31-15.11.13:823][646]LogPlayLevel: PIE: Created PIE world by copying editor world from /Game/_Levels/BattleGround.BattleGround to /Game/_Levels/UEDPIE_0_BattleGround.BattleGround (0.131917s)
[2017.12.31-15.11.13:894][646]LogInit: XAudio2 using 'Reproduktory (Realtek High Definition Audio)' : 2 channels at 48 kHz using 32 bits per sample (channel mask 0x3)
[2017.12.31-15.11.13:922][646]LogInit: FAudioDevice initialized.
[2017.12.31-15.11.13:981][646]LogUObjectGlobals: Warning: Failed to find object 'Class /Script/GW_Game.GW_GameGameMode'
[2017.12.31-15.11.13:990][646]LogLoad: Game class is 'GameModeBase'
[2017.12.31-15.11.14:054][646]LogWorld: Bringing World /Game/_Levels/UEDPIE_0_BattleGround.BattleGround up for play (max tick rate 60) at 2017.12.31-16.11.14
[2017.12.31-15.11.14:082][646]LogWorld: Bringing up level for play took: 0.038952
[2017.12.31-15.11.14:346][646]LogContentBrowser: Native class hierarchy updated for 'MovieSceneCapture' in 0.0010 seconds. Added 11 classes and 0 folders.
[2017.12.31-15.11.14:448][646]PIE: Play in editor start time for /Game/_Levels/UEDPIE_0_BattleGround 0.125
[2017.12.31-15.11.14:448][646]LogBlueprintUserMessages: Late PlayInEditor Detection: Level '/Game/_Levels/BattleGround.BattleGround:PersistentLevel' has LevelScriptBlueprint '/Game/_Levels/BattleGround.BattleGround:PersistentLevel.BattleGround' with GeneratedClass '/Game/_Levels/BattleGround.BattleGround_C' with ClassGeneratedBy '/Game/_Levels/BattleGround.BattleGround:PersistentLevel.BattleGround'
[2017.12.31-15.11.33:703][765]LogBlueprintUserMessages: Early EndPlayMap Detection: Level '/Game/_Levels/BattleGround.BattleGround:PersistentLevel' has LevelScriptBlueprint '/Game/_Levels/BattleGround.BattleGround:PersistentLevel.BattleGround' with GeneratedClass '/Game/_Levels/BattleGround.BattleGround_C' with ClassGeneratedBy '/Game/_Levels/BattleGround.BattleGround:PersistentLevel.BattleGround'
[2017.12.31-15.11.33:853][765]LogBlueprintUserMessages: Late EndPlayMap Detection: Level '/Game/_Levels/BattleGround.BattleGround:PersistentLevel' has LevelScriptBlueprint '/Game/_Levels/BattleGround.BattleGround:PersistentLevel.BattleGround' with GeneratedClass '/Game/_Levels/BattleGround.BattleGround_C' with ClassGeneratedBy '/Game/_Levels/BattleGround.BattleGround:PersistentLevel.BattleGround'
[2017.12.31-15.12.11:338][444]LogWindowsTextInputMethodSystem: Display: IME system now deactivated.
[2017.12.31-15.12.11:608][445]Cmd: QUIT_EDITOR
[2017.12.31-15.12.11:978][445]LogExit: Preparing to exit.
[2017.12.31-15.12.13:072][445]LogDirectoryWatcher: A directory notification for 'C:/Users/palic/Documents/Unreal Projects/GW-GAME/GW_Game/Content/' was aborted.
[2017.12.31-15.12.13:106][445]LogExit: Editor shut down
[2017.12.31-15.12.13:113][445]LogExit: Transaction tracking system shut down
[2017.12.31-15.12.13:373][445]LogDirectoryWatcher: A directory notification for '../../../Engine/Content/' was aborted.
[2017.12.31-15.12.13:373][445]LogDirectoryWatcher: A directory notification for '../../../../../../Users/palic/Documents/Unreal Projects/GW-GAME/GW_Game/Content/' was aborted.
[2017.12.31-15.12.13:373][445]LogDirectoryWatcher: A directory notification for '../../../Engine/Plugins/2D/Paper2D/Content/' was aborted.
[2017.12.31-15.12.13:373][445]LogDirectoryWatcher: A directory notification for '../../../Engine/Plugins/Media/MediaCompositing/Content/' was aborted.
[2017.12.31-15.12.13:373][445]LogDirectoryWatcher: A directory notification for '../../../Engine/Plugins/Runtime/AppleARKit/Content/' was aborted.
[2017.12.31-15.12.13:374][445]LogDirectoryWatcher: A directory notification for '../../../Engine/Plugins/Runtime/Oculus/OculusVR/Content/' was aborted.
[2017.12.31-15.12.13:374][445]LogDirectoryWatcher: A directory notification for '../../../Engine/Plugins/Runtime/Steam/SteamVR/Content/' was aborted.
[2017.12.31-15.12.13:430][445]LogExit: Object subsystem successfully closed.
[2017.12.31-15.12.13:445][445]LogD3D11RHI: Shutdown
[2017.12.31-15.12.13:445][445]LogD3D11RHI: CleanupD3DDevice
[2017.12.31-15.12.13:447][445]LogD3D11RHI: ~FD3D11DynamicRHI
[2017.12.31-15.12.13:475][445]LogModuleManager: Shutting down and abandoning module MovieSceneCapture (554)
[2017.12.31-15.12.13:475][445]LogModuleManager: Shutting down and abandoning module StaticMeshEditor (552)
[2017.12.31-15.12.13:475][445]LogModuleManager: Shutting down and abandoning module HierarchicalLODOutliner (550)
[2017.12.31-15.12.13:475][445]LogModuleManager: Shutting down and abandoning module SceneOutliner (548)
[2017.12.31-15.12.13:475][445]LogModuleManager: Shutting down and abandoning module AddContentDialog (546)
[2017.12.31-15.12.13:475][445]LogDirectoryWatcher: A directory notification for 'C:/Program Files/Epic Games/UE_4.18/FeaturePacks/' was aborted.
[2017.12.31-15.12.13:476][445]LogModuleManager: Shutting down and abandoning module WidgetCarousel (545)
[2017.12.31-15.12.13:476][445]LogModuleManager: Shutting down and abandoning module EditorWidgets (542)
[2017.12.31-15.12.13:476][445]LogModuleManager: Shutting down and abandoning module CollectionManager (540)
[2017.12.31-15.12.13:476][445]LogDirectoryWatcher: A directory notification for 'C:/Users/palic/Documents/Unreal Projects/GW-GAME/GW_Game/Content/Collections/' was aborted.
[2017.12.31-15.12.13:476][445]LogDirectoryWatcher: A directory notification for 'C:/Users/palic/Documents/Unreal Projects/GW-GAME/GW_Game/Content/Developers/palic/Collections/' was aborted.
[2017.12.31-15.12.13:476][445]LogDirectoryWatcher: A directory notification for 'C:/Users/palic/Documents/Unreal Projects/GW-GAME/GW_Game/Saved/Collections/' was aborted.
[2017.12.31-15.12.13:476][445]LogModuleManager: Shutting down and abandoning module StatsViewer (538)
[2017.12.31-15.12.13:476][445]LogModuleManager: Shutting down and abandoning module FoliageEdit (536)
[2017.12.31-15.12.13:476][445]LogModuleManager: Shutting down and abandoning module LandscapeEditor (534)
[2017.12.31-15.12.13:477][445]LogModuleManager: Shutting down and abandoning module MeshPaintMode (532)
[2017.12.31-15.12.13:477][445]LogModuleManager: Shutting down and abandoning module SceneDepthPickerMode (530)
[2017.12.31-15.12.13:477][445]LogModuleManager: Shutting down and abandoning module ActorPickerMode (528)
[2017.12.31-15.12.13:477][445]LogModuleManager: Shutting down and abandoning module GeometryMode (526)
[2017.12.31-15.12.13:477][445]LogModuleManager: Shutting down and abandoning module TextureAlignMode (524)
[2017.12.31-15.12.13:477][445]LogModuleManager: Shutting down and abandoning module BspMode (522)
[2017.12.31-15.12.13:477][445]LogModuleManager: Shutting down and abandoning module PIEPreviewDeviceProfileSelector (520)
[2017.12.31-15.12.13:477][445]LogModuleManager: Shutting down and abandoning module HardwareSurvey (518)
[2017.12.31-15.12.13:477][445]LogModuleManager: Shutting down and abandoning module SequenceRecorderSections (516)
[2017.12.31-15.12.13:477][445]LogModuleManager: Shutting down and abandoning module AutomationWorker (514)
[2017.12.31-15.12.13:477][445]LogModuleManager: Shutting down and abandoning module MatineeToLevelSequence (512)
[2017.12.31-15.12.13:477][445]LogModuleManager: Shutting down and abandoning module LevelSequenceEditor (510)
[2017.12.31-15.12.13:477][445]LogModuleManager: Shutting down and abandoning module PlacementMode (509)
[2017.12.31-15.12.13:477][445]LogModuleManager: Shutting down and abandoning module WmfMediaFactory (506)
[2017.12.31-15.12.13:477][445]LogModuleManager: Shutting down and abandoning module WmfMediaEditor (504)
[2017.12.31-15.12.13:477][445]LogModuleManager: Shutting down and abandoning module OpenExrWrapper (502)
[2017.12.31-15.12.13:477][445]LogModuleManager: Shutting down and abandoning module ImgMediaFactory (500)
[2017.12.31-15.12.13:477][445]LogModuleManager: Shutting down and abandoning module ImgMediaEditor (498)
[2017.12.31-15.12.13:477][445]LogModuleManager: Shutting down and abandoning module AvfMediaFactory (496)
[2017.12.31-15.12.13:477][445]LogModuleManager: Shutting down and abandoning module AvfMediaEditor (494)
[2017.12.31-15.12.13:477][445]LogModuleManager: Shutting down and abandoning module AndroidMediaFactory (492)
[2017.12.31-15.12.13:477][445]LogModuleManager: Shutting down and abandoning module AndroidMediaEditor (490)
[2017.12.31-15.12.13:477][445]LogModuleManager: Shutting down and abandoning module CharacterAI (488)
[2017.12.31-15.12.13:477][445]LogModuleManager: Shutting down and abandoning module AudioCapture (486)
[2017.12.31-15.12.13:477][445]LogModuleManager: Shutting down and abandoning module SequenceRecorder (485)
[2017.12.31-15.12.13:477][445]LogModuleManager: Shutting down and abandoning module SmartSnapping (482)
[2017.12.31-15.12.13:477][445]LogModuleManager: Shutting down and abandoning module SessionServices (480)
[2017.12.31-15.12.13:477][445]LogModuleManager: Shutting down and abandoning module ViewportSnapping (478)
[2017.12.31-15.12.13:477][445]LogModuleManager: Shutting down and abandoning module ViewportInteraction (476)
[2017.12.31-15.12.13:477][445]LogModuleManager: Shutting down and abandoning module ClothPainter (474)
[2017.12.31-15.12.13:477][445]LogModuleManager: Shutting down and abandoning module SkeletalMeshEditor (473)
[2017.12.31-15.12.13:477][445]LogModuleManager: Shutting down and abandoning module LogVisualizer (470)
[2017.12.31-15.12.13:477][445]LogModuleManager: Shutting down and abandoning module IntroTutorials (468)
[2017.12.31-15.12.13:528][445]LogModuleManager: Shutting down and abandoning module GameProjectGeneration (467)
[2017.12.31-15.12.13:528][445]LogModuleManager: Shutting down and abandoning module IOSPlatformEditor (464)
[2017.12.31-15.12.13:528][445]LogModuleManager: Shutting down and abandoning module HTML5PlatformEditor (462)
[2017.12.31-15.12.13:528][445]LogModuleManager: Shutting down and abandoning module AndroidPlatformEditor (460)
[2017.12.31-15.12.13:528][445]LogModuleManager: Shutting down and abandoning module AndroidDeviceDetection (459)
[2017.12.31-15.12.14:401][445]LogModuleManager: Shutting down and abandoning module WindowsPlatformEditor (456)
[2017.12.31-15.12.14:401][445]LogModuleManager: Shutting down and abandoning module IOSRuntimeSettings (454)
[2017.12.31-15.12.14:401][445]LogModuleManager: Shutting down and abandoning module AndroidRuntimeSettings (452)
[2017.12.31-15.12.14:403][445]LogModuleManager: Shutting down and abandoning module InputBindingEditor (450)
[2017.12.31-15.12.14:403][445]LogModuleManager: Shutting down and abandoning module MergeActors (448)
[2017.12.31-15.12.14:403][445]LogModuleManager: Shutting down and abandoning module SizeMap (446)
[2017.12.31-15.12.14:403][445]LogModuleManager: Shutting down and abandoning module TreeMap (444)
[2017.12.31-15.12.14:404][445]LogModuleManager: Shutting down and abandoning module ReferenceViewer (442)
[2017.12.31-15.12.14:404][445]LogModuleManager: Shutting down and abandoning module LocalizationDashboard (440)
[2017.12.31-15.12.14:404][445]LogModuleManager: Shutting down and abandoning module LocalizationService (439)
[2017.12.31-15.12.14:404][445]LogModuleManager: Shutting down and abandoning module HardwareTargeting (436)
[2017.12.31-15.12.14:404][445]LogModuleManager: Shutting down and abandoning module DeviceProfileEditor (434)
[2017.12.31-15.12.14:404][445]LogModuleManager: Shutting down and abandoning module UndoHistory (432)
[2017.12.31-15.12.14:404][445]LogModuleManager: Shutting down and abandoning module XmlParser (430)
[2017.12.31-15.12.14:404][445]LogModuleManager: Shutting down and abandoning module Blutility (428)
[2017.12.31-15.12.14:404][445]LogModuleManager: Shutting down and abandoning module ProjectSettingsViewer (426)
[2017.12.31-15.12.14:404][445]LogModuleManager: Shutting down and abandoning module ProjectTargetPlatformEditor (425)
[2017.12.31-15.12.14:404][445]LogModuleManager: Shutting down and abandoning module EditorSettingsViewer (422)
[2017.12.31-15.12.14:404][445]LogModuleManager: Shutting down and abandoning module SettingsEditor (420)
[2017.12.31-15.12.14:404][445]LogModuleManager: Shutting down and abandoning module ProjectLauncher (418)
[2017.12.31-15.12.14:404][445]LogModuleManager: Shutting down and abandoning module SessionFrontend (416)
[2017.12.31-15.12.14:404][445]LogModuleManager: Shutting down and abandoning module ProfilerClient (414)
[2017.12.31-15.12.14:405][445]LogModuleManager: Shutting down and abandoning module DeviceManager (412)
[2017.12.31-15.12.14:405][445]LogModuleManager: Shutting down and abandoning module TargetDeviceServices (411)
[2017.12.31-15.12.15:151][445]LogModuleManager: Shutting down and abandoning module AutomationController (408)
[2017.12.31-15.12.15:151][445]LogModuleManager: Shutting down and abandoning module AutomationWindow (406)
[2017.12.31-15.12.15:151][445]LogModuleManager: Shutting down and abandoning module Layers (404)
[2017.12.31-15.12.15:151][445]LogModuleManager: Shutting down and abandoning module ComponentVisualizers (402)
[2017.12.31-15.12.15:151][445]LogModuleManager: Shutting down and abandoning module DetailCustomizations (400)
[2017.12.31-15.12.15:151][445]LogModuleManager: Shutting down and abandoning module PackagesDialog (398)
[2017.12.31-15.12.15:152][445]LogModuleManager: Shutting down and abandoning module Persona (396)
[2017.12.31-15.12.15:152][445]LogModuleManager: Shutting down and abandoning module AdvancedPreviewScene (395)
[2017.12.31-15.12.15:152][445]LogModuleManager: Shutting down and abandoning module AnimGraph (393)
[2017.12.31-15.12.15:152][445]LogModuleManager: Shutting down and abandoning module Kismet (390)
[2017.12.31-15.12.15:152][445]LogModuleManager: Shutting down and abandoning module ClassViewer (388)
[2017.12.31-15.12.15:152][445]LogModuleManager: Shutting down and abandoning module Toolbox (386)
[2017.12.31-15.12.15:152][445]LogModuleManager: Shutting down and abandoning module ModuleUI (384)
[2017.12.31-15.12.15:152][445]LogModuleManager: Shutting down and abandoning module MovieSceneTools (382)
[2017.12.31-15.12.15:153][445]LogModuleManager: Shutting down and abandoning module OutputLog (380)
[2017.12.31-15.12.15:153][445]LogModuleManager: Shutting down and abandoning module GammaUI (378)
[2017.12.31-15.12.15:153][445]LogModuleManager: Shutting down and abandoning module Documentation (376)
[2017.12.31-15.12.15:153][445]LogModuleManager: Shutting down and abandoning module MovieSceneTracks (374)
[2017.12.31-15.12.15:153][445]LogModuleManager: Shutting down and abandoning module MovieScene (372)
[2017.12.31-15.12.15:153][445]LogModuleManager: Shutting down and abandoning module StreamingPauseRendering (370)
[2017.12.31-15.12.15:153][445]LogModuleManager: Shutting down and abandoning module LauncherPlatform (368)
[2017.12.31-15.12.15:153][445]LogModuleManager: Shutting down and abandoning module AnalyticsET (366)
[2017.12.31-15.12.15:153][445]LogModuleManager: Shutting down and abandoning module PortalServices (364)
[2017.12.31-15.12.15:153][445]LogModuleManager: Shutting down and abandoning module PortalRpc (362)
[2017.12.31-15.12.15:153][445]LogModuleManager: Shutting down and abandoning module MessagingRpc (360)
[2017.12.31-15.12.15:153][445]LogModuleManager: Shutting down and abandoning module AIModule (358)
[2017.12.31-15.12.15:153][445]LogModuleManager: Shutting down and abandoning module GameplayDebugger (357)
[2017.12.31-15.12.15:153][445]LogModuleManager: Shutting down and abandoning module AITestSuite (355)
[2017.12.31-15.12.15:153][445]LogModuleManager: Shutting down and abandoning module ProfilerService (352)
[2017.12.31-15.12.15:362][445]LogModuleManager: Shutting down and abandoning module TaskGraph (350)
[2017.12.31-15.12.15:362][445]LogModuleManager: Shutting down and abandoning module SteamVRController (348)
[2017.12.31-15.12.15:362][445]LogModuleManager: Shutting down and abandoning module ProceduralMeshComponentEditor (346)
[2017.12.31-15.12.15:362][445]LogModuleManager: Shutting down and abandoning module ProceduralMeshComponent (344)
[2017.12.31-15.12.15:362][445]LogModuleManager: Shutting down and abandoning module OculusInput (342)
[2017.12.31-15.12.15:362][445]LogModuleManager: Shutting down and abandoning module MobilePatchingUtils (340)
[2017.12.31-15.12.15:362][445]LogModuleManager: Shutting down and abandoning module CustomMeshComponent (338)
[2017.12.31-15.12.15:363][445]LogModuleManager: Shutting down and abandoning module CableComponent (336)
[2017.12.31-15.12.15:363][445]LogModuleManager: Shutting down and abandoning module ArchVisCharacter (334)
[2017.12.31-15.12.15:363][445]LogModuleManager: Shutting down and abandoning module AndroidPermission (332)
[2017.12.31-15.12.15:363][445]LogModuleManager: Shutting down and abandoning module ActorSequence (328)
[2017.12.31-15.12.15:363][445]LogModuleManager: Shutting down and abandoning module MediaPlayerEditor (326)
[2017.12.31-15.12.15:363][445]LogModuleManager: Shutting down and abandoning module MediaCompositingEditor (324)
[2017.12.31-15.12.15:363][445]LogModuleManager: Shutting down and abandoning module MediaCompositing (322)
[2017.12.31-15.12.15:363][445]LogModuleManager: Shutting down and abandoning module HTML5Networking (320)
[2017.12.31-15.12.15:363][445]LogModuleManager: Shutting down and abandoning module AlembicImporter (318)
[2017.12.31-15.12.15:363][445]LogModuleManager: Shutting down and abandoning module AlembicLibrary (317)
[2017.12.31-15.12.15:363][445]LogModuleManager: Shutting down and abandoning module GeometryCache (316)
[2017.12.31-15.12.15:363][445]LogModuleManager: Shutting down and abandoning module GeometryCacheEd (315)
[2017.12.31-15.12.15:363][445]LogModuleManager: Shutting down and abandoning module SpeedTreeImporter (310)
[2017.12.31-15.12.15:363][445]LogModuleManager: Shutting down and abandoning module PluginBrowser (308)
[2017.12.31-15.12.15:363][445]LogModuleManager: Shutting down and abandoning module MobileLauncherProfileWizard (306)
[2017.12.31-15.12.15:363][445]LogModuleManager: Shutting down and abandoning module VisualStudioSourceCodeAccess (304)
[2017.12.31-15.12.15:363][445]LogModuleManager: Shutting down and abandoning module VisualStudioCodeSourceCodeAccess (302)
[2017.12.31-15.12.15:363][445]LogModuleManager: Shutting down and abandoning module UObjectPlugin (300)
[2017.12.31-15.12.15:363][445]LogModuleManager: Shutting down and abandoning module SubversionSourceControl (298)
[2017.12.31-15.12.15:363][445]LogModuleManager: Shutting down and abandoning module PerforceSourceControl (296)
[2017.12.31-15.12.15:363][445]LogModuleManager: Shutting down and abandoning module GitSourceControl (294)
[2017.12.31-15.12.15:363][445]LogModuleManager: Shutting down and abandoning module SourceControl (293)
[2017.12.31-15.12.15:363][445]LogModuleManager: Shutting down and abandoning module LightPropagationVolumeEditor (290)
[2017.12.31-15.12.15:363][445]LogModuleManager: Shutting down and abandoning module PaperTiledImporter (288)
[2017.12.31-15.12.15:363][445]LogModuleManager: Shutting down and abandoning module PaperSpriteSheetImporter (286)
[2017.12.31-15.12.15:363][445]LogModuleManager: Shutting down and abandoning module Paper2DEditor (284)
[2017.12.31-15.12.15:363][445]LogModuleManager: Shutting down and abandoning module MeshPaint (283)
[2017.12.31-15.12.15:363][445]LogModuleManager: Shutting down and abandoning module LevelEditor (281)
[2017.12.31-15.12.15:364][445]LogModuleManager: Shutting down and abandoning module PixelInspectorModule (280)
[2017.12.31-15.12.15:364][445]LogModuleManager: Shutting down and abandoning module MainFrame (278)
[2017.12.31-15.12.15:364][445]LogModuleManager: Shutting down and abandoning module HotReload (277)
[2017.12.31-15.12.15:364][445]LogDirectoryWatcher: A directory notification for 'C:/Users/palic/Documents/Unreal Projects/GW-GAME/GW_Game/Binaries/Win64' was aborted.
[2017.12.31-15.12.15:365][445]LogModuleManager: Shutting down and abandoning module GW_Game (272)
[2017.12.31-15.12.15:365][445]LogModuleManager: Shutting down and abandoning module RuntimePhysXCooking (270)
[2017.12.31-15.12.15:365][445]LogModuleManager: Shutting down and abandoning module PhysXVehiclesEditor (268)
[2017.12.31-15.12.15:365][445]LogModuleManager: Shutting down and abandoning module PhysXVehicles (266)
[2017.12.31-15.12.15:365][445]LogModuleManager: Shutting down and abandoning module OculusEditor (264)
[2017.12.31-15.12.15:365][445]LogModuleManager: Shutting down and abandoning module LocationServicesBPLibrary (262)
[2017.12.31-15.12.15:365][445]LogModuleManager: Shutting down and abandoning module ImmediatePhysicsEditor (260)
[2017.12.31-15.12.15:365][445]LogModuleManager: Shutting down and abandoning module ImmediatePhysics (258)
[2017.12.31-15.12.15:365][445]LogModuleManager: Shutting down and abandoning module UdpMessaging (256)
[2017.12.31-15.12.15:466][445]LogModuleManager: Shutting down and abandoning module TcpMessaging (254)
[2017.12.31-15.12.15:566][445]LogModuleManager: Shutting down and abandoning module GameplayTagsEditor (252)
[2017.12.31-15.12.15:566][445]LogModuleManager: Shutting down and abandoning module FacialAnimationEditor (250)
[2017.12.31-15.12.15:566][445]LogModuleManager: Shutting down and abandoning module FacialAnimation (248)
[2017.12.31-15.12.15:566][445]LogModuleManager: Shutting down and abandoning module AssetManagerEditor (246)
[2017.12.31-15.12.15:566][445]LogModuleManager: Shutting down and abandoning module GraphEditor (245)
[2017.12.31-15.12.15:566][445]LogModuleManager: Shutting down and abandoning module ContentBrowser (243)
[2017.12.31-15.12.15:570][445]LogModuleManager: Shutting down and abandoning module LightPropagationVolumeRuntime (240)
[2017.12.31-15.12.15:570][445]LogModuleManager: Shutting down and abandoning module Paper2D (238)
[2017.12.31-15.12.15:570][445]LogModuleManager: Shutting down and abandoning module WindowsMoviePlayer (236)
[2017.12.31-15.12.15:570][445]LogModuleManager: Shutting down and abandoning module WmfMedia (234)
[2017.12.31-15.12.15:570][445]LogModuleManager: Shutting down and abandoning module ImgMedia (232)
[2017.12.31-15.12.15:570][445]LogModuleManager: Shutting down and abandoning module PacketHandler (230)
[2017.12.31-15.12.15:571][445]LogModuleManager: Shutting down and abandoning module ClothingSystemEditor (228)
[2017.12.31-15.12.15:571][445]LogModuleManager: Shutting down and abandoning module ClothingSystemRuntime (226)
[2017.12.31-15.12.15:571][445]LogModuleManager: Shutting down and abandoning module MediaAssets (224)
[2017.12.31-15.12.15:571][445]LogModuleManager: Shutting down and abandoning module Media (223)
[2017.12.31-15.12.15:578][445]LogModuleManager: Shutting down and abandoning module Overlay (220)
[2017.12.31-15.12.15:578][445]LogModuleManager: Shutting down and abandoning module OverlayEditor (219)
[2017.12.31-15.12.15:578][445]LogModuleManager: Shutting down and abandoning module VREditor (216)
[2017.12.31-15.12.15:578][445]LogModuleManager: Shutting down and abandoning module StringTableEditor (214)
[2017.12.31-15.12.15:579][445]LogModuleManager: Shutting down and abandoning module GameplayTasksEditor (212)
[2017.12.31-15.12.15:579][445]LogModuleManager: Shutting down and abandoning module BehaviorTreeEditor (210)
[2017.12.31-15.12.15:579][445]LogModuleManager: Shutting down and abandoning module FunctionalTesting (208)
[2017.12.31-15.12.15:579][445]LogModuleManager: Shutting down and abandoning module CollisionAnalyzer (206)
[2017.12.31-15.12.15:579][445]LogModuleManager: Shutting down and abandoning module WorkspaceMenuStructure (205)
[2017.12.31-15.12.15:579][445]LogModuleManager: Shutting down and abandoning module UMG (202)
[2017.12.31-15.12.15:579][445]LogModuleManager: Shutting down and abandoning module UMGEditor (201)
[2017.12.31-15.12.15:579][445]LogModuleManager: Shutting down and abandoning module Sequencer (200)
[2017.12.31-15.12.15:579][445]LogModuleManager: Shutting down and abandoning module MessageLog (197)
[2017.12.31-15.12.15:580][445]LogModuleManager: Shutting down and abandoning module SlateReflector (192)
[2017.12.31-15.12.15:580][445]LogModuleManager: Shutting down and abandoning module Slate (190)
[2017.12.31-15.12.15:580][445]LogModuleManager: Shutting down and abandoning module EditorStyle (188)
[2017.12.31-15.12.15:590][445]LogModuleManager: Shutting down and abandoning module MRMesh (186)
[2017.12.31-15.12.15:590][445]LogModuleManager: Shutting down and abandoning module SourceCodeAccess (184)
[2017.12.31-15.12.15:591][445]LogModuleManager: Shutting down and abandoning module HeadMountedDisplay (182)
[2017.12.31-15.12.15:591][445]LogModuleManager: Shutting down and abandoning module XAudio2 (180)
[2017.12.31-15.12.15:591][445]LogModuleManager: Shutting down and abandoning module Networking (178)
[2017.12.31-15.12.15:591][445]LogModuleManager: Shutting down and abandoning module Core (174)
[2017.12.31-15.12.15:591][445]LogModuleManager: Shutting down and abandoning module LevelSequence (170)
[2017.12.31-15.12.15:591][445]LogModuleManager: Shutting down and abandoning module DirectoryWatcher (168)
[2017.12.31-15.12.15:594][445]LogModuleManager: Shutting down and abandoning module KismetCompiler (166)
[2017.12.31-15.12.15:594][445]LogModuleManager: Shutting down and abandoning module MeshUtilities (164)
[2017.12.31-15.12.15:594][445]LogModuleManager: Shutting down and abandoning module MeshMergeUtilities (163)
[2017.12.31-15.12.15:595][445]LogModuleManager: Shutting down and abandoning module MeshReductionInterface (162)
[2017.12.31-15.12.15:595][445]LogModuleManager: Shutting down and abandoning module SimplygonSwarm (161)
[2017.12.31-15.12.15:595][445]LogModuleManager: Shutting down and abandoning module SimplygonMeshReduction (159)
[2017.12.31-15.12.15:595][445]LogModuleManager: Shutting down and abandoning module QuadricMeshReduction (157)
[2017.12.31-15.12.15:595][445]LogModuleManager: Shutting down and abandoning module MaterialBaking (153)
[2017.12.31-15.12.15:595][445]LogModuleManager: Shutting down and abandoning module DerivedDataCache (150)
[2017.12.31-15.12.15:614][445]LogDerivedDataCache: Shutdown
[2017.12.31-15.12.15:614][445]LogModuleManager: Shutting down and abandoning module TargetPlatform (148)
[2017.12.31-15.12.15:614][445]LogModuleManager: Shutting down and abandoning module VulkanShaderFormat (147)
[2017.12.31-15.12.15:614][445]LogModuleManager: Shutting down and abandoning module ShaderFormatVectorVM (145)
[2017.12.31-15.12.15:614][445]LogModuleManager: Shutting down and abandoning module ShaderFormatOpenGL (143)
[2017.12.31-15.12.15:615][445]LogModuleManager: Shutting down and abandoning module ShaderFormatD3D (141)
[2017.12.31-15.12.15:615][445]LogModuleManager: Shutting down and abandoning module MetalShaderFormat (139)
[2017.12.31-15.12.15:615][445]LogModuleManager: Shutting down and abandoning module TextureFormatUncompressed (137)
[2017.12.31-15.12.15:615][445]LogModuleManager: Shutting down and abandoning module TextureFormatPVR (135)
[2017.12.31-15.12.15:615][445]LogModuleManager: Shutting down and abandoning module TextureFormatDXT (133)
[2017.12.31-15.12.15:615][445]LogModuleManager: Shutting down and abandoning module TextureFormatIntelISPCTexComp (131)
[2017.12.31-15.12.15:615][445]LogModuleManager: Shutting down and abandoning module TextureFormatASTC (129)
[2017.12.31-15.12.15:615][445]LogModuleManager: Shutting down and abandoning module ImageWrapper (128)
[2017.12.31-15.12.15:615][445]LogModuleManager: Shutting down and abandoning module TextureFormatAndroid (125)
[2017.12.31-15.12.15:615][445]LogModuleManager: Shutting down and abandoning module AudioFormatOpus (123)
[2017.12.31-15.12.15:615][445]LogModuleManager: Shutting down and abandoning module AudioFormatOgg (121)
[2017.12.31-15.12.15:616][445]LogModuleManager: Shutting down and abandoning module AudioFormatADPCM (119)
[2017.12.31-15.12.15:616][445]LogModuleManager: Shutting down and abandoning module LinuxTargetPlatform (117)
[2017.12.31-15.12.15:616][445]LogModuleManager: Shutting down and abandoning module LinuxServerTargetPlatform (115)
[2017.12.31-15.12.15:616][445]LogModuleManager: Shutting down and abandoning module LinuxNoEditorTargetPlatform (113)
[2017.12.31-15.12.15:616][445]LogModuleManager: Shutting down and abandoning module LinuxClientTargetPlatform (111)
[2017.12.31-15.12.15:616][445]LogModuleManager: Shutting down and abandoning module TVOSTargetPlatform (109)
[2017.12.31-15.12.15:616][445]LogModuleManager: Shutting down and abandoning module Messaging (107)
[2017.12.31-15.12.15:616][445]LogModuleManager: Shutting down and abandoning module IOSTargetPlatform (105)
[2017.12.31-15.12.15:616][445]LogModuleManager: Shutting down and abandoning module HTML5TargetPlatform (103)
[2017.12.31-15.12.15:616][445]LogModuleManager: Shutting down and abandoning module AndroidTargetPlatform (101)
[2017.12.31-15.12.15:616][445]LogModuleManager: Shutting down and abandoning module Android_PVRTCTargetPlatform (99)
[2017.12.31-15.12.15:616][445]LogModuleManager: Shutting down and abandoning module Android_MultiTargetPlatform (97)
[2017.12.31-15.12.15:616][445]LogModuleManager: Shutting down and abandoning module Android_ETC2TargetPlatform (95)
[2017.12.31-15.12.15:616][445]LogModuleManager: Shutting down and abandoning module Android_ETC1TargetPlatform (93)
[2017.12.31-15.12.15:616][445]LogModuleManager: Shutting down and abandoning module Android_DXTTargetPlatform (91)
[2017.12.31-15.12.15:616][445]LogModuleManager: Shutting down and abandoning module Android_ATCTargetPlatform (89)
[2017.12.31-15.12.15:616][445]LogModuleManager: Shutting down and abandoning module Android_ASTCTargetPlatform (87)
[2017.12.31-15.12.15:616][445]LogModuleManager: Shutting down and abandoning module WindowsTargetPlatform (85)
[2017.12.31-15.12.15:617][445]LogModuleManager: Shutting down and abandoning module WindowsServerTargetPlatform (83)
[2017.12.31-15.12.15:617][445]LogModuleManager: Shutting down and abandoning module WindowsNoEditorTargetPlatform (81)
[2017.12.31-15.12.15:617][445]LogModuleManager: Shutting down and abandoning module WindowsClientTargetPlatform (79)
[2017.12.31-15.12.15:617][445]LogModuleManager: Shutting down and abandoning module MacTargetPlatform (77)
[2017.12.31-15.12.15:617][445]LogModuleManager: Shutting down and abandoning module MacServerTargetPlatform (75)
[2017.12.31-15.12.15:617][445]LogModuleManager: Shutting down and abandoning module MacNoEditorTargetPlatform (73)
[2017.12.31-15.12.15:617][445]LogModuleManager: Shutting down and abandoning module MacClientTargetPlatform (71)
[2017.12.31-15.12.15:617][445]LogModuleManager: Shutting down and abandoning module AllDesktopTargetPlatform (69)
[2017.12.31-15.12.15:617][445]LogModuleManager: Shutting down and abandoning module InputCore (66)
[2017.12.31-15.12.15:617][445]LogModuleManager: Shutting down and abandoning module Settings (64)
[2017.12.31-15.12.15:617][445]LogModuleManager: Shutting down and abandoning module PhysXCooking (62)
[2017.12.31-15.12.15:617][445]LogModuleManager: Shutting down and abandoning module SteamVR (60)
[2017.12.31-15.12.15:617][445]LogModuleManager: Shutting down and abandoning module OculusHMD (58)
[2017.12.31-15.12.15:617][445]LogModuleManager: Shutting down and abandoning module ExampleDeviceProfileSelector (56)
[2017.12.31-15.12.15:617][445]LogModuleManager: Shutting down and abandoning module AppleARKit (54)
[2017.12.31-15.12.15:617][445]LogModuleManager: Shutting down and abandoning module AugmentedReality (53)
[2017.12.31-15.12.15:618][445]LogModuleManager: Shutting down and abandoning module OnlineBlueprintSupport (50)
[2017.12.31-15.12.15:618][445]LogModuleManager: Shutting down and abandoning module OnlineSubsystem (46)
[2017.12.31-15.12.15:618][445]LogModuleManager: Shutting down and abandoning module XMPP (45)
[2017.12.31-15.12.15:618][445]LogModuleManager: Shutting down and abandoning module HTTP (43)
[2017.12.31-15.12.15:618][445]LogHttp: Display: Http module shutting down, but needs to wait on 1 outstanding Http requests:
[2017.12.31-15.12.15:618][445]LogHttp: Display: 	verb=[POST] url=[https://datarouter.ol.epicgames.com/datarouter/api/v1/public/data?SessionID=%7B46E1C0CF-4E5A-A08C-7BF6-9BBE701472F5%7D&AppID=UEEditor.Rocket.Release&AppVersion=4.18.2-3794801%2B%2B%2BUE4%2BRelease-4.18&UserID=2f63f9af4162962e51888aa3923072cf%7C50e7e1585dc94d938b9ac1ed70f9e52e%7C7d80cfff-af99-4024-9776-944e50d68502&AppEnvironment=datacollector-binary&UploadType=eteventstream] status=Processing
[2017.12.31-15.12.15:641][445]LogModuleManager: Shutting down and abandoning module SSL (42)
[2017.12.31-15.12.15:643][445]LogModuleManager: Shutting down and abandoning module DesktopPlatform (38)
[2017.12.31-15.12.15:643][445]LogModuleManager: Shutting down and abandoning module AnimationModifiers (36)
[2017.12.31-15.12.15:643][445]LogModuleManager: Shutting down and abandoning module PropertyEditor (35)
[2017.12.31-15.12.15:643][445]LogModuleManager: Shutting down and abandoning module AudioEditor (32)
[2017.12.31-15.12.15:644][445]LogModuleManager: Shutting down and abandoning module TextureCompressor (30)
[2017.12.31-15.12.15:644][445]LogModuleManager: Shutting down and abandoning module ShaderCore (28)
[2017.12.31-15.12.15:644][445]LogModuleManager: Shutting down and abandoning module Landscape (26)
[2017.12.31-15.12.15:644][445]LogModuleManager: Shutting down and abandoning module SlateRHIRenderer (24)
[2017.12.31-15.12.15:645][445]LogModuleManager: Shutting down and abandoning module OpenGLDrv (22)
[2017.12.31-15.12.15:645][445]LogModuleManager: Shutting down and abandoning module D3D11RHI (20)
[2017.12.31-15.12.15:645][445]LogModuleManager: Shutting down and abandoning module AnimGraphRuntime (18)
[2017.12.31-15.12.15:645][445]LogModuleManager: Shutting down and abandoning module Renderer (16)
[2017.12.31-15.12.15:645][445]LogModuleManager: Shutting down and abandoning module Engine (14)
[2017.12.31-15.12.15:645][445]LogModuleManager: Shutting down and abandoning module CoreUObject (12)
[2017.12.31-15.12.15:645][445]LogModuleManager: Shutting down and abandoning module NetworkFile (10)
[2017.12.31-15.12.15:645][445]LogModuleManager: Shutting down and abandoning module CookedIterativeFile (8)
[2017.12.31-15.12.15:645][445]LogModuleManager: Shutting down and abandoning module StreamingFile (6)
[2017.12.31-15.12.15:645][445]LogModuleManager: Shutting down and abandoning module SandboxFile (4)
[2017.12.31-15.12.15:646][445]LogModuleManager: Shutting down and abandoning module PakFile (2)
[2017.12.31-15.12.15:648][445]LogExit: Exiting.
[2017.12.31-15.12.15:670][445]Log file closed, 12/31/17 16:12:15
