Log file open, 12/31/17 18:13:03
LogWindows: Failed to load 'aqProf.dll' (GetLastError=126)
LogWindows: File 'aqProf.dll' does not exist
LogWindows: Failed to load 'VSPerf140.dll' (GetLastError=126)
LogWindows: File 'VSPerf140.dll' does not exist
LogWindows: Failed to load 'VtuneApi.dll' (GetLastError=126)
LogWindows: File 'VtuneApi.dll' does not exist
LogWindows: Failed to load 'VtuneApi32e.dll' (GetLastError=126)
LogWindows: File 'VtuneApi32e.dll' does not exist
LogInit: Display: Running engine for game: GW_Game
LogPlatformFile: Not using cached read wrapper
LogInit: Display: RandInit(442937670) SRandInit(442937670).
LogInit: Read version file with build ID '3709383'
LogInit: Overriding engine version to CL 3794801, compatible CL 3709383
LogInit: Registered custom module enumerator with build ID '3709383'
LogTaskGraph: Started task graph with 5 named threads and 14 total threads with 3 sets of task threads.
LogStats: Stats thread started at 0.177301
LogD3D11RHI: Aftermath initialized
LogPluginManager: Mounting plugin Paper2D
LogPluginManager: Mounting plugin LightPropagationVolume
LogPluginManager: Mounting plugin CodeLiteSourceCodeAccess
LogPluginManager: Mounting plugin GitSourceControl
LogPluginManager: Mounting plugin KDevelopSourceCodeAccess
LogPluginManager: Mounting plugin NullSourceCodeAccess
LogPluginManager: Mounting plugin PerforceSourceControl
LogPluginManager: Mounting plugin SubversionSourceControl
LogPluginManager: Mounting plugin UObjectPlugin
LogPluginManager: Mounting plugin VisualStudioCodeSourceCodeAccess
LogPluginManager: Mounting plugin VisualStudioSourceCodeAccess
LogPluginManager: Mounting plugin XCodeSourceCodeAccess
LogPluginManager: Mounting plugin AssetManagerEditor
LogPluginManager: Mounting plugin AudioCapture
LogPluginManager: Mounting plugin FacialAnimation
LogPluginManager: Mounting plugin GameplayTagsEditor
LogPluginManager: Mounting plugin MobileLauncherProfileWizard
LogPluginManager: Mounting plugin PluginBrowser
LogPluginManager: Mounting plugin SpeedTreeImporter
LogPluginManager: Mounting plugin AlembicImporter
LogPluginManager: Mounting plugin CharacterAI
LogPluginManager: Mounting plugin HTML5Networking
LogPluginManager: Mounting plugin AndroidMedia
LogPluginManager: Mounting plugin AvfMedia
LogPluginManager: Mounting plugin ImgMedia
LogPluginManager: Mounting plugin MediaCompositing
LogPluginManager: Mounting plugin MediaPlayerEditor
LogPluginManager: Mounting plugin WmfMedia
LogPluginManager: Mounting plugin TcpMessaging
LogPluginManager: Mounting plugin UdpMessaging
LogPluginManager: Mounting plugin ActorSequence
LogPluginManager: Mounting plugin LevelSequenceEditor
LogPluginManager: Mounting plugin MatineeToLevelSequence
LogPluginManager: Mounting plugin OnlineSubsystemGooglePlay
LogPluginManager: Mounting plugin OnlineSubsystemIOS
LogPluginManager: Mounting plugin OnlineSubsystem
LogPluginManager: Mounting plugin OnlineSubsystemNull
LogPluginManager: Mounting plugin OnlineSubsystemUtils
LogPluginManager: Mounting plugin AndroidDeviceProfileSelector
LogPluginManager: Mounting plugin AndroidMoviePlayer
LogPluginManager: Mounting plugin AndroidPermission
LogPluginManager: Mounting plugin AppleARKit
LogPluginManager: Mounting plugin AppleMoviePlayer
LogPluginManager: Mounting plugin ArchVisCharacter
LogPluginManager: Mounting plugin CableComponent
LogPluginManager: Mounting plugin CustomMeshComponent
LogPluginManager: Mounting plugin ExampleDeviceProfileSelector
LogPluginManager: Mounting plugin GoogleCloudMessaging
LogPluginManager: Mounting plugin ImmediatePhysics
LogPluginManager: Mounting plugin IOSDeviceProfileSelector
LogPluginManager: Mounting plugin LinuxDeviceProfileSelector
LogPluginManager: Mounting plugin LocationServicesBPLibrary
LogPluginManager: Mounting plugin MobilePatchingUtils
LogPluginManager: Mounting plugin OculusVR
LogPluginManager: Plugin shader directory ../../../Engine/Plugins/Runtime/Oculus/OculusVR/Shaders found
LogPluginManager: Mapping shader source directory ../../../Engine/Plugins/Runtime/Oculus/OculusVR/Shaders to virtual directory /Plugin/OculusVR
LogPluginManager: Mounting plugin PhysXVehicles
LogPluginManager: Mounting plugin ProceduralMeshComponent
LogPluginManager: Mounting plugin RuntimePhysXCooking
LogPluginManager: Mounting plugin SteamVR
LogPluginManager: Mounting plugin WindowsMoviePlayer
LogModuleManager: Display: Found up-to-date module file D:/repos/GWGame/GW_Game/Binaries/Win64/UE4Editor-GW_Game.dll (API version 3709383).
LogModuleManager: Display: Found up-to-date module file ../../../Engine/Plugins/2D/Paper2D/Binaries/Win64/UE4Editor-Paper2D.dll (API version 3709383).
LogModuleManager: Display: Found up-to-date module file ../../../Engine/Plugins/2D/Paper2D/Binaries/Win64/UE4Editor-Paper2DEditor.dll (API version 3709383).
LogModuleManager: Display: Found up-to-date module file ../../../Engine/Plugins/2D/Paper2D/Binaries/Win64/UE4Editor-PaperSpriteSheetImporter.dll (API version 3709383).
LogModuleManager: Display: Found up-to-date module file ../../../Engine/Plugins/2D/Paper2D/Binaries/Win64/UE4Editor-PaperTiledImporter.dll (API version 3709383).
LogModuleManager: Display: Found up-to-date module file ../../../Engine/Plugins/2D/Paper2D/Binaries/Win64/UE4Editor-SmartSnapping.dll (API version 3709383).
LogModuleManager: Display: Found up-to-date module file ../../../Engine/Plugins/Blendables/LightPropagationVolume/Binaries/Win64/UE4Editor-LightPropagationVolumeRuntime.dll (API version 3709383).
LogModuleManager: Display: Found up-to-date module file ../../../Engine/Plugins/Blendables/LightPropagationVolume/Binaries/Win64/UE4Editor-LightPropagationVolumeEditor.dll (API version 3709383).
LogModuleManager: Display: Found up-to-date module file ../../../Engine/Plugins/Developer/GitSourceControl/Binaries/Win64/UE4Editor-GitSourceControl.dll (API version 3709383).
LogModuleManager: Display: Found up-to-date module file ../../../Engine/Plugins/Developer/PerforceSourceControl/Binaries/Win64/UE4Editor-PerforceSourceControl.dll (API version 3709383).
LogModuleManager: Display: Found up-to-date module file ../../../Engine/Plugins/Developer/SubversionSourceControl/Binaries/Win64/UE4Editor-SubversionSourceControl.dll (API version 3709383).
LogModuleManager: Display: Found up-to-date module file ../../../Engine/Plugins/Developer/UObjectPlugin/Binaries/Win64/UE4Editor-UObjectPlugin.dll (API version 3709383).
LogModuleManager: Display: Found up-to-date module file ../../../Engine/Plugins/Developer/VisualStudioCodeSourceCodeAccess/Binaries/Win64/UE4Editor-VisualStudioCodeSourceCodeAccess.dll (API version 3709383).
LogModuleManager: Display: Found up-to-date module file ../../../Engine/Plugins/Developer/VisualStudioSourceCodeAccess/Binaries/Win64/UE4Editor-VisualStudioSourceCodeAccess.dll (API version 3709383).
LogModuleManager: Display: Found up-to-date module file ../../../Engine/Plugins/Editor/AssetManagerEditor/Binaries/Win64/UE4Editor-AssetManagerEditor.dll (API version 3709383).
LogModuleManager: Display: Found up-to-date module file ../../../Engine/Plugins/Editor/AudioCapture/Binaries/Win64/UE4Editor-AudioCapture.dll (API version 3709383).
LogModuleManager: Display: Found up-to-date module file ../../../Engine/Plugins/Editor/FacialAnimation/Binaries/Win64/UE4Editor-FacialAnimation.dll (API version 3709383).
LogModuleManager: Display: Found up-to-date module file ../../../Engine/Plugins/Editor/FacialAnimation/Binaries/Win64/UE4Editor-FacialAnimationEditor.dll (API version 3709383).
LogModuleManager: Display: Found up-to-date module file ../../../Engine/Plugins/Editor/GameplayTagsEditor/Binaries/Win64/UE4Editor-GameplayTagsEditor.dll (API version 3709383).
LogModuleManager: Display: Found up-to-date module file ../../../Engine/Plugins/Editor/MobileLauncherProfileWizard/Binaries/Win64/UE4Editor-MobileLauncherProfileWizard.dll (API version 3709383).
LogModuleManager: Display: Found up-to-date module file ../../../Engine/Plugins/Editor/PluginBrowser/Binaries/Win64/UE4Editor-PluginBrowser.dll (API version 3709383).
LogModuleManager: Display: Found up-to-date module file ../../../Engine/Plugins/Editor/SpeedTreeImporter/Binaries/Win64/UE4Editor-SpeedTreeImporter.dll (API version 3709383).
LogModuleManager: Display: Found up-to-date module file ../../../Engine/Plugins/Experimental/AlembicImporter/Binaries/Win64/UE4Editor-AlembicImporter.dll (API version 3709383).
LogModuleManager: Display: Found up-to-date module file ../../../Engine/Plugins/Experimental/AlembicImporter/Binaries/Win64/UE4Editor-AlembicLibrary.dll (API version 3709383).
LogModuleManager: Display: Found up-to-date module file ../../../Engine/Plugins/Experimental/CharacterAI/Binaries/Win64/UE4Editor-CharacterAI.dll (API version 3709383).
LogModuleManager: Display: Found up-to-date module file ../../../Engine/Plugins/Experimental/HTML5Networking/Binaries/Win64/UE4Editor-HTML5Networking.dll (API version 3709383).
LogModuleManager: Display: Found up-to-date module file ../../../Engine/Plugins/Media/AndroidMedia/Binaries/Win64/UE4Editor-AndroidMediaEditor.dll (API version 3709383).
LogModuleManager: Display: Found up-to-date module file ../../../Engine/Plugins/Media/AndroidMedia/Binaries/Win64/UE4Editor-AndroidMediaFactory.dll (API version 3709383).
LogModuleManager: Display: Found up-to-date module file ../../../Engine/Plugins/Media/AvfMedia/Binaries/Win64/UE4Editor-AvfMediaEditor.dll (API version 3709383).
LogModuleManager: Display: Found up-to-date module file ../../../Engine/Plugins/Media/AvfMedia/Binaries/Win64/UE4Editor-AvfMediaFactory.dll (API version 3709383).
LogModuleManager: Display: Found up-to-date module file ../../../Engine/Plugins/Media/AvfMedia/Binaries/Win64/UE4Editor-AvfMediaFactory.dll (API version 3709383).
LogModuleManager: Display: Found up-to-date module file ../../../Engine/Plugins/Media/ImgMedia/Binaries/Win64/UE4Editor-ImgMedia.dll (API version 3709383).
LogModuleManager: Display: Found up-to-date module file ../../../Engine/Plugins/Media/ImgMedia/Binaries/Win64/UE4Editor-ImgMediaEditor.dll (API version 3709383).
LogModuleManager: Display: Found up-to-date module file ../../../Engine/Plugins/Media/ImgMedia/Binaries/Win64/UE4Editor-ImgMediaFactory.dll (API version 3709383).
LogModuleManager: Display: Found up-to-date module file ../../../Engine/Plugins/Media/ImgMedia/Binaries/Win64/UE4Editor-ImgMediaFactory.dll (API version 3709383).
LogModuleManager: Display: Found up-to-date module file ../../../Engine/Plugins/Media/ImgMedia/Binaries/Win64/UE4Editor-OpenExrWrapper.dll (API version 3709383).
LogModuleManager: Display: Found up-to-date module file ../../../Engine/Plugins/Media/MediaCompositing/Binaries/Win64/UE4Editor-MediaCompositing.dll (API version 3709383).
LogModuleManager: Display: Found up-to-date module file ../../../Engine/Plugins/Media/MediaCompositing/Binaries/Win64/UE4Editor-MediaCompositingEditor.dll (API version 3709383).
LogModuleManager: Display: Found up-to-date module file ../../../Engine/Plugins/Media/MediaPlayerEditor/Binaries/Win64/UE4Editor-MediaPlayerEditor.dll (API version 3709383).
LogModuleManager: Display: Found up-to-date module file ../../../Engine/Plugins/Media/WmfMedia/Binaries/Win64/UE4Editor-WmfMedia.dll (API version 3709383).
LogModuleManager: Display: Found up-to-date module file ../../../Engine/Plugins/Media/WmfMedia/Binaries/Win64/UE4Editor-WmfMediaEditor.dll (API version 3709383).
LogModuleManager: Display: Found up-to-date module file ../../../Engine/Plugins/Media/WmfMedia/Binaries/Win64/UE4Editor-WmfMediaFactory.dll (API version 3709383).
LogModuleManager: Display: Found up-to-date module file ../../../Engine/Plugins/Media/WmfMedia/Binaries/Win64/UE4Editor-WmfMediaFactory.dll (API version 3709383).
LogModuleManager: Display: Found up-to-date module file ../../../Engine/Plugins/Messaging/TcpMessaging/Binaries/Win64/UE4Editor-TcpMessaging.dll (API version 3709383).
LogModuleManager: Display: Found up-to-date module file ../../../Engine/Plugins/Messaging/UdpMessaging/Binaries/Win64/UE4Editor-UdpMessaging.dll (API version 3709383).
LogModuleManager: Display: Found up-to-date module file ../../../Engine/Plugins/MovieScene/ActorSequence/Binaries/Win64/UE4Editor-ActorSequence.dll (API version 3709383).
LogModuleManager: Display: Found up-to-date module file ../../../Engine/Plugins/MovieScene/LevelSequenceEditor/Binaries/Win64/UE4Editor-LevelSequenceEditor.dll (API version 3709383).
LogModuleManager: Display: Found up-to-date module file ../../../Engine/Plugins/MovieScene/MatineeToLevelSequence/Binaries/Win64/UE4Editor-MatineeToLevelSequence.dll (API version 3709383).
LogModuleManager: Display: Found up-to-date module file ../../../Engine/Plugins/Online/OnlineSubsystem/Binaries/Win64/UE4Editor-OnlineSubsystem.dll (API version 3709383).
LogModuleManager: Display: Found up-to-date module file ../../../Engine/Plugins/Online/OnlineSubsystemNull/Binaries/Win64/UE4Editor-OnlineSubsystemNull.dll (API version 3709383).
LogModuleManager: Display: Found up-to-date module file ../../../Engine/Plugins/Online/OnlineSubsystemUtils/Binaries/Win64/UE4Editor-OnlineSubsystemUtils.dll (API version 3709383).
LogModuleManager: Display: Found up-to-date module file ../../../Engine/Plugins/Online/OnlineSubsystemUtils/Binaries/Win64/UE4Editor-OnlineBlueprintSupport.dll (API version 3709383).
LogModuleManager: Display: Found up-to-date module file ../../../Engine/Plugins/Runtime/AndroidDeviceProfileSelector/Binaries/Win64/UE4Editor-AndroidDeviceProfileSelector.dll (API version 3709383).
LogModuleManager: Display: Found up-to-date module file ../../../Engine/Plugins/Runtime/AndroidPermission/Binaries/Win64/UE4Editor-AndroidPermission.dll (API version 3709383).
LogModuleManager: Display: Found up-to-date module file ../../../Engine/Plugins/Runtime/AppleARKit/Binaries/Win64/UE4Editor-AppleARKit.dll (API version 3709383).
LogModuleManager: Display: Found up-to-date module file ../../../Engine/Plugins/Runtime/ArchVisCharacter/Binaries/Win64/UE4Editor-ArchVisCharacter.dll (API version 3709383).
LogModuleManager: Display: Found up-to-date module file ../../../Engine/Plugins/Runtime/CableComponent/Binaries/Win64/UE4Editor-CableComponent.dll (API version 3709383).
LogModuleManager: Display: Found up-to-date module file ../../../Engine/Plugins/Runtime/CustomMeshComponent/Binaries/Win64/UE4Editor-CustomMeshComponent.dll (API version 3709383).
LogModuleManager: Display: Found up-to-date module file ../../../Engine/Plugins/Runtime/ExampleDeviceProfileSelector/Binaries/Win64/UE4Editor-ExampleDeviceProfileSelector.dll (API version 3709383).
LogModuleManager: Display: Found up-to-date module file ../../../Engine/Plugins/Runtime/ImmediatePhysics/Binaries/Win64/UE4Editor-ImmediatePhysics.dll (API version 3709383).
LogModuleManager: Display: Found up-to-date module file ../../../Engine/Plugins/Runtime/ImmediatePhysics/Binaries/Win64/UE4Editor-ImmediatePhysicsEditor.dll (API version 3709383).
LogModuleManager: Display: Found up-to-date module file ../../../Engine/Plugins/Runtime/LocationServicesBPLibrary/Binaries/Win64/UE4Editor-LocationServicesBPLibrary.dll (API version 3709383).
LogModuleManager: Display: Found up-to-date module file ../../../Engine/Plugins/Runtime/MobilePatchingUtils/Binaries/Win64/UE4Editor-MobilePatchingUtils.dll (API version 3709383).
LogModuleManager: Display: Found up-to-date module file ../../../Engine/Plugins/Runtime/Oculus/OculusVR/Binaries/Win64/UE4Editor-OculusHMD.dll (API version 3709383).
LogModuleManager: Display: Found up-to-date module file ../../../Engine/Plugins/Runtime/Oculus/OculusVR/Binaries/Win64/UE4Editor-OculusInput.dll (API version 3709383).
LogModuleManager: Display: Found up-to-date module file ../../../Engine/Plugins/Runtime/Oculus/OculusVR/Binaries/Win64/UE4Editor-OculusEditor.dll (API version 3709383).
LogModuleManager: Display: Found up-to-date module file ../../../Engine/Plugins/Runtime/PhysXVehicles/Binaries/Win64/UE4Editor-PhysXVehicles.dll (API version 3709383).
LogModuleManager: Display: Found up-to-date module file ../../../Engine/Plugins/Runtime/PhysXVehicles/Binaries/Win64/UE4Editor-PhysXVehiclesEditor.dll (API version 3709383).
LogModuleManager: Display: Found up-to-date module file ../../../Engine/Plugins/Runtime/ProceduralMeshComponent/Binaries/Win64/UE4Editor-ProceduralMeshComponent.dll (API version 3709383).
LogModuleManager: Display: Found up-to-date module file ../../../Engine/Plugins/Runtime/ProceduralMeshComponent/Binaries/Win64/UE4Editor-ProceduralMeshComponentEditor.dll (API version 3709383).
LogModuleManager: Display: Found up-to-date module file ../../../Engine/Plugins/Runtime/RuntimePhysXCooking/Binaries/Win64/UE4Editor-RuntimePhysXCooking.dll (API version 3709383).
LogModuleManager: Display: Found up-to-date module file ../../../Engine/Plugins/Runtime/Steam/SteamVR/Binaries/Win64/UE4Editor-SteamVR.dll (API version 3709383).
LogModuleManager: Display: Found up-to-date module file ../../../Engine/Plugins/Runtime/Steam/SteamVR/Binaries/Win64/UE4Editor-SteamVRController.dll (API version 3709383).
LogModuleManager: Display: Found up-to-date module file ../../../Engine/Plugins/Runtime/WindowsMoviePlayer/Binaries/Win64/UE4Editor-WindowsMoviePlayer.dll (API version 3709383).
LogInit: Using libcurl 7.47.1
LogInit:  - built for x86_64-pc-win32
LogInit:  - supports SSL with OpenSSL/1.0.2g
LogInit:  - supports HTTP deflate (compression) using libz 1.2.8
LogInit:  - other features:
LogInit:      CURL_VERSION_SSL
LogInit:      CURL_VERSION_LIBZ
LogInit:      CURL_VERSION_IPV6
LogInit:      CURL_VERSION_ASYNCHDNS
LogInit:      CURL_VERSION_LARGEFILE
LogInit:      CURL_VERSION_IDN
LogInit:  CurlRequestOptions (configurable via config and command line):
LogInit:  - bVerifyPeer = false  - Libcurl will NOT verify peer certificate
LogInit:  - bUseHttpProxy = false  - Libcurl will NOT use HTTP proxy
LogInit:  - bDontReuseConnections = false  - Libcurl will reuse connections
LogInit:  - CertBundlePath = nullptr  - Libcurl will use whatever was configured at build time.
LogInit: Build: ++UE4+Release-4.18-CL-3794801
LogInit: Engine Version: 4.18.2-3794801+++UE4+Release-4.18
LogInit: Compatible Engine Version: 4.18.0-3709383+++UE4+Release-4.18
LogInit: Net CL: 3709383
LogDevObjectVersion: Number of dev versions registered: 16
LogDevObjectVersion:   Dev-Blueprints (B0D832E4-1F89-4F0D-ACCF-7EB736FD4AA2): 10
LogDevObjectVersion:   Dev-Build (E1C64328-A22C-4D53-A36C-8E866417BD8C): 0
LogDevObjectVersion:   Dev-Core (375EC13C-06E4-48FB-B500-84F0262A717E): 2
LogDevObjectVersion:   Dev-Editor (E4B068ED-F494-42E9-A231-DA0B2E46BB41): 20
LogDevObjectVersion:   Dev-Framework (CFFC743F-43B0-4480-9391-14DF171D2073): 30
LogDevObjectVersion:   Dev-Mobile (B02B49B5-BB20-44E9-A304-32B752E40360): 0
LogDevObjectVersion:   Dev-Networking (A4E4105C-59A1-49B5-A7C5-40C4547EDFEE): 0
LogDevObjectVersion:   Dev-Online (39C831C9-5AE6-47DC-9A44-9C173E1C8E7C): 0
LogDevObjectVersion:   Dev-Physics (78F01B33-EBEA-4F98-B9B4-84EACCB95AA2): 0
LogDevObjectVersion:   Dev-Platform (6631380F-2D4D-43E0-8009-CF276956A95A): 0
LogDevObjectVersion:   Dev-Rendering (12F88B9F-8875-4AFC-A67C-D90C383ABD29): 20
LogDevObjectVersion:   Dev-Sequencer (7B5AE74C-D270-4C10-A958-57980B212A5A): 4
LogDevObjectVersion:   Dev-VR (D7296918-1DD6-4BDD-9DE2-64A83CC13884): 0
LogDevObjectVersion:   Dev-LoadTimes (C2A15278-BFE7-4AFE-6C17-90FF531DF755): 1
LogDevObjectVersion:   Private-Geometry (6EACA3D4-40EC-4CC1-B786-8BED09428FC5): 1
LogDevObjectVersion:   Dev-AnimPhys (29E575DD-E0A3-4627-9D10-D276232CDCEA): 12
LogInit: Compiled (64-bit): Dec  8 2017 02:04:53
LogInit: Compiled with Visual C++: 19.00.24215.01
LogInit: Build Configuration: Development
LogInit: Branch Name: ++UE4+Release-4.18
LogInit: Command line:  
LogInit: Base directory: C:/Program Files/Epic Games/UE_4.18/Engine/Binaries/Win64/
LogInit: Installed Engine Build: 1
LogInit: Presizing for max 8388607 objects, including 0 objects not considered by GC, pre-allocating 0 bytes for permanent pool.
LogInit: Object subsystem initialized
[2017.12.31-17.13.08:421][  0]LogInit: Selected Device Profile: [Windows]
[2017.12.31-17.13.08:421][  0]LogInit: Applying CVar settings loaded from the selected device profile: [Windows]
[2017.12.31-17.13.08:433][  0]LogInit: Computer: DESKTOP-6NVMURH
[2017.12.31-17.13.08:433][  0]LogInit: User: uzivatel1
[2017.12.31-17.13.08:433][  0]LogInit: CPU Page size=4096, Cores=4
[2017.12.31-17.13.08:433][  0]LogInit: High frequency timer resolution =4.101562 MHz
[2017.12.31-17.13.08:433][  0]LogMemory: Memory total: Physical=16.0GB (16GB approx)
[2017.12.31-17.13.08:433][  0]LogMemory: Platform Memory Stats for Windows
[2017.12.31-17.13.08:433][  0]LogMemory: Process Physical Memory: 273.27 MB used, 273.27 MB peak
[2017.12.31-17.13.08:433][  0]LogMemory: Process Virtual Memory: 271.88 MB used, 271.88 MB peak
[2017.12.31-17.13.08:433][  0]LogMemory: Physical Memory: 4150.25 MB used,  12191.82 MB free, 16342.06 MB total
[2017.12.31-17.13.08:433][  0]LogMemory: Virtual Memory: 679.43 MB used,  12191.82 MB free, 134217728.00 MB total
[2017.12.31-17.13.09:212][  0]LogInit: Using OS detected language (cs-CZ).
[2017.12.31-17.13.09:212][  0]LogInit: Using OS detected locale (cs-CZ).
[2017.12.31-17.13.09:217][  0]LogTextLocalizationManager: No localization for 'cs-CZ' exists, so 'en' will be used for the language.
[2017.12.31-17.13.09:218][  0]LogTextLocalizationManager: No localization for 'cs-CZ' exists, so 'en' will be used for the locale.
[2017.12.31-17.13.09:499][  0]LogInit: Setting process to per monitor DPI aware
[2017.12.31-17.13.10:056][  0]LogD3D11RHI: D3D11 adapters:
[2017.12.31-17.13.10:095][  0]LogD3D11RHI:    0. 'NVIDIA GeForce GTX 1070' (Feature Level 11_0)
[2017.12.31-17.13.10:095][  0]LogD3D11RHI:       8096/0/8171 MB DedicatedVideo/DedicatedSystem/SharedSystem, Outputs:1, VendorId:0x10de
[2017.12.31-17.13.10:097][  0]LogD3D11RHI:    1. 'Microsoft Basic Render Driver' (Feature Level 11_0)
[2017.12.31-17.13.10:097][  0]LogD3D11RHI:       0/0/8171 MB DedicatedVideo/DedicatedSystem/SharedSystem, Outputs:0, VendorId:0x1414
[2017.12.31-17.13.10:097][  0]LogD3D11RHI: Chosen D3D11 Adapter: 0
[2017.12.31-17.13.10:100][  0]LogD3D11RHI: Creating new Direct3DDevice
[2017.12.31-17.13.10:100][  0]LogD3D11RHI:     GPU DeviceId: 0x1b81 (for the marketing name, search the web for "GPU Device Id")
[2017.12.31-17.13.10:101][  0]LogWindows: EnumDisplayDevices:
[2017.12.31-17.13.10:101][  0]LogWindows:    0. 'NVIDIA GeForce GTX 1070' (P:1 D:1)
[2017.12.31-17.13.10:101][  0]LogWindows:    1. 'NVIDIA GeForce GTX 1070' (P:0 D:0)
[2017.12.31-17.13.10:101][  0]LogWindows:    2. 'NVIDIA GeForce GTX 1070' (P:0 D:0)
[2017.12.31-17.13.10:101][  0]LogWindows:    3. 'NVIDIA GeForce GTX 1070' (P:0 D:0)
[2017.12.31-17.13.10:101][  0]LogWindows: DebugString: GetVideoDriverDetailsInvalid PrimaryIsNotTheChoosenAdapter GetVideoDriverDetailsInvalid PrimaryIsNotTheChoosenAdapter GetVideoDriverDetailsInvalid PrimaryIsNotTheChoosenAdapter GetVideoDriverDetailsInvalid PrimaryIsNotTheChoosenAdapter FoundDriverCount:0 
[2017.12.31-17.13.10:101][  0]LogD3D11RHI:     Adapter Name: NVIDIA GeForce GTX 1070
[2017.12.31-17.13.10:101][  0]LogD3D11RHI:   Driver Version: Unknown (internal:Unknown, unified:Unknown)
[2017.12.31-17.13.10:101][  0]LogD3D11RHI:      Driver Date: Unknown
[2017.12.31-17.13.10:101][  0]LogRHI: Texture pool is 5667 MB (70% of 8096 MB)
[2017.12.31-17.13.10:122][  0]LogD3D11RHI: Async texture creation enabled
[2017.12.31-17.13.10:192][  0]LogD3D11RHI: GPU Timing Frequency: 1000.000000 (Debug: 2 1)
[2017.12.31-17.13.10:241][  0]LogShaderCompilers: Guid format shader working directory is 28 characters bigger than the processId version (D:/repos/GWGame/GW_Game/Intermediate/Shaders/WorkingDirectory/2884/).
[2017.12.31-17.13.10:241][  0]LogShaderCompilers: Cleaned the shader compiler working directory 'C:/Users/uzivatel 1/AppData/Local/Temp/UnrealShaderWorkingDir/CDBB395E40FD064BA61853A2373B2F9F/'.
[2017.12.31-17.13.10:241][  0]LogShaderCompilers: Display: Using Local Shader Compiler.
[2017.12.31-17.13.11:722][  0]LogTemp: Display: Loaded TP AllDesktopTargetPlatform
[2017.12.31-17.13.11:930][  0]LogTemp: Display: Loaded TP MacClientTargetPlatform
[2017.12.31-17.13.12:141][  0]LogTemp: Display: Loaded TP MacNoEditorTargetPlatform
[2017.12.31-17.13.12:349][  0]LogTemp: Display: Loaded TP MacServerTargetPlatform
[2017.12.31-17.13.12:556][  0]LogTemp: Display: Loaded TP MacTargetPlatform
[2017.12.31-17.13.12:764][  0]LogTemp: Display: Loaded TP WindowsClientTargetPlatform
[2017.12.31-17.13.12:973][  0]LogTemp: Display: Loaded TP WindowsNoEditorTargetPlatform
[2017.12.31-17.13.13:180][  0]LogTemp: Display: Loaded TP WindowsServerTargetPlatform
[2017.12.31-17.13.13:383][  0]LogTemp: Display: Loaded TP WindowsTargetPlatform
[2017.12.31-17.13.13:592][  0]LogTemp: Display: Loaded TP Android_ASTCTargetPlatform
[2017.12.31-17.13.13:800][  0]LogTemp: Display: Loaded TP Android_ATCTargetPlatform
[2017.12.31-17.13.14:007][  0]LogTemp: Display: Loaded TP Android_DXTTargetPlatform
[2017.12.31-17.13.14:214][  0]LogTemp: Display: Loaded TP Android_ETC1TargetPlatform
[2017.12.31-17.13.14:419][  0]LogTemp: Display: Loaded TP Android_ETC2TargetPlatform
[2017.12.31-17.13.14:830][  0]LogTemp: Display: Loaded TP Android_MultiTargetPlatform
[2017.12.31-17.13.14:830][  0]LogTemp: Display: Loaded TP Android_PVRTCTargetPlatform
[2017.12.31-17.13.15:038][  0]LogTemp: Display: Loaded TP AndroidTargetPlatform
[2017.12.31-17.13.15:236][  0]LogTemp: Display: Loaded TP HTML5TargetPlatform
[2017.12.31-17.13.15:559][  0]LogTemp: Display: Loaded TP IOSTargetPlatform
[2017.12.31-17.13.15:662][  0]LogTemp: Display: Loaded TP TVOSTargetPlatform
[2017.12.31-17.13.15:869][  0]LogTemp: Display: Loaded TP LinuxClientTargetPlatform
[2017.12.31-17.13.16:076][  0]LogTemp: Display: Loaded TP LinuxNoEditorTargetPlatform
[2017.12.31-17.13.16:281][  0]LogTemp: Display: Loaded TP LinuxServerTargetPlatform
[2017.12.31-17.13.16:486][  0]LogTemp: Display: Loaded TP LinuxTargetPlatform
[2017.12.31-17.13.16:486][  0]LogTargetPlatformManager: Display: Building Assets For Windows
[2017.12.31-17.13.18:665][  0]LogDerivedDataCache: Display: Max Cache Size: 512 MB
[2017.12.31-17.13.18:711][  0]LogDerivedDataCache: Loaded boot cache 0.05s 78MB C:/Users/uzivatel 1/AppData/Local/UnrealEngine/4.18/DerivedDataCache/Boot.ddc.
[2017.12.31-17.13.18:711][  0]LogDerivedDataCache: Display: Loaded Boot cache: C:/Users/uzivatel 1/AppData/Local/UnrealEngine/4.18/DerivedDataCache/Boot.ddc
[2017.12.31-17.13.18:711][  0]LogDerivedDataCache: FDerivedDataBackendGraph:  Pak pak cache file D:/repos/GWGame/GW_Game/DerivedDataCache/DDC.ddp not found, will not use a pak cache.
[2017.12.31-17.13.18:711][  0]LogDerivedDataCache: Unable to find inner node Pak for hierarchical cache Hierarchy.
[2017.12.31-17.13.18:711][  0]LogDerivedDataCache: FDerivedDataBackendGraph:  CompressedPak pak cache file D:/repos/GWGame/GW_Game/DerivedDataCache/Compressed.ddp not found, will not use a pak cache.
[2017.12.31-17.13.18:711][  0]LogDerivedDataCache: Unable to find inner node CompressedPak for hierarchical cache Hierarchy.
[2017.12.31-17.13.18:722][  0]LogDerivedDataCache: Display: Pak cache opened for reading ../../../Engine/DerivedDataCache/Compressed.ddp.
[2017.12.31-17.13.18:736][  0]LogDerivedDataCache: Using Local data cache path C:/Users/uzivatel 1/AppData/Local/UnrealEngine/Common/DerivedDataCache: Writable
[2017.12.31-17.13.18:742][  0]LogMaterial: Verifying Global Shaders for PCD3D_SM5
[2017.12.31-17.13.18:743][  0]LogSlate: Using Freetype 2.6.0
[2017.12.31-17.13.18:744][  0]LogSlate: SlateFontCache - WITH_FREETYPE: 1, WITH_HARFBUZZ: 1
[2017.12.31-17.13.18:744][  0]LogSlate: SlateFontCache - WITH_FREETYPE: 1, WITH_HARFBUZZ: 1
[2017.12.31-17.13.19:137][  0]LogInit: Selected Device Profile: [Windows]
[2017.12.31-17.13.20:303][  0]LogSimplygon: Simplygon DLL not present - disabling.
[2017.12.31-17.13.20:502][  0]LogMeshReduction: Using SimplygonSwarm for distributed automatic mesh merging
[2017.12.31-17.13.20:502][  0]LogMeshReduction: Using QuadricMeshReduction for automatic static mesh reduction
[2017.12.31-17.13.20:502][  0]LogMeshReduction: No automatic skeletal mesh reduction module available
[2017.12.31-17.13.20:502][  0]LogMeshReduction: No automatic mesh merging module available
[2017.12.31-17.13.20:502][  0]LogMeshMerging: No automatic mesh merging module available
[2017.12.31-17.13.20:542][  0]LogNetVersion: GW_Game , NetCL: 3709383, EngineNetVer: 2, GameNetVer: 0 (Checksum: 4001666234)
[2017.12.31-17.13.20:870][  0]LogAssetRegistry: FAssetRegistry took 0.0258 seconds to start up
[2017.12.31-17.13.21:652][  0]LogPackageLocalizationCache: Processed 7 localized package path(s) for 1 prioritized culture(s) in 0.042320 seconds
[2017.12.31-17.13.21:656][  0]LogUObjectArray: 35900 objects as part of root set at end of initial load.
[2017.12.31-17.13.21:656][  0]LogUObjectAllocator: 7372016 out of 0 bytes used by permanent object pool.
[2017.12.31-17.13.21:656][  0]LogUObjectArray: CloseDisregardForGC: 0/0 objects in disregard for GC pool
[2017.12.31-17.13.21:937][  0]LogInit: WinSock: version 1.1 (2.2), MaxSocks=32767, MaxUdp=65467
[2017.12.31-17.13.30:152][  0]LogTcpMessaging: Initializing TcpMessaging bridge
[2017.12.31-17.13.30:287][  0]LogUdpMessaging: Initializing bridge on interface 0.0.0.0:0 to multicast group 230.0.0.1:6666.
[2017.12.31-17.13.33:045][  0]LogMaterial: Uniform references updated for custom material expression Custom.
[2017.12.31-17.13.34:630][  0]SourceControl: Source control is disabled
[2017.12.31-17.13.34:631][  0]SourceControl: Source control is disabled
[2017.12.31-17.13.34:856][  0]SourceControl: Source control is disabled
[2017.12.31-17.13.35:081][  0]SourceControl: Source control is disabled
[2017.12.31-17.13.38:485][  0]LogAndroidPermission: UAndroidPermissionCallbackProxy::GetInstance
[2017.12.31-17.13.39:624][  0]LogOcInput: OculusInput pre-init called
[2017.12.31-17.13.40:646][  0]LogEngine: Initializing Engine...
[2017.12.31-17.13.40:648][  0]LogHMD: Failed to initialize OpenVR with code 110
[2017.12.31-17.13.40:816][  0]LogStats: UGameplayTagsManager::ConstructGameplayTagTree: Construct from data asset -  0.000 s
[2017.12.31-17.13.40:816][  0]LogStats: UGameplayTagsManager::ConstructGameplayTagTree: GameplayTagTreeChangedEvent.Broadcast -  0.000 s
[2017.12.31-17.13.41:411][  0]LogAIModule: Creating AISystem for world Untitled
[2017.12.31-17.13.41:419][  0]LogInit: XAudio2 using 'Reproduktory (Realtek High Definition Audio)' : 2 channels at 48 kHz using 32 bits per sample (channel mask 0x3)
[2017.12.31-17.13.41:453][  0]LogInit: FAudioDevice initialized.
[2017.12.31-17.13.41:526][  0]LogDerivedDataCache: Saved boot cache 0.07s 78MB C:/Users/uzivatel 1/AppData/Local/UnrealEngine/4.18/DerivedDataCache/Boot.ddc.
[2017.12.31-17.13.41:535][  0]LogInit: Texture streaming: Enabled
[2017.12.31-17.13.42:039][  0]LogEngineSessionManager: EngineSessionManager initialized
[2017.12.31-17.13.42:645][  0]LogInit: Transaction tracking system initialized
[2017.12.31-17.13.44:160][  0]BlueprintLog: New page: Editor Load
[2017.12.31-17.13.48:428][  0]LocalizationService: Localization service is disabled
[2017.12.31-17.13.51:801][  0]LogConsoleResponse: Display: 
[2017.12.31-17.13.52:087][  0]LogCook: Display: Max memory allowance for cook 16384mb min free memory 0mb
[2017.12.31-17.13.52:087][  0]LogCook: Display: Mobile HDR setting 1
[2017.12.31-17.13.52:087][  0]LogGameplayTags: Display: UGameplayTagsManager::DoneAddingNativeTags. DelegateIsBound: 0
[2017.12.31-17.13.53:132][  0]LogFileCache: Scanning file cache for directory 'D:/repos/GWGame/GW_Game/Content/' took 0.02s
[2017.12.31-17.13.57:814][  0]SourceControl: Source control is disabled
[2017.12.31-17.13.57:814][  0]Cmd: MAP LOAD FILE="D:/repos/GWGame/GW_Game/Content/_Levels/BattleGround.umap" TEMPLATE=0 SHOWPROGRESS=1 FEATURELEVEL=3
[2017.12.31-17.13.57:814][  0]LightingResults: New page: Lighting Build
[2017.12.31-17.13.58:015][  0]MapCheck: New page: Map Check
[2017.12.31-17.13.58:015][  0]LightingResults: New page: Lighting Build
[2017.12.31-17.13.58:350][  0]LogAIModule: Creating AISystem for world BattleGround
[2017.12.31-17.13.58:393][  0]LogEditorServer: Finished looking for orphan Actors (0.000 secs)
[2017.12.31-17.13.58:401][  0]Cmd: MAP CHECKDEP NOCLEARLOG
[2017.12.31-17.13.58:550][  0]MapCheck: Map check complete: 0 Error(s), 0 Warning(s), took 149.555ms to complete.
[2017.12.31-17.13.58:550][  0]LogFileHelpers: Loading map 'BattleGround' took 0.737
[2017.12.31-17.13.58:917][  0]LogCollectionManager: Loaded 0 collections in 0.001940 seconds
[2017.12.31-17.13.59:180][  0]LogFileCache: Scanning file cache for directory 'D:/repos/GWGame/GW_Game/Saved/Collections/' took 0.01s
[2017.12.31-17.13.59:180][  0]LogFileCache: Scanning file cache for directory 'D:/repos/GWGame/GW_Game/Content/Developers/uzivatel1/Collections/' took 0.01s
[2017.12.31-17.13.59:180][  0]LogFileCache: Scanning file cache for directory 'D:/repos/GWGame/GW_Game/Content/Collections/' took 0.01s
[2017.12.31-17.13.59:180][  0]LogCollectionManager: Rebuilt the GUID cache for 0 collections in 0.000000 seconds
[2017.12.31-17.13.59:190][  0]LogContentBrowser: Native class hierarchy populated in 0.0099 seconds. Added 2365 classes and 523 folders.
[2017.12.31-17.13.59:518][  0]LogContentBrowser: Native class hierarchy updated for 'WidgetCarousel' in 0.0011 seconds. Added 0 classes and 0 folders.
[2017.12.31-17.13.59:596][  0]LogContentBrowser: Native class hierarchy updated for 'AddContentDialog' in 0.0011 seconds. Added 0 classes and 0 folders.
[2017.12.31-17.13.59:760][  0]LogSlate: Took 0.000266 seconds to synchronously load lazily loaded font '../../../Engine/Content/Slate/Fonts/Roboto-Regular.ttf' (155K)
[2017.12.31-17.13.59:761][  0]LogSlate: Took 0.000231 seconds to synchronously load lazily loaded font '../../../Engine/Content/Editor/Slate/Fonts/FontAwesome.ttf' (139K)
[2017.12.31-17.13.59:761][  0]LogSlate: Took 0.000202 seconds to synchronously load lazily loaded font '../../../Engine/Content/Slate/Fonts/Roboto-Bold.ttf' (160K)
[2017.12.31-17.13.59:841][  0]LogRenderer: Reallocating scene render targets to support 1088x924 Format 10 NumSamples 1 (Frame:1).
[2017.12.31-17.14.00:197][  0]LogContentBrowser: Native class hierarchy updated for 'HierarchicalLODOutliner' in 0.0011 seconds. Added 1 classes and 2 folders.
[2017.12.31-17.14.00:197][  0]LogLoad: (Engine Initialization) Total time: 58.19 seconds
[2017.12.31-17.14.00:197][  0]LogLoad: (Engine Initialization) Total Blueprint compile time: 0.00 seconds
[2017.12.31-17.14.00:198][  0]LogExternalProfiler: No external profilers were discovered.  External profiling features will not be available.
[2017.12.31-17.14.00:554][  0]LogAssetRegistry: Asset discovery search completed in 39.7051 seconds
[2017.12.31-17.14.00:555][  0]LogCollectionManager: Rebuilt the object cache for 0 collections in 0.000000 seconds (found 0 objects)
[2017.12.31-17.14.00:555][  0]LogCollectionManager: Fixed up redirectors for 0 collections in 0.000036 seconds (updated 0 objects)
[2017.12.31-17.14.00:557][  0]LogContentStreaming: Texture pool size now 1000 MB
[2017.12.31-17.14.16:908][ 51]LogEditorViewport: Clicking on Actor (context menu): Landscape (Landscape)
[2017.12.31-17.14.19:852][250]LogSlate: Took 0.000278 seconds to synchronously load lazily loaded font '../../../Engine/Content/Slate/Fonts/Roboto-Light.ttf' (159K)
[2017.12.31-17.14.23:672][354]LogSlate: Warning: Prevented a slow task dialog from being summoned while a context menu was open
[2017.12.31-17.14.37:918][775]LogTemp: Repeating last play command: Selected Viewport
[2017.12.31-17.14.37:956][775]LogBlueprintUserMessages: Early PlayInEditor Detection: Level '/Game/_Levels/BattleGround.BattleGround:PersistentLevel' has LevelScriptBlueprint '/Game/_Levels/BattleGround.BattleGround:PersistentLevel.BattleGround' with GeneratedClass '/Game/_Levels/BattleGround.BattleGround_C' with ClassGeneratedBy '/Game/_Levels/BattleGround.BattleGround:PersistentLevel.BattleGround'
[2017.12.31-17.14.37:956][775]LogPlayLevel: PlayLevel: No blueprints needed recompiling
[2017.12.31-17.14.37:957][775]PIE: New page: PIE session: BattleGround (Dec 31, 2017, 7:14:37 PM)
[2017.12.31-17.14.37:957][775]LogPlayLevel: Creating play world package: /Game/_Levels/UEDPIE_0_BattleGround
[2017.12.31-17.14.37:986][775]LogPlayLevel: PIE: StaticDuplicateObject took: (0.029328s)
[2017.12.31-17.14.37:986][775]LogAIModule: Creating AISystem for world BattleGround
[2017.12.31-17.14.37:987][775]LogPlayLevel: PIE: World Init took: (0.000481s)
[2017.12.31-17.14.37:987][775]LogPlayLevel: PIE: Created PIE world by copying editor world from /Game/_Levels/BattleGround.BattleGround to /Game/_Levels/UEDPIE_0_BattleGround.BattleGround (0.030012s)
[2017.12.31-17.14.37:997][775]LogInit: XAudio2 using 'Reproduktory (Realtek High Definition Audio)' : 2 channels at 48 kHz using 32 bits per sample (channel mask 0x3)
[2017.12.31-17.14.38:009][775]LogInit: FAudioDevice initialized.
[2017.12.31-17.14.38:051][775]LogLoad: Game class is 'GameMode'
[2017.12.31-17.14.38:053][775]LogWorld: Bringing World /Game/_Levels/UEDPIE_0_BattleGround.BattleGround up for play (max tick rate 0) at 2017.12.31-18.14.38
[2017.12.31-17.14.38:054][775]LogWorld: Bringing up level for play took: 0.001938
[2017.12.31-17.14.38:256][775]LogContentBrowser: Native class hierarchy updated for 'MovieSceneCapture' in 0.0011 seconds. Added 11 classes and 0 folders.
[2017.12.31-17.14.38:256][775]LogGameMode: Display: Match State Changed from EnteringMap to WaitingToStart
[2017.12.31-17.14.38:256][775]LogGameState: Match State Changed from EnteringMap to WaitingToStart
[2017.12.31-17.14.38:256][775]LogGameMode: Display: Match State Changed from WaitingToStart to InProgress
[2017.12.31-17.14.38:257][775]LogGameState: Match State Changed from WaitingToStart to InProgress
[2017.12.31-17.14.38:257][775]PIE: Play in editor start time for /Game/_Levels/UEDPIE_0_BattleGround 0.349
[2017.12.31-17.14.38:257][775]LogBlueprintUserMessages: Late PlayInEditor Detection: Level '/Game/_Levels/BattleGround.BattleGround:PersistentLevel' has LevelScriptBlueprint '/Game/_Levels/BattleGround.BattleGround:PersistentLevel.BattleGround' with GeneratedClass '/Game/_Levels/BattleGround.BattleGround_C' with ClassGeneratedBy '/Game/_Levels/BattleGround.BattleGround:PersistentLevel.BattleGround'
[2017.12.31-17.14.40:653][ 59]LogBlueprintUserMessages: Early EndPlayMap Detection: Level '/Game/_Levels/BattleGround.BattleGround:PersistentLevel' has LevelScriptBlueprint '/Game/_Levels/BattleGround.BattleGround:PersistentLevel.BattleGround' with GeneratedClass '/Game/_Levels/BattleGround.BattleGround_C' with ClassGeneratedBy '/Game/_Levels/BattleGround.BattleGround:PersistentLevel.BattleGround'
[2017.12.31-17.14.40:689][ 59]LogBlueprintUserMessages: Late EndPlayMap Detection: Level '/Game/_Levels/BattleGround.BattleGround:PersistentLevel' has LevelScriptBlueprint '/Game/_Levels/BattleGround.BattleGround:PersistentLevel.BattleGround' with GeneratedClass '/Game/_Levels/BattleGround.BattleGround_C' with ClassGeneratedBy '/Game/_Levels/BattleGround.BattleGround:PersistentLevel.BattleGround'
[2017.12.31-17.14.44:378][409]MapCheck: New page: Map Check
[2017.12.31-17.14.44:412][409]Cmd: MAP REBUILD ALLVISIBLE
[2017.12.31-17.14.44:412][409]LogEditorServer: Rebuildmap Clear paths rebuilt
[2017.12.31-17.14.44:635][409]LogMaterial: Missing cached shader map for material FDebugViewModeMaterialProxy WorldGridMaterial, compiling. Is special engine material.
[2017.12.31-17.14.44:641][409]LogMaterial: Missing cached shader map for material FDebugViewModeMaterialProxy MaterialInstanceDynamic_1, compiling. 
[2017.12.31-17.14.44:644][409]LogMaterial: Missing cached shader map for material FDebugViewModeMaterialProxy LandscapeGizmo_Mat, compiling. 
[2017.12.31-17.14.44:648][409]LogMaterial: Missing cached shader map for material FDebugViewModeMaterialProxy M_LightStage_Skybox_Black, compiling. 
[2017.12.31-17.14.44:652][409]LogMaterial: Missing cached shader map for material FDebugViewModeMaterialProxy M_Metal_Steel, compiling. 
[2017.12.31-17.14.44:656][409]LogMaterial: Missing cached shader map for material FDebugViewModeMaterialProxy M_Tech_Hex_Tile_Pulse, compiling. 
[2017.12.31-17.14.44:660][409]LogMaterial: Missing cached shader map for material FDebugViewModeMaterialProxy M_Frame, compiling. 
[2017.12.31-17.14.44:664][409]LogMaterial: Missing cached shader map for material FDebugViewModeMaterialProxy M_Tech_Hex_Tile, compiling. 
[2017.12.31-17.14.44:668][409]LogMaterial: Missing cached shader map for material FDebugViewModeMaterialProxy M_Metal_Burnished_Steel, compiling. 
[2017.12.31-17.14.44:672][409]LogMaterial: Missing cached shader map for material FDebugViewModeMaterialProxy MatineeCam_mat, compiling. 
[2017.12.31-17.14.45:464][409]TextureStreamingBuild: Display: Compiling optional shaders took 0.833 seconds.
[2017.12.31-17.14.45:486][409]LogLevel: Display: Export Material TexCoord Scales took 0.022 seconds.
[2017.12.31-17.14.45:489][409]TextureStreamingBuild: Display: Build Texture Streaming took 0.003 seconds.
[2017.12.31-17.14.45:495][409]LightingResults: New page: Lighting Build - Dec 31, 2017, 7:14:45 PM
[2017.12.31-17.14.45:541][409]LogSwarmInterface: [OpenConnection] Registering TCP channel ...
[2017.12.31-17.14.45:613][409]LogSwarmInterface: [OpenConnection] Connecting to agent ...
[2017.12.31-17.14.45:627][409]LogSwarmInterface: [TryOpenConnection] Testing the Agent
[2017.12.31-17.14.47:645][409]LogSwarmInterface: [TryOpenConnection] Opening Connection to Agent
[2017.12.31-17.14.47:645][409]LogSwarmInterface: [TryOpenConnection] Local Process ID is 2884
[2017.12.31-17.14.49:892][409]LightingResults: Warning: No importance volume found and the scene is so large that the automatically synthesized volume will not yield good results.  Please add a tightly bounding lightmass importance volume to optimize your scene's quality and lighting build times.
[2017.12.31-17.14.49:892][409]LogStaticLightingSystem: Running Lightmass w/ ImmediateImport mode ENABLED
[2017.12.31-17.14.49:892][409]LogStaticLightingSystem: Running Lightmass w/ ImmediateProcess mode ENABLED
[2017.12.31-17.14.49:892][409]LogStaticLightingSystem: Running Lightmass w/ Sorting mode ENABLED
[2017.12.31-17.14.49:892][409]LogStaticLightingSystem: Running Lightmass w/ Mapping paddings ENABLED
[2017.12.31-17.14.49:892][409]LogStaticLightingSystem: Running Lightmass w/ Mapping debug paddings DISABLED
[2017.12.31-17.14.50:016][409]Cmd: MAP CHECK DONTDISPLAYDIALOG
[2017.12.31-17.14.50:016][409]MapCheck: New page: BattleGround - Dec 31, 2017, 7:14:50 PM
[2017.12.31-17.14.50:016][409]MapCheck: Error: WorldSettings_1 Maps need lighting rebuilt 
[2017.12.31-17.14.50:168][409]MapCheck: Map check complete: 1 Error(s), 0 Warning(s), took 152.467ms to complete.
[2017.12.31-17.14.50:194][409]LogEditorBuildUtils: Build time 0:05
[2017.12.31-17.14.50:224][409]LogMaterial: Missing cached shader map for material FLightmassMaterialRenderer MaterialInstanceDynamic_1, compiling. 
[2017.12.31-17.14.50:229][409]LogMaterial: Missing cached shader map for material FLightmassMaterialRenderer MaterialInstanceDynamic_1, compiling. 
[2017.12.31-17.14.50:234][409]LogMaterial: Missing cached shader map for material FLightmassMaterialRenderer LandscapeMaterialInstanceConstant_50, compiling. 
[2017.12.31-17.14.50:239][409]LogMaterial: Missing cached shader map for material FLightmassMaterialRenderer LandscapeMaterialInstanceConstant_50, compiling. 
[2017.12.31-17.14.50:363][411]LogMaterial: Missing cached shader map for material FLightmassMaterialRenderer LandscapeMaterialInstanceConstant_74, compiling. 
[2017.12.31-17.14.50:370][411]LogMaterial: Missing cached shader map for material FLightmassMaterialRenderer LandscapeMaterialInstanceConstant_74, compiling. 
[2017.12.31-17.14.50:490][413]LogMaterial: Missing cached shader map for material FLightmassMaterialRenderer LandscapeMaterialInstanceConstant_84, compiling. 
[2017.12.31-17.14.50:496][413]LogMaterial: Missing cached shader map for material FLightmassMaterialRenderer LandscapeMaterialInstanceConstant_84, compiling. 
[2017.12.31-17.14.59:376][680]Job is a success!
[2017.12.31-17.14.59:428][681]LogSlate: Took 0.000205 seconds to synchronously load lazily loaded font '../../../Engine/Content/Slate/Fonts/Roboto-Light.ttf' (159K)
[2017.12.31-17.14.59:651][681]LogVolumetricLightmapImport: Imported Volumetric Lightmap in 0.144s
[2017.12.31-17.14.59:651][681]LogVolumetricLightmapImport:      Indirection Texture 32x32x32 = 0.1Mb
[2017.12.31-17.14.59:651][681]LogVolumetricLightmapImport:      BrickData 530x5x5 = 0.4Mb
[2017.12.31-17.14.59:651][681]LogVolumetricLightmapImport:      Bricks at Level
[2017.12.31-17.14.59:651][681]LogVolumetricLightmapImport:          0: 7.5% covering 100.0% of volume
[2017.12.31-17.14.59:651][681]LogVolumetricLightmapImport:          1: 92.5% covering 19.1% of volume
[2017.12.31-17.14.59:651][681]LogVolumetricLightmapImport:          2: 0.0% covering 0.0% of volume
[2017.12.31-17.14.59:858][681]LogTexture: Display: Building textures: HQ_Lightmap0_1 (AutoDXT, 512X512)
[2017.12.31-17.14.59:858][681]LogTexture: Display: Building textures: LQ_Lightmap_0_1 (DXT1, 512X512)
[2017.12.31-17.14.59:858][681]LogTexture: Display: Building textures: ShadowMapTexture2D_0 (G8, 1024X64)
[2017.12.31-17.14.59:935][681]Lightmass on DESKTOP-6NVMURH: 3.91 sec total, 218 ms importing, 33 ms setup, 1.03 sec photons, 2.59 sec processing, 0 ms extra exporting [50/50 mappings]. Threads: 18.0 sec total, 5.69 sec processing.
[2017.12.31-17.15.00:004][681]LogStaticLightingSystem: Illumination: 14.4 sec (112 ms encoding lightmaps, 21 ms encoding shadowmaps)
[2017.12.31-17.15.00:004][681]LogStaticLightingSystem: Lightmap texture memory:  0.5 MB (0.5 MB streaming, 0.0 MB non-streaming), 2 textures
[2017.12.31-17.15.00:004][681]LogStaticLightingSystem: Shadowmap texture memory: 0.1 MB (0.1 MB streaming, 0.0 MB non-streaming), 1 textures
[2017.12.31-17.15.00:899][681]DumpUnbuiltLightIteractions
[2017.12.31-17.15.00:899][681]Lights with unbuilt interactions: 0
[2017.12.31-17.15.00:899][681]
[2017.12.31-17.15.00:899][681]Primitives with unbuilt interactions: 0
[2017.12.31-17.15.00:905][682]Cmd: MAP CHECK NOTIFYRESULTS
[2017.12.31-17.15.00:906][682]MapCheck: New page: BattleGround - Dec 31, 2017, 7:15:00 PM
[2017.12.31-17.15.01:063][682]MapCheck: Map check complete: 0 Error(s), 0 Warning(s), took 156.961ms to complete.
[2017.12.31-17.15.10:924][202]LogSlate: Warning: Prevented a slow task dialog from being summoned while a context menu was open
[2017.12.31-17.15.34:430][779]LogSlate: Only BGRA pngs, bmps or icos are supported in by External Image Picker
[2017.12.31-17.15.34:477][779]LogTemp: Executing iPhonePackager certificates Engine -bundlename com.YourCompany.GWGame
[2017.12.31-17.15.34:477][779]LogTemp: CWD: C:\Program Files\Epic Games\UE_4.18\Engine\Binaries\DotNET\IOS
[2017.12.31-17.15.34:477][779]LogTemp: Initial Dir: C:\Program Files\Epic Games\UE_4.18
[2017.12.31-17.15.34:477][779]LogTemp: Env CWD: C:\Program Files\Epic Games\UE_4.18\Engine\Binaries\DotNET\IOS
[2017.12.31-17.15.34:490][780]LogTemp: BranchPath = DESKTOP-6NVMURH/C/Program Files/Epic Games/UE_4.18/Engine/Binaries --- GameBranchPath = DESKTOP-6NVMURH/C/Program Files/Epic Games/UE_4.18/Engine/Binaries
[2017.12.31-17.15.34:515][781]LogTemp: IPP ERROR: Could not find provision directory 'C:\Users\uzivatel 1\AppData\Local/Apple Computer/MobileDevice/Provisioning Profiles/'.
[2017.12.31-17.15.37:975][941]LogSlate: Warning: Prevented a slow task dialog from being summoned while a context menu was open
[2017.12.31-17.15.50:425][548]LogTemp: Repeating last play command: Selected Viewport
[2017.12.31-17.15.50:438][548]LogBlueprintUserMessages: Early PlayInEditor Detection: Level '/Game/_Levels/BattleGround.BattleGround:PersistentLevel' has LevelScriptBlueprint '/Game/_Levels/BattleGround.BattleGround:PersistentLevel.BattleGround' with GeneratedClass '/Game/_Levels/BattleGround.BattleGround_C' with ClassGeneratedBy '/Game/_Levels/BattleGround.BattleGround:PersistentLevel.BattleGround'
[2017.12.31-17.15.50:439][548]LogPlayLevel: PlayLevel: No blueprints needed recompiling
[2017.12.31-17.15.50:439][548]PIE: New page: PIE session: BattleGround (Dec 31, 2017, 7:15:50 PM)
[2017.12.31-17.15.50:439][548]LogPlayLevel: Creating play world package: /Game/_Levels/UEDPIE_0_BattleGround
[2017.12.31-17.15.50:446][548]LogPlayLevel: PIE: StaticDuplicateObject took: (0.006238s)
[2017.12.31-17.15.50:446][548]LogAIModule: Creating AISystem for world BattleGround
[2017.12.31-17.15.50:446][548]LogPlayLevel: PIE: World Init took: (0.000677s)
[2017.12.31-17.15.50:446][548]LogPlayLevel: PIE: Created PIE world by copying editor world from /Game/_Levels/BattleGround.BattleGround to /Game/_Levels/UEDPIE_0_BattleGround.BattleGround (0.007180s)
[2017.12.31-17.15.50:456][548]LogInit: XAudio2 using 'Reproduktory (Realtek High Definition Audio)' : 2 channels at 48 kHz using 32 bits per sample (channel mask 0x3)
[2017.12.31-17.15.50:467][548]LogInit: FAudioDevice initialized.
[2017.12.31-17.15.50:500][548]LogLoad: Game class is 'AssaultGameMode_BP_C'
[2017.12.31-17.15.50:502][548]LogWorld: Bringing World /Game/_Levels/UEDPIE_0_BattleGround.BattleGround up for play (max tick rate 0) at 2017.12.31-18.15.50
[2017.12.31-17.15.50:502][548]LogWorld: Bringing up level for play took: 0.001952
[2017.12.31-17.15.50:504][548]PIE: Play in editor start time for /Game/_Levels/UEDPIE_0_BattleGround 0.596
[2017.12.31-17.15.50:504][548]LogBlueprintUserMessages: Late PlayInEditor Detection: Level '/Game/_Levels/BattleGround.BattleGround:PersistentLevel' has LevelScriptBlueprint '/Game/_Levels/BattleGround.BattleGround:PersistentLevel.BattleGround' with GeneratedClass '/Game/_Levels/BattleGround.BattleGround_C' with ClassGeneratedBy '/Game/_Levels/BattleGround.BattleGround:PersistentLevel.BattleGround'
[2017.12.31-17.15.51:721][681]LogBlueprintUserMessages: Early EndPlayMap Detection: Level '/Game/_Levels/BattleGround.BattleGround:PersistentLevel' has LevelScriptBlueprint '/Game/_Levels/BattleGround.BattleGround:PersistentLevel.BattleGround' with GeneratedClass '/Game/_Levels/BattleGround.BattleGround_C' with ClassGeneratedBy '/Game/_Levels/BattleGround.BattleGround:PersistentLevel.BattleGround'
[2017.12.31-17.15.51:751][681]LogBlueprintUserMessages: Late EndPlayMap Detection: Level '/Game/_Levels/BattleGround.BattleGround:PersistentLevel' has LevelScriptBlueprint '/Game/_Levels/BattleGround.BattleGround:PersistentLevel.BattleGround' with GeneratedClass '/Game/_Levels/BattleGround.BattleGround_C' with ClassGeneratedBy '/Game/_Levels/BattleGround.BattleGround:PersistentLevel.BattleGround'
[2017.12.31-17.15.54:559][842]LogSlate: Only BGRA pngs, bmps or icos are supported in by External Image Picker
[2017.12.31-17.15.54:608][843]LogTemp: Executing iPhonePackager certificates Engine -bundlename com.YourCompany.GWGame
[2017.12.31-17.15.54:608][843]LogTemp: CWD: C:\Program Files\Epic Games\UE_4.18\Engine\Binaries\DotNET\IOS
[2017.12.31-17.15.54:608][843]LogTemp: Initial Dir: C:\Program Files\Epic Games\UE_4.18
[2017.12.31-17.15.54:608][843]LogTemp: Env CWD: C:\Program Files\Epic Games\UE_4.18\Engine\Binaries\DotNET\IOS
[2017.12.31-17.15.54:611][843]LogTemp: BranchPath = DESKTOP-6NVMURH/C/Program Files/Epic Games/UE_4.18/Engine/Binaries --- GameBranchPath = DESKTOP-6NVMURH/C/Program Files/Epic Games/UE_4.18/Engine/Binaries
[2017.12.31-17.15.54:647][846]LogTemp: IPP ERROR: Could not find provision directory 'C:\Users\uzivatel 1\AppData\Local/Apple Computer/MobileDevice/Provisioning Profiles/'.
[2017.12.31-17.16.02:669][331]LogSlate: Only BGRA pngs, bmps or icos are supported in by External Image Picker
[2017.12.31-17.16.02:720][333]LogTemp: Executing iPhonePackager certificates Engine -bundlename com.YourCompany.GWGame
[2017.12.31-17.16.02:720][333]LogTemp: CWD: C:\Program Files\Epic Games\UE_4.18\Engine\Binaries\DotNET\IOS
[2017.12.31-17.16.02:720][333]LogTemp: Initial Dir: C:\Program Files\Epic Games\UE_4.18
[2017.12.31-17.16.02:720][333]LogTemp: Env CWD: C:\Program Files\Epic Games\UE_4.18\Engine\Binaries\DotNET\IOS
[2017.12.31-17.16.02:728][334]LogTemp: BranchPath = DESKTOP-6NVMURH/C/Program Files/Epic Games/UE_4.18/Engine/Binaries --- GameBranchPath = DESKTOP-6NVMURH/C/Program Files/Epic Games/UE_4.18/Engine/Binaries
[2017.12.31-17.16.02:760][335]LogTemp: IPP ERROR: Could not find provision directory 'C:\Users\uzivatel 1\AppData\Local/Apple Computer/MobileDevice/Provisioning Profiles/'.
[2017.12.31-17.16.16:270][712]LogSlate: Warning: Prevented a slow task dialog from being summoned while a context menu was open
[2017.12.31-17.16.18:838][764]LogSlate: Warning: Prevented a slow task dialog from being summoned while a context menu was open
[2017.12.31-17.16.22:281][871]LogSlate: Warning: Prevented a slow task dialog from being summoned while a context menu was open
[2017.12.31-17.16.24:217][871]LogMaterial: Missing cached shader map for material M_RenderMotionVectors, compiling. 
[2017.12.31-17.16.24:236][871]LogMaterial: Missing cached shader map for material M_RenderMotionVectors, compiling. 
[2017.12.31-17.16.24:250][871]LogMaterial: Missing cached shader map for material M_RenderMotionVectors, compiling. 
[2017.12.31-17.16.24:266][871]LogMaterial: Missing cached shader map for material M_FlipbookPreview_01, compiling. 
[2017.12.31-17.16.24:272][871]LogMaterial: Missing cached shader map for material M_FlipbookPreview_01, compiling. 
[2017.12.31-17.16.24:278][871]LogMaterial: Missing cached shader map for material M_Emissive_Color, compiling. 
[2017.12.31-17.16.24:284][871]LogMaterial: Missing cached shader map for material M_UnlitText_01, compiling. 
[2017.12.31-17.16.24:296][871]LogMaterial: Missing cached shader map for material M_TilingPreviewMat_01, compiling. 
[2017.12.31-17.16.24:303][871]LogMaterial: Missing cached shader map for material M_RenderNormalizedDepth_01, compiling. 
[2017.12.31-17.16.24:320][871]LogMaterial: Missing cached shader map for material M_RenderCustomHeightmap_01, compiling. 
[2017.12.31-17.16.24:325][871]LogMaterial: Missing cached shader map for material M_RadiusDebugTransLucent, compiling. 
[2017.12.31-17.16.24:337][871]LogMaterial: Missing cached shader map for material M_BackgroundCard_01, compiling. 
[2017.12.31-17.16.24:349][871]LogMaterial: Missing cached shader map for material M_RenderNormalizedDepth_01, compiling. 
[2017.12.31-17.16.24:368][871]LogMaterial: Missing cached shader map for material M_ImposterTest_01, compiling. 
[2017.12.31-17.16.24:447][871]LogMaterial: Missing cached shader map for material M_ImposterTest_01, compiling. 
[2017.12.31-17.16.24:512][871]LogMaterial: Missing cached shader map for material M_RenderMotionVectors, compiling. 
[2017.12.31-17.16.26:244][904]LogSlate: Warning: Prevented a slow task dialog from being summoned while a context menu was open
[2017.12.31-17.16.27:818][917]LogSlate: Warning: Prevented a slow task dialog from being summoned while a context menu was open
[2017.12.31-17.16.29:589][933]LogSlate: Warning: Prevented a slow task dialog from being summoned while a context menu was open
[2017.12.31-17.16.39:667][ 95]LogTemp: Repeating last play command: Selected Viewport
[2017.12.31-17.16.39:680][ 95]LogBlueprintUserMessages: Early PlayInEditor Detection: Level '/Game/_Levels/BattleGround.BattleGround:PersistentLevel' has LevelScriptBlueprint '/Game/_Levels/BattleGround.BattleGround:PersistentLevel.BattleGround' with GeneratedClass '/Game/_Levels/BattleGround.BattleGround_C' with ClassGeneratedBy '/Game/_Levels/BattleGround.BattleGround:PersistentLevel.BattleGround'
[2017.12.31-17.16.39:681][ 95]LogPlayLevel: PlayLevel: No blueprints needed recompiling
[2017.12.31-17.16.39:681][ 95]PIE: New page: PIE session: BattleGround (Dec 31, 2017, 7:16:39 PM)
[2017.12.31-17.16.39:681][ 95]LogPlayLevel: Creating play world package: /Game/_Levels/UEDPIE_0_BattleGround
[2017.12.31-17.16.39:687][ 95]LogPlayLevel: PIE: StaticDuplicateObject took: (0.005841s)
[2017.12.31-17.16.39:687][ 95]LogAIModule: Creating AISystem for world BattleGround
[2017.12.31-17.16.39:687][ 95]LogPlayLevel: PIE: World Init took: (0.000434s)
[2017.12.31-17.16.39:687][ 95]LogPlayLevel: PIE: Created PIE world by copying editor world from /Game/_Levels/BattleGround.BattleGround to /Game/_Levels/UEDPIE_0_BattleGround.BattleGround (0.006449s)
[2017.12.31-17.16.39:725][ 95]LogInit: XAudio2 using 'Reproduktory (Realtek High Definition Audio)' : 2 channels at 48 kHz using 32 bits per sample (channel mask 0x3)
[2017.12.31-17.16.39:736][ 95]LogInit: FAudioDevice initialized.
[2017.12.31-17.16.39:765][ 95]LogLoad: Game class is 'SniperGameMode_BP_C'
[2017.12.31-17.16.39:768][ 95]LogWorld: Bringing World /Game/_Levels/UEDPIE_0_BattleGround.BattleGround up for play (max tick rate 0) at 2017.12.31-18.16.39
[2017.12.31-17.16.39:768][ 95]LogWorld: Bringing up level for play took: 0.001853
[2017.12.31-17.16.39:769][ 95]PIE: Play in editor start time for /Game/_Levels/UEDPIE_0_BattleGround -0.139
[2017.12.31-17.16.39:769][ 95]LogBlueprintUserMessages: Late PlayInEditor Detection: Level '/Game/_Levels/BattleGround.BattleGround:PersistentLevel' has LevelScriptBlueprint '/Game/_Levels/BattleGround.BattleGround:PersistentLevel.BattleGround' with GeneratedClass '/Game/_Levels/BattleGround.BattleGround_C' with ClassGeneratedBy '/Game/_Levels/BattleGround.BattleGround:PersistentLevel.BattleGround'
[2017.12.31-17.16.41:078][232]LogBlueprintUserMessages: Early EndPlayMap Detection: Level '/Game/_Levels/BattleGround.BattleGround:PersistentLevel' has LevelScriptBlueprint '/Game/_Levels/BattleGround.BattleGround:PersistentLevel.BattleGround' with GeneratedClass '/Game/_Levels/BattleGround.BattleGround_C' with ClassGeneratedBy '/Game/_Levels/BattleGround.BattleGround:PersistentLevel.BattleGround'
[2017.12.31-17.16.41:110][232]LogBlueprintUserMessages: Late EndPlayMap Detection: Level '/Game/_Levels/BattleGround.BattleGround:PersistentLevel' has LevelScriptBlueprint '/Game/_Levels/BattleGround.BattleGround:PersistentLevel.BattleGround' with GeneratedClass '/Game/_Levels/BattleGround.BattleGround_C' with ClassGeneratedBy '/Game/_Levels/BattleGround.BattleGround:PersistentLevel.BattleGround'
[2017.12.31-17.16.48:315][370]LogSlate: Only BGRA pngs, bmps or icos are supported in by External Image Picker
[2017.12.31-17.16.48:364][372]LogTemp: Executing iPhonePackager certificates Engine -bundlename com.YourCompany.GWGame
[2017.12.31-17.16.48:364][372]LogTemp: CWD: C:\Program Files\Epic Games\UE_4.18\Engine\Binaries\DotNET\IOS
[2017.12.31-17.16.48:364][372]LogTemp: Initial Dir: C:\Program Files\Epic Games\UE_4.18
[2017.12.31-17.16.48:364][372]LogTemp: Env CWD: C:\Program Files\Epic Games\UE_4.18\Engine\Binaries\DotNET\IOS
[2017.12.31-17.16.48:376][373]LogTemp: BranchPath = DESKTOP-6NVMURH/C/Program Files/Epic Games/UE_4.18/Engine/Binaries --- GameBranchPath = DESKTOP-6NVMURH/C/Program Files/Epic Games/UE_4.18/Engine/Binaries
[2017.12.31-17.16.48:403][373]LogTemp: IPP ERROR: Could not find provision directory 'C:\Users\uzivatel 1\AppData\Local/Apple Computer/MobileDevice/Provisioning Profiles/'.
[2017.12.31-17.16.55:893][501]LogTemp: Repeating last play command: Selected Viewport
[2017.12.31-17.16.55:907][501]LogBlueprintUserMessages: Early PlayInEditor Detection: Level '/Game/_Levels/BattleGround.BattleGround:PersistentLevel' has LevelScriptBlueprint '/Game/_Levels/BattleGround.BattleGround:PersistentLevel.BattleGround' with GeneratedClass '/Game/_Levels/BattleGround.BattleGround_C' with ClassGeneratedBy '/Game/_Levels/BattleGround.BattleGround:PersistentLevel.BattleGround'
[2017.12.31-17.16.55:907][501]LogPlayLevel: PlayLevel: No blueprints needed recompiling
[2017.12.31-17.16.55:907][501]PIE: New page: PIE session: BattleGround (Dec 31, 2017, 7:16:55 PM)
[2017.12.31-17.16.55:907][501]LogPlayLevel: Creating play world package: /Game/_Levels/UEDPIE_0_BattleGround
[2017.12.31-17.16.55:913][501]LogPlayLevel: PIE: StaticDuplicateObject took: (0.006109s)
[2017.12.31-17.16.55:914][501]LogAIModule: Creating AISystem for world BattleGround
[2017.12.31-17.16.55:914][501]LogPlayLevel: PIE: World Init took: (0.000441s)
[2017.12.31-17.16.55:914][501]LogPlayLevel: PIE: Created PIE world by copying editor world from /Game/_Levels/BattleGround.BattleGround to /Game/_Levels/UEDPIE_0_BattleGround.BattleGround (0.006737s)
[2017.12.31-17.16.55:926][501]LogInit: XAudio2 using 'Reproduktory (Realtek High Definition Audio)' : 2 channels at 48 kHz using 32 bits per sample (channel mask 0x3)
[2017.12.31-17.16.55:942][501]LogInit: FAudioDevice initialized.
[2017.12.31-17.16.55:976][501]LogLoad: Game class is 'HeavyGameMode_BP_C'
[2017.12.31-17.16.55:978][501]LogWorld: Bringing World /Game/_Levels/UEDPIE_0_BattleGround.BattleGround up for play (max tick rate 0) at 2017.12.31-18.16.55
[2017.12.31-17.16.55:979][501]LogWorld: Bringing up level for play took: 0.001895
[2017.12.31-17.16.55:980][501]PIE: Play in editor start time for /Game/_Levels/UEDPIE_0_BattleGround 0.072
[2017.12.31-17.16.55:980][501]LogBlueprintUserMessages: Late PlayInEditor Detection: Level '/Game/_Levels/BattleGround.BattleGround:PersistentLevel' has LevelScriptBlueprint '/Game/_Levels/BattleGround.BattleGround:PersistentLevel.BattleGround' with GeneratedClass '/Game/_Levels/BattleGround.BattleGround_C' with ClassGeneratedBy '/Game/_Levels/BattleGround.BattleGround:PersistentLevel.BattleGround'
[2017.12.31-17.16.57:118][627]LogBlueprintUserMessages: Early EndPlayMap Detection: Level '/Game/_Levels/BattleGround.BattleGround:PersistentLevel' has LevelScriptBlueprint '/Game/_Levels/BattleGround.BattleGround:PersistentLevel.BattleGround' with GeneratedClass '/Game/_Levels/BattleGround.BattleGround_C' with ClassGeneratedBy '/Game/_Levels/BattleGround.BattleGround:PersistentLevel.BattleGround'
[2017.12.31-17.16.57:151][627]LogBlueprintUserMessages: Late EndPlayMap Detection: Level '/Game/_Levels/BattleGround.BattleGround:PersistentLevel' has LevelScriptBlueprint '/Game/_Levels/BattleGround.BattleGround:PersistentLevel.BattleGround' with GeneratedClass '/Game/_Levels/BattleGround.BattleGround_C' with ClassGeneratedBy '/Game/_Levels/BattleGround.BattleGround:PersistentLevel.BattleGround'
[2017.12.31-17.17.03:403][768]LogSlate: Only BGRA pngs, bmps or icos are supported in by External Image Picker
[2017.12.31-17.17.03:449][770]LogTemp: Executing iPhonePackager certificates Engine -bundlename com.YourCompany.GWGame
[2017.12.31-17.17.03:449][770]LogTemp: CWD: C:\Program Files\Epic Games\UE_4.18\Engine\Binaries\DotNET\IOS
[2017.12.31-17.17.03:449][770]LogTemp: Initial Dir: C:\Program Files\Epic Games\UE_4.18
[2017.12.31-17.17.03:449][770]LogTemp: Env CWD: C:\Program Files\Epic Games\UE_4.18\Engine\Binaries\DotNET\IOS
[2017.12.31-17.17.03:452][770]LogTemp: BranchPath = DESKTOP-6NVMURH/C/Program Files/Epic Games/UE_4.18/Engine/Binaries --- GameBranchPath = DESKTOP-6NVMURH/C/Program Files/Epic Games/UE_4.18/Engine/Binaries
[2017.12.31-17.17.03:485][770]LogTemp: IPP ERROR: Could not find provision directory 'C:\Users\uzivatel 1\AppData\Local/Apple Computer/MobileDevice/Provisioning Profiles/'.
[2017.12.31-17.17.10:355][886]LogTemp: Repeating last play command: Selected Viewport
[2017.12.31-17.17.10:368][886]LogBlueprintUserMessages: Early PlayInEditor Detection: Level '/Game/_Levels/BattleGround.BattleGround:PersistentLevel' has LevelScriptBlueprint '/Game/_Levels/BattleGround.BattleGround:PersistentLevel.BattleGround' with GeneratedClass '/Game/_Levels/BattleGround.BattleGround_C' with ClassGeneratedBy '/Game/_Levels/BattleGround.BattleGround:PersistentLevel.BattleGround'
[2017.12.31-17.17.10:369][886]LogPlayLevel: PlayLevel: No blueprints needed recompiling
[2017.12.31-17.17.10:369][886]PIE: New page: PIE session: BattleGround (Dec 31, 2017, 7:17:10 PM)
[2017.12.31-17.17.10:369][886]LogPlayLevel: Creating play world package: /Game/_Levels/UEDPIE_0_BattleGround
[2017.12.31-17.17.10:376][886]LogPlayLevel: PIE: StaticDuplicateObject took: (0.007050s)
[2017.12.31-17.17.10:376][886]LogAIModule: Creating AISystem for world BattleGround
[2017.12.31-17.17.10:376][886]LogPlayLevel: PIE: World Init took: (0.000546s)
[2017.12.31-17.17.10:377][886]LogPlayLevel: PIE: Created PIE world by copying editor world from /Game/_Levels/BattleGround.BattleGround to /Game/_Levels/UEDPIE_0_BattleGround.BattleGround (0.007819s)
[2017.12.31-17.17.10:387][886]LogInit: XAudio2 using 'Reproduktory (Realtek High Definition Audio)' : 2 channels at 48 kHz using 32 bits per sample (channel mask 0x3)
[2017.12.31-17.17.10:401][886]LogInit: FAudioDevice initialized.
[2017.12.31-17.17.10:435][886]LogLoad: Game class is 'AssaultGameMode_BP_C'
[2017.12.31-17.17.10:437][886]LogWorld: Bringing World /Game/_Levels/UEDPIE_0_BattleGround.BattleGround up for play (max tick rate 0) at 2017.12.31-18.17.10
[2017.12.31-17.17.10:438][886]LogWorld: Bringing up level for play took: 0.001893
[2017.12.31-17.17.10:439][886]PIE: Play in editor start time for /Game/_Levels/UEDPIE_0_BattleGround 0.531
[2017.12.31-17.17.10:439][886]LogBlueprintUserMessages: Late PlayInEditor Detection: Level '/Game/_Levels/BattleGround.BattleGround:PersistentLevel' has LevelScriptBlueprint '/Game/_Levels/BattleGround.BattleGround:PersistentLevel.BattleGround' with GeneratedClass '/Game/_Levels/BattleGround.BattleGround_C' with ClassGeneratedBy '/Game/_Levels/BattleGround.BattleGround:PersistentLevel.BattleGround'
[2017.12.31-17.17.13:660][260]LogBlueprintUserMessages: Early EndPlayMap Detection: Level '/Game/_Levels/BattleGround.BattleGround:PersistentLevel' has LevelScriptBlueprint '/Game/_Levels/BattleGround.BattleGround:PersistentLevel.BattleGround' with GeneratedClass '/Game/_Levels/BattleGround.BattleGround_C' with ClassGeneratedBy '/Game/_Levels/BattleGround.BattleGround:PersistentLevel.BattleGround'
[2017.12.31-17.17.13:692][260]LogBlueprintUserMessages: Late EndPlayMap Detection: Level '/Game/_Levels/BattleGround.BattleGround:PersistentLevel' has LevelScriptBlueprint '/Game/_Levels/BattleGround.BattleGround:PersistentLevel.BattleGround' with GeneratedClass '/Game/_Levels/BattleGround.BattleGround_C' with ClassGeneratedBy '/Game/_Levels/BattleGround.BattleGround:PersistentLevel.BattleGround'
[2017.12.31-17.17.15:444][377]Cmd: OBJ SAVEPACKAGE PACKAGE="/Game/_Levels/BattleGround" FILE="D:/repos/GWGame/GW_Game/Content/_Levels/BattleGround.umap" SILENT=true AUTOSAVING=false KEEPDIRTY=false
[2017.12.31-17.17.15:756][377]LogSavePackage: Save=291.00ms
[2017.12.31-17.17.15:756][377]LogSavePackage: Moving 'D:/repos/GWGame/GW_Game/Saved/BattleGroundCCED851C4974222DEBAE168EE3496BC7.tmp' to 'D:/repos/GWGame/GW_Game/Content/_Levels/BattleGround.umap'
[2017.12.31-17.17.15:761][377]LogSavePackage: Display: Finished SavePackage D:/repos/GWGame/GW_Game/Content/_Levels/BattleGround.umap
[2017.12.31-17.17.15:787][377]Cmd: OBJ SAVEPACKAGE PACKAGE="/Game/_Levels/BattleGround_BuiltData" FILE="D:/repos/GWGame/GW_Game/Content/_Levels/BattleGround_BuiltData.uasset" SILENT=true
[2017.12.31-17.17.15:835][377]LogSavePackage: Save=45.24ms
[2017.12.31-17.17.15:835][377]LogSavePackage: Moving 'D:/repos/GWGame/GW_Game/Saved/BattleGround_BuiltData73E31DB6486D2C790E1318A929AAEA6C.tmp' to 'D:/repos/GWGame/GW_Game/Content/_Levels/BattleGround_BuiltData.uasset'
[2017.12.31-17.17.15:840][377]LogSavePackage: Display: Finished SavePackage D:/repos/GWGame/GW_Game/Content/_Levels/BattleGround_BuiltData.uasset
[2017.12.31-17.17.23:176][970]LogWindowsTextInputMethodSystem: Display: IME system now deactivated.
[2017.12.31-17.17.23:427][971]Cmd: QUIT_EDITOR
[2017.12.31-17.17.23:944][971]LogExit: Preparing to exit.
[2017.12.31-17.17.24:413][971]LogExit: Editor shut down
[2017.12.31-17.17.24:414][971]LogExit: Transaction tracking system shut down
[2017.12.31-17.17.24:527][971]LogDirectoryWatcher: A directory notification for '../../../Engine/Content/' was aborted.
[2017.12.31-17.17.24:527][971]LogDirectoryWatcher: A directory notification for 'D:/repos/GWGame/GW_Game/Content/' was aborted.
[2017.12.31-17.17.24:527][971]LogDirectoryWatcher: A directory notification for '../../../Engine/Plugins/2D/Paper2D/Content/' was aborted.
[2017.12.31-17.17.24:527][971]LogDirectoryWatcher: A directory notification for '../../../Engine/Plugins/Media/MediaCompositing/Content/' was aborted.
[2017.12.31-17.17.24:527][971]LogDirectoryWatcher: A directory notification for '../../../Engine/Plugins/Runtime/AppleARKit/Content/' was aborted.
[2017.12.31-17.17.24:527][971]LogDirectoryWatcher: A directory notification for '../../../Engine/Plugins/Runtime/Oculus/OculusVR/Content/' was aborted.
[2017.12.31-17.17.24:527][971]LogDirectoryWatcher: A directory notification for '../../../Engine/Plugins/Runtime/Steam/SteamVR/Content/' was aborted.
[2017.12.31-17.17.24:556][971]LogExit: Object subsystem successfully closed.
[2017.12.31-17.17.24:586][971]LogD3D11RHI: Shutdown
[2017.12.31-17.17.24:587][971]LogD3D11RHI: CleanupD3DDevice
[2017.12.31-17.17.24:590][971]LogD3D11RHI: ~FD3D11DynamicRHI
[2017.12.31-17.17.24:652][971]LogModuleManager: Shutting down and abandoning module ExternalImagePicker (556)
[2017.12.31-17.17.24:652][971]LogModuleManager: Shutting down and abandoning module HierarchicalLODUtilities (554)
[2017.12.31-17.17.24:652][971]LogModuleManager: Shutting down and abandoning module MovieSceneCapture (552)
[2017.12.31-17.17.24:652][971]LogModuleManager: Shutting down and abandoning module HierarchicalLODOutliner (550)
[2017.12.31-17.17.24:652][971]LogModuleManager: Shutting down and abandoning module DesktopPlatform (548)
[2017.12.31-17.17.24:652][971]LogModuleManager: Shutting down and abandoning module AddContentDialog (546)
[2017.12.31-17.17.24:652][971]LogDirectoryWatcher: A directory notification for 'C:/Program Files/Epic Games/UE_4.18/FeaturePacks/' was aborted.
[2017.12.31-17.17.24:653][971]LogModuleManager: Shutting down and abandoning module WidgetCarousel (545)
[2017.12.31-17.17.24:653][971]LogModuleManager: Shutting down and abandoning module EditorWidgets (542)
[2017.12.31-17.17.24:653][971]LogModuleManager: Shutting down and abandoning module CollectionManager (540)
[2017.12.31-17.17.24:653][971]LogDirectoryWatcher: A directory notification for 'D:/repos/GWGame/GW_Game/Content/Collections/' was aborted.
[2017.12.31-17.17.24:653][971]LogDirectoryWatcher: A directory notification for 'D:/repos/GWGame/GW_Game/Content/Developers/uzivatel1/Collections/' was aborted.
[2017.12.31-17.17.24:653][971]LogDirectoryWatcher: A directory notification for 'D:/repos/GWGame/GW_Game/Saved/Collections/' was aborted.
[2017.12.31-17.17.24:653][971]LogModuleManager: Shutting down and abandoning module SceneOutliner (538)
[2017.12.31-17.17.24:653][971]LogModuleManager: Shutting down and abandoning module StatsViewer (536)
[2017.12.31-17.17.24:653][971]LogModuleManager: Shutting down and abandoning module FoliageEdit (534)
[2017.12.31-17.17.24:653][971]LogModuleManager: Shutting down and abandoning module LandscapeEditor (532)
[2017.12.31-17.17.24:653][971]LogModuleManager: Shutting down and abandoning module MeshPaintMode (530)
[2017.12.31-17.17.24:653][971]LogModuleManager: Shutting down and abandoning module SceneDepthPickerMode (528)
[2017.12.31-17.17.24:653][971]LogModuleManager: Shutting down and abandoning module ActorPickerMode (526)
[2017.12.31-17.17.24:653][971]LogModuleManager: Shutting down and abandoning module GeometryMode (524)
[2017.12.31-17.17.24:653][971]LogModuleManager: Shutting down and abandoning module TextureAlignMode (522)
[2017.12.31-17.17.24:653][971]LogModuleManager: Shutting down and abandoning module BspMode (520)
[2017.12.31-17.17.24:653][971]LogModuleManager: Shutting down and abandoning module PIEPreviewDeviceProfileSelector (518)
[2017.12.31-17.17.24:653][971]LogModuleManager: Shutting down and abandoning module HardwareSurvey (516)
[2017.12.31-17.17.24:653][971]LogModuleManager: Shutting down and abandoning module SequenceRecorderSections (514)
[2017.12.31-17.17.24:653][971]LogModuleManager: Shutting down and abandoning module AutomationWorker (512)
[2017.12.31-17.17.24:653][971]LogModuleManager: Shutting down and abandoning module MatineeToLevelSequence (510)
[2017.12.31-17.17.24:653][971]LogModuleManager: Shutting down and abandoning module LevelSequenceEditor (508)
[2017.12.31-17.17.24:654][971]LogModuleManager: Shutting down and abandoning module PlacementMode (507)
[2017.12.31-17.17.24:654][971]LogModuleManager: Shutting down and abandoning module WmfMediaFactory (504)
[2017.12.31-17.17.24:654][971]LogModuleManager: Shutting down and abandoning module WmfMediaEditor (502)
[2017.12.31-17.17.24:654][971]LogModuleManager: Shutting down and abandoning module OpenExrWrapper (500)
[2017.12.31-17.17.24:654][971]LogModuleManager: Shutting down and abandoning module ImgMediaFactory (498)
[2017.12.31-17.17.24:654][971]LogModuleManager: Shutting down and abandoning module ImgMediaEditor (496)
[2017.12.31-17.17.24:654][971]LogModuleManager: Shutting down and abandoning module AvfMediaFactory (494)
[2017.12.31-17.17.24:654][971]LogModuleManager: Shutting down and abandoning module AvfMediaEditor (492)
[2017.12.31-17.17.24:654][971]LogModuleManager: Shutting down and abandoning module AndroidMediaFactory (490)
[2017.12.31-17.17.24:654][971]LogModuleManager: Shutting down and abandoning module AndroidMediaEditor (488)
[2017.12.31-17.17.24:654][971]LogModuleManager: Shutting down and abandoning module CharacterAI (486)
[2017.12.31-17.17.24:654][971]LogModuleManager: Shutting down and abandoning module AudioCapture (484)
[2017.12.31-17.17.24:654][971]LogModuleManager: Shutting down and abandoning module SequenceRecorder (483)
[2017.12.31-17.17.24:654][971]LogModuleManager: Shutting down and abandoning module SmartSnapping (480)
[2017.12.31-17.17.24:654][971]LogModuleManager: Shutting down and abandoning module SessionServices (478)
[2017.12.31-17.17.24:654][971]LogModuleManager: Shutting down and abandoning module ViewportSnapping (476)
[2017.12.31-17.17.24:654][971]LogModuleManager: Shutting down and abandoning module ViewportInteraction (474)
[2017.12.31-17.17.24:654][971]LogModuleManager: Shutting down and abandoning module ClothPainter (472)
[2017.12.31-17.17.24:654][971]LogModuleManager: Shutting down and abandoning module SkeletalMeshEditor (471)
[2017.12.31-17.17.24:654][971]LogModuleManager: Shutting down and abandoning module LogVisualizer (468)
[2017.12.31-17.17.24:654][971]LogModuleManager: Shutting down and abandoning module IntroTutorials (466)
[2017.12.31-17.17.24:654][971]LogModuleManager: Shutting down and abandoning module GameProjectGeneration (465)
[2017.12.31-17.17.24:654][971]LogModuleManager: Shutting down and abandoning module IOSPlatformEditor (462)
[2017.12.31-17.17.24:654][971]LogModuleManager: Shutting down and abandoning module HTML5PlatformEditor (460)
[2017.12.31-17.17.24:654][971]LogModuleManager: Shutting down and abandoning module AndroidPlatformEditor (458)
[2017.12.31-17.17.24:654][971]LogModuleManager: Shutting down and abandoning module AndroidDeviceDetection (457)
[2017.12.31-17.17.25:241][971]LogModuleManager: Shutting down and abandoning module WindowsPlatformEditor (454)
[2017.12.31-17.17.25:241][971]LogModuleManager: Shutting down and abandoning module IOSRuntimeSettings (452)
[2017.12.31-17.17.25:241][971]LogModuleManager: Shutting down and abandoning module AndroidRuntimeSettings (450)
[2017.12.31-17.17.25:241][971]LogModuleManager: Shutting down and abandoning module InputBindingEditor (448)
[2017.12.31-17.17.25:241][971]LogModuleManager: Shutting down and abandoning module MergeActors (446)
[2017.12.31-17.17.25:241][971]LogModuleManager: Shutting down and abandoning module SizeMap (444)
[2017.12.31-17.17.25:241][971]LogModuleManager: Shutting down and abandoning module TreeMap (442)
[2017.12.31-17.17.25:241][971]LogModuleManager: Shutting down and abandoning module ReferenceViewer (440)
[2017.12.31-17.17.25:241][971]LogModuleManager: Shutting down and abandoning module LocalizationDashboard (438)
[2017.12.31-17.17.25:241][971]LogModuleManager: Shutting down and abandoning module LocalizationService (437)
[2017.12.31-17.17.25:241][971]LogModuleManager: Shutting down and abandoning module HardwareTargeting (434)
[2017.12.31-17.17.25:241][971]LogModuleManager: Shutting down and abandoning module DeviceProfileEditor (432)
[2017.12.31-17.17.25:241][971]LogModuleManager: Shutting down and abandoning module UndoHistory (430)
[2017.12.31-17.17.25:241][971]LogModuleManager: Shutting down and abandoning module XmlParser (428)
[2017.12.31-17.17.25:241][971]LogModuleManager: Shutting down and abandoning module Blutility (426)
[2017.12.31-17.17.25:241][971]LogModuleManager: Shutting down and abandoning module ProjectSettingsViewer (424)
[2017.12.31-17.17.25:241][971]LogModuleManager: Shutting down and abandoning module ProjectTargetPlatformEditor (423)
[2017.12.31-17.17.25:241][971]LogModuleManager: Shutting down and abandoning module EditorSettingsViewer (420)
[2017.12.31-17.17.25:241][971]LogModuleManager: Shutting down and abandoning module SettingsEditor (418)
[2017.12.31-17.17.25:242][971]LogModuleManager: Shutting down and abandoning module ProjectLauncher (416)
[2017.12.31-17.17.25:242][971]LogModuleManager: Shutting down and abandoning module SessionFrontend (414)
[2017.12.31-17.17.25:242][971]LogModuleManager: Shutting down and abandoning module ProfilerClient (412)
[2017.12.31-17.17.25:242][971]LogModuleManager: Shutting down and abandoning module DeviceManager (410)
[2017.12.31-17.17.25:242][971]LogModuleManager: Shutting down and abandoning module TargetDeviceServices (409)
[2017.12.31-17.17.25:303][971]LogModuleManager: Shutting down and abandoning module AutomationController (406)
[2017.12.31-17.17.25:303][971]LogModuleManager: Shutting down and abandoning module AutomationWindow (404)
[2017.12.31-17.17.25:303][971]LogModuleManager: Shutting down and abandoning module Layers (402)
[2017.12.31-17.17.25:304][971]LogModuleManager: Shutting down and abandoning module ComponentVisualizers (400)
[2017.12.31-17.17.25:304][971]LogModuleManager: Shutting down and abandoning module DetailCustomizations (398)
[2017.12.31-17.17.25:304][971]LogModuleManager: Shutting down and abandoning module PackagesDialog (396)
[2017.12.31-17.17.25:304][971]LogModuleManager: Shutting down and abandoning module Persona (394)
[2017.12.31-17.17.25:304][971]LogModuleManager: Shutting down and abandoning module AdvancedPreviewScene (393)
[2017.12.31-17.17.25:304][971]LogModuleManager: Shutting down and abandoning module AnimGraph (391)
[2017.12.31-17.17.25:304][971]LogModuleManager: Shutting down and abandoning module Kismet (388)
[2017.12.31-17.17.25:309][971]LogModuleManager: Shutting down and abandoning module ClassViewer (386)
[2017.12.31-17.17.25:310][971]LogModuleManager: Shutting down and abandoning module Toolbox (384)
[2017.12.31-17.17.25:310][971]LogModuleManager: Shutting down and abandoning module ModuleUI (382)
[2017.12.31-17.17.25:310][971]LogModuleManager: Shutting down and abandoning module MovieSceneTools (380)
[2017.12.31-17.17.25:310][971]LogModuleManager: Shutting down and abandoning module OutputLog (378)
[2017.12.31-17.17.25:310][971]LogModuleManager: Shutting down and abandoning module GammaUI (376)
[2017.12.31-17.17.25:310][971]LogModuleManager: Shutting down and abandoning module Documentation (374)
[2017.12.31-17.17.25:310][971]LogModuleManager: Shutting down and abandoning module MovieSceneTracks (372)
[2017.12.31-17.17.25:310][971]LogModuleManager: Shutting down and abandoning module MovieScene (370)
[2017.12.31-17.17.25:310][971]LogModuleManager: Shutting down and abandoning module StreamingPauseRendering (368)
[2017.12.31-17.17.25:310][971]LogModuleManager: Shutting down and abandoning module LauncherPlatform (366)
[2017.12.31-17.17.25:310][971]LogModuleManager: Shutting down and abandoning module AnalyticsET (364)
[2017.12.31-17.17.25:310][971]LogModuleManager: Shutting down and abandoning module PortalServices (362)
[2017.12.31-17.17.25:310][971]LogModuleManager: Shutting down and abandoning module PortalRpc (360)
[2017.12.31-17.17.25:310][971]LogModuleManager: Shutting down and abandoning module MessagingRpc (358)
[2017.12.31-17.17.25:310][971]LogModuleManager: Shutting down and abandoning module AIModule (356)
[2017.12.31-17.17.25:310][971]LogModuleManager: Shutting down and abandoning module GameplayDebugger (355)
[2017.12.31-17.17.25:311][971]LogModuleManager: Shutting down and abandoning module AITestSuite (353)
[2017.12.31-17.17.25:311][971]LogModuleManager: Shutting down and abandoning module ProfilerService (350)
[2017.12.31-17.17.25:360][971]LogModuleManager: Shutting down and abandoning module TaskGraph (348)
[2017.12.31-17.17.25:360][971]LogModuleManager: Shutting down and abandoning module SteamVRController (346)
[2017.12.31-17.17.25:360][971]LogModuleManager: Shutting down and abandoning module ProceduralMeshComponentEditor (344)
[2017.12.31-17.17.25:360][971]LogModuleManager: Shutting down and abandoning module ProceduralMeshComponent (342)
[2017.12.31-17.17.25:360][971]LogModuleManager: Shutting down and abandoning module OculusInput (340)
[2017.12.31-17.17.25:360][971]LogModuleManager: Shutting down and abandoning module MobilePatchingUtils (338)
[2017.12.31-17.17.25:360][971]LogModuleManager: Shutting down and abandoning module CustomMeshComponent (336)
[2017.12.31-17.17.25:360][971]LogModuleManager: Shutting down and abandoning module CableComponent (334)
[2017.12.31-17.17.25:360][971]LogModuleManager: Shutting down and abandoning module ArchVisCharacter (332)
[2017.12.31-17.17.25:360][971]LogModuleManager: Shutting down and abandoning module AndroidPermission (330)
[2017.12.31-17.17.25:360][971]LogModuleManager: Shutting down and abandoning module ActorSequence (326)
[2017.12.31-17.17.25:360][971]LogModuleManager: Shutting down and abandoning module MediaPlayerEditor (324)
[2017.12.31-17.17.25:360][971]LogModuleManager: Shutting down and abandoning module MediaCompositingEditor (322)
[2017.12.31-17.17.25:360][971]LogModuleManager: Shutting down and abandoning module MediaCompositing (320)
[2017.12.31-17.17.25:360][971]LogModuleManager: Shutting down and abandoning module HTML5Networking (318)
[2017.12.31-17.17.25:360][971]LogModuleManager: Shutting down and abandoning module AlembicImporter (316)
[2017.12.31-17.17.25:360][971]LogModuleManager: Shutting down and abandoning module AlembicLibrary (315)
[2017.12.31-17.17.25:360][971]LogModuleManager: Shutting down and abandoning module GeometryCache (314)
[2017.12.31-17.17.25:360][971]LogModuleManager: Shutting down and abandoning module GeometryCacheEd (313)
[2017.12.31-17.17.25:360][971]LogModuleManager: Shutting down and abandoning module SpeedTreeImporter (308)
[2017.12.31-17.17.25:360][971]LogModuleManager: Shutting down and abandoning module PluginBrowser (306)
[2017.12.31-17.17.25:360][971]LogModuleManager: Shutting down and abandoning module MobileLauncherProfileWizard (304)
[2017.12.31-17.17.25:360][971]LogModuleManager: Shutting down and abandoning module VisualStudioSourceCodeAccess (302)
[2017.12.31-17.17.25:360][971]LogModuleManager: Shutting down and abandoning module VisualStudioCodeSourceCodeAccess (300)
[2017.12.31-17.17.25:360][971]LogModuleManager: Shutting down and abandoning module UObjectPlugin (298)
[2017.12.31-17.17.25:360][971]LogModuleManager: Shutting down and abandoning module SubversionSourceControl (296)
[2017.12.31-17.17.25:360][971]LogModuleManager: Shutting down and abandoning module PerforceSourceControl (294)
[2017.12.31-17.17.25:360][971]LogModuleManager: Shutting down and abandoning module GitSourceControl (292)
[2017.12.31-17.17.25:360][971]LogModuleManager: Shutting down and abandoning module SourceControl (291)
[2017.12.31-17.17.25:360][971]LogModuleManager: Shutting down and abandoning module LightPropagationVolumeEditor (288)
[2017.12.31-17.17.25:360][971]LogModuleManager: Shutting down and abandoning module PaperTiledImporter (286)
[2017.12.31-17.17.25:361][971]LogModuleManager: Shutting down and abandoning module PaperSpriteSheetImporter (284)
[2017.12.31-17.17.25:361][971]LogModuleManager: Shutting down and abandoning module Paper2DEditor (282)
[2017.12.31-17.17.25:361][971]LogModuleManager: Shutting down and abandoning module MeshPaint (281)
[2017.12.31-17.17.25:361][971]LogModuleManager: Shutting down and abandoning module LevelEditor (279)
[2017.12.31-17.17.25:361][971]LogModuleManager: Shutting down and abandoning module PixelInspectorModule (278)
[2017.12.31-17.17.25:361][971]LogModuleManager: Shutting down and abandoning module MainFrame (276)
[2017.12.31-17.17.25:361][971]LogModuleManager: Shutting down and abandoning module HotReload (275)
[2017.12.31-17.17.25:361][971]LogDirectoryWatcher: A directory notification for 'D:/repos/GWGame/GW_Game/Binaries/Win64' was aborted.
[2017.12.31-17.17.25:362][971]LogModuleManager: Shutting down and abandoning module GW_Game (270)
[2017.12.31-17.17.25:362][971]LogModuleManager: Shutting down and abandoning module RuntimePhysXCooking (268)
[2017.12.31-17.17.25:362][971]LogModuleManager: Shutting down and abandoning module PhysXVehiclesEditor (266)
[2017.12.31-17.17.25:362][971]LogModuleManager: Shutting down and abandoning module PhysXVehicles (264)
[2017.12.31-17.17.25:362][971]LogModuleManager: Shutting down and abandoning module OculusEditor (262)
[2017.12.31-17.17.25:362][971]LogModuleManager: Shutting down and abandoning module LocationServicesBPLibrary (260)
[2017.12.31-17.17.25:362][971]LogModuleManager: Shutting down and abandoning module ImmediatePhysicsEditor (258)
[2017.12.31-17.17.25:362][971]LogModuleManager: Shutting down and abandoning module ImmediatePhysics (256)
[2017.12.31-17.17.25:362][971]LogModuleManager: Shutting down and abandoning module UdpMessaging (254)
[2017.12.31-17.17.25:462][971]LogModuleManager: Shutting down and abandoning module TcpMessaging (252)
[2017.12.31-17.17.25:563][971]LogModuleManager: Shutting down and abandoning module GameplayTagsEditor (250)
[2017.12.31-17.17.25:563][971]LogModuleManager: Shutting down and abandoning module FacialAnimationEditor (248)
[2017.12.31-17.17.25:563][971]LogModuleManager: Shutting down and abandoning module FacialAnimation (246)
[2017.12.31-17.17.25:563][971]LogModuleManager: Shutting down and abandoning module AssetManagerEditor (244)
[2017.12.31-17.17.25:563][971]LogModuleManager: Shutting down and abandoning module GraphEditor (243)
[2017.12.31-17.17.25:563][971]LogModuleManager: Shutting down and abandoning module ContentBrowser (241)
[2017.12.31-17.17.25:566][971]LogModuleManager: Shutting down and abandoning module LightPropagationVolumeRuntime (238)
[2017.12.31-17.17.25:566][971]LogModuleManager: Shutting down and abandoning module Paper2D (236)
[2017.12.31-17.17.25:566][971]LogModuleManager: Shutting down and abandoning module WindowsMoviePlayer (234)
[2017.12.31-17.17.25:566][971]LogModuleManager: Shutting down and abandoning module WmfMedia (232)
[2017.12.31-17.17.25:573][971]LogModuleManager: Shutting down and abandoning module ImgMedia (230)
[2017.12.31-17.17.25:573][971]LogModuleManager: Shutting down and abandoning module PacketHandler (228)
[2017.12.31-17.17.25:573][971]LogModuleManager: Shutting down and abandoning module ClothingSystemEditor (226)
[2017.12.31-17.17.25:573][971]LogModuleManager: Shutting down and abandoning module ClothingSystemRuntime (224)
[2017.12.31-17.17.25:573][971]LogModuleManager: Shutting down and abandoning module MediaAssets (222)
[2017.12.31-17.17.25:573][971]LogModuleManager: Shutting down and abandoning module Media (221)
[2017.12.31-17.17.25:580][971]LogModuleManager: Shutting down and abandoning module Overlay (218)
[2017.12.31-17.17.25:580][971]LogModuleManager: Shutting down and abandoning module OverlayEditor (217)
[2017.12.31-17.17.25:580][971]LogModuleManager: Shutting down and abandoning module VREditor (214)
[2017.12.31-17.17.25:580][971]LogModuleManager: Shutting down and abandoning module StringTableEditor (212)
[2017.12.31-17.17.25:581][971]LogModuleManager: Shutting down and abandoning module GameplayTasksEditor (210)
[2017.12.31-17.17.25:581][971]LogModuleManager: Shutting down and abandoning module BehaviorTreeEditor (208)
[2017.12.31-17.17.25:581][971]LogModuleManager: Shutting down and abandoning module FunctionalTesting (206)
[2017.12.31-17.17.25:581][971]LogModuleManager: Shutting down and abandoning module CollisionAnalyzer (204)
[2017.12.31-17.17.25:581][971]LogModuleManager: Shutting down and abandoning module WorkspaceMenuStructure (203)
[2017.12.31-17.17.25:581][971]LogModuleManager: Shutting down and abandoning module UMG (200)
[2017.12.31-17.17.25:581][971]LogModuleManager: Shutting down and abandoning module UMGEditor (199)
[2017.12.31-17.17.25:581][971]LogModuleManager: Shutting down and abandoning module Sequencer (198)
[2017.12.31-17.17.25:581][971]LogModuleManager: Shutting down and abandoning module MessageLog (195)
[2017.12.31-17.17.25:582][971]LogModuleManager: Shutting down and abandoning module SlateReflector (190)
[2017.12.31-17.17.25:582][971]LogModuleManager: Shutting down and abandoning module Slate (188)
[2017.12.31-17.17.25:582][971]LogModuleManager: Shutting down and abandoning module EditorStyle (186)
[2017.12.31-17.17.25:598][971]LogModuleManager: Shutting down and abandoning module MRMesh (184)
[2017.12.31-17.17.25:598][971]LogModuleManager: Shutting down and abandoning module SourceCodeAccess (182)
[2017.12.31-17.17.25:598][971]LogModuleManager: Shutting down and abandoning module HeadMountedDisplay (180)
[2017.12.31-17.17.25:598][971]LogModuleManager: Shutting down and abandoning module XAudio2 (178)
[2017.12.31-17.17.25:598][971]LogModuleManager: Shutting down and abandoning module Networking (176)
[2017.12.31-17.17.25:598][971]LogModuleManager: Shutting down and abandoning module Core (172)
[2017.12.31-17.17.25:598][971]LogModuleManager: Shutting down and abandoning module LevelSequence (168)
[2017.12.31-17.17.25:598][971]LogModuleManager: Shutting down and abandoning module DirectoryWatcher (166)
[2017.12.31-17.17.25:599][971]LogModuleManager: Shutting down and abandoning module KismetCompiler (164)
[2017.12.31-17.17.25:599][971]LogModuleManager: Shutting down and abandoning module MeshUtilities (162)
[2017.12.31-17.17.25:599][971]LogModuleManager: Shutting down and abandoning module MeshMergeUtilities (161)
[2017.12.31-17.17.25:599][971]LogModuleManager: Shutting down and abandoning module MeshReductionInterface (160)
[2017.12.31-17.17.25:599][971]LogModuleManager: Shutting down and abandoning module SimplygonSwarm (159)
[2017.12.31-17.17.25:599][971]LogModuleManager: Shutting down and abandoning module SimplygonMeshReduction (157)
[2017.12.31-17.17.25:599][971]LogModuleManager: Shutting down and abandoning module QuadricMeshReduction (155)
[2017.12.31-17.17.25:599][971]LogModuleManager: Shutting down and abandoning module MaterialBaking (151)
[2017.12.31-17.17.25:599][971]LogModuleManager: Shutting down and abandoning module DerivedDataCache (148)
[2017.12.31-17.17.25:624][971]LogDerivedDataCache: Shutdown
[2017.12.31-17.17.25:624][971]LogModuleManager: Shutting down and abandoning module TargetPlatform (146)
[2017.12.31-17.17.25:624][971]LogModuleManager: Shutting down and abandoning module VulkanShaderFormat (145)
[2017.12.31-17.17.25:624][971]LogModuleManager: Shutting down and abandoning module ShaderFormatVectorVM (143)
[2017.12.31-17.17.25:624][971]LogModuleManager: Shutting down and abandoning module ShaderFormatOpenGL (141)
[2017.12.31-17.17.25:624][971]LogModuleManager: Shutting down and abandoning module ShaderFormatD3D (139)
[2017.12.31-17.17.25:624][971]LogModuleManager: Shutting down and abandoning module MetalShaderFormat (137)
[2017.12.31-17.17.25:624][971]LogModuleManager: Shutting down and abandoning module TextureFormatUncompressed (135)
[2017.12.31-17.17.25:624][971]LogModuleManager: Shutting down and abandoning module TextureFormatPVR (133)
[2017.12.31-17.17.25:624][971]LogModuleManager: Shutting down and abandoning module TextureFormatDXT (131)
[2017.12.31-17.17.25:624][971]LogModuleManager: Shutting down and abandoning module TextureFormatIntelISPCTexComp (129)
[2017.12.31-17.17.25:624][971]LogModuleManager: Shutting down and abandoning module TextureFormatASTC (127)
[2017.12.31-17.17.25:624][971]LogModuleManager: Shutting down and abandoning module ImageWrapper (126)
[2017.12.31-17.17.25:624][971]LogModuleManager: Shutting down and abandoning module TextureFormatAndroid (123)
[2017.12.31-17.17.25:624][971]LogModuleManager: Shutting down and abandoning module AudioFormatOpus (121)
[2017.12.31-17.17.25:624][971]LogModuleManager: Shutting down and abandoning module AudioFormatOgg (119)
[2017.12.31-17.17.25:624][971]LogModuleManager: Shutting down and abandoning module AudioFormatADPCM (117)
[2017.12.31-17.17.25:624][971]LogModuleManager: Shutting down and abandoning module LinuxTargetPlatform (115)
[2017.12.31-17.17.25:624][971]LogModuleManager: Shutting down and abandoning module LinuxServerTargetPlatform (113)
[2017.12.31-17.17.25:624][971]LogModuleManager: Shutting down and abandoning module LinuxNoEditorTargetPlatform (111)
[2017.12.31-17.17.25:624][971]LogModuleManager: Shutting down and abandoning module LinuxClientTargetPlatform (109)
[2017.12.31-17.17.25:624][971]LogModuleManager: Shutting down and abandoning module TVOSTargetPlatform (107)
[2017.12.31-17.17.25:624][971]LogModuleManager: Shutting down and abandoning module Messaging (105)
[2017.12.31-17.17.25:624][971]LogModuleManager: Shutting down and abandoning module IOSTargetPlatform (103)
[2017.12.31-17.17.25:624][971]LogModuleManager: Shutting down and abandoning module HTML5TargetPlatform (101)
[2017.12.31-17.17.25:624][971]LogModuleManager: Shutting down and abandoning module AndroidTargetPlatform (99)
[2017.12.31-17.17.25:624][971]LogModuleManager: Shutting down and abandoning module Android_PVRTCTargetPlatform (97)
[2017.12.31-17.17.25:624][971]LogModuleManager: Shutting down and abandoning module Android_MultiTargetPlatform (95)
[2017.12.31-17.17.25:624][971]LogModuleManager: Shutting down and abandoning module Android_ETC2TargetPlatform (93)
[2017.12.31-17.17.25:624][971]LogModuleManager: Shutting down and abandoning module Android_ETC1TargetPlatform (91)
[2017.12.31-17.17.25:624][971]LogModuleManager: Shutting down and abandoning module Android_DXTTargetPlatform (89)
[2017.12.31-17.17.25:624][971]LogModuleManager: Shutting down and abandoning module Android_ATCTargetPlatform (87)
[2017.12.31-17.17.25:624][971]LogModuleManager: Shutting down and abandoning module Android_ASTCTargetPlatform (85)
[2017.12.31-17.17.25:624][971]LogModuleManager: Shutting down and abandoning module WindowsTargetPlatform (83)
[2017.12.31-17.17.25:624][971]LogModuleManager: Shutting down and abandoning module WindowsServerTargetPlatform (81)
[2017.12.31-17.17.25:624][971]LogModuleManager: Shutting down and abandoning module WindowsNoEditorTargetPlatform (79)
[2017.12.31-17.17.25:624][971]LogModuleManager: Shutting down and abandoning module WindowsClientTargetPlatform (77)
[2017.12.31-17.17.25:624][971]LogModuleManager: Shutting down and abandoning module MacTargetPlatform (75)
[2017.12.31-17.17.25:624][971]LogModuleManager: Shutting down and abandoning module MacServerTargetPlatform (73)
[2017.12.31-17.17.25:624][971]LogModuleManager: Shutting down and abandoning module MacNoEditorTargetPlatform (71)
[2017.12.31-17.17.25:625][971]LogModuleManager: Shutting down and abandoning module MacClientTargetPlatform (69)
[2017.12.31-17.17.25:625][971]LogModuleManager: Shutting down and abandoning module AllDesktopTargetPlatform (67)
[2017.12.31-17.17.25:625][971]LogModuleManager: Shutting down and abandoning module InputCore (64)
[2017.12.31-17.17.25:625][971]LogModuleManager: Shutting down and abandoning module Settings (62)
[2017.12.31-17.17.25:625][971]LogModuleManager: Shutting down and abandoning module PhysXCooking (60)
[2017.12.31-17.17.25:625][971]LogModuleManager: Shutting down and abandoning module SteamVR (58)
[2017.12.31-17.17.25:625][971]LogModuleManager: Shutting down and abandoning module OculusHMD (56)
[2017.12.31-17.17.25:625][971]LogModuleManager: Shutting down and abandoning module ExampleDeviceProfileSelector (54)
[2017.12.31-17.17.25:625][971]LogModuleManager: Shutting down and abandoning module AppleARKit (52)
[2017.12.31-17.17.25:625][971]LogModuleManager: Shutting down and abandoning module AugmentedReality (51)
[2017.12.31-17.17.25:625][971]LogModuleManager: Shutting down and abandoning module OnlineBlueprintSupport (48)
[2017.12.31-17.17.25:625][971]LogModuleManager: Shutting down and abandoning module OnlineSubsystem (44)
[2017.12.31-17.17.25:625][971]LogModuleManager: Shutting down and abandoning module XMPP (43)
[2017.12.31-17.17.25:625][971]LogModuleManager: Shutting down and abandoning module HTTP (41)
[2017.12.31-17.17.25:625][971]LogHttp: Display: Http module shutting down, but needs to wait on 1 outstanding Http requests:
[2017.12.31-17.17.25:625][971]LogHttp: Display: 	verb=[POST] url=[https://datarouter.ol.epicgames.com/datarouter/api/v1/public/data?SessionID=%7B1B230FBF-4685-5354-20AA-8AAD839B2C76%7D&AppID=UEEditor.Rocket.Release&AppVersion=4.18.2-3794801%2B%2B%2BUE4%2BRelease-4.18&UserID=cc42ddc2440a28282bc68e8490f26174%7C4ceece949fa540afa05284edb250037f%7C0bebcf97-a808-44ca-9c7d-125cb113877c&AppEnvironment=datacollector-binary&UploadType=eteventstream] status=Processing
[2017.12.31-17.17.25:649][971]LogModuleManager: Shutting down and abandoning module SSL (40)
[2017.12.31-17.17.25:650][971]LogModuleManager: Shutting down and abandoning module AnimationModifiers (36)
[2017.12.31-17.17.25:650][971]LogModuleManager: Shutting down and abandoning module PropertyEditor (35)
[2017.12.31-17.17.25:650][971]LogModuleManager: Shutting down and abandoning module AudioEditor (32)
[2017.12.31-17.17.25:650][971]LogModuleManager: Shutting down and abandoning module TextureCompressor (30)
[2017.12.31-17.17.25:650][971]LogModuleManager: Shutting down and abandoning module ShaderCore (28)
[2017.12.31-17.17.25:650][971]LogModuleManager: Shutting down and abandoning module Landscape (26)
[2017.12.31-17.17.25:650][971]LogModuleManager: Shutting down and abandoning module SlateRHIRenderer (24)
[2017.12.31-17.17.25:650][971]LogModuleManager: Shutting down and abandoning module OpenGLDrv (22)
[2017.12.31-17.17.25:650][971]LogModuleManager: Shutting down and abandoning module D3D11RHI (20)
[2017.12.31-17.17.25:650][971]LogModuleManager: Shutting down and abandoning module AnimGraphRuntime (18)
[2017.12.31-17.17.25:650][971]LogModuleManager: Shutting down and abandoning module Renderer (16)
[2017.12.31-17.17.25:650][971]LogModuleManager: Shutting down and abandoning module Engine (14)
[2017.12.31-17.17.25:651][971]LogModuleManager: Shutting down and abandoning module CoreUObject (12)
[2017.12.31-17.17.25:651][971]LogModuleManager: Shutting down and abandoning module NetworkFile (10)
[2017.12.31-17.17.25:651][971]LogModuleManager: Shutting down and abandoning module CookedIterativeFile (8)
[2017.12.31-17.17.25:651][971]LogModuleManager: Shutting down and abandoning module StreamingFile (6)
[2017.12.31-17.17.25:651][971]LogModuleManager: Shutting down and abandoning module SandboxFile (4)
[2017.12.31-17.17.25:651][971]LogModuleManager: Shutting down and abandoning module PakFile (2)
[2017.12.31-17.17.25:653][971]LogExit: Exiting.
[2017.12.31-17.17.25:664][971]Log file closed, 12/31/17 18:17:25
