Log file open, 03/17/18 17:19:05
LogWindows: Failed to load 'aqProf.dll' (GetLastError=126)
LogWindows: File 'aqProf.dll' does not exist
LogWindows: Failed to load 'VSPerf140.dll' (GetLastError=126)
LogWindows: File 'VSPerf140.dll' does not exist
LogWindows: Failed to load 'VtuneApi.dll' (GetLastError=126)
LogWindows: File 'VtuneApi.dll' does not exist
LogWindows: Failed to load 'VtuneApi32e.dll' (GetLastError=126)
LogWindows: File 'VtuneApi32e.dll' does not exist
LogInit: Display: Running engine for game: GW_Game
LogPlatformFile: Not using cached read wrapper
LogInit: Display: RandInit(1441979764) SRandInit(1441979764).
LogInit: Read version file with build ID '3709383'
LogInit: Overriding engine version to CL 3794801, compatible CL 3709383
LogInit: Registered custom module enumerator with build ID '3709383'
LogTaskGraph: Started task graph with 5 named threads and 14 total threads with 3 sets of task threads.
LogStats: Stats thread started at 0.148600
LogD3D11RHI: Aftermath initialized
LogPluginManager: Mounting plugin Paper2D
LogPluginManager: Mounting plugin LightPropagationVolume
LogPluginManager: Mounting plugin CodeLiteSourceCodeAccess
LogPluginManager: Mounting plugin GitSourceControl
LogPluginManager: Mounting plugin KDevelopSourceCodeAccess
LogPluginManager: Mounting plugin NullSourceCodeAccess
LogPluginManager: Mounting plugin PerforceSourceControl
LogPluginManager: Mounting plugin SubversionSourceControl
LogPluginManager: Mounting plugin UObjectPlugin
LogPluginManager: Mounting plugin VisualStudioCodeSourceCodeAccess
LogPluginManager: Mounting plugin VisualStudioSourceCodeAccess
LogPluginManager: Mounting plugin XCodeSourceCodeAccess
LogPluginManager: Mounting plugin AssetManagerEditor
LogPluginManager: Mounting plugin AudioCapture
LogPluginManager: Mounting plugin FacialAnimation
LogPluginManager: Mounting plugin GameplayTagsEditor
LogPluginManager: Mounting plugin MobileLauncherProfileWizard
LogPluginManager: Mounting plugin PluginBrowser
LogPluginManager: Mounting plugin SpeedTreeImporter
LogPluginManager: Mounting plugin AlembicImporter
LogPluginManager: Mounting plugin CharacterAI
LogPluginManager: Mounting plugin HTML5Networking
LogPluginManager: Mounting plugin AndroidMedia
LogPluginManager: Mounting plugin AvfMedia
LogPluginManager: Mounting plugin ImgMedia
LogPluginManager: Mounting plugin MediaCompositing
LogPluginManager: Mounting plugin MediaPlayerEditor
LogPluginManager: Mounting plugin WmfMedia
LogPluginManager: Mounting plugin TcpMessaging
LogPluginManager: Mounting plugin UdpMessaging
LogPluginManager: Mounting plugin ActorSequence
LogPluginManager: Mounting plugin LevelSequenceEditor
LogPluginManager: Mounting plugin MatineeToLevelSequence
LogPluginManager: Mounting plugin OnlineSubsystemGooglePlay
LogPluginManager: Mounting plugin OnlineSubsystemIOS
LogPluginManager: Mounting plugin OnlineSubsystem
LogPluginManager: Mounting plugin OnlineSubsystemNull
LogPluginManager: Mounting plugin OnlineSubsystemUtils
LogPluginManager: Mounting plugin AndroidDeviceProfileSelector
LogPluginManager: Mounting plugin AndroidMoviePlayer
LogPluginManager: Mounting plugin AndroidPermission
LogPluginManager: Mounting plugin AppleARKit
LogPluginManager: Mounting plugin AppleMoviePlayer
LogPluginManager: Mounting plugin ArchVisCharacter
LogPluginManager: Mounting plugin CableComponent
LogPluginManager: Mounting plugin CustomMeshComponent
LogPluginManager: Mounting plugin ExampleDeviceProfileSelector
LogPluginManager: Mounting plugin GoogleCloudMessaging
LogPluginManager: Mounting plugin ImmediatePhysics
LogPluginManager: Mounting plugin IOSDeviceProfileSelector
LogPluginManager: Mounting plugin LinuxDeviceProfileSelector
LogPluginManager: Mounting plugin LocationServicesBPLibrary
LogPluginManager: Mounting plugin MobilePatchingUtils
LogPluginManager: Mounting plugin OculusVR
LogPluginManager: Plugin shader directory ../../../Engine/Plugins/Runtime/Oculus/OculusVR/Shaders found
LogPluginManager: Mapping shader source directory ../../../Engine/Plugins/Runtime/Oculus/OculusVR/Shaders to virtual directory /Plugin/OculusVR
LogPluginManager: Mounting plugin PhysXVehicles
LogPluginManager: Mounting plugin ProceduralMeshComponent
LogPluginManager: Mounting plugin RuntimePhysXCooking
LogPluginManager: Mounting plugin SteamVR
LogPluginManager: Mounting plugin WindowsMoviePlayer
LogModuleManager: Display: Found up-to-date module file D:/repos/GWGame/GW_Game/Binaries/Win64/UE4Editor-GW_Game-1796.dll (API version 3709383).
LogModuleManager: Display: Found up-to-date module file ../../../Engine/Plugins/2D/Paper2D/Binaries/Win64/UE4Editor-Paper2D.dll (API version 3709383).
LogModuleManager: Display: Found up-to-date module file ../../../Engine/Plugins/2D/Paper2D/Binaries/Win64/UE4Editor-Paper2DEditor.dll (API version 3709383).
LogModuleManager: Display: Found up-to-date module file ../../../Engine/Plugins/2D/Paper2D/Binaries/Win64/UE4Editor-PaperSpriteSheetImporter.dll (API version 3709383).
LogModuleManager: Display: Found up-to-date module file ../../../Engine/Plugins/2D/Paper2D/Binaries/Win64/UE4Editor-PaperTiledImporter.dll (API version 3709383).
LogModuleManager: Display: Found up-to-date module file ../../../Engine/Plugins/2D/Paper2D/Binaries/Win64/UE4Editor-SmartSnapping.dll (API version 3709383).
LogModuleManager: Display: Found up-to-date module file ../../../Engine/Plugins/Blendables/LightPropagationVolume/Binaries/Win64/UE4Editor-LightPropagationVolumeRuntime.dll (API version 3709383).
LogModuleManager: Display: Found up-to-date module file ../../../Engine/Plugins/Blendables/LightPropagationVolume/Binaries/Win64/UE4Editor-LightPropagationVolumeEditor.dll (API version 3709383).
LogModuleManager: Display: Found up-to-date module file ../../../Engine/Plugins/Developer/GitSourceControl/Binaries/Win64/UE4Editor-GitSourceControl.dll (API version 3709383).
LogModuleManager: Display: Found up-to-date module file ../../../Engine/Plugins/Developer/PerforceSourceControl/Binaries/Win64/UE4Editor-PerforceSourceControl.dll (API version 3709383).
LogModuleManager: Display: Found up-to-date module file ../../../Engine/Plugins/Developer/SubversionSourceControl/Binaries/Win64/UE4Editor-SubversionSourceControl.dll (API version 3709383).
LogModuleManager: Display: Found up-to-date module file ../../../Engine/Plugins/Developer/UObjectPlugin/Binaries/Win64/UE4Editor-UObjectPlugin.dll (API version 3709383).
LogModuleManager: Display: Found up-to-date module file ../../../Engine/Plugins/Developer/VisualStudioCodeSourceCodeAccess/Binaries/Win64/UE4Editor-VisualStudioCodeSourceCodeAccess.dll (API version 3709383).
LogModuleManager: Display: Found up-to-date module file ../../../Engine/Plugins/Developer/VisualStudioSourceCodeAccess/Binaries/Win64/UE4Editor-VisualStudioSourceCodeAccess.dll (API version 3709383).
LogModuleManager: Display: Found up-to-date module file ../../../Engine/Plugins/Editor/AssetManagerEditor/Binaries/Win64/UE4Editor-AssetManagerEditor.dll (API version 3709383).
LogModuleManager: Display: Found up-to-date module file ../../../Engine/Plugins/Editor/AudioCapture/Binaries/Win64/UE4Editor-AudioCapture.dll (API version 3709383).
LogModuleManager: Display: Found up-to-date module file ../../../Engine/Plugins/Editor/FacialAnimation/Binaries/Win64/UE4Editor-FacialAnimation.dll (API version 3709383).
LogModuleManager: Display: Found up-to-date module file ../../../Engine/Plugins/Editor/FacialAnimation/Binaries/Win64/UE4Editor-FacialAnimationEditor.dll (API version 3709383).
LogModuleManager: Display: Found up-to-date module file ../../../Engine/Plugins/Editor/GameplayTagsEditor/Binaries/Win64/UE4Editor-GameplayTagsEditor.dll (API version 3709383).
LogModuleManager: Display: Found up-to-date module file ../../../Engine/Plugins/Editor/MobileLauncherProfileWizard/Binaries/Win64/UE4Editor-MobileLauncherProfileWizard.dll (API version 3709383).
LogModuleManager: Display: Found up-to-date module file ../../../Engine/Plugins/Editor/PluginBrowser/Binaries/Win64/UE4Editor-PluginBrowser.dll (API version 3709383).
LogModuleManager: Display: Found up-to-date module file ../../../Engine/Plugins/Editor/SpeedTreeImporter/Binaries/Win64/UE4Editor-SpeedTreeImporter.dll (API version 3709383).
LogModuleManager: Display: Found up-to-date module file ../../../Engine/Plugins/Experimental/AlembicImporter/Binaries/Win64/UE4Editor-AlembicImporter.dll (API version 3709383).
LogModuleManager: Display: Found up-to-date module file ../../../Engine/Plugins/Experimental/AlembicImporter/Binaries/Win64/UE4Editor-AlembicLibrary.dll (API version 3709383).
LogModuleManager: Display: Found up-to-date module file ../../../Engine/Plugins/Experimental/CharacterAI/Binaries/Win64/UE4Editor-CharacterAI.dll (API version 3709383).
LogModuleManager: Display: Found up-to-date module file ../../../Engine/Plugins/Experimental/HTML5Networking/Binaries/Win64/UE4Editor-HTML5Networking.dll (API version 3709383).
LogModuleManager: Display: Found up-to-date module file ../../../Engine/Plugins/Media/AndroidMedia/Binaries/Win64/UE4Editor-AndroidMediaEditor.dll (API version 3709383).
LogModuleManager: Display: Found up-to-date module file ../../../Engine/Plugins/Media/AndroidMedia/Binaries/Win64/UE4Editor-AndroidMediaFactory.dll (API version 3709383).
LogModuleManager: Display: Found up-to-date module file ../../../Engine/Plugins/Media/AvfMedia/Binaries/Win64/UE4Editor-AvfMediaEditor.dll (API version 3709383).
LogModuleManager: Display: Found up-to-date module file ../../../Engine/Plugins/Media/AvfMedia/Binaries/Win64/UE4Editor-AvfMediaFactory.dll (API version 3709383).
LogModuleManager: Display: Found up-to-date module file ../../../Engine/Plugins/Media/AvfMedia/Binaries/Win64/UE4Editor-AvfMediaFactory.dll (API version 3709383).
LogModuleManager: Display: Found up-to-date module file ../../../Engine/Plugins/Media/ImgMedia/Binaries/Win64/UE4Editor-ImgMedia.dll (API version 3709383).
LogModuleManager: Display: Found up-to-date module file ../../../Engine/Plugins/Media/ImgMedia/Binaries/Win64/UE4Editor-ImgMediaEditor.dll (API version 3709383).
LogModuleManager: Display: Found up-to-date module file ../../../Engine/Plugins/Media/ImgMedia/Binaries/Win64/UE4Editor-ImgMediaFactory.dll (API version 3709383).
LogModuleManager: Display: Found up-to-date module file ../../../Engine/Plugins/Media/ImgMedia/Binaries/Win64/UE4Editor-ImgMediaFactory.dll (API version 3709383).
LogModuleManager: Display: Found up-to-date module file ../../../Engine/Plugins/Media/ImgMedia/Binaries/Win64/UE4Editor-OpenExrWrapper.dll (API version 3709383).
LogModuleManager: Display: Found up-to-date module file ../../../Engine/Plugins/Media/MediaCompositing/Binaries/Win64/UE4Editor-MediaCompositing.dll (API version 3709383).
LogModuleManager: Display: Found up-to-date module file ../../../Engine/Plugins/Media/MediaCompositing/Binaries/Win64/UE4Editor-MediaCompositingEditor.dll (API version 3709383).
LogModuleManager: Display: Found up-to-date module file ../../../Engine/Plugins/Media/MediaPlayerEditor/Binaries/Win64/UE4Editor-MediaPlayerEditor.dll (API version 3709383).
LogModuleManager: Display: Found up-to-date module file ../../../Engine/Plugins/Media/WmfMedia/Binaries/Win64/UE4Editor-WmfMedia.dll (API version 3709383).
LogModuleManager: Display: Found up-to-date module file ../../../Engine/Plugins/Media/WmfMedia/Binaries/Win64/UE4Editor-WmfMediaEditor.dll (API version 3709383).
LogModuleManager: Display: Found up-to-date module file ../../../Engine/Plugins/Media/WmfMedia/Binaries/Win64/UE4Editor-WmfMediaFactory.dll (API version 3709383).
LogModuleManager: Display: Found up-to-date module file ../../../Engine/Plugins/Media/WmfMedia/Binaries/Win64/UE4Editor-WmfMediaFactory.dll (API version 3709383).
LogModuleManager: Display: Found up-to-date module file ../../../Engine/Plugins/Messaging/TcpMessaging/Binaries/Win64/UE4Editor-TcpMessaging.dll (API version 3709383).
LogModuleManager: Display: Found up-to-date module file ../../../Engine/Plugins/Messaging/UdpMessaging/Binaries/Win64/UE4Editor-UdpMessaging.dll (API version 3709383).
LogModuleManager: Display: Found up-to-date module file ../../../Engine/Plugins/MovieScene/ActorSequence/Binaries/Win64/UE4Editor-ActorSequence.dll (API version 3709383).
LogModuleManager: Display: Found up-to-date module file ../../../Engine/Plugins/MovieScene/LevelSequenceEditor/Binaries/Win64/UE4Editor-LevelSequenceEditor.dll (API version 3709383).
LogModuleManager: Display: Found up-to-date module file ../../../Engine/Plugins/MovieScene/MatineeToLevelSequence/Binaries/Win64/UE4Editor-MatineeToLevelSequence.dll (API version 3709383).
LogModuleManager: Display: Found up-to-date module file ../../../Engine/Plugins/Online/OnlineSubsystem/Binaries/Win64/UE4Editor-OnlineSubsystem.dll (API version 3709383).
LogModuleManager: Display: Found up-to-date module file ../../../Engine/Plugins/Online/OnlineSubsystemNull/Binaries/Win64/UE4Editor-OnlineSubsystemNull.dll (API version 3709383).
LogModuleManager: Display: Found up-to-date module file ../../../Engine/Plugins/Online/OnlineSubsystemUtils/Binaries/Win64/UE4Editor-OnlineSubsystemUtils.dll (API version 3709383).
LogModuleManager: Display: Found up-to-date module file ../../../Engine/Plugins/Online/OnlineSubsystemUtils/Binaries/Win64/UE4Editor-OnlineBlueprintSupport.dll (API version 3709383).
LogModuleManager: Display: Found up-to-date module file ../../../Engine/Plugins/Runtime/AndroidDeviceProfileSelector/Binaries/Win64/UE4Editor-AndroidDeviceProfileSelector.dll (API version 3709383).
LogModuleManager: Display: Found up-to-date module file ../../../Engine/Plugins/Runtime/AndroidPermission/Binaries/Win64/UE4Editor-AndroidPermission.dll (API version 3709383).
LogModuleManager: Display: Found up-to-date module file ../../../Engine/Plugins/Runtime/AppleARKit/Binaries/Win64/UE4Editor-AppleARKit.dll (API version 3709383).
LogModuleManager: Display: Found up-to-date module file ../../../Engine/Plugins/Runtime/ArchVisCharacter/Binaries/Win64/UE4Editor-ArchVisCharacter.dll (API version 3709383).
LogModuleManager: Display: Found up-to-date module file ../../../Engine/Plugins/Runtime/CableComponent/Binaries/Win64/UE4Editor-CableComponent.dll (API version 3709383).
LogModuleManager: Display: Found up-to-date module file ../../../Engine/Plugins/Runtime/CustomMeshComponent/Binaries/Win64/UE4Editor-CustomMeshComponent.dll (API version 3709383).
LogModuleManager: Display: Found up-to-date module file ../../../Engine/Plugins/Runtime/ExampleDeviceProfileSelector/Binaries/Win64/UE4Editor-ExampleDeviceProfileSelector.dll (API version 3709383).
LogModuleManager: Display: Found up-to-date module file ../../../Engine/Plugins/Runtime/ImmediatePhysics/Binaries/Win64/UE4Editor-ImmediatePhysics.dll (API version 3709383).
LogModuleManager: Display: Found up-to-date module file ../../../Engine/Plugins/Runtime/ImmediatePhysics/Binaries/Win64/UE4Editor-ImmediatePhysicsEditor.dll (API version 3709383).
LogModuleManager: Display: Found up-to-date module file ../../../Engine/Plugins/Runtime/LocationServicesBPLibrary/Binaries/Win64/UE4Editor-LocationServicesBPLibrary.dll (API version 3709383).
LogModuleManager: Display: Found up-to-date module file ../../../Engine/Plugins/Runtime/MobilePatchingUtils/Binaries/Win64/UE4Editor-MobilePatchingUtils.dll (API version 3709383).
LogModuleManager: Display: Found up-to-date module file ../../../Engine/Plugins/Runtime/Oculus/OculusVR/Binaries/Win64/UE4Editor-OculusHMD.dll (API version 3709383).
LogModuleManager: Display: Found up-to-date module file ../../../Engine/Plugins/Runtime/Oculus/OculusVR/Binaries/Win64/UE4Editor-OculusInput.dll (API version 3709383).
LogModuleManager: Display: Found up-to-date module file ../../../Engine/Plugins/Runtime/Oculus/OculusVR/Binaries/Win64/UE4Editor-OculusEditor.dll (API version 3709383).
LogModuleManager: Display: Found up-to-date module file ../../../Engine/Plugins/Runtime/PhysXVehicles/Binaries/Win64/UE4Editor-PhysXVehicles.dll (API version 3709383).
LogModuleManager: Display: Found up-to-date module file ../../../Engine/Plugins/Runtime/PhysXVehicles/Binaries/Win64/UE4Editor-PhysXVehiclesEditor.dll (API version 3709383).
LogModuleManager: Display: Found up-to-date module file ../../../Engine/Plugins/Runtime/ProceduralMeshComponent/Binaries/Win64/UE4Editor-ProceduralMeshComponent.dll (API version 3709383).
LogModuleManager: Display: Found up-to-date module file ../../../Engine/Plugins/Runtime/ProceduralMeshComponent/Binaries/Win64/UE4Editor-ProceduralMeshComponentEditor.dll (API version 3709383).
LogModuleManager: Display: Found up-to-date module file ../../../Engine/Plugins/Runtime/RuntimePhysXCooking/Binaries/Win64/UE4Editor-RuntimePhysXCooking.dll (API version 3709383).
LogModuleManager: Display: Found up-to-date module file ../../../Engine/Plugins/Runtime/Steam/SteamVR/Binaries/Win64/UE4Editor-SteamVR.dll (API version 3709383).
LogModuleManager: Display: Found up-to-date module file ../../../Engine/Plugins/Runtime/Steam/SteamVR/Binaries/Win64/UE4Editor-SteamVRController.dll (API version 3709383).
LogModuleManager: Display: Found up-to-date module file ../../../Engine/Plugins/Runtime/WindowsMoviePlayer/Binaries/Win64/UE4Editor-WindowsMoviePlayer.dll (API version 3709383).
LogInit: Using libcurl 7.47.1
LogInit:  - built for x86_64-pc-win32
LogInit:  - supports SSL with OpenSSL/1.0.2g
LogInit:  - supports HTTP deflate (compression) using libz 1.2.8
LogInit:  - other features:
LogInit:      CURL_VERSION_SSL
LogInit:      CURL_VERSION_LIBZ
LogInit:      CURL_VERSION_IPV6
LogInit:      CURL_VERSION_ASYNCHDNS
LogInit:      CURL_VERSION_LARGEFILE
LogInit:      CURL_VERSION_IDN
LogInit:  CurlRequestOptions (configurable via config and command line):
LogInit:  - bVerifyPeer = false  - Libcurl will NOT verify peer certificate
LogInit:  - bUseHttpProxy = false  - Libcurl will NOT use HTTP proxy
LogInit:  - bDontReuseConnections = false  - Libcurl will reuse connections
LogInit:  - CertBundlePath = nullptr  - Libcurl will use whatever was configured at build time.
LogInit: Build: ++UE4+Release-4.18-CL-3794801
LogInit: Engine Version: 4.18.2-3794801+++UE4+Release-4.18
LogInit: Compatible Engine Version: 4.18.0-3709383+++UE4+Release-4.18
LogInit: Net CL: 3709383
LogDevObjectVersion: Number of dev versions registered: 16
LogDevObjectVersion:   Dev-Blueprints (B0D832E4-1F89-4F0D-ACCF-7EB736FD4AA2): 10
LogDevObjectVersion:   Dev-Build (E1C64328-A22C-4D53-A36C-8E866417BD8C): 0
LogDevObjectVersion:   Dev-Core (375EC13C-06E4-48FB-B500-84F0262A717E): 2
LogDevObjectVersion:   Dev-Editor (E4B068ED-F494-42E9-A231-DA0B2E46BB41): 20
LogDevObjectVersion:   Dev-Framework (CFFC743F-43B0-4480-9391-14DF171D2073): 30
LogDevObjectVersion:   Dev-Mobile (B02B49B5-BB20-44E9-A304-32B752E40360): 0
LogDevObjectVersion:   Dev-Networking (A4E4105C-59A1-49B5-A7C5-40C4547EDFEE): 0
LogDevObjectVersion:   Dev-Online (39C831C9-5AE6-47DC-9A44-9C173E1C8E7C): 0
LogDevObjectVersion:   Dev-Physics (78F01B33-EBEA-4F98-B9B4-84EACCB95AA2): 0
LogDevObjectVersion:   Dev-Platform (6631380F-2D4D-43E0-8009-CF276956A95A): 0
LogDevObjectVersion:   Dev-Rendering (12F88B9F-8875-4AFC-A67C-D90C383ABD29): 20
LogDevObjectVersion:   Dev-Sequencer (7B5AE74C-D270-4C10-A958-57980B212A5A): 4
LogDevObjectVersion:   Dev-VR (D7296918-1DD6-4BDD-9DE2-64A83CC13884): 0
LogDevObjectVersion:   Dev-LoadTimes (C2A15278-BFE7-4AFE-6C17-90FF531DF755): 1
LogDevObjectVersion:   Private-Geometry (6EACA3D4-40EC-4CC1-B786-8BED09428FC5): 1
LogDevObjectVersion:   Dev-AnimPhys (29E575DD-E0A3-4627-9D10-D276232CDCEA): 12
LogInit: Compiled (64-bit): Dec  8 2017 02:04:53
LogInit: Compiled with Visual C++: 19.00.24215.01
LogInit: Build Configuration: Development
LogInit: Branch Name: ++UE4+Release-4.18
LogInit: Command line:  
LogInit: Base directory: C:/Program Files/Epic Games/UE_4.18/Engine/Binaries/Win64/
LogInit: Installed Engine Build: 1
LogInit: Presizing for max 8388607 objects, including 0 objects not considered by GC, pre-allocating 0 bytes for permanent pool.
LogInit: Object subsystem initialized
[2018.03.17-16.19.06:933][  0]LogInit: Selected Device Profile: [Windows]
[2018.03.17-16.19.06:933][  0]LogInit: Applying CVar settings loaded from the selected device profile: [Windows]
[2018.03.17-16.19.06:941][  0]LogInit: Computer: DESKTOP-6NVMURH
[2018.03.17-16.19.06:941][  0]LogInit: User: uzivatel1
[2018.03.17-16.19.06:941][  0]LogInit: CPU Page size=4096, Cores=4
[2018.03.17-16.19.06:941][  0]LogInit: High frequency timer resolution =4.101559 MHz
[2018.03.17-16.19.06:942][  0]LogMemory: Memory total: Physical=16.0GB (16GB approx)
[2018.03.17-16.19.06:942][  0]LogMemory: Platform Memory Stats for Windows
[2018.03.17-16.19.06:942][  0]LogMemory: Process Physical Memory: 272.53 MB used, 272.53 MB peak
[2018.03.17-16.19.06:942][  0]LogMemory: Process Virtual Memory: 269.77 MB used, 269.77 MB peak
[2018.03.17-16.19.06:942][  0]LogMemory: Physical Memory: 4185.10 MB used,  12156.96 MB free, 16342.06 MB total
[2018.03.17-16.19.06:942][  0]LogMemory: Virtual Memory: 682.18 MB used,  12156.96 MB free, 134217728.00 MB total
[2018.03.17-16.19.07:038][  0]LogInit: Using OS detected language (cs-CZ).
[2018.03.17-16.19.07:038][  0]LogInit: Using OS detected locale (cs-CZ).
[2018.03.17-16.19.07:040][  0]LogTextLocalizationManager: No localization for 'cs-CZ' exists, so 'en' will be used for the language.
[2018.03.17-16.19.07:040][  0]LogTextLocalizationManager: No localization for 'cs-CZ' exists, so 'en' will be used for the locale.
[2018.03.17-16.19.07:329][  0]LogInit: Setting process to per monitor DPI aware
[2018.03.17-16.19.07:489][  0]LogD3D11RHI: D3D11 adapters:
[2018.03.17-16.19.07:522][  0]LogD3D11RHI:    0. 'NVIDIA GeForce GTX 1070' (Feature Level 11_0)
[2018.03.17-16.19.07:522][  0]LogD3D11RHI:       8096/0/8171 MB DedicatedVideo/DedicatedSystem/SharedSystem, Outputs:1, VendorId:0x10de
[2018.03.17-16.19.07:523][  0]LogD3D11RHI:    1. 'Microsoft Basic Render Driver' (Feature Level 11_0)
[2018.03.17-16.19.07:523][  0]LogD3D11RHI:       0/0/8171 MB DedicatedVideo/DedicatedSystem/SharedSystem, Outputs:0, VendorId:0x1414
[2018.03.17-16.19.07:523][  0]LogD3D11RHI: Chosen D3D11 Adapter: 0
[2018.03.17-16.19.07:527][  0]LogD3D11RHI: Creating new Direct3DDevice
[2018.03.17-16.19.07:527][  0]LogD3D11RHI:     GPU DeviceId: 0x1b81 (for the marketing name, search the web for "GPU Device Id")
[2018.03.17-16.19.07:527][  0]LogWindows: EnumDisplayDevices:
[2018.03.17-16.19.07:527][  0]LogWindows:    0. 'NVIDIA GeForce GTX 1070' (P:1 D:1)
[2018.03.17-16.19.07:527][  0]LogWindows:    1. 'NVIDIA GeForce GTX 1070' (P:0 D:0)
[2018.03.17-16.19.07:527][  0]LogWindows:    2. 'NVIDIA GeForce GTX 1070' (P:0 D:0)
[2018.03.17-16.19.07:527][  0]LogWindows:    3. 'NVIDIA GeForce GTX 1070' (P:0 D:0)
[2018.03.17-16.19.07:527][  0]LogWindows: DebugString: GetVideoDriverDetailsInvalid PrimaryIsNotTheChoosenAdapter GetVideoDriverDetailsInvalid PrimaryIsNotTheChoosenAdapter GetVideoDriverDetailsInvalid PrimaryIsNotTheChoosenAdapter GetVideoDriverDetailsInvalid PrimaryIsNotTheChoosenAdapter FoundDriverCount:0 
[2018.03.17-16.19.07:527][  0]LogD3D11RHI:     Adapter Name: NVIDIA GeForce GTX 1070
[2018.03.17-16.19.07:527][  0]LogD3D11RHI:   Driver Version: Unknown (internal:Unknown, unified:Unknown)
[2018.03.17-16.19.07:527][  0]LogD3D11RHI:      Driver Date: Unknown
[2018.03.17-16.19.07:527][  0]LogRHI: Texture pool is 5667 MB (70% of 8096 MB)
[2018.03.17-16.19.07:544][  0]LogD3D11RHI: Async texture creation enabled
[2018.03.17-16.19.07:586][  0]LogD3D11RHI: GPU Timing Frequency: 1000.000000 (Debug: 2 1)
[2018.03.17-16.19.07:633][  0]LogShaderCompilers: Guid format shader working directory is 30 characters bigger than the processId version (D:/repos/GWGame/GW_Game/Intermediate/Shaders/WorkingDirectory/96/).
[2018.03.17-16.19.07:633][  0]LogShaderCompilers: Cleaned the shader compiler working directory 'C:/Users/uzivatel 1/AppData/Local/Temp/UnrealShaderWorkingDir/9F72831B4FCAF049C3E880BFA5EC3032/'.
[2018.03.17-16.19.07:633][  0]LogShaderCompilers: Display: Using Local Shader Compiler.
[2018.03.17-16.19.08:249][  0]LogTemp: Display: Loaded TP AllDesktopTargetPlatform
[2018.03.17-16.19.08:285][  0]LogTemp: Display: Loaded TP MacClientTargetPlatform
[2018.03.17-16.19.08:320][  0]LogTemp: Display: Loaded TP MacNoEditorTargetPlatform
[2018.03.17-16.19.08:356][  0]LogTemp: Display: Loaded TP MacServerTargetPlatform
[2018.03.17-16.19.08:391][  0]LogTemp: Display: Loaded TP MacTargetPlatform
[2018.03.17-16.19.08:427][  0]LogTemp: Display: Loaded TP WindowsClientTargetPlatform
[2018.03.17-16.19.08:463][  0]LogTemp: Display: Loaded TP WindowsNoEditorTargetPlatform
[2018.03.17-16.19.08:498][  0]LogTemp: Display: Loaded TP WindowsServerTargetPlatform
[2018.03.17-16.19.08:528][  0]LogTemp: Display: Loaded TP WindowsTargetPlatform
[2018.03.17-16.19.08:562][  0]LogTemp: Display: Loaded TP Android_ASTCTargetPlatform
[2018.03.17-16.19.08:596][  0]LogTemp: Display: Loaded TP Android_ATCTargetPlatform
[2018.03.17-16.19.08:631][  0]LogTemp: Display: Loaded TP Android_DXTTargetPlatform
[2018.03.17-16.19.08:665][  0]LogTemp: Display: Loaded TP Android_ETC1TargetPlatform
[2018.03.17-16.19.08:699][  0]LogTemp: Display: Loaded TP Android_ETC2TargetPlatform
[2018.03.17-16.19.08:767][  0]LogTemp: Display: Loaded TP Android_MultiTargetPlatform
[2018.03.17-16.19.08:767][  0]LogTemp: Display: Loaded TP Android_PVRTCTargetPlatform
[2018.03.17-16.19.08:802][  0]LogTemp: Display: Loaded TP AndroidTargetPlatform
[2018.03.17-16.19.08:829][  0]LogTemp: Display: Loaded TP HTML5TargetPlatform
[2018.03.17-16.19.08:898][  0]LogTemp: Display: Loaded TP IOSTargetPlatform
[2018.03.17-16.19.08:918][  0]LogTemp: Display: Loaded TP TVOSTargetPlatform
[2018.03.17-16.19.08:953][  0]LogTemp: Display: Loaded TP LinuxClientTargetPlatform
[2018.03.17-16.19.08:987][  0]LogTemp: Display: Loaded TP LinuxNoEditorTargetPlatform
[2018.03.17-16.19.09:021][  0]LogTemp: Display: Loaded TP LinuxServerTargetPlatform
[2018.03.17-16.19.09:055][  0]LogTemp: Display: Loaded TP LinuxTargetPlatform
[2018.03.17-16.19.09:055][  0]LogTargetPlatformManager: Display: Building Assets For Windows
[2018.03.17-16.19.09:366][  0]LogDerivedDataCache: Display: Max Cache Size: 512 MB
[2018.03.17-16.19.09:416][  0]LogDerivedDataCache: Loaded boot cache 0.05s 78MB C:/Users/uzivatel 1/AppData/Local/UnrealEngine/4.18/DerivedDataCache/Boot.ddc.
[2018.03.17-16.19.09:416][  0]LogDerivedDataCache: Display: Loaded Boot cache: C:/Users/uzivatel 1/AppData/Local/UnrealEngine/4.18/DerivedDataCache/Boot.ddc
[2018.03.17-16.19.09:416][  0]LogDerivedDataCache: FDerivedDataBackendGraph:  Pak pak cache file D:/repos/GWGame/GW_Game/DerivedDataCache/DDC.ddp not found, will not use a pak cache.
[2018.03.17-16.19.09:416][  0]LogDerivedDataCache: Unable to find inner node Pak for hierarchical cache Hierarchy.
[2018.03.17-16.19.09:416][  0]LogDerivedDataCache: FDerivedDataBackendGraph:  CompressedPak pak cache file D:/repos/GWGame/GW_Game/DerivedDataCache/Compressed.ddp not found, will not use a pak cache.
[2018.03.17-16.19.09:416][  0]LogDerivedDataCache: Unable to find inner node CompressedPak for hierarchical cache Hierarchy.
[2018.03.17-16.19.09:428][  0]LogDerivedDataCache: Display: Pak cache opened for reading ../../../Engine/DerivedDataCache/Compressed.ddp.
[2018.03.17-16.19.09:439][  0]LogDerivedDataCache: Using Local data cache path C:/Users/uzivatel 1/AppData/Local/UnrealEngine/Common/DerivedDataCache: Writable
[2018.03.17-16.19.09:446][  0]LogMaterial: Verifying Global Shaders for PCD3D_SM5
[2018.03.17-16.19.09:447][  0]LogSlate: Using Freetype 2.6.0
[2018.03.17-16.19.09:447][  0]LogSlate: SlateFontCache - WITH_FREETYPE: 1, WITH_HARFBUZZ: 1
[2018.03.17-16.19.09:447][  0]LogSlate: SlateFontCache - WITH_FREETYPE: 1, WITH_HARFBUZZ: 1
[2018.03.17-16.19.09:688][  0]LogInit: Selected Device Profile: [Windows]
[2018.03.17-16.19.09:914][  0]LogSimplygon: Simplygon DLL not present - disabling.
[2018.03.17-16.19.09:941][  0]LogMeshReduction: Using SimplygonSwarm for distributed automatic mesh merging
[2018.03.17-16.19.09:941][  0]LogMeshReduction: Using QuadricMeshReduction for automatic static mesh reduction
[2018.03.17-16.19.09:941][  0]LogMeshReduction: No automatic skeletal mesh reduction module available
[2018.03.17-16.19.09:941][  0]LogMeshReduction: No automatic mesh merging module available
[2018.03.17-16.19.09:941][  0]LogMeshMerging: No automatic mesh merging module available
[2018.03.17-16.19.09:959][  0]LogNetVersion: GW_Game , NetCL: 3709383, EngineNetVer: 2, GameNetVer: 0 (Checksum: 4001666234)
[2018.03.17-16.19.10:076][  0]LogAssetRegistry: FAssetRegistry took 0.0241 seconds to start up
[2018.03.17-16.19.10:389][  0]LogPackageLocalizationCache: Processed 7 localized package path(s) for 1 prioritized culture(s) in 0.020394 seconds
[2018.03.17-16.19.10:393][  0]LogUObjectArray: 35900 objects as part of root set at end of initial load.
[2018.03.17-16.19.10:393][  0]LogUObjectAllocator: 7372016 out of 0 bytes used by permanent object pool.
[2018.03.17-16.19.10:393][  0]LogUObjectArray: CloseDisregardForGC: 0/0 objects in disregard for GC pool
[2018.03.17-16.19.10:428][  0]LogInit: WinSock: version 1.1 (2.2), MaxSocks=32767, MaxUdp=65467
[2018.03.17-16.19.12:230][  0]LogTcpMessaging: Initializing TcpMessaging bridge
[2018.03.17-16.19.12:261][  0]LogUdpMessaging: Initializing bridge on interface 0.0.0.0:0 to multicast group 230.0.0.1:6666.
[2018.03.17-16.19.12:772][  0]LogMaterial: Uniform references updated for custom material expression Custom.
[2018.03.17-16.19.13:059][  0]SourceControl: Source control is disabled
[2018.03.17-16.19.13:059][  0]SourceControl: Source control is disabled
[2018.03.17-16.19.13:094][  0]SourceControl: Source control is disabled
[2018.03.17-16.19.13:128][  0]SourceControl: Source control is disabled
[2018.03.17-16.19.13:661][  0]LogAndroidPermission: UAndroidPermissionCallbackProxy::GetInstance
[2018.03.17-16.19.13:841][  0]LogOcInput: OculusInput pre-init called
[2018.03.17-16.19.14:023][  0]LogEngine: Initializing Engine...
[2018.03.17-16.19.14:025][  0]LogHMD: Failed to initialize OpenVR with code 110
[2018.03.17-16.19.14:168][  0]LogStats: UGameplayTagsManager::ConstructGameplayTagTree: Construct from data asset -  0.000 s
[2018.03.17-16.19.14:168][  0]LogStats: UGameplayTagsManager::ConstructGameplayTagTree: GameplayTagTreeChangedEvent.Broadcast -  0.000 s
[2018.03.17-16.19.14:254][  0]LogAIModule: Creating AISystem for world Untitled
[2018.03.17-16.19.14:260][  0]LogInit: XAudio2 using 'U24E590-4 (NVIDIA High Definition Audio)' : 2 channels at 48 kHz using 16 bits per sample (channel mask 0x3)
[2018.03.17-16.19.14:267][  0]LogInit: FAudioDevice initialized.
[2018.03.17-16.19.14:329][  0]LogDerivedDataCache: Saved boot cache 0.06s 78MB C:/Users/uzivatel 1/AppData/Local/UnrealEngine/4.18/DerivedDataCache/Boot.ddc.
[2018.03.17-16.19.14:338][  0]LogInit: Texture streaming: Enabled
[2018.03.17-16.19.14:402][  0]LogEngineSessionManager: EngineSessionManager initialized
[2018.03.17-16.19.14:521][  0]LogInit: Transaction tracking system initialized
[2018.03.17-16.19.14:731][  0]BlueprintLog: New page: Editor Load
[2018.03.17-16.19.15:369][  0]LocalizationService: Localization service is disabled
[2018.03.17-16.19.15:895][  0]LogConsoleResponse: Display: 
[2018.03.17-16.19.16:012][  0]LogCook: Display: Max memory allowance for cook 16384mb min free memory 0mb
[2018.03.17-16.19.16:012][  0]LogCook: Display: Mobile HDR setting 1
[2018.03.17-16.19.16:012][  0]LogGameplayTags: Display: UGameplayTagsManager::DoneAddingNativeTags. DelegateIsBound: 0
[2018.03.17-16.19.16:382][  0]LogFileCache: Scanning file cache for directory 'D:/repos/GWGame/GW_Game/Content/' took 0.01s
[2018.03.17-16.19.16:810][  0]SourceControl: Source control is disabled
[2018.03.17-16.19.16:810][  0]Cmd: MAP LOAD FILE="D:/repos/GWGame/GW_Game/Content/_Levels/BattleGround.umap" TEMPLATE=0 SHOWPROGRESS=1 FEATURELEVEL=3
[2018.03.17-16.19.16:810][  0]LightingResults: New page: Lighting Build
[2018.03.17-16.19.16:838][  0]MapCheck: New page: Map Check
[2018.03.17-16.19.16:838][  0]LightingResults: New page: Lighting Build
[2018.03.17-16.19.17:252][  0]LogAIModule: Creating AISystem for world BattleGround
[2018.03.17-16.19.17:287][  0]LogEditorServer: Finished looking for orphan Actors (0.000 secs)
[2018.03.17-16.19.17:303][  0]Cmd: MAP CHECKDEP NOCLEARLOG
[2018.03.17-16.19.17:336][  0]MapCheck: Map check complete: 0 Error(s), 0 Warning(s), took 33.072ms to complete.
[2018.03.17-16.19.17:336][  0]LogFileHelpers: Loading map 'BattleGround' took 0.526
[2018.03.17-16.19.17:436][  0]LogCollectionManager: Loaded 0 collections in 0.000994 seconds
[2018.03.17-16.19.17:500][  0]LogFileCache: Scanning file cache for directory 'D:/repos/GWGame/GW_Game/Saved/Collections/' took 0.01s
[2018.03.17-16.19.17:500][  0]LogFileCache: Scanning file cache for directory 'D:/repos/GWGame/GW_Game/Content/Developers/uzivatel1/Collections/' took 0.01s
[2018.03.17-16.19.17:500][  0]LogFileCache: Scanning file cache for directory 'D:/repos/GWGame/GW_Game/Content/Collections/' took 0.01s
[2018.03.17-16.19.17:500][  0]LogCollectionManager: Rebuilt the GUID cache for 0 collections in 0.000000 seconds
[2018.03.17-16.19.17:507][  0]LogContentBrowser: Native class hierarchy populated in 0.0060 seconds. Added 2374 classes and 524 folders.
[2018.03.17-16.19.17:550][  0]LogContentBrowser: Native class hierarchy updated for 'WidgetCarousel' in 0.0004 seconds. Added 0 classes and 0 folders.
[2018.03.17-16.19.17:573][  0]LogContentBrowser: Native class hierarchy updated for 'AddContentDialog' in 0.0004 seconds. Added 0 classes and 0 folders.
[2018.03.17-16.19.17:613][  0]LogSlate: Took 0.000116 seconds to synchronously load lazily loaded font '../../../Engine/Content/Slate/Fonts/Roboto-Regular.ttf' (155K)
[2018.03.17-16.19.17:615][  0]LogSlate: Took 0.000097 seconds to synchronously load lazily loaded font '../../../Engine/Content/Editor/Slate/Fonts/FontAwesome.ttf' (139K)
[2018.03.17-16.19.17:615][  0]LogSlate: Took 0.000085 seconds to synchronously load lazily loaded font '../../../Engine/Content/Slate/Fonts/Roboto-Bold.ttf' (160K)
[2018.03.17-16.19.17:619][  0]LogSlate: Took 0.000103 seconds to synchronously load lazily loaded font '../../../Engine/Content/Editor/Slate/Fonts/DroidSansMono.ttf' (77K)
[2018.03.17-16.19.17:697][  0]LogRenderer: Reallocating scene render targets to support 1088x756 Format 10 NumSamples 1 (Frame:1).
[2018.03.17-16.19.17:832][  0]LogContentBrowser: Native class hierarchy updated for 'HierarchicalLODOutliner' in 0.0004 seconds. Added 1 classes and 2 folders.
[2018.03.17-16.19.17:832][  0]LogLoad: (Engine Initialization) Total time: 13.06 seconds
[2018.03.17-16.19.17:832][  0]LogLoad: (Engine Initialization) Total Blueprint compile time: 0.00 seconds
[2018.03.17-16.19.17:832][  0]LogExternalProfiler: No external profilers were discovered.  External profiling features will not be available.
[2018.03.17-16.19.18:187][  0]LogAssetRegistry: Asset discovery search completed in 8.1322 seconds
[2018.03.17-16.19.18:189][  0]LogCollectionManager: Rebuilt the object cache for 0 collections in 0.000000 seconds (found 0 objects)
[2018.03.17-16.19.18:189][  0]LogCollectionManager: Fixed up redirectors for 0 collections in 0.000170 seconds (updated 0 objects)
[2018.03.17-16.19.18:191][  0]LogContentStreaming: Texture pool size now 1000 MB
[2018.03.17-16.19.19:172][  3]LogSlate: Took 0.000205 seconds to synchronously load lazily loaded font '../../../Engine/Content/Slate/Fonts/Roboto-Light.ttf' (159K)
[2018.03.17-16.21.01:693][554]LogSlate: Took 0.000094 seconds to synchronously load lazily loaded font '../../../Engine/Content/Slate/Fonts/Roboto-Light.ttf' (159K)
[2018.03.17-16.21.05:926][599]LogVSAccessor: Warning: Couldn't goto line number '0' in 'D:/repos/GWGame/GW_Game/Source/GW_Game/Public/Assault.h'
[2018.03.17-16.21.05:964][599]LogVSAccessor: Warning: Couldn't goto line number '0' in 'D:/repos/GWGame/GW_Game/Source/GW_Game/Private/Assault.cpp'
[2018.03.17-16.26.40:513][663]Candidate modules for hot reload:
[2018.03.17-16.26.40:513][663]  GW_Game
[2018.03.17-16.26.40:513][663]Launching UnrealBuildTool... [C:/Program Files/Epic Games/UE_4.18/Engine/Binaries/DotNET/UnrealBuildTool.exe GW_Game -ModuleWithSuffix GW_Game 855 Win64 Development -editorrecompile -canskiplink "D:/repos/GWGame/GW_Game/GW_Game.uproject" ]
[2018.03.17-16.26.40:525][663]Warning: Starting HotReload took  0.0s.
[2018.03.17-16.26.47:404][827]CompilerResultsLog: New page: Compilation - Mar 17, 2018, 6:26:47 PM
[2018.03.17-16.26.47:404][827]CompilerResultsLog: Using 'git status' to determine working set for adaptive non-unity build.
[2018.03.17-16.26.47:404][827]CompilerResultsLog: Compiling game modules for hot reload
[2018.03.17-16.26.47:404][827]CompilerResultsLog: Parsing headers for GW_GameEditor
[2018.03.17-16.26.47:404][827]CompilerResultsLog:   Running UnrealHeaderTool "D:\repos\GWGame\GW_Game\GW_Game.uproject" "D:\repos\GWGame\GW_Game\Intermediate\Build\Win64\GW_GameEditor\Development\GW_GameEditor.uhtmanifest" -LogCmds="loginit warning, logexit warning, logdatabase error" -Unattended -WarningsAsErrors -installed
[2018.03.17-16.26.47:405][827]CompilerResultsLog: Error: D:/repos/GWGame/GW_Game/Source/GW_Game/Public/Assault.h(17)  : Error: Missing ':' in after public
[2018.03.17-16.26.47:405][827]CompilerResultsLog: UnrealHeaderTool failed for target 'GW_GameEditor' (platform: Win64, module info: D:\repos\GWGame\GW_Game\Intermediate\Build\Win64\GW_GameEditor\Development\GW_GameEditor.uhtmanifest).
[2018.03.17-16.26.47:405][827]LogMainFrame: MainFrame: Module compiling took 6.895 seconds
[2018.03.17-16.26.47:405][827]Warning: HotReload failed, recompile failed
[2018.03.17-16.27.12:493][401]Candidate modules for hot reload:
[2018.03.17-16.27.12:493][401]  GW_Game
[2018.03.17-16.27.12:493][401]Launching UnrealBuildTool... [C:/Program Files/Epic Games/UE_4.18/Engine/Binaries/DotNET/UnrealBuildTool.exe GW_Game -ModuleWithSuffix GW_Game 3643 Win64 Development -editorrecompile -canskiplink "D:/repos/GWGame/GW_Game/GW_Game.uproject" ]
[2018.03.17-16.27.12:496][401]Warning: Starting HotReload took  0.0s.
[2018.03.17-16.27.21:572][  5]CompilerResultsLog: New page: Compilation - Mar 17, 2018, 6:27:21 PM
[2018.03.17-16.27.21:573][  5]CompilerResultsLog: Using 'git status' to determine working set for adaptive non-unity build.
[2018.03.17-16.27.21:573][  5]CompilerResultsLog: Compiling game modules for hot reload
[2018.03.17-16.27.21:573][  5]CompilerResultsLog: Parsing headers for GW_GameEditor
[2018.03.17-16.27.21:573][  5]CompilerResultsLog:   Running UnrealHeaderTool "D:\repos\GWGame\GW_Game\GW_Game.uproject" "D:\repos\GWGame\GW_Game\Intermediate\Build\Win64\GW_GameEditor\Development\GW_GameEditor.uhtmanifest" -LogCmds="loginit warning, logexit warning, logdatabase error" -Unattended -WarningsAsErrors -installed
[2018.03.17-16.27.21:573][  5]CompilerResultsLog: Reflection code generated for GW_GameEditor in 6,8026467 seconds
[2018.03.17-16.27.21:573][  5]CompilerResultsLog: Performing 12 actions (4 in parallel)
[2018.03.17-16.27.21:573][  5]CompilerResultsLog: TankAimingComponent.gen.cpp
[2018.03.17-16.27.21:573][  5]CompilerResultsLog: Assault.gen.cpp
[2018.03.17-16.27.21:573][  5]CompilerResultsLog: TankBarrel.gen.cpp
[2018.03.17-16.27.21:574][  5]CompilerResultsLog: GW_Game.init.gen.cpp
[2018.03.17-16.27.21:574][  5]CompilerResultsLog: AssaultPlayerController.gen.cpp
[2018.03.17-16.27.21:574][  5]CompilerResultsLog: TankAimingComponent.cpp
[2018.03.17-16.27.21:574][  5]CompilerResultsLog: TankAIController.cpp
[2018.03.17-16.27.21:574][  5]CompilerResultsLog: TankBarrel.cpp
[2018.03.17-16.27.21:574][  5]CompilerResultsLog: Assault.cpp
[2018.03.17-16.27.21:574][  5]CompilerResultsLog: AssaultPlayerController.cpp
[2018.03.17-16.27.21:574][  5]CompilerResultsLog: Error: D:\repos\GWGame\GW_Game\Source\GW_Game\Private\AssaultPlayerController.cpp(33) : error C2039: 'AimAt': is not a member of 'AAssault'
[2018.03.17-16.27.21:574][  5]CompilerResultsLog: Error: D:\repos\GWGame\GW_Game\Source\GW_Game\Public\AssaultPlayerController.h(8) : note: see declaration of 'AAssault'
[2018.03.17-16.27.21:574][  5]CompilerResultsLog: Error: D:\repos\GWGame\GW_Game\Source\GW_Game\Private\Assault.cpp(37) : error C2065: 'LaunchSpeed': undeclared identifier
[2018.03.17-16.27.21:574][  5]CompilerResultsLog: Error: D:\repos\GWGame\GW_Game\Source\GW_Game\Private\TankAIController.cpp(19) : error C2039: 'AimAt': is not a member of 'AAssault'
[2018.03.17-16.27.21:575][  5]CompilerResultsLog: Error: D:\repos\GWGame\GW_Game\Source\GW_Game\Public\Assault.h(14) : note: see declaration of 'AAssault'
[2018.03.17-16.27.21:575][  5]CompilerResultsLog: ERROR: UBT ERROR: Failed to produce item: D:\repos\GWGame\GW_Game\Binaries\Win64\UE4Editor-GW_Game-3643.dll
[2018.03.17-16.27.21:575][  5]CompilerResultsLog: Total build time: 8,92 seconds (Local executor: 0,00 seconds)
[2018.03.17-16.27.21:575][  5]LogMainFrame: MainFrame: Module compiling took 9.100 seconds
[2018.03.17-16.27.21:575][  5]Warning: HotReload failed, recompile failed
[2018.03.17-16.32.57:702][508]Candidate modules for hot reload:
[2018.03.17-16.32.57:702][508]  GW_Game
[2018.03.17-16.32.57:702][508]Launching UnrealBuildTool... [C:/Program Files/Epic Games/UE_4.18/Engine/Binaries/DotNET/UnrealBuildTool.exe GW_Game -ModuleWithSuffix GW_Game 4205 Win64 Development -editorrecompile -canskiplink "D:/repos/GWGame/GW_Game/GW_Game.uproject" ]
[2018.03.17-16.32.57:706][508]Warning: Starting HotReload took  0.0s.
[2018.03.17-16.33.05:387][570]CompilerResultsLog: New page: Compilation - Mar 17, 2018, 6:33:05 PM
[2018.03.17-16.33.05:388][570]CompilerResultsLog: Using 'git status' to determine working set for adaptive non-unity build.
[2018.03.17-16.33.05:388][570]CompilerResultsLog: Compiling game modules for hot reload
[2018.03.17-16.33.05:388][570]CompilerResultsLog: Parsing headers for GW_GameEditor
[2018.03.17-16.33.05:388][570]CompilerResultsLog:   Running UnrealHeaderTool "D:\repos\GWGame\GW_Game\GW_Game.uproject" "D:\repos\GWGame\GW_Game\Intermediate\Build\Win64\GW_GameEditor\Development\GW_GameEditor.uhtmanifest" -LogCmds="loginit warning, logexit warning, logdatabase error" -Unattended -WarningsAsErrors -installed
[2018.03.17-16.33.05:388][570]CompilerResultsLog: Reflection code generated for GW_GameEditor in 5,8303393 seconds
[2018.03.17-16.33.05:388][570]CompilerResultsLog: Performing 7 actions (4 in parallel)
[2018.03.17-16.33.05:389][570]CompilerResultsLog: GW_Game.init.gen.cpp
[2018.03.17-16.33.05:389][570]CompilerResultsLog: AssaultPlayerController.gen.cpp
[2018.03.17-16.33.05:389][570]CompilerResultsLog: AssaultPlayerController.cpp
[2018.03.17-16.33.05:389][570]CompilerResultsLog: TankAIController.cpp
[2018.03.17-16.33.05:389][570]CompilerResultsLog: Error: D:\repos\GWGame\GW_Game\Source\GW_Game\Private\AssaultPlayerController.cpp(26) : error C2064: term does not evaluate to a function taking 0 arguments
[2018.03.17-16.33.05:389][570]CompilerResultsLog: Error: D:\repos\GWGame\GW_Game\Source\GW_Game\Private\AssaultPlayerController.cpp(26) : error C2227: left of '->AimAt' must point to class/struct/union/generic type
[2018.03.17-16.33.05:389][570]CompilerResultsLog: Assault.cpp
[2018.03.17-16.33.05:390][570]CompilerResultsLog: Error: D:\repos\GWGame\GW_Game\Source\GW_Game\Private\Assault.cpp(37) : error C2065: 'LaunchSpeed': undeclared identifier
[2018.03.17-16.33.05:390][570]CompilerResultsLog: Error: D:\repos\GWGame\GW_Game\Source\GW_Game\Private\TankAIController.cpp(19) : error C2039: 'AimAt': is not a member of 'AAssault'
[2018.03.17-16.33.05:390][570]CompilerResultsLog: Error: D:\repos\GWGame\GW_Game\Source\GW_Game\Public\Assault.h(14) : note: see declaration of 'AAssault'
[2018.03.17-16.33.05:390][570]CompilerResultsLog: ERROR: UBT ERROR: Failed to produce item: D:\repos\GWGame\GW_Game\Binaries\Win64\UE4Editor-GW_Game-4205.dll
[2018.03.17-16.33.05:390][570]CompilerResultsLog: Total build time: 7,20 seconds (Local executor: 0,00 seconds)
[2018.03.17-16.33.05:391][570]LogMainFrame: MainFrame: Module compiling took 7.696 seconds
[2018.03.17-16.33.05:391][570]Warning: HotReload failed, recompile failed
[2018.03.17-16.33.07:384][576]LogEditorViewport: Clicking on Actor (LMB): Landscape (Landscape)
[2018.03.17-16.34.53:452][295]Candidate modules for hot reload:
[2018.03.17-16.34.53:452][295]  GW_Game
[2018.03.17-16.34.53:452][295]Launching UnrealBuildTool... [C:/Program Files/Epic Games/UE_4.18/Engine/Binaries/DotNET/UnrealBuildTool.exe GW_Game -ModuleWithSuffix GW_Game 1660 Win64 Development -editorrecompile -canskiplink "D:/repos/GWGame/GW_Game/GW_Game.uproject" ]
[2018.03.17-16.34.53:455][295]Warning: Starting HotReload took  0.0s.
[2018.03.17-16.34.54:931][372]CompilerResultsLog: New page: Compilation - Mar 17, 2018, 6:34:54 PM
[2018.03.17-16.34.54:931][372]CompilerResultsLog: Using 'git status' to determine working set for adaptive non-unity build.
[2018.03.17-16.34.54:931][372]CompilerResultsLog: Compiling game modules for hot reload
[2018.03.17-16.34.54:931][372]CompilerResultsLog: Performing 5 actions (4 in parallel)
[2018.03.17-16.34.54:931][372]CompilerResultsLog: Assault.cpp
[2018.03.17-16.34.54:931][372]CompilerResultsLog: TankAIController.cpp
[2018.03.17-16.34.54:931][372]CompilerResultsLog: AssaultPlayerController.cpp
[2018.03.17-16.34.54:932][372]CompilerResultsLog: Error: D:\repos\GWGame\GW_Game\Source\GW_Game\Private\Assault.cpp(37) : error C2065: 'LaunchSpeed': undeclared identifier
[2018.03.17-16.34.54:932][372]CompilerResultsLog: Error: D:\repos\GWGame\GW_Game\Source\GW_Game\Private\TankAIController.cpp(19) : error C2039: 'AimAt': is not a member of 'AAssault'
[2018.03.17-16.34.54:932][372]CompilerResultsLog: Error: D:\repos\GWGame\GW_Game\Source\GW_Game\Public\Assault.h(14) : note: see declaration of 'AAssault'
[2018.03.17-16.34.54:932][372]CompilerResultsLog: ERROR: UBT ERROR: Failed to produce item: D:\repos\GWGame\GW_Game\Binaries\Win64\UE4Editor-GW_Game-1660.dll
[2018.03.17-16.34.54:932][372]CompilerResultsLog: Total build time: 1,29 seconds (Local executor: 0,00 seconds)
[2018.03.17-16.34.54:932][372]LogMainFrame: MainFrame: Module compiling took 1.488 seconds
[2018.03.17-16.34.54:932][372]Warning: HotReload failed, recompile failed
[2018.03.17-16.42.25:623][810]Candidate modules for hot reload:
[2018.03.17-16.42.25:623][810]  GW_Game
[2018.03.17-16.42.25:623][810]Launching UnrealBuildTool... [C:/Program Files/Epic Games/UE_4.18/Engine/Binaries/DotNET/UnrealBuildTool.exe GW_Game -ModuleWithSuffix GW_Game 3707 Win64 Development -editorrecompile -canskiplink "D:/repos/GWGame/GW_Game/GW_Game.uproject" ]
[2018.03.17-16.42.25:627][810]Warning: Starting HotReload took  0.0s.
[2018.03.17-16.42.27:319][965]CompilerResultsLog: New page: Compilation - Mar 17, 2018, 6:42:27 PM
[2018.03.17-16.42.27:319][965]CompilerResultsLog: Using 'git status' to determine working set for adaptive non-unity build.
[2018.03.17-16.42.27:319][965]CompilerResultsLog: Compiling game modules for hot reload
[2018.03.17-16.42.27:319][965]CompilerResultsLog: Performing 4 actions (4 in parallel)
[2018.03.17-16.42.27:319][965]CompilerResultsLog: TankAIController.cpp
[2018.03.17-16.42.27:319][965]CompilerResultsLog: Assault.cpp
[2018.03.17-16.42.27:319][965]CompilerResultsLog: Error: D:\repos\GWGame\GW_Game\Source\GW_Game\Private\Assault.cpp(37) : error C2065: 'LaunchSpeed': undeclared identifier
[2018.03.17-16.42.27:319][965]CompilerResultsLog: ERROR: UBT ERROR: Failed to produce item: D:\repos\GWGame\GW_Game\Binaries\Win64\UE4Editor-GW_Game-3707.dll
[2018.03.17-16.42.27:319][965]CompilerResultsLog: Total build time: 1,53 seconds (Local executor: 0,00 seconds)
[2018.03.17-16.42.27:320][965]LogMainFrame: MainFrame: Module compiling took 1.699 seconds
[2018.03.17-16.42.27:320][965]Warning: HotReload failed, recompile failed
[2018.03.17-16.43.54:545][111]Candidate modules for hot reload:
[2018.03.17-16.43.54:545][111]  GW_Game
[2018.03.17-16.43.54:545][111]Launching UnrealBuildTool... [C:/Program Files/Epic Games/UE_4.18/Engine/Binaries/DotNET/UnrealBuildTool.exe GW_Game -ModuleWithSuffix GW_Game 104 Win64 Development -editorrecompile -canskiplink "D:/repos/GWGame/GW_Game/GW_Game.uproject" ]
[2018.03.17-16.43.54:549][111]Warning: Starting HotReload took  0.0s.
[2018.03.17-16.44.03:124][247]CompilerResultsLog: New page: Compilation - Mar 17, 2018, 6:44:03 PM
[2018.03.17-16.44.03:124][247]CompilerResultsLog: Using 'git status' to determine working set for adaptive non-unity build.
[2018.03.17-16.44.03:124][247]CompilerResultsLog: Compiling game modules for hot reload
[2018.03.17-16.44.03:124][247]CompilerResultsLog: Parsing headers for GW_GameEditor
[2018.03.17-16.44.03:124][247]CompilerResultsLog:   Running UnrealHeaderTool "D:\repos\GWGame\GW_Game\GW_Game.uproject" "D:\repos\GWGame\GW_Game\Intermediate\Build\Win64\GW_GameEditor\Development\GW_GameEditor.uhtmanifest" -LogCmds="loginit warning, logexit warning, logdatabase error" -Unattended -WarningsAsErrors -installed
[2018.03.17-16.44.03:124][247]CompilerResultsLog: Reflection code generated for GW_GameEditor in 5,9619313 seconds
[2018.03.17-16.44.03:124][247]CompilerResultsLog: Performing 10 actions (4 in parallel)
[2018.03.17-16.44.03:124][247]CompilerResultsLog: Assault.gen.cpp
[2018.03.17-16.44.03:125][247]CompilerResultsLog: TankBarrel.gen.cpp
[2018.03.17-16.44.03:125][247]CompilerResultsLog: GW_Game.init.gen.cpp
[2018.03.17-16.44.03:125][247]CompilerResultsLog: AssaultPlayerController.gen.cpp
[2018.03.17-16.44.03:125][247]CompilerResultsLog: TankBarrel.cpp
[2018.03.17-16.44.03:125][247]CompilerResultsLog: AssaultPlayerController.cpp
[2018.03.17-16.44.03:125][247]CompilerResultsLog: TankAimingComponent.cpp
[2018.03.17-16.44.03:125][247]CompilerResultsLog: Assault.cpp
[2018.03.17-16.44.03:125][247]CompilerResultsLog: [9/10] Link UE4Editor-GW_Game-104.dll
[2018.03.17-16.44.03:125][247]CompilerResultsLog: [10/10] Link UE4Editor-GW_Game-104.lib
[2018.03.17-16.44.03:125][247]CompilerResultsLog:    Creating library D:\repos\GWGame\GW_Game\Intermediate\Build\Win64\UE4Editor\Development\UE4Editor-GW_Game-104.lib and object D:\repos\GWGame\GW_Game\Intermediate\Build\Win64\UE4Editor\Development\UE4Editor-GW_Game-104.exp
[2018.03.17-16.44.03:125][247]CompilerResultsLog:    Creating library D:\repos\GWGame\GW_Game\Intermediate\Build\Win64\UE4Editor\Development\UE4Editor-GW_Game-104.suppressed.lib and object D:\repos\GWGame\GW_Game\Intermediate\Build\Win64\UE4Editor\Development\UE4Editor-GW_Game-104.suppressed.exp
[2018.03.17-16.44.03:125][247]CompilerResultsLog: Total build time: 8,39 seconds (Local executor: 1,72 seconds)
[2018.03.17-16.44.03:125][247]LogMainFrame: MainFrame: Module compiling took 8.589 seconds
[2018.03.17-16.44.03:171][247]LogClass: Could not find existing class Assault in package /Script/GW_Game for HotReload, assuming new class
[2018.03.17-16.44.03:171][247]LogClass: Function Fire is new.
[2018.03.17-16.44.03:171][247]LogClass: Could not find existing class AssaultPlayerController in package /Script/GW_Game for HotReload, assuming new class
[2018.03.17-16.44.03:174][247]LogClass: Could not find existing class TankAimingComponent in package /Script/GW_Game for HotReload, assuming new class
[2018.03.17-16.44.03:174][247]LogClass: Function Initialise is new.
[2018.03.17-16.44.03:175][247]LogClass: EFiringState HotReload.
[2018.03.17-16.44.03:177][247]LogHotReload: Re-instancing Assault after hot-reload.
[2018.03.17-16.44.03:191][247]LogBlueprint: Error: [Compiler Heavy_BP] Could not find a function named "Initialise" in 'HOTRELOADED_TankAimingComponent_2'.
Make sure 'HOTRELOADED_TankAimingComponent_2' has been compiled for  Initialise
[2018.03.17-16.44.03:193][247]LogBlueprint: Warning: [Compiler Heavy_BP] [1498.42] Compile of Heavy_BP failed. 1 Fatal Issue(s) 0 Warning(s) [in 10 ms] (/Game/Characters/Heavy/Heavy_BP.Heavy_BP)
[2018.03.17-16.44.03:243][247]LogBlueprint: Error: [Compiler Assault_BP] Could not find a function named "Initialise" in 'HOTRELOADED_TankAimingComponent_2'.
Make sure 'HOTRELOADED_TankAimingComponent_2' has been compiled for  Initialise
[2018.03.17-16.44.03:245][247]LogBlueprint: Warning: [Compiler Assault_BP] [1498.47] Compile of Assault_BP failed. 1 Fatal Issue(s) 0 Warning(s) [in 9 ms] (/Game/Characters/Assault/Assault_BP.Assault_BP)
[2018.03.17-16.44.03:272][247]LogBlueprint: Error: [Compiler Sniper_BP] Could not find a function named "Initialise" in 'HOTRELOADED_TankAimingComponent_2'.
Make sure 'HOTRELOADED_TankAimingComponent_2' has been compiled for  Initialise
[2018.03.17-16.44.03:274][247]LogBlueprint: Warning: [Compiler Sniper_BP] [1498.50] Compile of Sniper_BP failed. 1 Fatal Issue(s) 0 Warning(s) [in 18 ms] (/Game/Characters/Sniper/Sniper_BP.Sniper_BP)
[2018.03.17-16.44.03:313][247]LogHotReload: Re-instancing AssaultPlayerController after hot-reload.
[2018.03.17-16.44.03:352][247]LogHotReload: Re-instancing TankAimingComponent after hot-reload.
[2018.03.17-16.44.03:390][247]LogContentBrowser: Native class hierarchy updated for 'GW_Game' in 0.0005 seconds. Added 10 classes and 3 folders.
[2018.03.17-16.44.03:391][247]Display: HotReload successful (4 functions remapped  0 scriptstructs remapped)
[2018.03.17-16.44.03:457][247]LogContentBrowser: Native class hierarchy populated in 0.0062 seconds. Added 2375 classes and 526 folders.
[2018.03.17-16.44.03:457][247]Display: HotReload took  8.9s.
[2018.03.17-16.44.04:547][256]LogEditorViewport: Clicking on Actor (LMB): BP_Sky_Sphere_C (Sky Sphere)
[2018.03.17-16.44.06:239][358]Cmd: OBJ SAVEPACKAGE PACKAGE="/Game/_Levels/BattleGround" FILE="D:/repos/GWGame/GW_Game/Content/_Levels/BattleGround.umap" SILENT=true AUTOSAVING=false KEEPDIRTY=false
[2018.03.17-16.44.06:480][358]LogSavePackage: Save=221.30ms
[2018.03.17-16.44.06:480][358]LogSavePackage: Moving 'D:/repos/GWGame/GW_Game/Saved/BattleGroundA003AC47451BB4A0C216F59F77E9D77D.tmp' to 'D:/repos/GWGame/GW_Game/Content/_Levels/BattleGround.umap'
[2018.03.17-16.44.06:482][358]LogSavePackage: Display: Finished SavePackage D:/repos/GWGame/GW_Game/Content/_Levels/BattleGround.umap
[2018.03.17-16.44.06:504][358]Cmd: OBJ SAVEPACKAGE PACKAGE="/Game/_Levels/BattleGround_BuiltData" FILE="D:/repos/GWGame/GW_Game/Content/_Levels/BattleGround_BuiltData.uasset" SILENT=true
[2018.03.17-16.44.06:550][358]LogSavePackage: Save=36.58ms
[2018.03.17-16.44.06:550][358]LogSavePackage: Moving 'D:/repos/GWGame/GW_Game/Saved/BattleGround_BuiltData077486694278ECF4626918B4C6931BA1.tmp' to 'D:/repos/GWGame/GW_Game/Content/_Levels/BattleGround_BuiltData.uasset'
[2018.03.17-16.44.06:551][358]LogSavePackage: Display: Finished SavePackage D:/repos/GWGame/GW_Game/Content/_Levels/BattleGround_BuiltData.uasset
[2018.03.17-16.44.07:391][410]LogTemp: Repeating last play command: Selected Viewport
[2018.03.17-16.44.07:419][410]LogBlueprintUserMessages: Early PlayInEditor Detection: Level '/Game/_Levels/BattleGround.BattleGround:PersistentLevel' has LevelScriptBlueprint '/Game/_Levels/BattleGround.BattleGround:PersistentLevel.BattleGround' with GeneratedClass '/Game/_Levels/BattleGround.BattleGround_C' with ClassGeneratedBy '/Game/_Levels/BattleGround.BattleGround:PersistentLevel.BattleGround'
[2018.03.17-16.44.07:419][410]LogPlayLevel: PlayLevel: No blueprints needed recompiling
[2018.03.17-16.44.14:795][773]LogContentBrowser: Native class hierarchy updated for 'BlueprintGraph' in 0.0007 seconds. Added 116 classes and 0 folders.
[2018.03.17-16.44.15:224][773]LogSlate: Took 0.000094 seconds to synchronously load lazily loaded font '../../../Engine/Content/Slate/Fonts/Roboto-Regular.ttf' (155K)
[2018.03.17-16.44.15:266][773]LogSlate: Took 0.000143 seconds to synchronously load lazily loaded font '../../../Engine/Content/Editor/Slate/Fonts/Roboto-BoldCondensed.ttf' (158K)
[2018.03.17-16.44.15:288][774]LogSlate: Took 0.000118 seconds to synchronously load lazily loaded font '../../../Engine/Content/Editor/Slate/Fonts/Roboto-Italic.ttf' (157K)
[2018.03.17-16.44.42:789][277]Cmd: OBJ SAVEPACKAGE PACKAGE="/Game/Characters/Assault/Assault_BP" FILE="D:/repos/GWGame/GW_Game/Content/Characters/Assault/Assault_BP.uasset" SILENT=true
[2018.03.17-16.44.42:841][277]LogSavePackage: Save=42.17ms
[2018.03.17-16.44.42:842][277]LogSavePackage: Moving 'D:/repos/GWGame/GW_Game/Saved/Assault_BPAAADA4D440DF2940705DA9BEBE8E9D50.tmp' to 'D:/repos/GWGame/GW_Game/Content/Characters/Assault/Assault_BP.uasset'
[2018.03.17-16.44.42:843][277]LogSavePackage: Display: Finished SavePackage D:/repos/GWGame/GW_Game/Content/Characters/Assault/Assault_BP.uasset
[2018.03.17-16.44.43:431][326]BlueprintLog: New page: Compile Assault_BP
[2018.03.17-16.45.03:721][145]Cmd: OBJ SAVEPACKAGE PACKAGE="/Game/Characters/Heavy/Heavy_BP" FILE="D:/repos/GWGame/GW_Game/Content/Characters/Heavy/Heavy_BP.uasset" SILENT=true
[2018.03.17-16.45.03:772][145]LogSavePackage: Save=41.14ms
[2018.03.17-16.45.03:772][145]LogSavePackage: Moving 'D:/repos/GWGame/GW_Game/Saved/Heavy_BP90E01DC540532E1B88B833A32AC2E145.tmp' to 'D:/repos/GWGame/GW_Game/Content/Characters/Heavy/Heavy_BP.uasset'
[2018.03.17-16.45.03:774][145]LogSavePackage: Display: Finished SavePackage D:/repos/GWGame/GW_Game/Content/Characters/Heavy/Heavy_BP.uasset
[2018.03.17-16.45.04:450][226]BlueprintLog: New page: Compile Heavy_BP
[2018.03.17-16.45.30:429][223]Cmd: OBJ SAVEPACKAGE PACKAGE="/Game/Characters/Sniper/Sniper_BP" FILE="D:/repos/GWGame/GW_Game/Content/Characters/Sniper/Sniper_BP.uasset" SILENT=true
[2018.03.17-16.45.30:515][223]LogSavePackage: Save=75.26ms
[2018.03.17-16.45.30:515][223]LogSavePackage: Moving 'D:/repos/GWGame/GW_Game/Saved/Sniper_BP316BCC564CCB80D3047049B8F4E0BB48.tmp' to 'D:/repos/GWGame/GW_Game/Content/Characters/Sniper/Sniper_BP.uasset'
[2018.03.17-16.45.30:516][223]LogSavePackage: Display: Finished SavePackage D:/repos/GWGame/GW_Game/Content/Characters/Sniper/Sniper_BP.uasset
[2018.03.17-16.45.30:844][236]BlueprintLog: New page: Compile Sniper_BP
[2018.03.17-16.45.33:717][353]Cmd: OBJ SAVEPACKAGE PACKAGE="/Game/_Levels/BattleGround" FILE="D:/repos/GWGame/GW_Game/Content/_Levels/BattleGround.umap" SILENT=true AUTOSAVING=false KEEPDIRTY=false
[2018.03.17-16.45.33:978][353]LogSavePackage: Save=245.27ms
[2018.03.17-16.45.33:978][353]LogSavePackage: Moving 'D:/repos/GWGame/GW_Game/Saved/BattleGround3B359A8044A1DFF4C612F2B76D4247E5.tmp' to 'D:/repos/GWGame/GW_Game/Content/_Levels/BattleGround.umap'
[2018.03.17-16.45.33:980][353]LogSavePackage: Display: Finished SavePackage D:/repos/GWGame/GW_Game/Content/_Levels/BattleGround.umap
[2018.03.17-16.45.34:000][353]LogFileHelpers: Saving map 'BattleGround' took 0.321
[2018.03.17-16.45.35:345][411]LogTemp: Repeating last play command: Selected Viewport
[2018.03.17-16.45.35:367][411]LogBlueprintUserMessages: Early PlayInEditor Detection: Level '/Game/_Levels/BattleGround.BattleGround:PersistentLevel' has LevelScriptBlueprint '/Game/_Levels/BattleGround.BattleGround:PersistentLevel.BattleGround' with GeneratedClass '/Game/_Levels/BattleGround.BattleGround_C' with ClassGeneratedBy '/Game/_Levels/BattleGround.BattleGround:PersistentLevel.BattleGround'
[2018.03.17-16.45.35:367][411]LogPlayLevel: PlayLevel: No blueprints needed recompiling
[2018.03.17-16.45.35:368][411]PIE: New page: PIE session: BattleGround (Mar 17, 2018, 6:45:35 PM)
[2018.03.17-16.45.35:368][411]LogPlayLevel: Creating play world package: /Game/_Levels/UEDPIE_0_BattleGround
[2018.03.17-16.45.35:490][411]LogPlayLevel: PIE: StaticDuplicateObject took: (0.122522s)
[2018.03.17-16.45.35:491][411]LogAIModule: Creating AISystem for world BattleGround
[2018.03.17-16.45.35:491][411]LogPlayLevel: PIE: World Init took: (0.000566s)
[2018.03.17-16.45.35:491][411]LogPlayLevel: PIE: Created PIE world by copying editor world from /Game/_Levels/BattleGround.BattleGround to /Game/_Levels/UEDPIE_0_BattleGround.BattleGround (0.123583s)
[2018.03.17-16.45.35:504][411]LogInit: XAudio2 using 'U24E590-4 (NVIDIA High Definition Audio)' : 2 channels at 48 kHz using 16 bits per sample (channel mask 0x3)
[2018.03.17-16.45.35:509][411]LogInit: FAudioDevice initialized.
[2018.03.17-16.45.35:564][411]LogLoad: Game class is 'AssaultGameMode_BP_C'
[2018.03.17-16.45.35:574][411]LogWorld: Bringing World /Game/_Levels/UEDPIE_0_BattleGround.BattleGround up for play (max tick rate 0) at 2018.03.17-17.45.35
[2018.03.17-16.45.35:575][411]LogWorld: Bringing up level for play took: 0.009895
[2018.03.17-16.45.35:606][411]LogContentBrowser: Native class hierarchy updated for 'MovieSceneCapture' in 0.0005 seconds. Added 11 classes and 0 folders.
[2018.03.17-16.45.35:609][411]PIE: Play in editor start time for /Game/_Levels/UEDPIE_0_BattleGround 0.527
[2018.03.17-16.45.35:609][411]LogBlueprintUserMessages: Late PlayInEditor Detection: Level '/Game/_Levels/BattleGround.BattleGround:PersistentLevel' has LevelScriptBlueprint '/Game/_Levels/BattleGround.BattleGround:PersistentLevel.BattleGround' with GeneratedClass '/Game/_Levels/BattleGround.BattleGround_C' with ClassGeneratedBy '/Game/_Levels/BattleGround.BattleGround:PersistentLevel.BattleGround'
[2018.03.17-16.45.35:970][411]LogStats: FPlatformStackWalk::StackWalkAndDump -  0.359 s
[2018.03.17-16.45.35:970][411]LogOutputDevice: Error: === Handled ensure: ===
[2018.03.17-16.45.35:970][411]LogOutputDevice: Error: 
[2018.03.17-16.45.35:970][411]LogOutputDevice: Error: Ensure condition failed: Barrel [File:D:\repos\GWGame\GW_Game\Source\GW_Game\Private\TankAimingComponent.cpp] [Line: 26]
[2018.03.17-16.45.35:970][411]LogOutputDevice: Error: 
[2018.03.17-16.45.35:970][411]LogOutputDevice: Error: Stack: 
[2018.03.17-16.45.35:971][411]LogOutputDevice: Error: [Callstack] 0x0000000070632786 UE4Editor-Core.dll!UnknownFunction []
[2018.03.17-16.45.35:971][411]LogOutputDevice: Error: [Callstack] 0x00000000703D123A UE4Editor-Core.dll!UnknownFunction []
[2018.03.17-16.45.35:971][411]LogOutputDevice: Error: [Callstack] 0x00000000703EB906 UE4Editor-Core.dll!UnknownFunction []
[2018.03.17-16.45.35:971][411]LogOutputDevice: Error: [Callstack] 0x0000000086BC4982 UE4Editor-GW_Game-104.dll!UTankAimingComponent::AimAt() [d:\repos\gwgame\gw_game\source\gw_game\private\tankaimingcomponent.cpp:26]
[2018.03.17-16.45.35:971][411]LogOutputDevice: Error: [Callstack] 0x0000000086BC4481 UE4Editor-GW_Game-104.dll!ATankAIController::Tick() [d:\repos\gwgame\gw_game\source\gw_game\private\tankaicontroller.cpp:20]
[2018.03.17-16.45.35:971][411]LogOutputDevice: Error: [Callstack] 0x000000005AAC904A UE4Editor-Engine.dll!UnknownFunction []
[2018.03.17-16.45.35:971][411]LogOutputDevice: Error: [Callstack] 0x000000005A1558B6 UE4Editor-Engine.dll!UnknownFunction []
[2018.03.17-16.45.35:971][411]LogOutputDevice: Error: [Callstack] 0x000000005B1A9BDB UE4Editor-Engine.dll!UnknownFunction []
[2018.03.17-16.45.35:971][411]LogOutputDevice: Error: [Callstack] 0x000000005B1ADD0B UE4Editor-Engine.dll!UnknownFunction []
[2018.03.17-16.45.35:971][411]LogOutputDevice: Error: [Callstack] 0x0000000070294845 UE4Editor-Core.dll!UnknownFunction []
[2018.03.17-16.45.35:971][411]LogOutputDevice: Error: [Callstack] 0x0000000070294E2A UE4Editor-Core.dll!UnknownFunction []
[2018.03.17-16.45.35:972][411]LogOutputDevice: Error: [Callstack] 0x00000000702B589E UE4Editor-Core.dll!UnknownFunction []
[2018.03.17-16.45.35:972][411]LogOutputDevice: Error: [Callstack] 0x000000005B1C7E11 UE4Editor-Engine.dll!UnknownFunction []
[2018.03.17-16.45.35:972][411]LogOutputDevice: Error: [Callstack] 0x000000005B1CC632 UE4Editor-Engine.dll!UnknownFunction []
[2018.03.17-16.45.35:972][411]LogOutputDevice: Error: [Callstack] 0x000000005AABD104 UE4Editor-Engine.dll!UnknownFunction []
[2018.03.17-16.45.35:972][411]LogOutputDevice: Error: [Callstack] 0x000000005AAC6448 UE4Editor-Engine.dll!UnknownFunction []
[2018.03.17-16.45.35:972][411]LogOutputDevice: Error: [Callstack] 0x0000000058406BA6 UE4Editor-UnrealEd.dll!UnknownFunction []
[2018.03.17-16.45.35:972][411]LogOutputDevice: Error: [Callstack] 0x0000000058CB4AC6 UE4Editor-UnrealEd.dll!UnknownFunction []
[2018.03.17-16.45.35:972][411]LogOutputDevice: Error: [Callstack] 0x000000002A295A26 UE4Editor.exe!UnknownFunction []
[2018.03.17-16.45.35:972][411]LogOutputDevice: Error: [Callstack] 0x000000002A2A5430 UE4Editor.exe!UnknownFunction []
[2018.03.17-16.45.35:972][411]LogOutputDevice: Error: [Callstack] 0x000000002A2A54AA UE4Editor.exe!UnknownFunction []
[2018.03.17-16.45.35:972][411]LogOutputDevice: Error: [Callstack] 0x000000002A2B2379 UE4Editor.exe!UnknownFunction []
[2018.03.17-16.45.35:972][411]LogOutputDevice: Error: [Callstack] 0x000000002A2B3D57 UE4Editor.exe!UnknownFunction []
[2018.03.17-16.45.35:972][411]LogOutputDevice: Error: [Callstack] 0x000000009B2D1FE4 KERNEL32.DLL!UnknownFunction []
[2018.03.17-16.45.35:973][411]LogOutputDevice: Error: [Callstack] 0x000000009DDFEFC1 ntdll.dll!UnknownFunction []
[2018.03.17-16.45.35:973][411]LogOutputDevice: Error: 
[2018.03.17-16.45.35:979][411]LogStats:                SubmitErrorReport -  0.000 s
[2018.03.17-16.45.36:164][411]LogStats:                    SendNewReport -  0.186 s
[2018.03.17-16.45.36:165][411]LogStats:             FDebug::EnsureFailed -  0.553 s
[2018.03.17-16.45.37:246][526]LogStats: FPlatformStackWalk::StackWalkAndDump -  0.004 s
[2018.03.17-16.45.37:246][526]LogOutputDevice: Error: === Handled ensure: ===
[2018.03.17-16.45.37:246][526]LogOutputDevice: Error: 
[2018.03.17-16.45.37:246][526]LogOutputDevice: Error: Ensure condition failed: LeftPoint || RightPoint [File:D:\repos\GWGame\GW_Game\Source\GW_Game\Private\TankMovementComponent.cpp] [Line: 25]
[2018.03.17-16.45.37:247][526]LogOutputDevice: Error: 
[2018.03.17-16.45.37:247][526]LogOutputDevice: Error: Stack: 
[2018.03.17-16.45.37:247][526]LogOutputDevice: Error: [Callstack] 0x0000000070632786 UE4Editor-Core.dll!UnknownFunction []
[2018.03.17-16.45.37:247][526]LogOutputDevice: Error: [Callstack] 0x00000000703D123A UE4Editor-Core.dll!UnknownFunction []
[2018.03.17-16.45.37:247][526]LogOutputDevice: Error: [Callstack] 0x00000000703EB906 UE4Editor-Core.dll!UnknownFunction []
[2018.03.17-16.45.37:247][526]LogOutputDevice: Error: [Callstack] 0x0000000086BC516B UE4Editor-GW_Game-104.dll!UTankMovementComponent::IntendMoveForward() [d:\repos\gwgame\gw_game\source\gw_game\private\tankmovementcomponent.cpp:25]
[2018.03.17-16.45.37:247][526]LogOutputDevice: Error: [Callstack] 0x0000000086BC5541 UE4Editor-GW_Game-104.dll!UTankMovementComponent::RequestDirectMove() [d:\repos\gwgame\gw_game\source\gw_game\private\tankmovementcomponent.cpp:17]
[2018.03.17-16.45.37:247][526]LogOutputDevice: Error: [Callstack] 0x00000000575A5CD8 UE4Editor-AIModule.dll!UnknownFunction []
[2018.03.17-16.45.37:247][526]LogOutputDevice: Error: [Callstack] 0x00000000575E1094 UE4Editor-AIModule.dll!UnknownFunction []
[2018.03.17-16.45.37:247][526]LogOutputDevice: Error: [Callstack] 0x000000005A544BC7 UE4Editor-Engine.dll!UnknownFunction []
[2018.03.17-16.45.37:247][526]LogOutputDevice: Error: [Callstack] 0x000000005A5712D4 UE4Editor-Engine.dll!UnknownFunction []
[2018.03.17-16.45.37:248][526]LogOutputDevice: Error: [Callstack] 0x000000005B1A9BDB UE4Editor-Engine.dll!UnknownFunction []
[2018.03.17-16.45.37:248][526]LogOutputDevice: Error: [Callstack] 0x000000005B1ADD0B UE4Editor-Engine.dll!UnknownFunction []
[2018.03.17-16.45.37:248][526]LogOutputDevice: Error: [Callstack] 0x0000000070294845 UE4Editor-Core.dll!UnknownFunction []
[2018.03.17-16.45.37:248][526]LogOutputDevice: Error: [Callstack] 0x0000000070294B40 UE4Editor-Core.dll!UnknownFunction []
[2018.03.17-16.45.37:248][526]LogOutputDevice: Error: [Callstack] 0x000000005B1C7BB1 UE4Editor-Engine.dll!UnknownFunction []
[2018.03.17-16.45.37:248][526]LogOutputDevice: Error: [Callstack] 0x000000005B1CC632 UE4Editor-Engine.dll!UnknownFunction []
[2018.03.17-16.45.37:248][526]LogOutputDevice: Error: [Callstack] 0x000000005AABD104 UE4Editor-Engine.dll!UnknownFunction []
[2018.03.17-16.45.37:248][526]LogOutputDevice: Error: [Callstack] 0x000000005AAC66F8 UE4Editor-Engine.dll!UnknownFunction []
[2018.03.17-16.45.37:248][526]LogOutputDevice: Error: [Callstack] 0x0000000058406BA6 UE4Editor-UnrealEd.dll!UnknownFunction []
[2018.03.17-16.45.37:248][526]LogOutputDevice: Error: [Callstack] 0x0000000058CB4AC6 UE4Editor-UnrealEd.dll!UnknownFunction []
[2018.03.17-16.45.37:248][526]LogOutputDevice: Error: [Callstack] 0x000000002A295A26 UE4Editor.exe!UnknownFunction []
[2018.03.17-16.45.37:248][526]LogOutputDevice: Error: [Callstack] 0x000000002A2A5430 UE4Editor.exe!UnknownFunction []
[2018.03.17-16.45.37:248][526]LogOutputDevice: Error: [Callstack] 0x000000002A2A54AA UE4Editor.exe!UnknownFunction []
[2018.03.17-16.45.37:249][526]LogOutputDevice: Error: [Callstack] 0x000000002A2B2379 UE4Editor.exe!UnknownFunction []
[2018.03.17-16.45.37:249][526]LogOutputDevice: Error: [Callstack] 0x000000002A2B3D57 UE4Editor.exe!UnknownFunction []
[2018.03.17-16.45.37:249][526]LogOutputDevice: Error: [Callstack] 0x000000009B2D1FE4 KERNEL32.DLL!UnknownFunction []
[2018.03.17-16.45.37:249][526]LogOutputDevice: Error: [Callstack] 0x000000009DDFEFC1 ntdll.dll!UnknownFunction []
[2018.03.17-16.45.37:249][526]LogOutputDevice: Error: 
[2018.03.17-16.45.37:253][526]LogStats:                SubmitErrorReport -  0.000 s
[2018.03.17-16.45.37:425][526]LogStats:                    SendNewReport -  0.173 s
[2018.03.17-16.45.37:426][526]LogStats:             FDebug::EnsureFailed -  0.183 s
[2018.03.17-16.45.37:426][526]LogStats: FPlatformStackWalk::StackWalkAndDump -  0.001 s
[2018.03.17-16.45.37:426][526]LogOutputDevice: Error: === Handled ensure: ===
[2018.03.17-16.45.37:426][526]LogOutputDevice: Error: 
[2018.03.17-16.45.37:426][526]LogOutputDevice: Error: Ensure condition failed: LeftPoint || RightPoint [File:D:\repos\GWGame\GW_Game\Source\GW_Game\Private\TankMovementComponent.cpp] [Line: 32]
[2018.03.17-16.45.37:427][526]LogOutputDevice: Error: 
[2018.03.17-16.45.37:427][526]LogOutputDevice: Error: Stack: 
[2018.03.17-16.45.37:427][526]LogOutputDevice: Error: [Callstack] 0x0000000070632786 UE4Editor-Core.dll!UnknownFunction []
[2018.03.17-16.45.37:427][526]LogOutputDevice: Error: [Callstack] 0x00000000703D123A UE4Editor-Core.dll!UnknownFunction []
[2018.03.17-16.45.37:427][526]LogOutputDevice: Error: [Callstack] 0x00000000703EB906 UE4Editor-Core.dll!UnknownFunction []
[2018.03.17-16.45.37:427][526]LogOutputDevice: Error: [Callstack] 0x0000000086BC523B UE4Editor-GW_Game-104.dll!UTankMovementComponent::IntendTurnRight() [d:\repos\gwgame\gw_game\source\gw_game\private\tankmovementcomponent.cpp:32]
[2018.03.17-16.45.37:427][526]LogOutputDevice: Error: [Callstack] 0x00000000575A5CD8 UE4Editor-AIModule.dll!UnknownFunction []
[2018.03.17-16.45.37:427][526]LogOutputDevice: Error: [Callstack] 0x00000000575E1094 UE4Editor-AIModule.dll!UnknownFunction []
[2018.03.17-16.45.37:427][526]LogOutputDevice: Error: [Callstack] 0x000000005A544BC7 UE4Editor-Engine.dll!UnknownFunction []
[2018.03.17-16.45.37:427][526]LogOutputDevice: Error: [Callstack] 0x000000005A5712D4 UE4Editor-Engine.dll!UnknownFunction []
[2018.03.17-16.45.37:427][526]LogOutputDevice: Error: [Callstack] 0x000000005B1A9BDB UE4Editor-Engine.dll!UnknownFunction []
[2018.03.17-16.45.37:428][526]LogOutputDevice: Error: [Callstack] 0x000000005B1ADD0B UE4Editor-Engine.dll!UnknownFunction []
[2018.03.17-16.45.37:428][526]LogOutputDevice: Error: [Callstack] 0x0000000070294845 UE4Editor-Core.dll!UnknownFunction []
[2018.03.17-16.45.37:428][526]LogOutputDevice: Error: [Callstack] 0x0000000070294B40 UE4Editor-Core.dll!UnknownFunction []
[2018.03.17-16.45.37:428][526]LogOutputDevice: Error: [Callstack] 0x000000005B1C7BB1 UE4Editor-Engine.dll!UnknownFunction []
[2018.03.17-16.45.37:428][526]LogOutputDevice: Error: [Callstack] 0x000000005B1CC632 UE4Editor-Engine.dll!UnknownFunction []
[2018.03.17-16.45.37:428][526]LogOutputDevice: Error: [Callstack] 0x000000005AABD104 UE4Editor-Engine.dll!UnknownFunction []
[2018.03.17-16.45.37:428][526]LogOutputDevice: Error: [Callstack] 0x000000005AAC66F8 UE4Editor-Engine.dll!UnknownFunction []
[2018.03.17-16.45.37:428][526]LogOutputDevice: Error: [Callstack] 0x0000000058406BA6 UE4Editor-UnrealEd.dll!UnknownFunction []
[2018.03.17-16.45.37:428][526]LogOutputDevice: Error: [Callstack] 0x0000000058CB4AC6 UE4Editor-UnrealEd.dll!UnknownFunction []
[2018.03.17-16.45.37:428][526]LogOutputDevice: Error: [Callstack] 0x000000002A295A26 UE4Editor.exe!UnknownFunction []
[2018.03.17-16.45.37:428][526]LogOutputDevice: Error: [Callstack] 0x000000002A2A5430 UE4Editor.exe!UnknownFunction []
[2018.03.17-16.45.37:429][526]LogOutputDevice: Error: [Callstack] 0x000000002A2A54AA UE4Editor.exe!UnknownFunction []
[2018.03.17-16.45.37:429][526]LogOutputDevice: Error: [Callstack] 0x000000002A2B2379 UE4Editor.exe!UnknownFunction []
[2018.03.17-16.45.37:429][526]LogOutputDevice: Error: [Callstack] 0x000000002A2B3D57 UE4Editor.exe!UnknownFunction []
[2018.03.17-16.45.37:429][526]LogOutputDevice: Error: [Callstack] 0x000000009B2D1FE4 KERNEL32.DLL!UnknownFunction []
[2018.03.17-16.45.37:429][526]LogOutputDevice: Error: [Callstack] 0x000000009DDFEFC1 ntdll.dll!UnknownFunction []
[2018.03.17-16.45.37:429][526]LogOutputDevice: Error: 
[2018.03.17-16.45.37:433][526]LogStats:                SubmitErrorReport -  0.000 s
[2018.03.17-16.45.37:639][526]LogStats:                    SendNewReport -  0.205 s
[2018.03.17-16.45.37:639][526]LogStats:             FDebug::EnsureFailed -  0.213 s
[2018.03.17-16.45.53:021][358]LogBlueprintUserMessages: Early EndPlayMap Detection: Level '/Game/_Levels/BattleGround.BattleGround:PersistentLevel' has LevelScriptBlueprint '/Game/_Levels/BattleGround.BattleGround:PersistentLevel.BattleGround' with GeneratedClass '/Game/_Levels/BattleGround.BattleGround_C' with ClassGeneratedBy '/Game/_Levels/BattleGround.BattleGround:PersistentLevel.BattleGround'
[2018.03.17-16.45.53:058][358]LogBlueprintUserMessages: Late EndPlayMap Detection: Level '/Game/_Levels/BattleGround.BattleGround:PersistentLevel' has LevelScriptBlueprint '/Game/_Levels/BattleGround.BattleGround:PersistentLevel.BattleGround' with GeneratedClass '/Game/_Levels/BattleGround.BattleGround_C' with ClassGeneratedBy '/Game/_Levels/BattleGround.BattleGround:PersistentLevel.BattleGround'
[2018.03.17-16.46.00:751][869]LogSlate: Only BGRA pngs, bmps or icos are supported in by External Image Picker
[2018.03.17-16.46.00:789][869]LogTemp: Executing iPhonePackager certificates Engine -bundlename com.YourCompany.GWGame
[2018.03.17-16.46.00:789][869]LogTemp: CWD: C:\Program Files\Epic Games\UE_4.18\Engine\Binaries\DotNET\IOS
[2018.03.17-16.46.00:789][869]LogTemp: Initial Dir: C:\Program Files\Epic Games\UE_4.18
[2018.03.17-16.46.00:789][869]LogTemp: Env CWD: C:\Program Files\Epic Games\UE_4.18\Engine\Binaries\DotNET\IOS
[2018.03.17-16.46.00:789][869]LogTemp: BranchPath = DESKTOP-6NVMURH/C/Program Files/Epic Games/UE_4.18/Engine/Binaries --- GameBranchPath = DESKTOP-6NVMURH/C/Program Files/Epic Games/UE_4.18/Engine/Binaries
[2018.03.17-16.46.00:797][869]LogTemp: IPP ERROR: Could not find provision directory 'C:\Users\uzivatel 1\AppData\Local/Apple Computer/MobileDevice/Provisioning Profiles/'.
[2018.03.17-16.46.15:661][603]LogUObjectGlobals: Warning: Failed to find object 'Class None.None'
[2018.03.17-16.46.18:153][893]LogTemp: Repeating last play command: Selected Viewport
[2018.03.17-16.46.18:166][893]LogBlueprintUserMessages: Early PlayInEditor Detection: Level '/Game/_Levels/BattleGround.BattleGround:PersistentLevel' has LevelScriptBlueprint '/Game/_Levels/BattleGround.BattleGround:PersistentLevel.BattleGround' with GeneratedClass '/Game/_Levels/BattleGround.BattleGround_C' with ClassGeneratedBy '/Game/_Levels/BattleGround.BattleGround:PersistentLevel.BattleGround'
[2018.03.17-16.46.18:166][893]LogPlayLevel: PlayLevel: No blueprints needed recompiling
[2018.03.17-16.46.18:167][893]PIE: New page: PIE session: BattleGround (Mar 17, 2018, 6:46:18 PM)
[2018.03.17-16.46.18:167][893]LogPlayLevel: Creating play world package: /Game/_Levels/UEDPIE_0_BattleGround
[2018.03.17-16.46.18:279][893]LogPlayLevel: PIE: StaticDuplicateObject took: (0.112289s)
[2018.03.17-16.46.18:280][893]LogAIModule: Creating AISystem for world BattleGround
[2018.03.17-16.46.18:280][893]LogPlayLevel: PIE: World Init took: (0.000567s)
[2018.03.17-16.46.18:280][893]LogPlayLevel: PIE: Created PIE world by copying editor world from /Game/_Levels/BattleGround.BattleGround to /Game/_Levels/UEDPIE_0_BattleGround.BattleGround (0.113386s)
[2018.03.17-16.46.18:293][893]LogInit: XAudio2 using 'U24E590-4 (NVIDIA High Definition Audio)' : 2 channels at 48 kHz using 16 bits per sample (channel mask 0x3)
[2018.03.17-16.46.18:297][893]LogInit: FAudioDevice initialized.
[2018.03.17-16.46.18:326][893]LogLoad: Game class is 'AssaultGameMode_BP_C'
[2018.03.17-16.46.18:336][893]LogWorld: Bringing World /Game/_Levels/UEDPIE_0_BattleGround.BattleGround up for play (max tick rate 0) at 2018.03.17-17.46.18
[2018.03.17-16.46.18:337][893]LogWorld: Bringing up level for play took: 0.009555
[2018.03.17-16.46.18:596][893]LogWindows: Error: === Critical error: ===
[2018.03.17-16.46.18:596][893]LogWindows: Error: 
[2018.03.17-16.46.18:596][893]LogWindows: Error: Unhandled Exception: EXCEPTION_ACCESS_VIOLATION reading address 0x00000000
[2018.03.17-16.46.18:596][893]LogWindows: Error: 
[2018.03.17-16.46.18:596][893]LogWindows: Error: [Callstack] 0x0000000086BC341F UE4Editor-GW_Game-104.dll!AAssaultPlayerController::BeginPlay() [d:\repos\gwgame\gw_game\source\gw_game\private\assaultplayercontroller.cpp:8]
[2018.03.17-16.46.18:596][893]LogWindows: Error: [Callstack] 0x000000005A14CAEB UE4Editor-Engine.dll!UnknownFunction []
[2018.03.17-16.46.18:596][893]LogWindows: Error: [Callstack] 0x000000005B345790 UE4Editor-Engine.dll!UnknownFunction []
[2018.03.17-16.46.18:596][893]LogWindows: Error: [Callstack] 0x000000005A89DAC1 UE4Editor-Engine.dll!UnknownFunction []
[2018.03.17-16.46.18:596][893]LogWindows: Error: [Callstack] 0x000000005B3306AE UE4Editor-Engine.dll!UnknownFunction []
[2018.03.17-16.46.18:596][893]LogWindows: Error: [Callstack] 0x000000005A8C04CE UE4Editor-Engine.dll!UnknownFunction []
[2018.03.17-16.46.18:596][893]LogWindows: Error: [Callstack] 0x000000005896B235 UE4Editor-UnrealEd.dll!UnknownFunction []
[2018.03.17-16.46.18:596][893]LogWindows: Error: [Callstack] 0x000000005899556E UE4Editor-UnrealEd.dll!UnknownFunction []
[2018.03.17-16.46.18:596][893]LogWindows: Error: [Callstack] 0x00000000589B192F UE4Editor-UnrealEd.dll!UnknownFunction []
[2018.03.17-16.46.18:596][893]LogWindows: Error: [Callstack] 0x0000000058406024 UE4Editor-UnrealEd.dll!UnknownFunction []
[2018.03.17-16.46.18:596][893]LogWindows: Error: [Callstack] 0x0000000058CB4AC6 UE4Editor-UnrealEd.dll!UnknownFunction []
[2018.03.17-16.46.18:596][893]LogWindows: Error: [Callstack] 0x000000002A295A26 UE4Editor.exe!UnknownFunction []
[2018.03.17-16.46.18:596][893]LogWindows: Error: [Callstack] 0x000000002A2A5430 UE4Editor.exe!UnknownFunction []
[2018.03.17-16.46.18:596][893]LogWindows: Error: [Callstack] 0x000000002A2A54AA UE4Editor.exe!UnknownFunction []
[2018.03.17-16.46.18:596][893]LogWindows: Error: [Callstack] 0x000000002A2B2379 UE4Editor.exe!UnknownFunction []
[2018.03.17-16.46.18:596][893]LogWindows: Error: [Callstack] 0x000000002A2B3D57 UE4Editor.exe!UnknownFunction []
[2018.03.17-16.46.18:596][893]LogWindows: Error: [Callstack] 0x000000009B2D1FE4 KERNEL32.DLL!UnknownFunction []
[2018.03.17-16.46.18:596][893]LogWindows: Error: [Callstack] 0x000000009DDFEFC1 ntdll.dll!UnknownFunction []
[2018.03.17-16.46.18:596][893]LogWindows: Error: [Callstack] 0x000000009DDFEFC1 ntdll.dll!UnknownFunction []
[2018.03.17-16.46.18:596][893]LogWindows: Error: 
[2018.03.17-16.46.18:609][893]LogExit: Executing StaticShutdownAfterError
[2018.03.17-16.46.18:611][893]LogWindows: FPlatformMisc::RequestExit(1)
[2018.03.17-16.46.18:611][893]Log file closed, 03/17/18 17:46:18
