Log file open, 12/31/17 15:15:16
LogWindows: Failed to load 'aqProf.dll' (GetLastError=126)
LogWindows: File 'aqProf.dll' does not exist
LogWindows: Failed to load 'VSPerf140.dll' (GetLastError=126)
LogWindows: File 'VSPerf140.dll' does not exist
LogWindows: Failed to load 'VtuneApi.dll' (GetLastError=126)
LogWindows: File 'VtuneApi.dll' does not exist
LogWindows: Failed to load 'VtuneApi32e.dll' (GetLastError=126)
LogWindows: File 'VtuneApi32e.dll' does not exist
LogInit: Display: Running engine for game: GW_Game
LogPlatformFile: Not using cached read wrapper
LogInit: Display: RandInit(-361985478) SRandInit(-361985478).
LogInit: Read version file with build ID '3709383'
LogInit: Overriding engine version to CL 3794801, compatible CL 3709383
LogInit: Registered custom module enumerator with build ID '3709383'
LogTaskGraph: Started task graph with 5 named threads and 14 total threads with 3 sets of task threads.
LogStats: Stats thread started at 0.180105
LogD3D11RHI: Aftermath initialized
LogPluginManager: Mounting plugin Paper2D
LogPluginManager: Mounting plugin LightPropagationVolume
LogPluginManager: Mounting plugin CodeLiteSourceCodeAccess
LogPluginManager: Mounting plugin GitSourceControl
LogPluginManager: Mounting plugin KDevelopSourceCodeAccess
LogPluginManager: Mounting plugin NullSourceCodeAccess
LogPluginManager: Mounting plugin PerforceSourceControl
LogPluginManager: Mounting plugin SubversionSourceControl
LogPluginManager: Mounting plugin UObjectPlugin
LogPluginManager: Mounting plugin VisualStudioCodeSourceCodeAccess
LogPluginManager: Mounting plugin VisualStudioSourceCodeAccess
LogPluginManager: Mounting plugin XCodeSourceCodeAccess
LogPluginManager: Mounting plugin AssetManagerEditor
LogPluginManager: Mounting plugin AudioCapture
LogPluginManager: Mounting plugin FacialAnimation
LogPluginManager: Mounting plugin GameplayTagsEditor
LogPluginManager: Mounting plugin MobileLauncherProfileWizard
LogPluginManager: Mounting plugin PluginBrowser
LogPluginManager: Mounting plugin SpeedTreeImporter
LogPluginManager: Mounting plugin AlembicImporter
LogPluginManager: Mounting plugin CharacterAI
LogPluginManager: Mounting plugin HTML5Networking
LogPluginManager: Mounting plugin AndroidMedia
LogPluginManager: Mounting plugin AvfMedia
LogPluginManager: Mounting plugin ImgMedia
LogPluginManager: Mounting plugin MediaCompositing
LogPluginManager: Mounting plugin MediaPlayerEditor
LogPluginManager: Mounting plugin WmfMedia
LogPluginManager: Mounting plugin TcpMessaging
LogPluginManager: Mounting plugin UdpMessaging
LogPluginManager: Mounting plugin ActorSequence
LogPluginManager: Mounting plugin LevelSequenceEditor
LogPluginManager: Mounting plugin MatineeToLevelSequence
LogPluginManager: Mounting plugin OnlineSubsystemGooglePlay
LogPluginManager: Mounting plugin OnlineSubsystemIOS
LogPluginManager: Mounting plugin OnlineSubsystem
LogPluginManager: Mounting plugin OnlineSubsystemNull
LogPluginManager: Mounting plugin OnlineSubsystemUtils
LogPluginManager: Mounting plugin AndroidDeviceProfileSelector
LogPluginManager: Mounting plugin AndroidMoviePlayer
LogPluginManager: Mounting plugin AndroidPermission
LogPluginManager: Mounting plugin AppleARKit
LogPluginManager: Mounting plugin AppleMoviePlayer
LogPluginManager: Mounting plugin ArchVisCharacter
LogPluginManager: Mounting plugin CableComponent
LogPluginManager: Mounting plugin CustomMeshComponent
LogPluginManager: Mounting plugin ExampleDeviceProfileSelector
LogPluginManager: Mounting plugin GoogleCloudMessaging
LogPluginManager: Mounting plugin ImmediatePhysics
LogPluginManager: Mounting plugin IOSDeviceProfileSelector
LogPluginManager: Mounting plugin LinuxDeviceProfileSelector
LogPluginManager: Mounting plugin LocationServicesBPLibrary
LogPluginManager: Mounting plugin MobilePatchingUtils
LogPluginManager: Mounting plugin OculusVR
LogPluginManager: Plugin shader directory ../../../Engine/Plugins/Runtime/Oculus/OculusVR/Shaders found
LogPluginManager: Mapping shader source directory ../../../Engine/Plugins/Runtime/Oculus/OculusVR/Shaders to virtual directory /Plugin/OculusVR
LogPluginManager: Mounting plugin PhysXVehicles
LogPluginManager: Mounting plugin ProceduralMeshComponent
LogPluginManager: Mounting plugin RuntimePhysXCooking
LogPluginManager: Mounting plugin SteamVR
LogPluginManager: Mounting plugin WindowsMoviePlayer
LogModuleManager: Display: Found up-to-date module file D:/repos/GWGame/GW_Game/Binaries/Win64/UE4Editor-GW_Game.dll (API version 3709383).
LogModuleManager: Display: Found up-to-date module file ../../../Engine/Plugins/2D/Paper2D/Binaries/Win64/UE4Editor-Paper2D.dll (API version 3709383).
LogModuleManager: Display: Found up-to-date module file ../../../Engine/Plugins/2D/Paper2D/Binaries/Win64/UE4Editor-Paper2DEditor.dll (API version 3709383).
LogModuleManager: Display: Found up-to-date module file ../../../Engine/Plugins/2D/Paper2D/Binaries/Win64/UE4Editor-PaperSpriteSheetImporter.dll (API version 3709383).
LogModuleManager: Display: Found up-to-date module file ../../../Engine/Plugins/2D/Paper2D/Binaries/Win64/UE4Editor-PaperTiledImporter.dll (API version 3709383).
LogModuleManager: Display: Found up-to-date module file ../../../Engine/Plugins/2D/Paper2D/Binaries/Win64/UE4Editor-SmartSnapping.dll (API version 3709383).
LogModuleManager: Display: Found up-to-date module file ../../../Engine/Plugins/Blendables/LightPropagationVolume/Binaries/Win64/UE4Editor-LightPropagationVolumeRuntime.dll (API version 3709383).
LogModuleManager: Display: Found up-to-date module file ../../../Engine/Plugins/Blendables/LightPropagationVolume/Binaries/Win64/UE4Editor-LightPropagationVolumeEditor.dll (API version 3709383).
LogModuleManager: Display: Found up-to-date module file ../../../Engine/Plugins/Developer/GitSourceControl/Binaries/Win64/UE4Editor-GitSourceControl.dll (API version 3709383).
LogModuleManager: Display: Found up-to-date module file ../../../Engine/Plugins/Developer/PerforceSourceControl/Binaries/Win64/UE4Editor-PerforceSourceControl.dll (API version 3709383).
LogModuleManager: Display: Found up-to-date module file ../../../Engine/Plugins/Developer/SubversionSourceControl/Binaries/Win64/UE4Editor-SubversionSourceControl.dll (API version 3709383).
LogModuleManager: Display: Found up-to-date module file ../../../Engine/Plugins/Developer/UObjectPlugin/Binaries/Win64/UE4Editor-UObjectPlugin.dll (API version 3709383).
LogModuleManager: Display: Found up-to-date module file ../../../Engine/Plugins/Developer/VisualStudioCodeSourceCodeAccess/Binaries/Win64/UE4Editor-VisualStudioCodeSourceCodeAccess.dll (API version 3709383).
LogModuleManager: Display: Found up-to-date module file ../../../Engine/Plugins/Developer/VisualStudioSourceCodeAccess/Binaries/Win64/UE4Editor-VisualStudioSourceCodeAccess.dll (API version 3709383).
LogModuleManager: Display: Found up-to-date module file ../../../Engine/Plugins/Editor/AssetManagerEditor/Binaries/Win64/UE4Editor-AssetManagerEditor.dll (API version 3709383).
LogModuleManager: Display: Found up-to-date module file ../../../Engine/Plugins/Editor/AudioCapture/Binaries/Win64/UE4Editor-AudioCapture.dll (API version 3709383).
LogModuleManager: Display: Found up-to-date module file ../../../Engine/Plugins/Editor/FacialAnimation/Binaries/Win64/UE4Editor-FacialAnimation.dll (API version 3709383).
LogModuleManager: Display: Found up-to-date module file ../../../Engine/Plugins/Editor/FacialAnimation/Binaries/Win64/UE4Editor-FacialAnimationEditor.dll (API version 3709383).
LogModuleManager: Display: Found up-to-date module file ../../../Engine/Plugins/Editor/GameplayTagsEditor/Binaries/Win64/UE4Editor-GameplayTagsEditor.dll (API version 3709383).
LogModuleManager: Display: Found up-to-date module file ../../../Engine/Plugins/Editor/MobileLauncherProfileWizard/Binaries/Win64/UE4Editor-MobileLauncherProfileWizard.dll (API version 3709383).
LogModuleManager: Display: Found up-to-date module file ../../../Engine/Plugins/Editor/PluginBrowser/Binaries/Win64/UE4Editor-PluginBrowser.dll (API version 3709383).
LogModuleManager: Display: Found up-to-date module file ../../../Engine/Plugins/Editor/SpeedTreeImporter/Binaries/Win64/UE4Editor-SpeedTreeImporter.dll (API version 3709383).
LogModuleManager: Display: Found up-to-date module file ../../../Engine/Plugins/Experimental/AlembicImporter/Binaries/Win64/UE4Editor-AlembicImporter.dll (API version 3709383).
LogModuleManager: Display: Found up-to-date module file ../../../Engine/Plugins/Experimental/AlembicImporter/Binaries/Win64/UE4Editor-AlembicLibrary.dll (API version 3709383).
LogModuleManager: Display: Found up-to-date module file ../../../Engine/Plugins/Experimental/CharacterAI/Binaries/Win64/UE4Editor-CharacterAI.dll (API version 3709383).
LogModuleManager: Display: Found up-to-date module file ../../../Engine/Plugins/Experimental/HTML5Networking/Binaries/Win64/UE4Editor-HTML5Networking.dll (API version 3709383).
LogModuleManager: Display: Found up-to-date module file ../../../Engine/Plugins/Media/AndroidMedia/Binaries/Win64/UE4Editor-AndroidMediaEditor.dll (API version 3709383).
LogModuleManager: Display: Found up-to-date module file ../../../Engine/Plugins/Media/AndroidMedia/Binaries/Win64/UE4Editor-AndroidMediaFactory.dll (API version 3709383).
LogModuleManager: Display: Found up-to-date module file ../../../Engine/Plugins/Media/AvfMedia/Binaries/Win64/UE4Editor-AvfMediaEditor.dll (API version 3709383).
LogModuleManager: Display: Found up-to-date module file ../../../Engine/Plugins/Media/AvfMedia/Binaries/Win64/UE4Editor-AvfMediaFactory.dll (API version 3709383).
LogModuleManager: Display: Found up-to-date module file ../../../Engine/Plugins/Media/AvfMedia/Binaries/Win64/UE4Editor-AvfMediaFactory.dll (API version 3709383).
LogModuleManager: Display: Found up-to-date module file ../../../Engine/Plugins/Media/ImgMedia/Binaries/Win64/UE4Editor-ImgMedia.dll (API version 3709383).
LogModuleManager: Display: Found up-to-date module file ../../../Engine/Plugins/Media/ImgMedia/Binaries/Win64/UE4Editor-ImgMediaEditor.dll (API version 3709383).
LogModuleManager: Display: Found up-to-date module file ../../../Engine/Plugins/Media/ImgMedia/Binaries/Win64/UE4Editor-ImgMediaFactory.dll (API version 3709383).
LogModuleManager: Display: Found up-to-date module file ../../../Engine/Plugins/Media/ImgMedia/Binaries/Win64/UE4Editor-ImgMediaFactory.dll (API version 3709383).
LogModuleManager: Display: Found up-to-date module file ../../../Engine/Plugins/Media/ImgMedia/Binaries/Win64/UE4Editor-OpenExrWrapper.dll (API version 3709383).
LogModuleManager: Display: Found up-to-date module file ../../../Engine/Plugins/Media/MediaCompositing/Binaries/Win64/UE4Editor-MediaCompositing.dll (API version 3709383).
LogModuleManager: Display: Found up-to-date module file ../../../Engine/Plugins/Media/MediaCompositing/Binaries/Win64/UE4Editor-MediaCompositingEditor.dll (API version 3709383).
LogModuleManager: Display: Found up-to-date module file ../../../Engine/Plugins/Media/MediaPlayerEditor/Binaries/Win64/UE4Editor-MediaPlayerEditor.dll (API version 3709383).
LogModuleManager: Display: Found up-to-date module file ../../../Engine/Plugins/Media/WmfMedia/Binaries/Win64/UE4Editor-WmfMedia.dll (API version 3709383).
LogModuleManager: Display: Found up-to-date module file ../../../Engine/Plugins/Media/WmfMedia/Binaries/Win64/UE4Editor-WmfMediaEditor.dll (API version 3709383).
LogModuleManager: Display: Found up-to-date module file ../../../Engine/Plugins/Media/WmfMedia/Binaries/Win64/UE4Editor-WmfMediaFactory.dll (API version 3709383).
LogModuleManager: Display: Found up-to-date module file ../../../Engine/Plugins/Media/WmfMedia/Binaries/Win64/UE4Editor-WmfMediaFactory.dll (API version 3709383).
LogModuleManager: Display: Found up-to-date module file ../../../Engine/Plugins/Messaging/TcpMessaging/Binaries/Win64/UE4Editor-TcpMessaging.dll (API version 3709383).
LogModuleManager: Display: Found up-to-date module file ../../../Engine/Plugins/Messaging/UdpMessaging/Binaries/Win64/UE4Editor-UdpMessaging.dll (API version 3709383).
LogModuleManager: Display: Found up-to-date module file ../../../Engine/Plugins/MovieScene/ActorSequence/Binaries/Win64/UE4Editor-ActorSequence.dll (API version 3709383).
LogModuleManager: Display: Found up-to-date module file ../../../Engine/Plugins/MovieScene/LevelSequenceEditor/Binaries/Win64/UE4Editor-LevelSequenceEditor.dll (API version 3709383).
LogModuleManager: Display: Found up-to-date module file ../../../Engine/Plugins/MovieScene/MatineeToLevelSequence/Binaries/Win64/UE4Editor-MatineeToLevelSequence.dll (API version 3709383).
LogModuleManager: Display: Found up-to-date module file ../../../Engine/Plugins/Online/OnlineSubsystem/Binaries/Win64/UE4Editor-OnlineSubsystem.dll (API version 3709383).
LogModuleManager: Display: Found up-to-date module file ../../../Engine/Plugins/Online/OnlineSubsystemNull/Binaries/Win64/UE4Editor-OnlineSubsystemNull.dll (API version 3709383).
LogModuleManager: Display: Found up-to-date module file ../../../Engine/Plugins/Online/OnlineSubsystemUtils/Binaries/Win64/UE4Editor-OnlineSubsystemUtils.dll (API version 3709383).
LogModuleManager: Display: Found up-to-date module file ../../../Engine/Plugins/Online/OnlineSubsystemUtils/Binaries/Win64/UE4Editor-OnlineBlueprintSupport.dll (API version 3709383).
LogModuleManager: Display: Found up-to-date module file ../../../Engine/Plugins/Runtime/AndroidDeviceProfileSelector/Binaries/Win64/UE4Editor-AndroidDeviceProfileSelector.dll (API version 3709383).
LogModuleManager: Display: Found up-to-date module file ../../../Engine/Plugins/Runtime/AndroidPermission/Binaries/Win64/UE4Editor-AndroidPermission.dll (API version 3709383).
LogModuleManager: Display: Found up-to-date module file ../../../Engine/Plugins/Runtime/AppleARKit/Binaries/Win64/UE4Editor-AppleARKit.dll (API version 3709383).
LogModuleManager: Display: Found up-to-date module file ../../../Engine/Plugins/Runtime/ArchVisCharacter/Binaries/Win64/UE4Editor-ArchVisCharacter.dll (API version 3709383).
LogModuleManager: Display: Found up-to-date module file ../../../Engine/Plugins/Runtime/CableComponent/Binaries/Win64/UE4Editor-CableComponent.dll (API version 3709383).
LogModuleManager: Display: Found up-to-date module file ../../../Engine/Plugins/Runtime/CustomMeshComponent/Binaries/Win64/UE4Editor-CustomMeshComponent.dll (API version 3709383).
LogModuleManager: Display: Found up-to-date module file ../../../Engine/Plugins/Runtime/ExampleDeviceProfileSelector/Binaries/Win64/UE4Editor-ExampleDeviceProfileSelector.dll (API version 3709383).
LogModuleManager: Display: Found up-to-date module file ../../../Engine/Plugins/Runtime/ImmediatePhysics/Binaries/Win64/UE4Editor-ImmediatePhysics.dll (API version 3709383).
LogModuleManager: Display: Found up-to-date module file ../../../Engine/Plugins/Runtime/ImmediatePhysics/Binaries/Win64/UE4Editor-ImmediatePhysicsEditor.dll (API version 3709383).
LogModuleManager: Display: Found up-to-date module file ../../../Engine/Plugins/Runtime/LocationServicesBPLibrary/Binaries/Win64/UE4Editor-LocationServicesBPLibrary.dll (API version 3709383).
LogModuleManager: Display: Found up-to-date module file ../../../Engine/Plugins/Runtime/MobilePatchingUtils/Binaries/Win64/UE4Editor-MobilePatchingUtils.dll (API version 3709383).
LogModuleManager: Display: Found up-to-date module file ../../../Engine/Plugins/Runtime/Oculus/OculusVR/Binaries/Win64/UE4Editor-OculusHMD.dll (API version 3709383).
LogModuleManager: Display: Found up-to-date module file ../../../Engine/Plugins/Runtime/Oculus/OculusVR/Binaries/Win64/UE4Editor-OculusInput.dll (API version 3709383).
LogModuleManager: Display: Found up-to-date module file ../../../Engine/Plugins/Runtime/Oculus/OculusVR/Binaries/Win64/UE4Editor-OculusEditor.dll (API version 3709383).
LogModuleManager: Display: Found up-to-date module file ../../../Engine/Plugins/Runtime/PhysXVehicles/Binaries/Win64/UE4Editor-PhysXVehicles.dll (API version 3709383).
LogModuleManager: Display: Found up-to-date module file ../../../Engine/Plugins/Runtime/PhysXVehicles/Binaries/Win64/UE4Editor-PhysXVehiclesEditor.dll (API version 3709383).
LogModuleManager: Display: Found up-to-date module file ../../../Engine/Plugins/Runtime/ProceduralMeshComponent/Binaries/Win64/UE4Editor-ProceduralMeshComponent.dll (API version 3709383).
LogModuleManager: Display: Found up-to-date module file ../../../Engine/Plugins/Runtime/ProceduralMeshComponent/Binaries/Win64/UE4Editor-ProceduralMeshComponentEditor.dll (API version 3709383).
LogModuleManager: Display: Found up-to-date module file ../../../Engine/Plugins/Runtime/RuntimePhysXCooking/Binaries/Win64/UE4Editor-RuntimePhysXCooking.dll (API version 3709383).
LogModuleManager: Display: Found up-to-date module file ../../../Engine/Plugins/Runtime/Steam/SteamVR/Binaries/Win64/UE4Editor-SteamVR.dll (API version 3709383).
LogModuleManager: Display: Found up-to-date module file ../../../Engine/Plugins/Runtime/Steam/SteamVR/Binaries/Win64/UE4Editor-SteamVRController.dll (API version 3709383).
LogModuleManager: Display: Found up-to-date module file ../../../Engine/Plugins/Runtime/WindowsMoviePlayer/Binaries/Win64/UE4Editor-WindowsMoviePlayer.dll (API version 3709383).
LogInit: Using libcurl 7.47.1
LogInit:  - built for x86_64-pc-win32
LogInit:  - supports SSL with OpenSSL/1.0.2g
LogInit:  - supports HTTP deflate (compression) using libz 1.2.8
LogInit:  - other features:
LogInit:      CURL_VERSION_SSL
LogInit:      CURL_VERSION_LIBZ
LogInit:      CURL_VERSION_IPV6
LogInit:      CURL_VERSION_ASYNCHDNS
LogInit:      CURL_VERSION_LARGEFILE
LogInit:      CURL_VERSION_IDN
LogInit:  CurlRequestOptions (configurable via config and command line):
LogInit:  - bVerifyPeer = false  - Libcurl will NOT verify peer certificate
LogInit:  - bUseHttpProxy = false  - Libcurl will NOT use HTTP proxy
LogInit:  - bDontReuseConnections = false  - Libcurl will reuse connections
LogInit:  - CertBundlePath = nullptr  - Libcurl will use whatever was configured at build time.
LogInit: Build: ++UE4+Release-4.18-CL-3794801
LogInit: Engine Version: 4.18.2-3794801+++UE4+Release-4.18
LogInit: Compatible Engine Version: 4.18.0-3709383+++UE4+Release-4.18
LogInit: Net CL: 3709383
LogDevObjectVersion: Number of dev versions registered: 16
LogDevObjectVersion:   Dev-Blueprints (B0D832E4-1F89-4F0D-ACCF-7EB736FD4AA2): 10
LogDevObjectVersion:   Dev-Build (E1C64328-A22C-4D53-A36C-8E866417BD8C): 0
LogDevObjectVersion:   Dev-Core (375EC13C-06E4-48FB-B500-84F0262A717E): 2
LogDevObjectVersion:   Dev-Editor (E4B068ED-F494-42E9-A231-DA0B2E46BB41): 20
LogDevObjectVersion:   Dev-Framework (CFFC743F-43B0-4480-9391-14DF171D2073): 30
LogDevObjectVersion:   Dev-Mobile (B02B49B5-BB20-44E9-A304-32B752E40360): 0
LogDevObjectVersion:   Dev-Networking (A4E4105C-59A1-49B5-A7C5-40C4547EDFEE): 0
LogDevObjectVersion:   Dev-Online (39C831C9-5AE6-47DC-9A44-9C173E1C8E7C): 0
LogDevObjectVersion:   Dev-Physics (78F01B33-EBEA-4F98-B9B4-84EACCB95AA2): 0
LogDevObjectVersion:   Dev-Platform (6631380F-2D4D-43E0-8009-CF276956A95A): 0
LogDevObjectVersion:   Dev-Rendering (12F88B9F-8875-4AFC-A67C-D90C383ABD29): 20
LogDevObjectVersion:   Dev-Sequencer (7B5AE74C-D270-4C10-A958-57980B212A5A): 4
LogDevObjectVersion:   Dev-VR (D7296918-1DD6-4BDD-9DE2-64A83CC13884): 0
LogDevObjectVersion:   Dev-LoadTimes (C2A15278-BFE7-4AFE-6C17-90FF531DF755): 1
LogDevObjectVersion:   Private-Geometry (6EACA3D4-40EC-4CC1-B786-8BED09428FC5): 1
LogDevObjectVersion:   Dev-AnimPhys (29E575DD-E0A3-4627-9D10-D276232CDCEA): 12
LogInit: Compiled (64-bit): Dec  8 2017 02:04:53
LogInit: Compiled with Visual C++: 19.00.24215.01
LogInit: Build Configuration: Development
LogInit: Branch Name: ++UE4+Release-4.18
LogInit: Command line:  
LogInit: Base directory: C:/Program Files/Epic Games/UE_4.18/Engine/Binaries/Win64/
LogInit: Installed Engine Build: 1
LogInit: Presizing for max 8388607 objects, including 0 objects not considered by GC, pre-allocating 0 bytes for permanent pool.
LogInit: Object subsystem initialized
[2017.12.31-14.15.20:816][  0]LogInit: Selected Device Profile: [Windows]
[2017.12.31-14.15.20:816][  0]LogInit: Applying CVar settings loaded from the selected device profile: [Windows]
[2017.12.31-14.15.20:839][  0]LogInit: Computer: DESKTOP-6NVMURH
[2017.12.31-14.15.20:839][  0]LogInit: User: uzivatel1
[2017.12.31-14.15.20:839][  0]LogInit: CPU Page size=4096, Cores=4
[2017.12.31-14.15.20:839][  0]LogInit: High frequency timer resolution =4.101562 MHz
[2017.12.31-14.15.20:839][  0]LogMemory: Memory total: Physical=16.0GB (16GB approx)
[2017.12.31-14.15.20:839][  0]LogMemory: Platform Memory Stats for Windows
[2017.12.31-14.15.20:839][  0]LogMemory: Process Physical Memory: 273.77 MB used, 273.77 MB peak
[2017.12.31-14.15.20:839][  0]LogMemory: Process Virtual Memory: 271.76 MB used, 271.76 MB peak
[2017.12.31-14.15.20:839][  0]LogMemory: Physical Memory: 4126.88 MB used,  12215.18 MB free, 16342.06 MB total
[2017.12.31-14.15.20:839][  0]LogMemory: Virtual Memory: 679.43 MB used,  12215.18 MB free, 134217728.00 MB total
[2017.12.31-14.15.21:670][  0]LogInit: Using OS detected language (cs-CZ).
[2017.12.31-14.15.21:670][  0]LogInit: Using OS detected locale (cs-CZ).
[2017.12.31-14.15.21:718][  0]LogTextLocalizationManager: No localization for 'cs-CZ' exists, so 'en' will be used for the language.
[2017.12.31-14.15.21:719][  0]LogTextLocalizationManager: No localization for 'cs-CZ' exists, so 'en' will be used for the locale.
[2017.12.31-14.15.22:045][  0]LogInit: Setting process to per monitor DPI aware
[2017.12.31-14.15.23:983][  0]LogD3D11RHI: D3D11 adapters:
[2017.12.31-14.15.24:027][  0]LogD3D11RHI:    0. 'NVIDIA GeForce GTX 1070' (Feature Level 11_0)
[2017.12.31-14.15.24:027][  0]LogD3D11RHI:       8096/0/8171 MB DedicatedVideo/DedicatedSystem/SharedSystem, Outputs:1, VendorId:0x10de
[2017.12.31-14.15.24:029][  0]LogD3D11RHI:    1. 'Microsoft Basic Render Driver' (Feature Level 11_0)
[2017.12.31-14.15.24:030][  0]LogD3D11RHI:       0/0/8171 MB DedicatedVideo/DedicatedSystem/SharedSystem, Outputs:0, VendorId:0x1414
[2017.12.31-14.15.24:030][  0]LogD3D11RHI: Chosen D3D11 Adapter: 0
[2017.12.31-14.15.24:033][  0]LogD3D11RHI: Creating new Direct3DDevice
[2017.12.31-14.15.24:033][  0]LogD3D11RHI:     GPU DeviceId: 0x1b81 (for the marketing name, search the web for "GPU Device Id")
[2017.12.31-14.15.24:033][  0]LogWindows: EnumDisplayDevices:
[2017.12.31-14.15.24:033][  0]LogWindows:    0. 'NVIDIA GeForce GTX 1070' (P:1 D:1)
[2017.12.31-14.15.24:033][  0]LogWindows:    1. 'NVIDIA GeForce GTX 1070' (P:0 D:0)
[2017.12.31-14.15.24:033][  0]LogWindows:    2. 'NVIDIA GeForce GTX 1070' (P:0 D:0)
[2017.12.31-14.15.24:033][  0]LogWindows:    3. 'NVIDIA GeForce GTX 1070' (P:0 D:0)
[2017.12.31-14.15.24:033][  0]LogWindows: DebugString: GetVideoDriverDetailsInvalid PrimaryIsNotTheChoosenAdapter GetVideoDriverDetailsInvalid PrimaryIsNotTheChoosenAdapter GetVideoDriverDetailsInvalid PrimaryIsNotTheChoosenAdapter GetVideoDriverDetailsInvalid PrimaryIsNotTheChoosenAdapter FoundDriverCount:0 
[2017.12.31-14.15.24:033][  0]LogD3D11RHI:     Adapter Name: NVIDIA GeForce GTX 1070
[2017.12.31-14.15.24:033][  0]LogD3D11RHI:   Driver Version: Unknown (internal:Unknown, unified:Unknown)
[2017.12.31-14.15.24:033][  0]LogD3D11RHI:      Driver Date: Unknown
[2017.12.31-14.15.24:033][  0]LogRHI: Texture pool is 5667 MB (70% of 8096 MB)
[2017.12.31-14.15.24:054][  0]LogD3D11RHI: Async texture creation enabled
[2017.12.31-14.15.24:217][  0]LogD3D11RHI: GPU Timing Frequency: 1000.000000 (Debug: 2 1)
[2017.12.31-14.15.24:264][  0]LogShaderCompilers: Guid format shader working directory is 29 characters bigger than the processId version (D:/repos/GWGame/GW_Game/Intermediate/Shaders/WorkingDirectory/372/).
[2017.12.31-14.15.24:264][  0]LogShaderCompilers: Cleaned the shader compiler working directory 'C:/Users/uzivatel 1/AppData/Local/Temp/UnrealShaderWorkingDir/0150EAB34D50DD9AB59D0AAC827C02BF/'.
[2017.12.31-14.15.24:264][  0]LogShaderCompilers: Display: Using Local Shader Compiler.
[2017.12.31-14.15.26:438][  0]LogTemp: Display: Loaded TP AllDesktopTargetPlatform
[2017.12.31-14.15.26:642][  0]LogTemp: Display: Loaded TP MacClientTargetPlatform
[2017.12.31-14.15.26:843][  0]LogTemp: Display: Loaded TP MacNoEditorTargetPlatform
[2017.12.31-14.15.27:047][  0]LogTemp: Display: Loaded TP MacServerTargetPlatform
[2017.12.31-14.15.27:253][  0]LogTemp: Display: Loaded TP MacTargetPlatform
[2017.12.31-14.15.27:455][  0]LogTemp: Display: Loaded TP WindowsClientTargetPlatform
[2017.12.31-14.15.27:657][  0]LogTemp: Display: Loaded TP WindowsNoEditorTargetPlatform
[2017.12.31-14.15.27:859][  0]LogTemp: Display: Loaded TP WindowsServerTargetPlatform
[2017.12.31-14.15.28:056][  0]LogTemp: Display: Loaded TP WindowsTargetPlatform
[2017.12.31-14.15.28:258][  0]LogTemp: Display: Loaded TP Android_ASTCTargetPlatform
[2017.12.31-14.15.28:462][  0]LogTemp: Display: Loaded TP Android_ATCTargetPlatform
[2017.12.31-14.15.28:664][  0]LogTemp: Display: Loaded TP Android_DXTTargetPlatform
[2017.12.31-14.15.28:865][  0]LogTemp: Display: Loaded TP Android_ETC1TargetPlatform
[2017.12.31-14.15.29:066][  0]LogTemp: Display: Loaded TP Android_ETC2TargetPlatform
[2017.12.31-14.15.29:469][  0]LogTemp: Display: Loaded TP Android_MultiTargetPlatform
[2017.12.31-14.15.29:469][  0]LogTemp: Display: Loaded TP Android_PVRTCTargetPlatform
[2017.12.31-14.15.29:675][  0]LogTemp: Display: Loaded TP AndroidTargetPlatform
[2017.12.31-14.15.29:870][  0]LogTemp: Display: Loaded TP HTML5TargetPlatform
[2017.12.31-14.15.30:187][  0]LogTemp: Display: Loaded TP IOSTargetPlatform
[2017.12.31-14.15.30:286][  0]LogTemp: Display: Loaded TP TVOSTargetPlatform
[2017.12.31-14.15.30:487][  0]LogTemp: Display: Loaded TP LinuxClientTargetPlatform
[2017.12.31-14.15.30:689][  0]LogTemp: Display: Loaded TP LinuxNoEditorTargetPlatform
[2017.12.31-14.15.30:890][  0]LogTemp: Display: Loaded TP LinuxServerTargetPlatform
[2017.12.31-14.15.31:097][  0]LogTemp: Display: Loaded TP LinuxTargetPlatform
[2017.12.31-14.15.31:098][  0]LogTargetPlatformManager: Display: Building Assets For Windows
[2017.12.31-14.15.33:264][  0]LogDerivedDataCache: Display: Max Cache Size: 512 MB
[2017.12.31-14.15.33:312][  0]LogDerivedDataCache: Loaded boot cache 0.05s 78MB C:/Users/uzivatel 1/AppData/Local/UnrealEngine/4.18/DerivedDataCache/Boot.ddc.
[2017.12.31-14.15.33:312][  0]LogDerivedDataCache: Display: Loaded Boot cache: C:/Users/uzivatel 1/AppData/Local/UnrealEngine/4.18/DerivedDataCache/Boot.ddc
[2017.12.31-14.15.33:312][  0]LogDerivedDataCache: FDerivedDataBackendGraph:  Pak pak cache file D:/repos/GWGame/GW_Game/DerivedDataCache/DDC.ddp not found, will not use a pak cache.
[2017.12.31-14.15.33:312][  0]LogDerivedDataCache: Unable to find inner node Pak for hierarchical cache Hierarchy.
[2017.12.31-14.15.33:312][  0]LogDerivedDataCache: FDerivedDataBackendGraph:  CompressedPak pak cache file D:/repos/GWGame/GW_Game/DerivedDataCache/Compressed.ddp not found, will not use a pak cache.
[2017.12.31-14.15.33:312][  0]LogDerivedDataCache: Unable to find inner node CompressedPak for hierarchical cache Hierarchy.
[2017.12.31-14.15.33:327][  0]LogDerivedDataCache: Display: Pak cache opened for reading ../../../Engine/DerivedDataCache/Compressed.ddp.
[2017.12.31-14.15.33:341][  0]LogDerivedDataCache: Using Local data cache path C:/Users/uzivatel 1/AppData/Local/UnrealEngine/Common/DerivedDataCache: Writable
[2017.12.31-14.15.33:347][  0]LogMaterial: Verifying Global Shaders for PCD3D_SM5
[2017.12.31-14.15.33:349][  0]LogSlate: Using Freetype 2.6.0
[2017.12.31-14.15.33:358][  0]LogSlate: SlateFontCache - WITH_FREETYPE: 1, WITH_HARFBUZZ: 1
[2017.12.31-14.15.33:358][  0]LogSlate: SlateFontCache - WITH_FREETYPE: 1, WITH_HARFBUZZ: 1
[2017.12.31-14.15.33:860][  0]LogInit: Selected Device Profile: [Windows]
[2017.12.31-14.15.34:997][  0]LogSimplygon: Simplygon DLL not present - disabling.
[2017.12.31-14.15.35:192][  0]LogMeshReduction: Using SimplygonSwarm for distributed automatic mesh merging
[2017.12.31-14.15.35:192][  0]LogMeshReduction: Using QuadricMeshReduction for automatic static mesh reduction
[2017.12.31-14.15.35:192][  0]LogMeshReduction: No automatic skeletal mesh reduction module available
[2017.12.31-14.15.35:192][  0]LogMeshReduction: No automatic mesh merging module available
[2017.12.31-14.15.35:192][  0]LogMeshMerging: No automatic mesh merging module available
[2017.12.31-14.15.35:230][  0]LogNetVersion: GW_Game , NetCL: 3709383, EngineNetVer: 2, GameNetVer: 0 (Checksum: 4001666234)
[2017.12.31-14.15.35:550][  0]LogAssetRegistry: FAssetRegistry took 0.0258 seconds to start up
[2017.12.31-14.15.36:312][  0]LogPackageLocalizationCache: Processed 7 localized package path(s) for 1 prioritized culture(s) in 0.042403 seconds
[2017.12.31-14.15.36:316][  0]LogUObjectArray: 35900 objects as part of root set at end of initial load.
[2017.12.31-14.15.36:316][  0]LogUObjectAllocator: 7372024 out of 0 bytes used by permanent object pool.
[2017.12.31-14.15.36:316][  0]LogUObjectArray: CloseDisregardForGC: 0/0 objects in disregard for GC pool
[2017.12.31-14.15.36:588][  0]LogInit: WinSock: version 1.1 (2.2), MaxSocks=32767, MaxUdp=65467
[2017.12.31-14.15.45:750][  0]LogTcpMessaging: Initializing TcpMessaging bridge
[2017.12.31-14.15.45:881][  0]LogUdpMessaging: Initializing bridge on interface 0.0.0.0:0 to multicast group 230.0.0.1:6666.
[2017.12.31-14.15.48:622][  0]LogMaterial: Uniform references updated for custom material expression Custom.
[2017.12.31-14.15.50:170][  0]SourceControl: Source control is disabled
[2017.12.31-14.15.50:170][  0]SourceControl: Source control is disabled
[2017.12.31-14.15.50:391][  0]SourceControl: Source control is disabled
[2017.12.31-14.15.50:612][  0]SourceControl: Source control is disabled
[2017.12.31-14.15.53:954][  0]LogAndroidPermission: UAndroidPermissionCallbackProxy::GetInstance
[2017.12.31-14.15.55:072][  0]LogOcInput: OculusInput pre-init called
[2017.12.31-14.15.56:079][  0]LogEngine: Initializing Engine...
[2017.12.31-14.15.56:081][  0]LogHMD: Failed to initialize OpenVR with code 110
[2017.12.31-14.15.56:249][  0]LogStats: UGameplayTagsManager::ConstructGameplayTagTree: Construct from data asset -  0.000 s
[2017.12.31-14.15.56:249][  0]LogStats: UGameplayTagsManager::ConstructGameplayTagTree: GameplayTagTreeChangedEvent.Broadcast -  0.000 s
[2017.12.31-14.15.56:829][  0]LogAIModule: Creating AISystem for world Untitled
[2017.12.31-14.15.56:836][  0]LogInit: XAudio2 using 'U24E590-4 (NVIDIA High Definition Audio)' : 2 channels at 48 kHz using 16 bits per sample (channel mask 0x3)
[2017.12.31-14.15.56:859][  0]LogInit: FAudioDevice initialized.
[2017.12.31-14.15.56:927][  0]LogDerivedDataCache: Saved boot cache 0.07s 78MB C:/Users/uzivatel 1/AppData/Local/UnrealEngine/4.18/DerivedDataCache/Boot.ddc.
[2017.12.31-14.15.56:937][  0]LogInit: Texture streaming: Enabled
[2017.12.31-14.15.57:430][  0]LogEngineSessionManager: EngineSessionManager initialized
[2017.12.31-14.15.58:030][  0]LogInit: Transaction tracking system initialized
[2017.12.31-14.15.59:508][  0]BlueprintLog: New page: Editor Load
[2017.12.31-14.16.03:680][  0]LocalizationService: Localization service is disabled
[2017.12.31-14.16.06:992][  0]LogConsoleResponse: Display: 
[2017.12.31-14.16.07:373][  0]LogCook: Display: Max memory allowance for cook 16384mb min free memory 0mb
[2017.12.31-14.16.07:373][  0]LogCook: Display: Mobile HDR setting 1
[2017.12.31-14.16.07:373][  0]LogGameplayTags: Display: UGameplayTagsManager::DoneAddingNativeTags. DelegateIsBound: 0
[2017.12.31-14.16.08:366][  0]LogFileCache: Scanning file cache for directory 'D:/repos/GWGame/GW_Game/Content/' took 0.02s
[2017.12.31-14.16.12:486][  0]SourceControl: Source control is disabled
[2017.12.31-14.16.12:486][  0]Cmd: MAP LOAD FILE="D:/repos/GWGame/GW_Game/Content/_Levels/BattleGround.umap" TEMPLATE=0 SHOWPROGRESS=1 FEATURELEVEL=3
[2017.12.31-14.16.12:486][  0]LightingResults: New page: Lighting Build
[2017.12.31-14.16.12:681][  0]MapCheck: New page: Map Check
[2017.12.31-14.16.12:681][  0]LightingResults: New page: Lighting Build
[2017.12.31-14.16.12:975][  0]LogAIModule: Creating AISystem for world BattleGround
[2017.12.31-14.16.13:157][  0]LogEditorServer: Finished looking for orphan Actors (0.000 secs)
[2017.12.31-14.16.13:165][  0]Cmd: MAP CHECKDEP NOCLEARLOG
[2017.12.31-14.16.13:308][  0]MapCheck: Map check complete: 0 Error(s), 0 Warning(s), took 142.297ms to complete.
[2017.12.31-14.16.13:308][  0]LogFileHelpers: Loading map 'BattleGround' took 0.822
[2017.12.31-14.16.13:472][  0]LogCollectionManager: Loaded 0 collections in 0.001380 seconds
[2017.12.31-14.16.13:703][  0]LogFileCache: Scanning file cache for directory 'D:/repos/GWGame/GW_Game/Saved/Collections/' took 0.01s
[2017.12.31-14.16.13:703][  0]LogFileCache: Scanning file cache for directory 'D:/repos/GWGame/GW_Game/Content/Developers/uzivatel1/Collections/' took 0.01s
[2017.12.31-14.16.13:703][  0]LogFileCache: Scanning file cache for directory 'D:/repos/GWGame/GW_Game/Content/Collections/' took 0.01s
[2017.12.31-14.16.13:703][  0]LogCollectionManager: Rebuilt the GUID cache for 0 collections in 0.000000 seconds
[2017.12.31-14.16.13:710][  0]LogContentBrowser: Native class hierarchy populated in 0.0065 seconds. Added 2364 classes and 521 folders.
[2017.12.31-14.16.14:020][  0]LogContentBrowser: Native class hierarchy updated for 'WidgetCarousel' in 0.0011 seconds. Added 0 classes and 0 folders.
[2017.12.31-14.16.14:275][  0]LogContentBrowser: Native class hierarchy updated for 'AddContentDialog' in 0.0011 seconds. Added 0 classes and 0 folders.
[2017.12.31-14.16.14:510][  0]LogContentBrowser: Native class hierarchy updated for 'SceneOutliner' in 0.0011 seconds. Added 1 classes and 2 folders.
[2017.12.31-14.16.14:686][  0]LogSlate: Took 0.003106 seconds to synchronously load lazily loaded font '../../../Engine/Content/Slate/Fonts/Roboto-Regular.ttf' (155K)
[2017.12.31-14.16.14:690][  0]LogSlate: Took 0.003514 seconds to synchronously load lazily loaded font '../../../Engine/Content/Editor/Slate/Fonts/FontAwesome.ttf' (139K)
[2017.12.31-14.16.14:693][  0]LogSlate: Took 0.002816 seconds to synchronously load lazily loaded font '../../../Engine/Content/Slate/Fonts/Roboto-Bold.ttf' (160K)
[2017.12.31-14.16.14:701][  0]LogSlate: Took 0.004358 seconds to synchronously load lazily loaded font '../../../Engine/Content/Editor/Slate/Fonts/DroidSansMono.ttf' (77K)
[2017.12.31-14.16.14:790][  0]LogRenderer: Reallocating scene render targets to support 1508x824 Format 10 NumSamples 1 (Frame:1).
[2017.12.31-14.16.15:185][  0]LogContentBrowser: Native class hierarchy updated for 'HierarchicalLODOutliner' in 0.0011 seconds. Added 1 classes and 2 folders.
[2017.12.31-14.16.15:185][  0]LogLoad: (Engine Initialization) Total time: 60.97 seconds
[2017.12.31-14.16.15:185][  0]LogLoad: (Engine Initialization) Total Blueprint compile time: 0.00 seconds
[2017.12.31-14.16.15:185][  0]LogExternalProfiler: No external profilers were discovered.  External profiling features will not be available.
[2017.12.31-14.16.15:541][  0]LogAssetRegistry: Asset discovery search completed in 40.0132 seconds
[2017.12.31-14.16.15:542][  0]LogCollectionManager: Rebuilt the object cache for 0 collections in 0.000000 seconds (found 0 objects)
[2017.12.31-14.16.15:542][  0]LogCollectionManager: Fixed up redirectors for 0 collections in 0.000157 seconds (updated 0 objects)
[2017.12.31-14.16.15:544][  0]LogContentStreaming: Texture pool size now 1000 MB
[2017.12.31-14.16.32:538][161]LogEditorViewport: Clicking on Actor (LMB): StaticMeshActor (Sphere)
[2017.12.31-14.16.39:940][723]LogActorFactory: Actor Factory created Assault_Turret
[2017.12.31-14.16.40:731][810]LogActorFactory: Actor Factory created Assault_Turret
[2017.12.31-14.16.45:982][401]Cmd: DELETE
[2017.12.31-14.16.45:982][401]Cmd: ACTOR DELETE
[2017.12.31-14.16.45:985][401]LogEditorActor: Deleted Actor: StaticMeshActor
[2017.12.31-14.16.45:991][401]LogEditorActor: Deleted 1 Actors (0.009 secs)
[2017.12.31-14.17.33:168][792]LogMaterial: Missing cached shader map for material FoliageBrushSphereMaterial, compiling. 
[2017.12.31-14.17.59:024][747]LogEditorViewport: Clicking on Actor (double click): StaticMeshActor (Cone)
[2017.12.31-14.18.00:984][951]LogEditorViewport: Clicking on Actor (double click): StaticMeshActor (Cube2)
[2017.12.31-14.18.02:895][174]Cmd: SELECT NONE
[2017.12.31-14.18.04:070][236]LogActorComponent: UnregisterComponent: (/Engine/Transient.SphereBrushComponent) Not registered. Aborting.
[2017.12.31-14.18.06:155][380]LogEditorViewport: Clicking on Actor (LMB): StaticMeshActor (Cone)
[2017.12.31-14.18.13:868][244]LogEditorViewport: Clicking on Actor (context menu): StaticMeshActor (Cylinder27)
[2017.12.31-14.18.14:883][269]LogEditorViewport: Clicking on Actor (LMB): StaticMeshActor (Cylinder27)
[2017.12.31-14.18.25:455][522]LogSlate: Took 0.003333 seconds to synchronously load lazily loaded font '../../../Engine/Content/Editor/Slate/Fonts/Roboto-Italic.ttf' (157K)
[2017.12.31-14.18.26:873][665]LogEditorViewport: Clicking on Actor (context menu): StaticMeshActor (Cylinder27)
[2017.12.31-14.20.30:442][363]LogInit: XAudio2 using 'Reproduktory (Realtek High Definition Audio)' : 2 channels at 48 kHz using 32 bits per sample (channel mask 0x3)
[2017.12.31-14.20.33:408][372]LogInit: XAudio2 using 'Reproduktory (Realtek High Definition Audio)' : 2 channels at 48 kHz using 32 bits per sample (channel mask 0x3)
[2017.12.31-14.26.06:723][486]LogSlate: Took 0.003104 seconds to synchronously load lazily loaded font '../../../Engine/Content/Slate/Fonts/Roboto-Light.ttf' (159K)
[2017.12.31-14.26.15:721][513]LogSlate: Took 0.000201 seconds to synchronously load lazily loaded font '../../../Engine/Content/Slate/Fonts/Roboto-Light.ttf' (159K)
[2017.12.31-14.26.15:752][513]Cmd: OBJ SAVEPACKAGE PACKAGE="/Game/_Levels/BattleGround" FILE="D:/repos/GWGame/GW_Game/Saved/Autosaves/Game/_Levels/BattleGround_Auto1.umap" SILENT=true AUTOSAVING=true KEEPDIRTY=false
[2017.12.31-14.26.16:036][513]LogSavePackage: Save=272.79ms
[2017.12.31-14.26.16:036][513]LogSavePackage: Moving 'D:/repos/GWGame/GW_Game/Saved/BattleGround_Auto18A1642AB42425789A33787BADF01A8C5.tmp' to 'D:/repos/GWGame/GW_Game/Saved/Autosaves/Game/_Levels/BattleGround_Auto1.umap'
[2017.12.31-14.26.16:039][513]LogSavePackage: Display: Finished SavePackage D:/repos/GWGame/GW_Game/Saved/Autosaves/Game/_Levels/BattleGround_Auto1.umap
[2017.12.31-14.26.16:042][513]LogFileHelpers: Editor autosave (incl. sublevels) for '/Game/_Levels/BattleGround' took 0.298
[2017.12.31-14.26.16:042][513]LogFileHelpers: Editor autosave (incl. sublevels) for all levels took 0.298
[2017.12.31-14.30.59:465][823]LogMaterial: Missing cached shader map for material M_SkyBox, compiling. 
[2017.12.31-14.30.59:486][823]LogMaterial: Missing cached shader map for material GridMaterial, compiling. 
[2017.12.31-14.30.59:518][823]LogSlate: Took 0.000264 seconds to synchronously load lazily loaded font '../../../Engine/Content/Slate/Fonts/Roboto-Regular.ttf' (155K)
[2017.12.31-14.30.59:772][823]LogRenderer: Reallocating scene render targets to support 1508x924 Format 10 NumSamples 1 (Frame:1).
[2017.12.31-14.32.37:204][909]LogEditorViewport: Clicking on Actor (LMB): StaticMeshActor (Cylinder6)
[2017.12.31-14.33.27:365][550]Cmd: OBJ SAVEPACKAGE PACKAGE="/Game/Characters/Heavy/Heavy_Barrel" FILE="D:/repos/GWGame/GW_Game/Content/Characters/Heavy/Heavy_Barrel.uasset" SILENT=true
[2017.12.31-14.33.27:385][550]LogSavePackage: Save=13.18ms
[2017.12.31-14.33.27:385][550]LogSavePackage: Moving 'D:/repos/GWGame/GW_Game/Saved/Heavy_Barrel1954E3294EF2CE477CB7CFAC103EE36A.tmp' to 'D:/repos/GWGame/GW_Game/Content/Characters/Heavy/Heavy_Barrel.uasset'
[2017.12.31-14.33.27:395][550]LogSavePackage: Display: Finished SavePackage D:/repos/GWGame/GW_Game/Content/Characters/Heavy/Heavy_Barrel.uasset
[2017.12.31-14.33.27:407][550]Cmd: OBJ SAVEPACKAGE PACKAGE="/Game/Characters/Assault/Assault_Turret" FILE="D:/repos/GWGame/GW_Game/Content/Characters/Assault/Assault_Turret.uasset" SILENT=true
[2017.12.31-14.33.27:427][550]LogSavePackage: Save=13.45ms
[2017.12.31-14.33.27:427][550]LogSavePackage: Moving 'D:/repos/GWGame/GW_Game/Saved/Assault_Turret73C713064FDC2C60F0DFA4A970A8D9B4.tmp' to 'D:/repos/GWGame/GW_Game/Content/Characters/Assault/Assault_Turret.uasset'
[2017.12.31-14.33.27:433][550]LogSavePackage: Display: Finished SavePackage D:/repos/GWGame/GW_Game/Content/Characters/Assault/Assault_Turret.uasset
[2017.12.31-14.33.27:444][550]Cmd: OBJ SAVEPACKAGE PACKAGE="/Game/Characters/Assault/Assault_Barrel" FILE="D:/repos/GWGame/GW_Game/Content/Characters/Assault/Assault_Barrel.uasset" SILENT=true
[2017.12.31-14.33.27:463][550]LogSavePackage: Save=12.76ms
[2017.12.31-14.33.27:463][550]LogSavePackage: Moving 'D:/repos/GWGame/GW_Game/Saved/Assault_Barrel6FE7F63E4EA7CD14C15A559B40BB109B.tmp' to 'D:/repos/GWGame/GW_Game/Content/Characters/Assault/Assault_Barrel.uasset'
[2017.12.31-14.33.27:469][550]LogSavePackage: Display: Finished SavePackage D:/repos/GWGame/GW_Game/Content/Characters/Assault/Assault_Barrel.uasset
[2017.12.31-14.33.27:482][550]Cmd: OBJ SAVEPACKAGE PACKAGE="/Game/Characters/Assault/Assault_Body" FILE="D:/repos/GWGame/GW_Game/Content/Characters/Assault/Assault_Body.uasset" SILENT=true
[2017.12.31-14.33.27:501][550]LogSavePackage: Save=12.23ms
[2017.12.31-14.33.27:501][550]LogSavePackage: Moving 'D:/repos/GWGame/GW_Game/Saved/Assault_BodyC360010043E213369B812C97CD0639F8.tmp' to 'D:/repos/GWGame/GW_Game/Content/Characters/Assault/Assault_Body.uasset'
[2017.12.31-14.33.27:506][550]LogSavePackage: Display: Finished SavePackage D:/repos/GWGame/GW_Game/Content/Characters/Assault/Assault_Body.uasset
[2017.12.31-14.33.27:518][550]Cmd: OBJ SAVEPACKAGE PACKAGE="/Game/Characters/Heavy/Heavy_Body" FILE="D:/repos/GWGame/GW_Game/Content/Characters/Heavy/Heavy_Body.uasset" SILENT=true
[2017.12.31-14.33.27:536][550]LogSavePackage: Save=12.57ms
[2017.12.31-14.33.27:537][550]LogSavePackage: Moving 'D:/repos/GWGame/GW_Game/Saved/Heavy_Body7047D8F74C65E6D31F79358CB352BC7E.tmp' to 'D:/repos/GWGame/GW_Game/Content/Characters/Heavy/Heavy_Body.uasset'
[2017.12.31-14.33.27:543][550]LogSavePackage: Display: Finished SavePackage D:/repos/GWGame/GW_Game/Content/Characters/Heavy/Heavy_Body.uasset
[2017.12.31-14.33.27:553][550]Cmd: OBJ SAVEPACKAGE PACKAGE="/Game/Characters/Heavy/Heavy_Turret" FILE="D:/repos/GWGame/GW_Game/Content/Characters/Heavy/Heavy_Turret.uasset" SILENT=true
[2017.12.31-14.33.27:573][550]LogSavePackage: Save=15.46ms
[2017.12.31-14.33.27:573][550]LogSavePackage: Moving 'D:/repos/GWGame/GW_Game/Saved/Heavy_TurretD1B113704B75352BBF6A299B9E17076A.tmp' to 'D:/repos/GWGame/GW_Game/Content/Characters/Heavy/Heavy_Turret.uasset'
[2017.12.31-14.33.27:578][550]LogSavePackage: Display: Finished SavePackage D:/repos/GWGame/GW_Game/Content/Characters/Heavy/Heavy_Turret.uasset
[2017.12.31-14.33.27:589][550]Cmd: OBJ SAVEPACKAGE PACKAGE="/Game/Characters/Sniper/Sniper_Barrel" FILE="D:/repos/GWGame/GW_Game/Content/Characters/Sniper/Sniper_Barrel.uasset" SILENT=true
[2017.12.31-14.33.27:608][550]LogSavePackage: Save=12.61ms
[2017.12.31-14.33.27:608][550]LogSavePackage: Moving 'D:/repos/GWGame/GW_Game/Saved/Sniper_BarrelED194BC040662C556B71F58E022462C1.tmp' to 'D:/repos/GWGame/GW_Game/Content/Characters/Sniper/Sniper_Barrel.uasset'
[2017.12.31-14.33.27:613][550]LogSavePackage: Display: Finished SavePackage D:/repos/GWGame/GW_Game/Content/Characters/Sniper/Sniper_Barrel.uasset
[2017.12.31-14.33.27:624][550]Cmd: OBJ SAVEPACKAGE PACKAGE="/Game/Characters/Sniper/Sniper_Body" FILE="D:/repos/GWGame/GW_Game/Content/Characters/Sniper/Sniper_Body.uasset" SILENT=true
[2017.12.31-14.33.27:640][550]LogSavePackage: Save=12.18ms
[2017.12.31-14.33.27:640][550]LogSavePackage: Moving 'D:/repos/GWGame/GW_Game/Saved/Sniper_BodyAB411BCC432996291765E99DBE6D633F.tmp' to 'D:/repos/GWGame/GW_Game/Content/Characters/Sniper/Sniper_Body.uasset'
[2017.12.31-14.33.27:645][550]LogSavePackage: Display: Finished SavePackage D:/repos/GWGame/GW_Game/Content/Characters/Sniper/Sniper_Body.uasset
[2017.12.31-14.33.27:656][550]Cmd: OBJ SAVEPACKAGE PACKAGE="/Game/Characters/Sniper/Sniper_Turret" FILE="D:/repos/GWGame/GW_Game/Content/Characters/Sniper/Sniper_Turret.uasset" SILENT=true
[2017.12.31-14.33.27:674][550]LogSavePackage: Save=14.67ms
[2017.12.31-14.33.27:674][550]LogSavePackage: Moving 'D:/repos/GWGame/GW_Game/Saved/Sniper_Turret76BE64F742C69485009F7FA86BBA1E09.tmp' to 'D:/repos/GWGame/GW_Game/Content/Characters/Sniper/Sniper_Turret.uasset'
[2017.12.31-14.33.27:680][550]LogSavePackage: Display: Finished SavePackage D:/repos/GWGame/GW_Game/Content/Characters/Sniper/Sniper_Turret.uasset
[2017.12.31-14.36.27:590][124]Cmd: OBJ SAVEPACKAGE PACKAGE="/Game/_Levels/BattleGround" FILE="D:/repos/GWGame/GW_Game/Saved/Autosaves/Game/_Levels/BattleGround_Auto2.umap" SILENT=true AUTOSAVING=true KEEPDIRTY=false
[2017.12.31-14.36.27:867][124]LogSavePackage: Save=264.87ms
[2017.12.31-14.36.27:867][124]LogSavePackage: Moving 'D:/repos/GWGame/GW_Game/Saved/BattleGround_Auto2D82A785346EF123488182EAC677FA8F7.tmp' to 'D:/repos/GWGame/GW_Game/Saved/Autosaves/Game/_Levels/BattleGround_Auto2.umap'
[2017.12.31-14.36.27:870][124]LogSavePackage: Display: Finished SavePackage D:/repos/GWGame/GW_Game/Saved/Autosaves/Game/_Levels/BattleGround_Auto2.umap
[2017.12.31-14.36.27:876][124]LogFileHelpers: Editor autosave (incl. sublevels) for '/Game/_Levels/BattleGround' took 0.298
[2017.12.31-14.36.27:876][124]LogFileHelpers: Editor autosave (incl. sublevels) for all levels took 0.298
[2017.12.31-14.39.44:248][251]LogContentBrowser: Native class hierarchy updated for 'BlueprintGraph' in 0.0014 seconds. Added 116 classes and 0 folders.
[2017.12.31-14.39.44:708][251]LogMaterial: Missing cached shader map for material PersonaFloorMat, compiling. 
[2017.12.31-14.40.00:500][230]LogMetaData: Removing '/Game/Characters/Assault/Assault_BP.Assault_BP:UserConstructionScript.K2Node_FunctionEntry_0' ref from Metadata '/Game/Characters/Assault/Assault.PackageMetaData'
[2017.12.31-14.40.00:500][230]LogMetaData: Removing '/Game/Characters/Assault/Assault_BP.SKEL_Assault_BP_C' ref from Metadata '/Game/Characters/Assault/Assault.PackageMetaData'
[2017.12.31-14.40.00:500][230]LogMetaData: Removing '/Game/Characters/Assault/Assault_BP.Assault_BP_C' ref from Metadata '/Game/Characters/Assault/Assault.PackageMetaData'
[2017.12.31-14.40.00:500][230]LogMetaData: Removing '/Game/Characters/Assault/Assault_BP.Assault_BP:EventGraph.K2Node_Event_0' ref from Metadata '/Game/Characters/Assault/Assault.PackageMetaData'
[2017.12.31-14.40.00:500][230]LogMetaData: Removing '/Game/Characters/Assault/Assault_BP.Assault_BP:EventGraph.K2Node_Event_1' ref from Metadata '/Game/Characters/Assault/Assault.PackageMetaData'
[2017.12.31-14.40.00:501][230]LogMetaData: Removing '/Game/Characters/Assault/Assault_BP.Assault_BP:EventGraph.K2Node_Event_2' ref from Metadata '/Game/Characters/Assault/Assault.PackageMetaData'
[2017.12.31-14.40.00:513][230]Cmd: OBJ SAVEPACKAGE PACKAGE="/Game/Characters/Assault/Assault_BP" FILE="D:/repos/GWGame/GW_Game/Content/Characters/Assault/Assault_BP.uasset" SILENT=true
[2017.12.31-14.40.00:527][230]LogSavePackage: Save=10.44ms
[2017.12.31-14.40.00:527][230]LogSavePackage: Moving 'D:/repos/GWGame/GW_Game/Saved/Assault_BP97733C024F5ADC5523685892F9324687.tmp' to 'D:/repos/GWGame/GW_Game/Content/Characters/Assault/Assault_BP.uasset'
[2017.12.31-14.40.00:533][230]LogSavePackage: Display: Finished SavePackage D:/repos/GWGame/GW_Game/Content/Characters/Assault/Assault_BP.uasset
[2017.12.31-14.43.49:189][386]Cmd: CLOSE_SLATE_MAINFRAME
[2017.12.31-14.46.51:091][961]Cmd: OBJ SAVEPACKAGE PACKAGE="/Game/_Levels/BattleGround" FILE="D:/repos/GWGame/GW_Game/Saved/Autosaves/Game/_Levels/BattleGround_Auto3.umap" SILENT=true AUTOSAVING=true KEEPDIRTY=false
[2017.12.31-14.46.51:393][961]LogSavePackage: Save=290.05ms
[2017.12.31-14.46.51:393][961]LogSavePackage: Moving 'D:/repos/GWGame/GW_Game/Saved/BattleGround_Auto33B67F5BE4202027623D4E49C605F8E87.tmp' to 'D:/repos/GWGame/GW_Game/Saved/Autosaves/Game/_Levels/BattleGround_Auto3.umap'
[2017.12.31-14.46.51:396][961]LogSavePackage: Display: Finished SavePackage D:/repos/GWGame/GW_Game/Saved/Autosaves/Game/_Levels/BattleGround_Auto3.umap
[2017.12.31-14.46.51:399][961]LogFileHelpers: Editor autosave (incl. sublevels) for '/Game/_Levels/BattleGround' took 0.375
[2017.12.31-14.46.51:399][961]LogFileHelpers: Editor autosave (incl. sublevels) for all levels took 0.375
[2017.12.31-14.48.00:355][686]LogMetaData: Removing '/Game/Characters/Heavy/Heavy_BP.Heavy_BP:UserConstructionScript.K2Node_FunctionEntry_0' ref from Metadata '/Game/Characters/Heavy/Tank_BP.PackageMetaData'
[2017.12.31-14.48.00:355][686]LogMetaData: Removing '/Game/Characters/Heavy/Heavy_BP.SKEL_Heavy_BP_C' ref from Metadata '/Game/Characters/Heavy/Tank_BP.PackageMetaData'
[2017.12.31-14.48.00:355][686]LogMetaData: Removing '/Game/Characters/Heavy/Heavy_BP.Heavy_BP_C' ref from Metadata '/Game/Characters/Heavy/Tank_BP.PackageMetaData'
[2017.12.31-14.48.00:355][686]LogMetaData: Removing '/Game/Characters/Heavy/Heavy_BP.Heavy_BP:EventGraph.K2Node_Event_0' ref from Metadata '/Game/Characters/Heavy/Tank_BP.PackageMetaData'
[2017.12.31-14.48.00:355][686]LogMetaData: Removing '/Game/Characters/Heavy/Heavy_BP.Heavy_BP:EventGraph.K2Node_Event_1' ref from Metadata '/Game/Characters/Heavy/Tank_BP.PackageMetaData'
[2017.12.31-14.48.00:356][686]LogMetaData: Removing '/Game/Characters/Heavy/Heavy_BP.Heavy_BP:EventGraph.K2Node_Event_2' ref from Metadata '/Game/Characters/Heavy/Tank_BP.PackageMetaData'
[2017.12.31-14.48.00:368][686]Cmd: OBJ SAVEPACKAGE PACKAGE="/Game/Characters/Heavy/Heavy_BP" FILE="D:/repos/GWGame/GW_Game/Content/Characters/Heavy/Heavy_BP.uasset" SILENT=true
[2017.12.31-14.48.00:381][686]LogSavePackage: Save=10.54ms
[2017.12.31-14.48.00:382][686]LogSavePackage: Moving 'D:/repos/GWGame/GW_Game/Saved/Heavy_BPEE157A844E31D80A151A628518C5A224.tmp' to 'D:/repos/GWGame/GW_Game/Content/Characters/Heavy/Heavy_BP.uasset'
[2017.12.31-14.48.00:388][686]LogSavePackage: Display: Finished SavePackage D:/repos/GWGame/GW_Game/Content/Characters/Heavy/Heavy_BP.uasset
[2017.12.31-14.48.26:201][985]Cmd: TRANSACTION UNDO
[2017.12.31-14.48.26:201][985]LogEditorTransaction: Undo Clicking on Actors
[2017.12.31-14.48.28:613][ 80]Cmd: TRANSACTION UNDO
[2017.12.31-14.48.28:613][ 80]LogEditorTransaction: Undo Clicking on Actors (context menu)
[2017.12.31-14.48.50:783][359]Cmd: CLOSE_SLATE_MAINFRAME
[2017.12.31-14.48.52:337][359]Cmd: OBJ SAVEPACKAGE PACKAGE="/Game/_Levels/BattleGround" FILE="D:/repos/GWGame/GW_Game/Content/_Levels/BattleGround.umap" SILENT=true AUTOSAVING=false KEEPDIRTY=false
[2017.12.31-14.48.52:641][359]LogSavePackage: Save=285.53ms
[2017.12.31-14.48.52:641][359]LogSavePackage: Moving 'D:/repos/GWGame/GW_Game/Saved/BattleGroundB424A2884E84EC9A0F8ED186696AA94F.tmp' to 'D:/repos/GWGame/GW_Game/Content/_Levels/BattleGround.umap'
[2017.12.31-14.48.52:648][359]LogSavePackage: Display: Finished SavePackage D:/repos/GWGame/GW_Game/Content/_Levels/BattleGround.umap
[2017.12.31-14.48.52:673][359]LogFileHelpers: Saving map 'BattleGround' took 0.496
[2017.12.31-14.48.52:983][360]Cmd: QUIT_EDITOR
[2017.12.31-14.48.53:043][360]LogWindowsTextInputMethodSystem: Display: IME system now deactivated.
[2017.12.31-14.48.53:052][360]LogExit: Preparing to exit.
[2017.12.31-14.48.53:577][360]LogExit: Editor shut down
[2017.12.31-14.48.53:580][360]LogExit: Transaction tracking system shut down
[2017.12.31-14.48.53:687][360]LogDirectoryWatcher: A directory notification for '../../../Engine/Content/' was aborted.
[2017.12.31-14.48.53:687][360]LogDirectoryWatcher: A directory notification for 'D:/repos/GWGame/GW_Game/Content/' was aborted.
[2017.12.31-14.48.53:687][360]LogDirectoryWatcher: A directory notification for '../../../Engine/Plugins/2D/Paper2D/Content/' was aborted.
[2017.12.31-14.48.53:687][360]LogDirectoryWatcher: A directory notification for '../../../Engine/Plugins/Media/MediaCompositing/Content/' was aborted.
[2017.12.31-14.48.53:687][360]LogDirectoryWatcher: A directory notification for '../../../Engine/Plugins/Runtime/AppleARKit/Content/' was aborted.
[2017.12.31-14.48.53:687][360]LogDirectoryWatcher: A directory notification for '../../../Engine/Plugins/Runtime/Oculus/OculusVR/Content/' was aborted.
[2017.12.31-14.48.53:688][360]LogDirectoryWatcher: A directory notification for '../../../Engine/Plugins/Runtime/Steam/SteamVR/Content/' was aborted.
[2017.12.31-14.48.53:749][360]LogExit: Object subsystem successfully closed.
[2017.12.31-14.48.53:771][360]LogD3D11RHI: Shutdown
[2017.12.31-14.48.53:771][360]LogD3D11RHI: CleanupD3DDevice
[2017.12.31-14.48.53:773][360]LogD3D11RHI: ~FD3D11DynamicRHI
[2017.12.31-14.48.53:840][360]LogModuleManager: Shutting down and abandoning module BlueprintGraph (554)
[2017.12.31-14.48.53:840][360]LogModuleManager: Shutting down and abandoning module StaticMeshEditor (552)
[2017.12.31-14.48.53:840][360]LogModuleManager: Shutting down and abandoning module HierarchicalLODOutliner (550)
[2017.12.31-14.48.53:840][360]LogModuleManager: Shutting down and abandoning module DesktopPlatform (548)
[2017.12.31-14.48.53:840][360]LogModuleManager: Shutting down and abandoning module SceneOutliner (546)
[2017.12.31-14.48.53:840][360]LogModuleManager: Shutting down and abandoning module AddContentDialog (544)
[2017.12.31-14.48.53:840][360]LogDirectoryWatcher: A directory notification for 'C:/Program Files/Epic Games/UE_4.18/FeaturePacks/' was aborted.
[2017.12.31-14.48.53:840][360]LogModuleManager: Shutting down and abandoning module WidgetCarousel (543)
[2017.12.31-14.48.53:840][360]LogModuleManager: Shutting down and abandoning module EditorWidgets (540)
[2017.12.31-14.48.53:840][360]LogModuleManager: Shutting down and abandoning module CollectionManager (538)
[2017.12.31-14.48.53:840][360]LogDirectoryWatcher: A directory notification for 'D:/repos/GWGame/GW_Game/Content/Collections/' was aborted.
[2017.12.31-14.48.53:840][360]LogDirectoryWatcher: A directory notification for 'D:/repos/GWGame/GW_Game/Content/Developers/uzivatel1/Collections/' was aborted.
[2017.12.31-14.48.53:841][360]LogDirectoryWatcher: A directory notification for 'D:/repos/GWGame/GW_Game/Saved/Collections/' was aborted.
[2017.12.31-14.48.53:841][360]LogModuleManager: Shutting down and abandoning module StatsViewer (536)
[2017.12.31-14.48.53:841][360]LogModuleManager: Shutting down and abandoning module FoliageEdit (534)
[2017.12.31-14.48.53:841][360]LogModuleManager: Shutting down and abandoning module LandscapeEditor (532)
[2017.12.31-14.48.53:841][360]LogModuleManager: Shutting down and abandoning module MeshPaintMode (530)
[2017.12.31-14.48.53:841][360]LogModuleManager: Shutting down and abandoning module SceneDepthPickerMode (528)
[2017.12.31-14.48.53:841][360]LogModuleManager: Shutting down and abandoning module ActorPickerMode (526)
[2017.12.31-14.48.53:841][360]LogModuleManager: Shutting down and abandoning module GeometryMode (524)
[2017.12.31-14.48.53:841][360]LogModuleManager: Shutting down and abandoning module TextureAlignMode (522)
[2017.12.31-14.48.53:841][360]LogModuleManager: Shutting down and abandoning module BspMode (520)
[2017.12.31-14.48.53:841][360]LogModuleManager: Shutting down and abandoning module PIEPreviewDeviceProfileSelector (518)
[2017.12.31-14.48.53:841][360]LogModuleManager: Shutting down and abandoning module HardwareSurvey (516)
[2017.12.31-14.48.53:841][360]LogModuleManager: Shutting down and abandoning module SequenceRecorderSections (514)
[2017.12.31-14.48.53:841][360]LogModuleManager: Shutting down and abandoning module AutomationWorker (512)
[2017.12.31-14.48.53:841][360]LogModuleManager: Shutting down and abandoning module MatineeToLevelSequence (510)
[2017.12.31-14.48.53:841][360]LogModuleManager: Shutting down and abandoning module LevelSequenceEditor (508)
[2017.12.31-14.48.53:841][360]LogModuleManager: Shutting down and abandoning module PlacementMode (507)
[2017.12.31-14.48.53:841][360]LogModuleManager: Shutting down and abandoning module WmfMediaFactory (504)
[2017.12.31-14.48.53:841][360]LogModuleManager: Shutting down and abandoning module WmfMediaEditor (502)
[2017.12.31-14.48.53:841][360]LogModuleManager: Shutting down and abandoning module OpenExrWrapper (500)
[2017.12.31-14.48.53:841][360]LogModuleManager: Shutting down and abandoning module ImgMediaFactory (498)
[2017.12.31-14.48.53:841][360]LogModuleManager: Shutting down and abandoning module ImgMediaEditor (496)
[2017.12.31-14.48.53:841][360]LogModuleManager: Shutting down and abandoning module AvfMediaFactory (494)
[2017.12.31-14.48.53:841][360]LogModuleManager: Shutting down and abandoning module AvfMediaEditor (492)
[2017.12.31-14.48.53:841][360]LogModuleManager: Shutting down and abandoning module AndroidMediaFactory (490)
[2017.12.31-14.48.53:841][360]LogModuleManager: Shutting down and abandoning module AndroidMediaEditor (488)
[2017.12.31-14.48.53:841][360]LogModuleManager: Shutting down and abandoning module CharacterAI (486)
[2017.12.31-14.48.53:841][360]LogModuleManager: Shutting down and abandoning module AudioCapture (484)
[2017.12.31-14.48.53:841][360]LogModuleManager: Shutting down and abandoning module SequenceRecorder (483)
[2017.12.31-14.48.53:841][360]LogModuleManager: Shutting down and abandoning module SmartSnapping (480)
[2017.12.31-14.48.53:841][360]LogModuleManager: Shutting down and abandoning module SessionServices (478)
[2017.12.31-14.48.53:841][360]LogModuleManager: Shutting down and abandoning module ViewportSnapping (476)
[2017.12.31-14.48.53:841][360]LogModuleManager: Shutting down and abandoning module ViewportInteraction (474)
[2017.12.31-14.48.53:841][360]LogModuleManager: Shutting down and abandoning module ClothPainter (472)
[2017.12.31-14.48.53:841][360]LogModuleManager: Shutting down and abandoning module SkeletalMeshEditor (471)
[2017.12.31-14.48.53:841][360]LogModuleManager: Shutting down and abandoning module LogVisualizer (468)
[2017.12.31-14.48.53:841][360]LogModuleManager: Shutting down and abandoning module IntroTutorials (466)
[2017.12.31-14.48.53:841][360]LogModuleManager: Shutting down and abandoning module GameProjectGeneration (465)
[2017.12.31-14.48.53:841][360]LogModuleManager: Shutting down and abandoning module IOSPlatformEditor (462)
[2017.12.31-14.48.53:841][360]LogModuleManager: Shutting down and abandoning module HTML5PlatformEditor (460)
[2017.12.31-14.48.53:841][360]LogModuleManager: Shutting down and abandoning module AndroidPlatformEditor (458)
[2017.12.31-14.48.53:841][360]LogModuleManager: Shutting down and abandoning module AndroidDeviceDetection (457)
[2017.12.31-14.48.54:067][360]LogModuleManager: Shutting down and abandoning module WindowsPlatformEditor (454)
[2017.12.31-14.48.54:067][360]LogModuleManager: Shutting down and abandoning module IOSRuntimeSettings (452)
[2017.12.31-14.48.54:067][360]LogModuleManager: Shutting down and abandoning module AndroidRuntimeSettings (450)
[2017.12.31-14.48.54:067][360]LogModuleManager: Shutting down and abandoning module InputBindingEditor (448)
[2017.12.31-14.48.54:067][360]LogModuleManager: Shutting down and abandoning module MergeActors (446)
[2017.12.31-14.48.54:067][360]LogModuleManager: Shutting down and abandoning module SizeMap (444)
[2017.12.31-14.48.54:067][360]LogModuleManager: Shutting down and abandoning module TreeMap (442)
[2017.12.31-14.48.54:067][360]LogModuleManager: Shutting down and abandoning module ReferenceViewer (440)
[2017.12.31-14.48.54:067][360]LogModuleManager: Shutting down and abandoning module LocalizationDashboard (438)
[2017.12.31-14.48.54:067][360]LogModuleManager: Shutting down and abandoning module LocalizationService (437)
[2017.12.31-14.48.54:067][360]LogModuleManager: Shutting down and abandoning module HardwareTargeting (434)
[2017.12.31-14.48.54:067][360]LogModuleManager: Shutting down and abandoning module DeviceProfileEditor (432)
[2017.12.31-14.48.54:067][360]LogModuleManager: Shutting down and abandoning module UndoHistory (430)
[2017.12.31-14.48.54:067][360]LogModuleManager: Shutting down and abandoning module XmlParser (428)
[2017.12.31-14.48.54:067][360]LogModuleManager: Shutting down and abandoning module Blutility (426)
[2017.12.31-14.48.54:067][360]LogModuleManager: Shutting down and abandoning module ProjectSettingsViewer (424)
[2017.12.31-14.48.54:067][360]LogModuleManager: Shutting down and abandoning module ProjectTargetPlatformEditor (423)
[2017.12.31-14.48.54:067][360]LogModuleManager: Shutting down and abandoning module EditorSettingsViewer (420)
[2017.12.31-14.48.54:067][360]LogModuleManager: Shutting down and abandoning module SettingsEditor (418)
[2017.12.31-14.48.54:067][360]LogModuleManager: Shutting down and abandoning module ProjectLauncher (416)
[2017.12.31-14.48.54:067][360]LogModuleManager: Shutting down and abandoning module SessionFrontend (414)
[2017.12.31-14.48.54:067][360]LogModuleManager: Shutting down and abandoning module ProfilerClient (412)
[2017.12.31-14.48.54:067][360]LogModuleManager: Shutting down and abandoning module DeviceManager (410)
[2017.12.31-14.48.54:067][360]LogModuleManager: Shutting down and abandoning module TargetDeviceServices (409)
[2017.12.31-14.48.54:133][360]LogModuleManager: Shutting down and abandoning module AutomationController (406)
[2017.12.31-14.48.54:133][360]LogModuleManager: Shutting down and abandoning module AutomationWindow (404)
[2017.12.31-14.48.54:133][360]LogModuleManager: Shutting down and abandoning module Layers (402)
[2017.12.31-14.48.54:133][360]LogModuleManager: Shutting down and abandoning module ComponentVisualizers (400)
[2017.12.31-14.48.54:133][360]LogModuleManager: Shutting down and abandoning module DetailCustomizations (398)
[2017.12.31-14.48.54:133][360]LogModuleManager: Shutting down and abandoning module PackagesDialog (396)
[2017.12.31-14.48.54:133][360]LogModuleManager: Shutting down and abandoning module Persona (394)
[2017.12.31-14.48.54:133][360]LogModuleManager: Shutting down and abandoning module AdvancedPreviewScene (393)
[2017.12.31-14.48.54:133][360]LogModuleManager: Shutting down and abandoning module AnimGraph (391)
[2017.12.31-14.48.54:133][360]LogModuleManager: Shutting down and abandoning module Kismet (388)
[2017.12.31-14.48.54:138][360]LogModuleManager: Shutting down and abandoning module ClassViewer (386)
[2017.12.31-14.48.54:139][360]LogModuleManager: Shutting down and abandoning module Toolbox (384)
[2017.12.31-14.48.54:139][360]LogModuleManager: Shutting down and abandoning module ModuleUI (382)
[2017.12.31-14.48.54:139][360]LogModuleManager: Shutting down and abandoning module MovieSceneTools (380)
[2017.12.31-14.48.54:139][360]LogModuleManager: Shutting down and abandoning module OutputLog (378)
[2017.12.31-14.48.54:139][360]LogModuleManager: Shutting down and abandoning module GammaUI (376)
[2017.12.31-14.48.54:139][360]LogModuleManager: Shutting down and abandoning module Documentation (374)
[2017.12.31-14.48.54:139][360]LogModuleManager: Shutting down and abandoning module MovieSceneTracks (372)
[2017.12.31-14.48.54:139][360]LogModuleManager: Shutting down and abandoning module MovieScene (370)
[2017.12.31-14.48.54:139][360]LogModuleManager: Shutting down and abandoning module StreamingPauseRendering (368)
[2017.12.31-14.48.54:139][360]LogModuleManager: Shutting down and abandoning module LauncherPlatform (366)
[2017.12.31-14.48.54:139][360]LogModuleManager: Shutting down and abandoning module AnalyticsET (364)
[2017.12.31-14.48.54:139][360]LogModuleManager: Shutting down and abandoning module PortalServices (362)
[2017.12.31-14.48.54:139][360]LogModuleManager: Shutting down and abandoning module PortalRpc (360)
[2017.12.31-14.48.54:139][360]LogModuleManager: Shutting down and abandoning module MessagingRpc (358)
[2017.12.31-14.48.54:139][360]LogModuleManager: Shutting down and abandoning module AIModule (356)
[2017.12.31-14.48.54:139][360]LogModuleManager: Shutting down and abandoning module GameplayDebugger (355)
[2017.12.31-14.48.54:140][360]LogModuleManager: Shutting down and abandoning module AITestSuite (353)
[2017.12.31-14.48.54:140][360]LogModuleManager: Shutting down and abandoning module ProfilerService (350)
[2017.12.31-14.48.54:253][360]LogModuleManager: Shutting down and abandoning module TaskGraph (348)
[2017.12.31-14.48.54:253][360]LogModuleManager: Shutting down and abandoning module SteamVRController (346)
[2017.12.31-14.48.54:253][360]LogModuleManager: Shutting down and abandoning module ProceduralMeshComponentEditor (344)
[2017.12.31-14.48.54:253][360]LogModuleManager: Shutting down and abandoning module ProceduralMeshComponent (342)
[2017.12.31-14.48.54:253][360]LogModuleManager: Shutting down and abandoning module OculusInput (340)
[2017.12.31-14.48.54:253][360]LogModuleManager: Shutting down and abandoning module MobilePatchingUtils (338)
[2017.12.31-14.48.54:253][360]LogModuleManager: Shutting down and abandoning module CustomMeshComponent (336)
[2017.12.31-14.48.54:253][360]LogModuleManager: Shutting down and abandoning module CableComponent (334)
[2017.12.31-14.48.54:253][360]LogModuleManager: Shutting down and abandoning module ArchVisCharacter (332)
[2017.12.31-14.48.54:253][360]LogModuleManager: Shutting down and abandoning module AndroidPermission (330)
[2017.12.31-14.48.54:253][360]LogModuleManager: Shutting down and abandoning module ActorSequence (326)
[2017.12.31-14.48.54:253][360]LogModuleManager: Shutting down and abandoning module MediaPlayerEditor (324)
[2017.12.31-14.48.54:253][360]LogModuleManager: Shutting down and abandoning module MediaCompositingEditor (322)
[2017.12.31-14.48.54:253][360]LogModuleManager: Shutting down and abandoning module MediaCompositing (320)
[2017.12.31-14.48.54:253][360]LogModuleManager: Shutting down and abandoning module HTML5Networking (318)
[2017.12.31-14.48.54:253][360]LogModuleManager: Shutting down and abandoning module AlembicImporter (316)
[2017.12.31-14.48.54:253][360]LogModuleManager: Shutting down and abandoning module AlembicLibrary (315)
[2017.12.31-14.48.54:253][360]LogModuleManager: Shutting down and abandoning module GeometryCache (314)
[2017.12.31-14.48.54:253][360]LogModuleManager: Shutting down and abandoning module GeometryCacheEd (313)
[2017.12.31-14.48.54:253][360]LogModuleManager: Shutting down and abandoning module SpeedTreeImporter (308)
[2017.12.31-14.48.54:253][360]LogModuleManager: Shutting down and abandoning module PluginBrowser (306)
[2017.12.31-14.48.54:253][360]LogModuleManager: Shutting down and abandoning module MobileLauncherProfileWizard (304)
[2017.12.31-14.48.54:253][360]LogModuleManager: Shutting down and abandoning module VisualStudioSourceCodeAccess (302)
[2017.12.31-14.48.54:253][360]LogModuleManager: Shutting down and abandoning module VisualStudioCodeSourceCodeAccess (300)
[2017.12.31-14.48.54:253][360]LogModuleManager: Shutting down and abandoning module UObjectPlugin (298)
[2017.12.31-14.48.54:253][360]LogModuleManager: Shutting down and abandoning module SubversionSourceControl (296)
[2017.12.31-14.48.54:253][360]LogModuleManager: Shutting down and abandoning module PerforceSourceControl (294)
[2017.12.31-14.48.54:253][360]LogModuleManager: Shutting down and abandoning module GitSourceControl (292)
[2017.12.31-14.48.54:253][360]LogModuleManager: Shutting down and abandoning module SourceControl (291)
[2017.12.31-14.48.54:253][360]LogModuleManager: Shutting down and abandoning module LightPropagationVolumeEditor (288)
[2017.12.31-14.48.54:253][360]LogModuleManager: Shutting down and abandoning module PaperTiledImporter (286)
[2017.12.31-14.48.54:253][360]LogModuleManager: Shutting down and abandoning module PaperSpriteSheetImporter (284)
[2017.12.31-14.48.54:253][360]LogModuleManager: Shutting down and abandoning module Paper2DEditor (282)
[2017.12.31-14.48.54:253][360]LogModuleManager: Shutting down and abandoning module MeshPaint (281)
[2017.12.31-14.48.54:254][360]LogModuleManager: Shutting down and abandoning module LevelEditor (279)
[2017.12.31-14.48.54:254][360]LogModuleManager: Shutting down and abandoning module PixelInspectorModule (278)
[2017.12.31-14.48.54:254][360]LogModuleManager: Shutting down and abandoning module MainFrame (276)
[2017.12.31-14.48.54:254][360]LogModuleManager: Shutting down and abandoning module HotReload (275)
[2017.12.31-14.48.54:254][360]LogDirectoryWatcher: A directory notification for 'D:/repos/GWGame/GW_Game/Binaries/Win64' was aborted.
[2017.12.31-14.48.54:255][360]LogModuleManager: Shutting down and abandoning module GW_Game (270)
[2017.12.31-14.48.54:255][360]LogModuleManager: Shutting down and abandoning module RuntimePhysXCooking (268)
[2017.12.31-14.48.54:255][360]LogModuleManager: Shutting down and abandoning module PhysXVehiclesEditor (266)
[2017.12.31-14.48.54:255][360]LogModuleManager: Shutting down and abandoning module PhysXVehicles (264)
[2017.12.31-14.48.54:255][360]LogModuleManager: Shutting down and abandoning module OculusEditor (262)
[2017.12.31-14.48.54:255][360]LogModuleManager: Shutting down and abandoning module LocationServicesBPLibrary (260)
[2017.12.31-14.48.54:255][360]LogModuleManager: Shutting down and abandoning module ImmediatePhysicsEditor (258)
[2017.12.31-14.48.54:255][360]LogModuleManager: Shutting down and abandoning module ImmediatePhysics (256)
[2017.12.31-14.48.54:255][360]LogModuleManager: Shutting down and abandoning module UdpMessaging (254)
[2017.12.31-14.48.54:356][360]LogModuleManager: Shutting down and abandoning module TcpMessaging (252)
[2017.12.31-14.48.54:457][360]LogModuleManager: Shutting down and abandoning module GameplayTagsEditor (250)
[2017.12.31-14.48.54:457][360]LogModuleManager: Shutting down and abandoning module FacialAnimationEditor (248)
[2017.12.31-14.48.54:457][360]LogModuleManager: Shutting down and abandoning module FacialAnimation (246)
[2017.12.31-14.48.54:457][360]LogModuleManager: Shutting down and abandoning module AssetManagerEditor (244)
[2017.12.31-14.48.54:457][360]LogModuleManager: Shutting down and abandoning module GraphEditor (243)
[2017.12.31-14.48.54:457][360]LogModuleManager: Shutting down and abandoning module ContentBrowser (241)
[2017.12.31-14.48.54:457][360]LogModuleManager: Shutting down and abandoning module LightPropagationVolumeRuntime (238)
[2017.12.31-14.48.54:457][360]LogModuleManager: Shutting down and abandoning module Paper2D (236)
[2017.12.31-14.48.54:457][360]LogModuleManager: Shutting down and abandoning module WindowsMoviePlayer (234)
[2017.12.31-14.48.54:457][360]LogModuleManager: Shutting down and abandoning module WmfMedia (232)
[2017.12.31-14.48.54:459][360]LogModuleManager: Shutting down and abandoning module ImgMedia (230)
[2017.12.31-14.48.54:459][360]LogModuleManager: Shutting down and abandoning module PacketHandler (228)
[2017.12.31-14.48.54:459][360]LogModuleManager: Shutting down and abandoning module ClothingSystemEditor (226)
[2017.12.31-14.48.54:459][360]LogModuleManager: Shutting down and abandoning module ClothingSystemRuntime (224)
[2017.12.31-14.48.54:459][360]LogModuleManager: Shutting down and abandoning module MediaAssets (222)
[2017.12.31-14.48.54:459][360]LogModuleManager: Shutting down and abandoning module Media (221)
[2017.12.31-14.48.54:465][360]LogModuleManager: Shutting down and abandoning module Overlay (218)
[2017.12.31-14.48.54:465][360]LogModuleManager: Shutting down and abandoning module OverlayEditor (217)
[2017.12.31-14.48.54:465][360]LogModuleManager: Shutting down and abandoning module VREditor (214)
[2017.12.31-14.48.54:465][360]LogModuleManager: Shutting down and abandoning module StringTableEditor (212)
[2017.12.31-14.48.54:465][360]LogModuleManager: Shutting down and abandoning module GameplayTasksEditor (210)
[2017.12.31-14.48.54:465][360]LogModuleManager: Shutting down and abandoning module BehaviorTreeEditor (208)
[2017.12.31-14.48.54:465][360]LogModuleManager: Shutting down and abandoning module FunctionalTesting (206)
[2017.12.31-14.48.54:465][360]LogModuleManager: Shutting down and abandoning module CollisionAnalyzer (204)
[2017.12.31-14.48.54:465][360]LogModuleManager: Shutting down and abandoning module WorkspaceMenuStructure (203)
[2017.12.31-14.48.54:465][360]LogModuleManager: Shutting down and abandoning module UMG (200)
[2017.12.31-14.48.54:465][360]LogModuleManager: Shutting down and abandoning module UMGEditor (199)
[2017.12.31-14.48.54:465][360]LogModuleManager: Shutting down and abandoning module Sequencer (198)
[2017.12.31-14.48.54:465][360]LogModuleManager: Shutting down and abandoning module MessageLog (195)
[2017.12.31-14.48.54:465][360]LogModuleManager: Shutting down and abandoning module SlateReflector (190)
[2017.12.31-14.48.54:465][360]LogModuleManager: Shutting down and abandoning module Slate (188)
[2017.12.31-14.48.54:465][360]LogModuleManager: Shutting down and abandoning module EditorStyle (186)
[2017.12.31-14.48.54:469][360]LogModuleManager: Shutting down and abandoning module MRMesh (184)
[2017.12.31-14.48.54:469][360]LogModuleManager: Shutting down and abandoning module SourceCodeAccess (182)
[2017.12.31-14.48.54:470][360]LogModuleManager: Shutting down and abandoning module HeadMountedDisplay (180)
[2017.12.31-14.48.54:470][360]LogModuleManager: Shutting down and abandoning module XAudio2 (178)
[2017.12.31-14.48.54:470][360]LogModuleManager: Shutting down and abandoning module Networking (176)
[2017.12.31-14.48.54:470][360]LogModuleManager: Shutting down and abandoning module Core (172)
[2017.12.31-14.48.54:470][360]LogModuleManager: Shutting down and abandoning module LevelSequence (168)
[2017.12.31-14.48.54:470][360]LogModuleManager: Shutting down and abandoning module DirectoryWatcher (166)
[2017.12.31-14.48.54:470][360]LogModuleManager: Shutting down and abandoning module KismetCompiler (164)
[2017.12.31-14.48.54:470][360]LogModuleManager: Shutting down and abandoning module MeshUtilities (162)
[2017.12.31-14.48.54:470][360]LogModuleManager: Shutting down and abandoning module MeshMergeUtilities (161)
[2017.12.31-14.48.54:470][360]LogModuleManager: Shutting down and abandoning module MeshReductionInterface (160)
[2017.12.31-14.48.54:470][360]LogModuleManager: Shutting down and abandoning module SimplygonSwarm (159)
[2017.12.31-14.48.54:470][360]LogModuleManager: Shutting down and abandoning module SimplygonMeshReduction (157)
[2017.12.31-14.48.54:470][360]LogModuleManager: Shutting down and abandoning module QuadricMeshReduction (155)
[2017.12.31-14.48.54:470][360]LogModuleManager: Shutting down and abandoning module MaterialBaking (151)
[2017.12.31-14.48.54:470][360]LogModuleManager: Shutting down and abandoning module DerivedDataCache (148)
[2017.12.31-14.48.54:472][360]LogDerivedDataCache: Shutdown
[2017.12.31-14.48.54:472][360]LogModuleManager: Shutting down and abandoning module TargetPlatform (146)
[2017.12.31-14.48.54:472][360]LogModuleManager: Shutting down and abandoning module VulkanShaderFormat (145)
[2017.12.31-14.48.54:472][360]LogModuleManager: Shutting down and abandoning module ShaderFormatVectorVM (143)
[2017.12.31-14.48.54:472][360]LogModuleManager: Shutting down and abandoning module ShaderFormatOpenGL (141)
[2017.12.31-14.48.54:472][360]LogModuleManager: Shutting down and abandoning module ShaderFormatD3D (139)
[2017.12.31-14.48.54:472][360]LogModuleManager: Shutting down and abandoning module MetalShaderFormat (137)
[2017.12.31-14.48.54:472][360]LogModuleManager: Shutting down and abandoning module TextureFormatUncompressed (135)
[2017.12.31-14.48.54:472][360]LogModuleManager: Shutting down and abandoning module TextureFormatPVR (133)
[2017.12.31-14.48.54:472][360]LogModuleManager: Shutting down and abandoning module TextureFormatDXT (131)
[2017.12.31-14.48.54:472][360]LogModuleManager: Shutting down and abandoning module TextureFormatIntelISPCTexComp (129)
[2017.12.31-14.48.54:472][360]LogModuleManager: Shutting down and abandoning module TextureFormatASTC (127)
[2017.12.31-14.48.54:472][360]LogModuleManager: Shutting down and abandoning module ImageWrapper (126)
[2017.12.31-14.48.54:472][360]LogModuleManager: Shutting down and abandoning module TextureFormatAndroid (123)
[2017.12.31-14.48.54:472][360]LogModuleManager: Shutting down and abandoning module AudioFormatOpus (121)
[2017.12.31-14.48.54:472][360]LogModuleManager: Shutting down and abandoning module AudioFormatOgg (119)
[2017.12.31-14.48.54:472][360]LogModuleManager: Shutting down and abandoning module AudioFormatADPCM (117)
[2017.12.31-14.48.54:472][360]LogModuleManager: Shutting down and abandoning module LinuxTargetPlatform (115)
[2017.12.31-14.48.54:472][360]LogModuleManager: Shutting down and abandoning module LinuxServerTargetPlatform (113)
[2017.12.31-14.48.54:472][360]LogModuleManager: Shutting down and abandoning module LinuxNoEditorTargetPlatform (111)
[2017.12.31-14.48.54:472][360]LogModuleManager: Shutting down and abandoning module LinuxClientTargetPlatform (109)
[2017.12.31-14.48.54:472][360]LogModuleManager: Shutting down and abandoning module TVOSTargetPlatform (107)
[2017.12.31-14.48.54:472][360]LogModuleManager: Shutting down and abandoning module Messaging (105)
[2017.12.31-14.48.54:472][360]LogModuleManager: Shutting down and abandoning module IOSTargetPlatform (103)
[2017.12.31-14.48.54:472][360]LogModuleManager: Shutting down and abandoning module HTML5TargetPlatform (101)
[2017.12.31-14.48.54:472][360]LogModuleManager: Shutting down and abandoning module AndroidTargetPlatform (99)
[2017.12.31-14.48.54:472][360]LogModuleManager: Shutting down and abandoning module Android_PVRTCTargetPlatform (97)
[2017.12.31-14.48.54:472][360]LogModuleManager: Shutting down and abandoning module Android_MultiTargetPlatform (95)
[2017.12.31-14.48.54:472][360]LogModuleManager: Shutting down and abandoning module Android_ETC2TargetPlatform (93)
[2017.12.31-14.48.54:472][360]LogModuleManager: Shutting down and abandoning module Android_ETC1TargetPlatform (91)
[2017.12.31-14.48.54:472][360]LogModuleManager: Shutting down and abandoning module Android_DXTTargetPlatform (89)
[2017.12.31-14.48.54:472][360]LogModuleManager: Shutting down and abandoning module Android_ATCTargetPlatform (87)
[2017.12.31-14.48.54:472][360]LogModuleManager: Shutting down and abandoning module Android_ASTCTargetPlatform (85)
[2017.12.31-14.48.54:472][360]LogModuleManager: Shutting down and abandoning module WindowsTargetPlatform (83)
[2017.12.31-14.48.54:472][360]LogModuleManager: Shutting down and abandoning module WindowsServerTargetPlatform (81)
[2017.12.31-14.48.54:472][360]LogModuleManager: Shutting down and abandoning module WindowsNoEditorTargetPlatform (79)
[2017.12.31-14.48.54:472][360]LogModuleManager: Shutting down and abandoning module WindowsClientTargetPlatform (77)
[2017.12.31-14.48.54:472][360]LogModuleManager: Shutting down and abandoning module MacTargetPlatform (75)
[2017.12.31-14.48.54:473][360]LogModuleManager: Shutting down and abandoning module MacServerTargetPlatform (73)
[2017.12.31-14.48.54:473][360]LogModuleManager: Shutting down and abandoning module MacNoEditorTargetPlatform (71)
[2017.12.31-14.48.54:473][360]LogModuleManager: Shutting down and abandoning module MacClientTargetPlatform (69)
[2017.12.31-14.48.54:473][360]LogModuleManager: Shutting down and abandoning module AllDesktopTargetPlatform (67)
[2017.12.31-14.48.54:473][360]LogModuleManager: Shutting down and abandoning module InputCore (64)
[2017.12.31-14.48.54:473][360]LogModuleManager: Shutting down and abandoning module Settings (62)
[2017.12.31-14.48.54:473][360]LogModuleManager: Shutting down and abandoning module PhysXCooking (60)
[2017.12.31-14.48.54:473][360]LogModuleManager: Shutting down and abandoning module SteamVR (58)
[2017.12.31-14.48.54:473][360]LogModuleManager: Shutting down and abandoning module OculusHMD (56)
[2017.12.31-14.48.54:473][360]LogModuleManager: Shutting down and abandoning module ExampleDeviceProfileSelector (54)
[2017.12.31-14.48.54:473][360]LogModuleManager: Shutting down and abandoning module AppleARKit (52)
[2017.12.31-14.48.54:473][360]LogModuleManager: Shutting down and abandoning module AugmentedReality (51)
[2017.12.31-14.48.54:473][360]LogModuleManager: Shutting down and abandoning module OnlineBlueprintSupport (48)
[2017.12.31-14.48.54:473][360]LogModuleManager: Shutting down and abandoning module OnlineSubsystem (44)
[2017.12.31-14.48.54:473][360]LogModuleManager: Shutting down and abandoning module XMPP (43)
[2017.12.31-14.48.54:473][360]LogModuleManager: Shutting down and abandoning module HTTP (41)
[2017.12.31-14.48.54:473][360]LogHttp: Display: Http module shutting down, but needs to wait on 1 outstanding Http requests:
[2017.12.31-14.48.54:473][360]LogHttp: Display: 	verb=[POST] url=[https://datarouter.ol.epicgames.com/datarouter/api/v1/public/data?SessionID=%7BD099CF16-4B84-804C-EED3-5DADCA808EA5%7D&AppID=UEEditor.Rocket.Release&AppVersion=4.18.2-3794801%2B%2B%2BUE4%2BRelease-4.18&UserID=cc42ddc2440a28282bc68e8490f26174%7C4ceece949fa540afa05284edb250037f%7C0bebcf97-a808-44ca-9c7d-125cb113877c&AppEnvironment=datacollector-binary&UploadType=eteventstream] status=Processing
[2017.12.31-14.48.54:506][360]LogModuleManager: Shutting down and abandoning module SSL (40)
[2017.12.31-14.48.54:507][360]LogModuleManager: Shutting down and abandoning module AnimationModifiers (36)
[2017.12.31-14.48.54:507][360]LogModuleManager: Shutting down and abandoning module PropertyEditor (35)
[2017.12.31-14.48.54:508][360]LogModuleManager: Shutting down and abandoning module AudioEditor (32)
[2017.12.31-14.48.54:508][360]LogModuleManager: Shutting down and abandoning module TextureCompressor (30)
[2017.12.31-14.48.54:508][360]LogModuleManager: Shutting down and abandoning module ShaderCore (28)
[2017.12.31-14.48.54:508][360]LogModuleManager: Shutting down and abandoning module Landscape (26)
[2017.12.31-14.48.54:508][360]LogModuleManager: Shutting down and abandoning module SlateRHIRenderer (24)
[2017.12.31-14.48.54:508][360]LogModuleManager: Shutting down and abandoning module OpenGLDrv (22)
[2017.12.31-14.48.54:508][360]LogModuleManager: Shutting down and abandoning module D3D11RHI (20)
[2017.12.31-14.48.54:508][360]LogModuleManager: Shutting down and abandoning module AnimGraphRuntime (18)
[2017.12.31-14.48.54:508][360]LogModuleManager: Shutting down and abandoning module Renderer (16)
[2017.12.31-14.48.54:508][360]LogModuleManager: Shutting down and abandoning module Engine (14)
[2017.12.31-14.48.54:508][360]LogModuleManager: Shutting down and abandoning module CoreUObject (12)
[2017.12.31-14.48.54:508][360]LogModuleManager: Shutting down and abandoning module NetworkFile (10)
[2017.12.31-14.48.54:508][360]LogModuleManager: Shutting down and abandoning module CookedIterativeFile (8)
[2017.12.31-14.48.54:508][360]LogModuleManager: Shutting down and abandoning module StreamingFile (6)
[2017.12.31-14.48.54:508][360]LogModuleManager: Shutting down and abandoning module SandboxFile (4)
[2017.12.31-14.48.54:508][360]LogModuleManager: Shutting down and abandoning module PakFile (2)
[2017.12.31-14.48.54:511][360]LogExit: Exiting.
[2017.12.31-14.48.54:521][360]Log file closed, 12/31/17 15:48:54
