Log file open, 01/03/18 16:17:26
LogWindows: Failed to load 'aqProf.dll' (GetLastError=126)
LogWindows: File 'aqProf.dll' does not exist
LogWindows: Failed to load 'VSPerf140.dll' (GetLastError=126)
LogWindows: File 'VSPerf140.dll' does not exist
LogWindows: Failed to load 'VtuneApi.dll' (GetLastError=126)
LogWindows: File 'VtuneApi.dll' does not exist
LogWindows: Failed to load 'VtuneApi32e.dll' (GetLastError=126)
LogWindows: File 'VtuneApi32e.dll' does not exist
LogInit: Display: Running engine for game: GW_Game
LogPlatformFile: Not using cached read wrapper
LogInit: Display: RandInit(84570298) SRandInit(84570298).
LogInit: Read version file with build ID '3709383'
LogInit: Overriding engine version to CL 3794801, compatible CL 3709383
LogInit: Registered custom module enumerator with build ID '3709383'
LogTaskGraph: Started task graph with 5 named threads and 14 total threads with 3 sets of task threads.
LogStats: Stats thread started at 0.752271
LogD3D11RHI: Aftermath initialized
LogPluginManager: Mounting plugin Paper2D
LogPluginManager: Mounting plugin LightPropagationVolume
LogPluginManager: Mounting plugin CodeLiteSourceCodeAccess
LogPluginManager: Mounting plugin GitSourceControl
LogPluginManager: Mounting plugin KDevelopSourceCodeAccess
LogPluginManager: Mounting plugin NullSourceCodeAccess
LogPluginManager: Mounting plugin PerforceSourceControl
LogPluginManager: Mounting plugin SubversionSourceControl
LogPluginManager: Mounting plugin UObjectPlugin
LogPluginManager: Mounting plugin VisualStudioCodeSourceCodeAccess
LogPluginManager: Mounting plugin VisualStudioSourceCodeAccess
LogPluginManager: Mounting plugin XCodeSourceCodeAccess
LogPluginManager: Mounting plugin AssetManagerEditor
LogPluginManager: Mounting plugin AudioCapture
LogPluginManager: Mounting plugin FacialAnimation
LogPluginManager: Mounting plugin GameplayTagsEditor
LogPluginManager: Mounting plugin MobileLauncherProfileWizard
LogPluginManager: Mounting plugin PluginBrowser
LogPluginManager: Mounting plugin SpeedTreeImporter
LogPluginManager: Mounting plugin AlembicImporter
LogPluginManager: Mounting plugin CharacterAI
LogPluginManager: Mounting plugin HTML5Networking
LogPluginManager: Mounting plugin AndroidMedia
LogPluginManager: Mounting plugin AvfMedia
LogPluginManager: Mounting plugin ImgMedia
LogPluginManager: Mounting plugin MediaCompositing
LogPluginManager: Mounting plugin MediaPlayerEditor
LogPluginManager: Mounting plugin WmfMedia
LogPluginManager: Mounting plugin TcpMessaging
LogPluginManager: Mounting plugin UdpMessaging
LogPluginManager: Mounting plugin ActorSequence
LogPluginManager: Mounting plugin LevelSequenceEditor
LogPluginManager: Mounting plugin MatineeToLevelSequence
LogPluginManager: Mounting plugin OnlineSubsystemGooglePlay
LogPluginManager: Mounting plugin OnlineSubsystemIOS
LogPluginManager: Mounting plugin OnlineSubsystem
LogPluginManager: Mounting plugin OnlineSubsystemNull
LogPluginManager: Mounting plugin OnlineSubsystemUtils
LogPluginManager: Mounting plugin AndroidDeviceProfileSelector
LogPluginManager: Mounting plugin AndroidMoviePlayer
LogPluginManager: Mounting plugin AndroidPermission
LogPluginManager: Mounting plugin AppleARKit
LogPluginManager: Mounting plugin AppleMoviePlayer
LogPluginManager: Mounting plugin ArchVisCharacter
LogPluginManager: Mounting plugin CableComponent
LogPluginManager: Mounting plugin CustomMeshComponent
LogPluginManager: Mounting plugin ExampleDeviceProfileSelector
LogPluginManager: Mounting plugin GoogleCloudMessaging
LogPluginManager: Mounting plugin ImmediatePhysics
LogPluginManager: Mounting plugin IOSDeviceProfileSelector
LogPluginManager: Mounting plugin LinuxDeviceProfileSelector
LogPluginManager: Mounting plugin LocationServicesBPLibrary
LogPluginManager: Mounting plugin MobilePatchingUtils
LogPluginManager: Mounting plugin OculusVR
LogPluginManager: Plugin shader directory ../../../Engine/Plugins/Runtime/Oculus/OculusVR/Shaders found
LogPluginManager: Mapping shader source directory ../../../Engine/Plugins/Runtime/Oculus/OculusVR/Shaders to virtual directory /Plugin/OculusVR
LogPluginManager: Mounting plugin PhysXVehicles
LogPluginManager: Mounting plugin ProceduralMeshComponent
LogPluginManager: Mounting plugin RuntimePhysXCooking
LogPluginManager: Mounting plugin SteamVR
LogPluginManager: Mounting plugin WindowsMoviePlayer
LogModuleManager: Display: Found up-to-date module file D:/repos/GWGame/GW_Game/Binaries/Win64/UE4Editor-GW_Game-1389.dll (API version 3709383).
LogModuleManager: Display: Found up-to-date module file ../../../Engine/Plugins/2D/Paper2D/Binaries/Win64/UE4Editor-Paper2D.dll (API version 3709383).
LogModuleManager: Display: Found up-to-date module file ../../../Engine/Plugins/2D/Paper2D/Binaries/Win64/UE4Editor-Paper2DEditor.dll (API version 3709383).
LogModuleManager: Display: Found up-to-date module file ../../../Engine/Plugins/2D/Paper2D/Binaries/Win64/UE4Editor-PaperSpriteSheetImporter.dll (API version 3709383).
LogModuleManager: Display: Found up-to-date module file ../../../Engine/Plugins/2D/Paper2D/Binaries/Win64/UE4Editor-PaperTiledImporter.dll (API version 3709383).
LogModuleManager: Display: Found up-to-date module file ../../../Engine/Plugins/2D/Paper2D/Binaries/Win64/UE4Editor-SmartSnapping.dll (API version 3709383).
LogModuleManager: Display: Found up-to-date module file ../../../Engine/Plugins/Blendables/LightPropagationVolume/Binaries/Win64/UE4Editor-LightPropagationVolumeRuntime.dll (API version 3709383).
LogModuleManager: Display: Found up-to-date module file ../../../Engine/Plugins/Blendables/LightPropagationVolume/Binaries/Win64/UE4Editor-LightPropagationVolumeEditor.dll (API version 3709383).
LogModuleManager: Display: Found up-to-date module file ../../../Engine/Plugins/Developer/GitSourceControl/Binaries/Win64/UE4Editor-GitSourceControl.dll (API version 3709383).
LogModuleManager: Display: Found up-to-date module file ../../../Engine/Plugins/Developer/PerforceSourceControl/Binaries/Win64/UE4Editor-PerforceSourceControl.dll (API version 3709383).
LogModuleManager: Display: Found up-to-date module file ../../../Engine/Plugins/Developer/SubversionSourceControl/Binaries/Win64/UE4Editor-SubversionSourceControl.dll (API version 3709383).
LogModuleManager: Display: Found up-to-date module file ../../../Engine/Plugins/Developer/UObjectPlugin/Binaries/Win64/UE4Editor-UObjectPlugin.dll (API version 3709383).
LogModuleManager: Display: Found up-to-date module file ../../../Engine/Plugins/Developer/VisualStudioCodeSourceCodeAccess/Binaries/Win64/UE4Editor-VisualStudioCodeSourceCodeAccess.dll (API version 3709383).
LogModuleManager: Display: Found up-to-date module file ../../../Engine/Plugins/Developer/VisualStudioSourceCodeAccess/Binaries/Win64/UE4Editor-VisualStudioSourceCodeAccess.dll (API version 3709383).
LogModuleManager: Display: Found up-to-date module file ../../../Engine/Plugins/Editor/AssetManagerEditor/Binaries/Win64/UE4Editor-AssetManagerEditor.dll (API version 3709383).
LogModuleManager: Display: Found up-to-date module file ../../../Engine/Plugins/Editor/AudioCapture/Binaries/Win64/UE4Editor-AudioCapture.dll (API version 3709383).
LogModuleManager: Display: Found up-to-date module file ../../../Engine/Plugins/Editor/FacialAnimation/Binaries/Win64/UE4Editor-FacialAnimation.dll (API version 3709383).
LogModuleManager: Display: Found up-to-date module file ../../../Engine/Plugins/Editor/FacialAnimation/Binaries/Win64/UE4Editor-FacialAnimationEditor.dll (API version 3709383).
LogModuleManager: Display: Found up-to-date module file ../../../Engine/Plugins/Editor/GameplayTagsEditor/Binaries/Win64/UE4Editor-GameplayTagsEditor.dll (API version 3709383).
LogModuleManager: Display: Found up-to-date module file ../../../Engine/Plugins/Editor/MobileLauncherProfileWizard/Binaries/Win64/UE4Editor-MobileLauncherProfileWizard.dll (API version 3709383).
LogModuleManager: Display: Found up-to-date module file ../../../Engine/Plugins/Editor/PluginBrowser/Binaries/Win64/UE4Editor-PluginBrowser.dll (API version 3709383).
LogModuleManager: Display: Found up-to-date module file ../../../Engine/Plugins/Editor/SpeedTreeImporter/Binaries/Win64/UE4Editor-SpeedTreeImporter.dll (API version 3709383).
LogModuleManager: Display: Found up-to-date module file ../../../Engine/Plugins/Experimental/AlembicImporter/Binaries/Win64/UE4Editor-AlembicImporter.dll (API version 3709383).
LogModuleManager: Display: Found up-to-date module file ../../../Engine/Plugins/Experimental/AlembicImporter/Binaries/Win64/UE4Editor-AlembicLibrary.dll (API version 3709383).
LogModuleManager: Display: Found up-to-date module file ../../../Engine/Plugins/Experimental/CharacterAI/Binaries/Win64/UE4Editor-CharacterAI.dll (API version 3709383).
LogModuleManager: Display: Found up-to-date module file ../../../Engine/Plugins/Experimental/HTML5Networking/Binaries/Win64/UE4Editor-HTML5Networking.dll (API version 3709383).
LogModuleManager: Display: Found up-to-date module file ../../../Engine/Plugins/Media/AndroidMedia/Binaries/Win64/UE4Editor-AndroidMediaEditor.dll (API version 3709383).
LogModuleManager: Display: Found up-to-date module file ../../../Engine/Plugins/Media/AndroidMedia/Binaries/Win64/UE4Editor-AndroidMediaFactory.dll (API version 3709383).
LogModuleManager: Display: Found up-to-date module file ../../../Engine/Plugins/Media/AvfMedia/Binaries/Win64/UE4Editor-AvfMediaEditor.dll (API version 3709383).
LogModuleManager: Display: Found up-to-date module file ../../../Engine/Plugins/Media/AvfMedia/Binaries/Win64/UE4Editor-AvfMediaFactory.dll (API version 3709383).
LogModuleManager: Display: Found up-to-date module file ../../../Engine/Plugins/Media/AvfMedia/Binaries/Win64/UE4Editor-AvfMediaFactory.dll (API version 3709383).
LogModuleManager: Display: Found up-to-date module file ../../../Engine/Plugins/Media/ImgMedia/Binaries/Win64/UE4Editor-ImgMedia.dll (API version 3709383).
LogModuleManager: Display: Found up-to-date module file ../../../Engine/Plugins/Media/ImgMedia/Binaries/Win64/UE4Editor-ImgMediaEditor.dll (API version 3709383).
LogModuleManager: Display: Found up-to-date module file ../../../Engine/Plugins/Media/ImgMedia/Binaries/Win64/UE4Editor-ImgMediaFactory.dll (API version 3709383).
LogModuleManager: Display: Found up-to-date module file ../../../Engine/Plugins/Media/ImgMedia/Binaries/Win64/UE4Editor-ImgMediaFactory.dll (API version 3709383).
LogModuleManager: Display: Found up-to-date module file ../../../Engine/Plugins/Media/ImgMedia/Binaries/Win64/UE4Editor-OpenExrWrapper.dll (API version 3709383).
LogModuleManager: Display: Found up-to-date module file ../../../Engine/Plugins/Media/MediaCompositing/Binaries/Win64/UE4Editor-MediaCompositing.dll (API version 3709383).
LogModuleManager: Display: Found up-to-date module file ../../../Engine/Plugins/Media/MediaCompositing/Binaries/Win64/UE4Editor-MediaCompositingEditor.dll (API version 3709383).
LogModuleManager: Display: Found up-to-date module file ../../../Engine/Plugins/Media/MediaPlayerEditor/Binaries/Win64/UE4Editor-MediaPlayerEditor.dll (API version 3709383).
LogModuleManager: Display: Found up-to-date module file ../../../Engine/Plugins/Media/WmfMedia/Binaries/Win64/UE4Editor-WmfMedia.dll (API version 3709383).
LogModuleManager: Display: Found up-to-date module file ../../../Engine/Plugins/Media/WmfMedia/Binaries/Win64/UE4Editor-WmfMediaEditor.dll (API version 3709383).
LogModuleManager: Display: Found up-to-date module file ../../../Engine/Plugins/Media/WmfMedia/Binaries/Win64/UE4Editor-WmfMediaFactory.dll (API version 3709383).
LogModuleManager: Display: Found up-to-date module file ../../../Engine/Plugins/Media/WmfMedia/Binaries/Win64/UE4Editor-WmfMediaFactory.dll (API version 3709383).
LogModuleManager: Display: Found up-to-date module file ../../../Engine/Plugins/Messaging/TcpMessaging/Binaries/Win64/UE4Editor-TcpMessaging.dll (API version 3709383).
LogModuleManager: Display: Found up-to-date module file ../../../Engine/Plugins/Messaging/UdpMessaging/Binaries/Win64/UE4Editor-UdpMessaging.dll (API version 3709383).
LogModuleManager: Display: Found up-to-date module file ../../../Engine/Plugins/MovieScene/ActorSequence/Binaries/Win64/UE4Editor-ActorSequence.dll (API version 3709383).
LogModuleManager: Display: Found up-to-date module file ../../../Engine/Plugins/MovieScene/LevelSequenceEditor/Binaries/Win64/UE4Editor-LevelSequenceEditor.dll (API version 3709383).
LogModuleManager: Display: Found up-to-date module file ../../../Engine/Plugins/MovieScene/MatineeToLevelSequence/Binaries/Win64/UE4Editor-MatineeToLevelSequence.dll (API version 3709383).
LogModuleManager: Display: Found up-to-date module file ../../../Engine/Plugins/Online/OnlineSubsystem/Binaries/Win64/UE4Editor-OnlineSubsystem.dll (API version 3709383).
LogModuleManager: Display: Found up-to-date module file ../../../Engine/Plugins/Online/OnlineSubsystemNull/Binaries/Win64/UE4Editor-OnlineSubsystemNull.dll (API version 3709383).
LogModuleManager: Display: Found up-to-date module file ../../../Engine/Plugins/Online/OnlineSubsystemUtils/Binaries/Win64/UE4Editor-OnlineSubsystemUtils.dll (API version 3709383).
LogModuleManager: Display: Found up-to-date module file ../../../Engine/Plugins/Online/OnlineSubsystemUtils/Binaries/Win64/UE4Editor-OnlineBlueprintSupport.dll (API version 3709383).
LogModuleManager: Display: Found up-to-date module file ../../../Engine/Plugins/Runtime/AndroidDeviceProfileSelector/Binaries/Win64/UE4Editor-AndroidDeviceProfileSelector.dll (API version 3709383).
LogModuleManager: Display: Found up-to-date module file ../../../Engine/Plugins/Runtime/AndroidPermission/Binaries/Win64/UE4Editor-AndroidPermission.dll (API version 3709383).
LogModuleManager: Display: Found up-to-date module file ../../../Engine/Plugins/Runtime/AppleARKit/Binaries/Win64/UE4Editor-AppleARKit.dll (API version 3709383).
LogModuleManager: Display: Found up-to-date module file ../../../Engine/Plugins/Runtime/ArchVisCharacter/Binaries/Win64/UE4Editor-ArchVisCharacter.dll (API version 3709383).
LogModuleManager: Display: Found up-to-date module file ../../../Engine/Plugins/Runtime/CableComponent/Binaries/Win64/UE4Editor-CableComponent.dll (API version 3709383).
LogModuleManager: Display: Found up-to-date module file ../../../Engine/Plugins/Runtime/CustomMeshComponent/Binaries/Win64/UE4Editor-CustomMeshComponent.dll (API version 3709383).
LogModuleManager: Display: Found up-to-date module file ../../../Engine/Plugins/Runtime/ExampleDeviceProfileSelector/Binaries/Win64/UE4Editor-ExampleDeviceProfileSelector.dll (API version 3709383).
LogModuleManager: Display: Found up-to-date module file ../../../Engine/Plugins/Runtime/ImmediatePhysics/Binaries/Win64/UE4Editor-ImmediatePhysics.dll (API version 3709383).
LogModuleManager: Display: Found up-to-date module file ../../../Engine/Plugins/Runtime/ImmediatePhysics/Binaries/Win64/UE4Editor-ImmediatePhysicsEditor.dll (API version 3709383).
LogModuleManager: Display: Found up-to-date module file ../../../Engine/Plugins/Runtime/LocationServicesBPLibrary/Binaries/Win64/UE4Editor-LocationServicesBPLibrary.dll (API version 3709383).
LogModuleManager: Display: Found up-to-date module file ../../../Engine/Plugins/Runtime/MobilePatchingUtils/Binaries/Win64/UE4Editor-MobilePatchingUtils.dll (API version 3709383).
LogModuleManager: Display: Found up-to-date module file ../../../Engine/Plugins/Runtime/Oculus/OculusVR/Binaries/Win64/UE4Editor-OculusHMD.dll (API version 3709383).
LogModuleManager: Display: Found up-to-date module file ../../../Engine/Plugins/Runtime/Oculus/OculusVR/Binaries/Win64/UE4Editor-OculusInput.dll (API version 3709383).
LogModuleManager: Display: Found up-to-date module file ../../../Engine/Plugins/Runtime/Oculus/OculusVR/Binaries/Win64/UE4Editor-OculusEditor.dll (API version 3709383).
LogModuleManager: Display: Found up-to-date module file ../../../Engine/Plugins/Runtime/PhysXVehicles/Binaries/Win64/UE4Editor-PhysXVehicles.dll (API version 3709383).
LogModuleManager: Display: Found up-to-date module file ../../../Engine/Plugins/Runtime/PhysXVehicles/Binaries/Win64/UE4Editor-PhysXVehiclesEditor.dll (API version 3709383).
LogModuleManager: Display: Found up-to-date module file ../../../Engine/Plugins/Runtime/ProceduralMeshComponent/Binaries/Win64/UE4Editor-ProceduralMeshComponent.dll (API version 3709383).
LogModuleManager: Display: Found up-to-date module file ../../../Engine/Plugins/Runtime/ProceduralMeshComponent/Binaries/Win64/UE4Editor-ProceduralMeshComponentEditor.dll (API version 3709383).
LogModuleManager: Display: Found up-to-date module file ../../../Engine/Plugins/Runtime/RuntimePhysXCooking/Binaries/Win64/UE4Editor-RuntimePhysXCooking.dll (API version 3709383).
LogModuleManager: Display: Found up-to-date module file ../../../Engine/Plugins/Runtime/Steam/SteamVR/Binaries/Win64/UE4Editor-SteamVR.dll (API version 3709383).
LogModuleManager: Display: Found up-to-date module file ../../../Engine/Plugins/Runtime/Steam/SteamVR/Binaries/Win64/UE4Editor-SteamVRController.dll (API version 3709383).
LogModuleManager: Display: Found up-to-date module file ../../../Engine/Plugins/Runtime/WindowsMoviePlayer/Binaries/Win64/UE4Editor-WindowsMoviePlayer.dll (API version 3709383).
LogInit: Using libcurl 7.47.1
LogInit:  - built for x86_64-pc-win32
LogInit:  - supports SSL with OpenSSL/1.0.2g
LogInit:  - supports HTTP deflate (compression) using libz 1.2.8
LogInit:  - other features:
LogInit:      CURL_VERSION_SSL
LogInit:      CURL_VERSION_LIBZ
LogInit:      CURL_VERSION_IPV6
LogInit:      CURL_VERSION_ASYNCHDNS
LogInit:      CURL_VERSION_LARGEFILE
LogInit:      CURL_VERSION_IDN
LogInit:  CurlRequestOptions (configurable via config and command line):
LogInit:  - bVerifyPeer = false  - Libcurl will NOT verify peer certificate
LogInit:  - bUseHttpProxy = false  - Libcurl will NOT use HTTP proxy
LogInit:  - bDontReuseConnections = false  - Libcurl will reuse connections
LogInit:  - CertBundlePath = nullptr  - Libcurl will use whatever was configured at build time.
LogInit: Build: ++UE4+Release-4.18-CL-3794801
LogInit: Engine Version: 4.18.2-3794801+++UE4+Release-4.18
LogInit: Compatible Engine Version: 4.18.0-3709383+++UE4+Release-4.18
LogInit: Net CL: 3709383
LogDevObjectVersion: Number of dev versions registered: 16
LogDevObjectVersion:   Dev-Blueprints (B0D832E4-1F89-4F0D-ACCF-7EB736FD4AA2): 10
LogDevObjectVersion:   Dev-Build (E1C64328-A22C-4D53-A36C-8E866417BD8C): 0
LogDevObjectVersion:   Dev-Core (375EC13C-06E4-48FB-B500-84F0262A717E): 2
LogDevObjectVersion:   Dev-Editor (E4B068ED-F494-42E9-A231-DA0B2E46BB41): 20
LogDevObjectVersion:   Dev-Framework (CFFC743F-43B0-4480-9391-14DF171D2073): 30
LogDevObjectVersion:   Dev-Mobile (B02B49B5-BB20-44E9-A304-32B752E40360): 0
LogDevObjectVersion:   Dev-Networking (A4E4105C-59A1-49B5-A7C5-40C4547EDFEE): 0
LogDevObjectVersion:   Dev-Online (39C831C9-5AE6-47DC-9A44-9C173E1C8E7C): 0
LogDevObjectVersion:   Dev-Physics (78F01B33-EBEA-4F98-B9B4-84EACCB95AA2): 0
LogDevObjectVersion:   Dev-Platform (6631380F-2D4D-43E0-8009-CF276956A95A): 0
LogDevObjectVersion:   Dev-Rendering (12F88B9F-8875-4AFC-A67C-D90C383ABD29): 20
LogDevObjectVersion:   Dev-Sequencer (7B5AE74C-D270-4C10-A958-57980B212A5A): 4
LogDevObjectVersion:   Dev-VR (D7296918-1DD6-4BDD-9DE2-64A83CC13884): 0
LogDevObjectVersion:   Dev-LoadTimes (C2A15278-BFE7-4AFE-6C17-90FF531DF755): 1
LogDevObjectVersion:   Private-Geometry (6EACA3D4-40EC-4CC1-B786-8BED09428FC5): 1
LogDevObjectVersion:   Dev-AnimPhys (29E575DD-E0A3-4627-9D10-D276232CDCEA): 12
LogInit: Compiled (64-bit): Dec  8 2017 02:04:53
LogInit: Compiled with Visual C++: 19.00.24215.01
LogInit: Build Configuration: Development
LogInit: Branch Name: ++UE4+Release-4.18
LogInit: Command line:  
LogInit: Base directory: C:/Program Files/Epic Games/UE_4.18/Engine/Binaries/Win64/
LogInit: Installed Engine Build: 1
LogInit: Presizing for max 8388607 objects, including 0 objects not considered by GC, pre-allocating 0 bytes for permanent pool.
LogInit: Object subsystem initialized
[2018.01.03-15.17.31:342][  0]LogInit: Selected Device Profile: [Windows]
[2018.01.03-15.17.31:342][  0]LogInit: Applying CVar settings loaded from the selected device profile: [Windows]
[2018.01.03-15.17.31:385][  0]LogInit: Computer: DESKTOP-6NVMURH
[2018.01.03-15.17.31:385][  0]LogInit: User: uzivatel1
[2018.01.03-15.17.31:385][  0]LogInit: CPU Page size=4096, Cores=4
[2018.01.03-15.17.31:385][  0]LogInit: High frequency timer resolution =4.101562 MHz
[2018.01.03-15.17.31:385][  0]LogMemory: Memory total: Physical=16.0GB (16GB approx)
[2018.01.03-15.17.31:385][  0]LogMemory: Platform Memory Stats for Windows
[2018.01.03-15.17.31:385][  0]LogMemory: Process Physical Memory: 271.84 MB used, 271.84 MB peak
[2018.01.03-15.17.31:385][  0]LogMemory: Process Virtual Memory: 269.53 MB used, 269.53 MB peak
[2018.01.03-15.17.31:385][  0]LogMemory: Physical Memory: 4392.09 MB used,  11949.97 MB free, 16342.06 MB total
[2018.01.03-15.17.31:385][  0]LogMemory: Virtual Memory: 677.37 MB used,  11949.97 MB free, 134217728.00 MB total
[2018.01.03-15.17.32:393][  0]LogInit: Using OS detected language (cs-CZ).
[2018.01.03-15.17.32:393][  0]LogInit: Using OS detected locale (cs-CZ).
[2018.01.03-15.17.32:453][  0]LogTextLocalizationManager: No localization for 'cs-CZ' exists, so 'en' will be used for the language.
[2018.01.03-15.17.32:454][  0]LogTextLocalizationManager: No localization for 'cs-CZ' exists, so 'en' will be used for the locale.
[2018.01.03-15.17.32:838][  0]LogInit: Setting process to per monitor DPI aware
[2018.01.03-15.17.35:478][  0]LogD3D11RHI: D3D11 adapters:
[2018.01.03-15.17.35:544][  0]LogD3D11RHI:    0. 'NVIDIA GeForce GTX 1070' (Feature Level 11_0)
[2018.01.03-15.17.35:544][  0]LogD3D11RHI:       8096/0/8171 MB DedicatedVideo/DedicatedSystem/SharedSystem, Outputs:1, VendorId:0x10de
[2018.01.03-15.17.35:546][  0]LogD3D11RHI:    1. 'Microsoft Basic Render Driver' (Feature Level 11_0)
[2018.01.03-15.17.35:546][  0]LogD3D11RHI:       0/0/8171 MB DedicatedVideo/DedicatedSystem/SharedSystem, Outputs:0, VendorId:0x1414
[2018.01.03-15.17.35:546][  0]LogD3D11RHI: Chosen D3D11 Adapter: 0
[2018.01.03-15.17.35:551][  0]LogD3D11RHI: Creating new Direct3DDevice
[2018.01.03-15.17.35:552][  0]LogD3D11RHI:     GPU DeviceId: 0x1b81 (for the marketing name, search the web for "GPU Device Id")
[2018.01.03-15.17.35:552][  0]LogWindows: EnumDisplayDevices:
[2018.01.03-15.17.35:552][  0]LogWindows:    0. 'NVIDIA GeForce GTX 1070' (P:1 D:1)
[2018.01.03-15.17.35:552][  0]LogWindows:    1. 'NVIDIA GeForce GTX 1070' (P:0 D:0)
[2018.01.03-15.17.35:552][  0]LogWindows:    2. 'NVIDIA GeForce GTX 1070' (P:0 D:0)
[2018.01.03-15.17.35:552][  0]LogWindows:    3. 'NVIDIA GeForce GTX 1070' (P:0 D:0)
[2018.01.03-15.17.35:552][  0]LogWindows: DebugString: GetVideoDriverDetailsInvalid PrimaryIsNotTheChoosenAdapter GetVideoDriverDetailsInvalid PrimaryIsNotTheChoosenAdapter GetVideoDriverDetailsInvalid PrimaryIsNotTheChoosenAdapter GetVideoDriverDetailsInvalid PrimaryIsNotTheChoosenAdapter FoundDriverCount:0 
[2018.01.03-15.17.35:552][  0]LogD3D11RHI:     Adapter Name: NVIDIA GeForce GTX 1070
[2018.01.03-15.17.35:552][  0]LogD3D11RHI:   Driver Version: Unknown (internal:Unknown, unified:Unknown)
[2018.01.03-15.17.35:552][  0]LogD3D11RHI:      Driver Date: Unknown
[2018.01.03-15.17.35:552][  0]LogRHI: Texture pool is 5667 MB (70% of 8096 MB)
[2018.01.03-15.17.35:581][  0]LogD3D11RHI: Async texture creation enabled
[2018.01.03-15.17.35:665][  0]LogD3D11RHI: GPU Timing Frequency: 1000.000000 (Debug: 2 1)
[2018.01.03-15.17.35:720][  0]LogShaderCompilers: Guid format shader working directory is 28 characters bigger than the processId version (D:/repos/GWGame/GW_Game/Intermediate/Shaders/WorkingDirectory/1784/).
[2018.01.03-15.17.35:721][  0]LogShaderCompilers: Cleaned the shader compiler working directory 'C:/Users/uzivatel 1/AppData/Local/Temp/UnrealShaderWorkingDir/01A8C934409F1DE4022E6BA0B66D1A7A/'.
[2018.01.03-15.17.35:722][  0]LogShaderCompilers: Display: Using Local Shader Compiler.
[2018.01.03-15.17.38:477][  0]LogTemp: Display: Loaded TP AllDesktopTargetPlatform
[2018.01.03-15.17.38:703][  0]LogTemp: Display: Loaded TP MacClientTargetPlatform
[2018.01.03-15.17.38:929][  0]LogTemp: Display: Loaded TP MacNoEditorTargetPlatform
[2018.01.03-15.17.39:158][  0]LogTemp: Display: Loaded TP MacServerTargetPlatform
[2018.01.03-15.17.39:390][  0]LogTemp: Display: Loaded TP MacTargetPlatform
[2018.01.03-15.17.39:617][  0]LogTemp: Display: Loaded TP WindowsClientTargetPlatform
[2018.01.03-15.17.39:845][  0]LogTemp: Display: Loaded TP WindowsNoEditorTargetPlatform
[2018.01.03-15.17.40:076][  0]LogTemp: Display: Loaded TP WindowsServerTargetPlatform
[2018.01.03-15.17.40:306][  0]LogTemp: Display: Loaded TP WindowsTargetPlatform
[2018.01.03-15.17.40:540][  0]LogTemp: Display: Loaded TP Android_ASTCTargetPlatform
[2018.01.03-15.17.40:777][  0]LogTemp: Display: Loaded TP Android_ATCTargetPlatform
[2018.01.03-15.17.41:012][  0]LogTemp: Display: Loaded TP Android_DXTTargetPlatform
[2018.01.03-15.17.41:254][  0]LogTemp: Display: Loaded TP Android_ETC1TargetPlatform
[2018.01.03-15.17.41:480][  0]LogTemp: Display: Loaded TP Android_ETC2TargetPlatform
[2018.01.03-15.17.41:945][  0]LogTemp: Display: Loaded TP Android_MultiTargetPlatform
[2018.01.03-15.17.41:945][  0]LogTemp: Display: Loaded TP Android_PVRTCTargetPlatform
[2018.01.03-15.17.42:174][  0]LogTemp: Display: Loaded TP AndroidTargetPlatform
[2018.01.03-15.17.42:391][  0]LogTemp: Display: Loaded TP HTML5TargetPlatform
[2018.01.03-15.17.42:748][  0]LogTemp: Display: Loaded TP IOSTargetPlatform
[2018.01.03-15.17.42:859][  0]LogTemp: Display: Loaded TP TVOSTargetPlatform
[2018.01.03-15.17.43:085][  0]LogTemp: Display: Loaded TP LinuxClientTargetPlatform
[2018.01.03-15.17.43:312][  0]LogTemp: Display: Loaded TP LinuxNoEditorTargetPlatform
[2018.01.03-15.17.43:537][  0]LogTemp: Display: Loaded TP LinuxServerTargetPlatform
[2018.01.03-15.17.43:767][  0]LogTemp: Display: Loaded TP LinuxTargetPlatform
[2018.01.03-15.17.43:767][  0]LogTargetPlatformManager: Display: Building Assets For Windows
[2018.01.03-15.17.46:351][  0]LogDerivedDataCache: Display: Max Cache Size: 512 MB
[2018.01.03-15.17.46:630][  0]LogDerivedDataCache: Loaded boot cache 0.28s 78MB C:/Users/uzivatel 1/AppData/Local/UnrealEngine/4.18/DerivedDataCache/Boot.ddc.
[2018.01.03-15.17.46:631][  0]LogDerivedDataCache: Display: Loaded Boot cache: C:/Users/uzivatel 1/AppData/Local/UnrealEngine/4.18/DerivedDataCache/Boot.ddc
[2018.01.03-15.17.46:631][  0]LogDerivedDataCache: FDerivedDataBackendGraph:  Pak pak cache file D:/repos/GWGame/GW_Game/DerivedDataCache/DDC.ddp not found, will not use a pak cache.
[2018.01.03-15.17.46:631][  0]LogDerivedDataCache: Unable to find inner node Pak for hierarchical cache Hierarchy.
[2018.01.03-15.17.46:631][  0]LogDerivedDataCache: FDerivedDataBackendGraph:  CompressedPak pak cache file D:/repos/GWGame/GW_Game/DerivedDataCache/Compressed.ddp not found, will not use a pak cache.
[2018.01.03-15.17.46:631][  0]LogDerivedDataCache: Unable to find inner node CompressedPak for hierarchical cache Hierarchy.
[2018.01.03-15.17.46:654][  0]LogDerivedDataCache: Display: Pak cache opened for reading ../../../Engine/DerivedDataCache/Compressed.ddp.
[2018.01.03-15.17.46:668][  0]LogDerivedDataCache: Using Local data cache path C:/Users/uzivatel 1/AppData/Local/UnrealEngine/Common/DerivedDataCache: Writable
[2018.01.03-15.17.46:679][  0]LogMaterial: Verifying Global Shaders for PCD3D_SM5
[2018.01.03-15.17.46:686][  0]LogSlate: Using Freetype 2.6.0
[2018.01.03-15.17.46:699][  0]LogSlate: SlateFontCache - WITH_FREETYPE: 1, WITH_HARFBUZZ: 1
[2018.01.03-15.17.46:700][  0]LogSlate: SlateFontCache - WITH_FREETYPE: 1, WITH_HARFBUZZ: 1
[2018.01.03-15.17.47:685][  0]LogInit: Selected Device Profile: [Windows]
[2018.01.03-15.17.49:155][  0]LogSimplygon: Simplygon DLL not present - disabling.
[2018.01.03-15.17.49:383][  0]LogMeshReduction: Using SimplygonSwarm for distributed automatic mesh merging
[2018.01.03-15.17.49:384][  0]LogMeshReduction: Using QuadricMeshReduction for automatic static mesh reduction
[2018.01.03-15.17.49:384][  0]LogMeshReduction: No automatic skeletal mesh reduction module available
[2018.01.03-15.17.49:384][  0]LogMeshReduction: No automatic mesh merging module available
[2018.01.03-15.17.49:384][  0]LogMeshMerging: No automatic mesh merging module available
[2018.01.03-15.17.49:482][  0]LogNetVersion: GW_Game , NetCL: 3709383, EngineNetVer: 2, GameNetVer: 0 (Checksum: 4001666234)
[2018.01.03-15.17.50:102][  0]LogAssetRegistry: FAssetRegistry took 0.0299 seconds to start up
[2018.01.03-15.17.51:639][  0]LogPackageLocalizationCache: Processed 7 localized package path(s) for 1 prioritized culture(s) in 0.071528 seconds
[2018.01.03-15.17.51:646][  0]LogUObjectArray: 35900 objects as part of root set at end of initial load.
[2018.01.03-15.17.51:646][  0]LogUObjectAllocator: 7372016 out of 0 bytes used by permanent object pool.
[2018.01.03-15.17.51:646][  0]LogUObjectArray: CloseDisregardForGC: 0/0 objects in disregard for GC pool
[2018.01.03-15.17.51:954][  0]LogInit: WinSock: version 1.1 (2.2), MaxSocks=32767, MaxUdp=65467
[2018.01.03-15.18.04:779][  0]LogTcpMessaging: Initializing TcpMessaging bridge
[2018.01.03-15.18.04:932][  0]LogUdpMessaging: Initializing bridge on interface 0.0.0.0:0 to multicast group 230.0.0.1:6666.
[2018.01.03-15.18.08:463][  0]LogMaterial: Uniform references updated for custom material expression Custom.
[2018.01.03-15.18.10:459][  0]SourceControl: Source control is disabled
[2018.01.03-15.18.10:460][  0]SourceControl: Source control is disabled
[2018.01.03-15.18.10:735][  0]SourceControl: Source control is disabled
[2018.01.03-15.18.11:023][  0]SourceControl: Source control is disabled
[2018.01.03-15.18.15:057][  0]LogAndroidPermission: UAndroidPermissionCallbackProxy::GetInstance
[2018.01.03-15.18.16:367][  0]LogOcInput: OculusInput pre-init called
[2018.01.03-15.18.17:623][  0]LogEngine: Initializing Engine...
[2018.01.03-15.18.17:628][  0]LogHMD: Failed to initialize OpenVR with code 110
[2018.01.03-15.18.18:006][  0]LogStats: UGameplayTagsManager::ConstructGameplayTagTree: Construct from data asset -  0.000 s
[2018.01.03-15.18.18:006][  0]LogStats: UGameplayTagsManager::ConstructGameplayTagTree: GameplayTagTreeChangedEvent.Broadcast -  0.000 s
[2018.01.03-15.18.18:721][  0]LogAIModule: Creating AISystem for world Untitled
[2018.01.03-15.18.18:739][  0]LogInit: XAudio2 using 'U24E590-4 (NVIDIA High Definition Audio)' : 2 channels at 48 kHz using 16 bits per sample (channel mask 0x3)
[2018.01.03-15.18.18:755][  0]LogInit: FAudioDevice initialized.
[2018.01.03-15.18.18:829][  0]LogDerivedDataCache: Saved boot cache 0.07s 78MB C:/Users/uzivatel 1/AppData/Local/UnrealEngine/4.18/DerivedDataCache/Boot.ddc.
[2018.01.03-15.18.18:840][  0]LogInit: Texture streaming: Enabled
[2018.01.03-15.18.19:414][  0]LogEngineSessionManager: EngineSessionManager initialized
[2018.01.03-15.18.20:183][  0]LogInit: Transaction tracking system initialized
[2018.01.03-15.18.22:101][  0]BlueprintLog: New page: Editor Load
[2018.01.03-15.18.27:459][  0]LocalizationService: Localization service is disabled
[2018.01.03-15.18.31:559][  0]LogConsoleResponse: Display: 
[2018.01.03-15.18.32:257][  0]LogCook: Display: Max memory allowance for cook 16384mb min free memory 0mb
[2018.01.03-15.18.32:257][  0]LogCook: Display: Mobile HDR setting 1
[2018.01.03-15.18.32:258][  0]LogGameplayTags: Display: UGameplayTagsManager::DoneAddingNativeTags. DelegateIsBound: 0
[2018.01.03-15.18.33:061][  0]LogFileCache: Scanning file cache for directory 'D:/repos/GWGame/GW_Game/Content/' took 0.02s
[2018.01.03-15.18.38:567][  0]SourceControl: Source control is disabled
[2018.01.03-15.18.38:569][  0]Cmd: MAP LOAD FILE="D:/repos/GWGame/GW_Game/Content/_Levels/BattleGround.umap" TEMPLATE=0 SHOWPROGRESS=1 FEATURELEVEL=3
[2018.01.03-15.18.38:600][  0]LightingResults: New page: Lighting Build
[2018.01.03-15.18.38:844][  0]MapCheck: New page: Map Check
[2018.01.03-15.18.38:844][  0]LightingResults: New page: Lighting Build
[2018.01.03-15.18.40:191][  0]LogAIModule: Creating AISystem for world BattleGround
[2018.01.03-15.18.40:518][  0]LogEditorServer: Finished looking for orphan Actors (0.000 secs)
[2018.01.03-15.18.40:533][  0]Cmd: MAP CHECKDEP NOCLEARLOG
[2018.01.03-15.18.40:711][  0]MapCheck: Map check complete: 0 Error(s), 0 Warning(s), took 178.133ms to complete.
[2018.01.03-15.18.40:711][  0]LogFileHelpers: Loading map 'BattleGround' took 2.143
[2018.01.03-15.18.41:205][  0]LogCollectionManager: Loaded 0 collections in 0.002032 seconds
[2018.01.03-15.18.41:515][  0]LogFileCache: Scanning file cache for directory 'D:/repos/GWGame/GW_Game/Saved/Collections/' took 0.01s
[2018.01.03-15.18.41:515][  0]LogFileCache: Scanning file cache for directory 'D:/repos/GWGame/GW_Game/Content/Developers/uzivatel1/Collections/' took 0.01s
[2018.01.03-15.18.41:515][  0]LogFileCache: Scanning file cache for directory 'D:/repos/GWGame/GW_Game/Content/Collections/' took 0.01s
[2018.01.03-15.18.41:515][  0]LogCollectionManager: Rebuilt the GUID cache for 0 collections in 0.000000 seconds
[2018.01.03-15.18.41:526][  0]LogContentBrowser: Native class hierarchy populated in 0.0092 seconds. Added 2370 classes and 524 folders.
[2018.01.03-15.18.41:927][  0]LogContentBrowser: Native class hierarchy updated for 'WidgetCarousel' in 0.0017 seconds. Added 0 classes and 0 folders.
[2018.01.03-15.18.42:317][  0]LogContentBrowser: Native class hierarchy updated for 'AddContentDialog' in 0.0021 seconds. Added 0 classes and 0 folders.
[2018.01.03-15.18.42:577][  0]LogSlate: Took 0.006481 seconds to synchronously load lazily loaded font '../../../Engine/Content/Slate/Fonts/Roboto-Regular.ttf' (155K)
[2018.01.03-15.18.42:584][  0]LogSlate: Took 0.005824 seconds to synchronously load lazily loaded font '../../../Engine/Content/Editor/Slate/Fonts/FontAwesome.ttf' (139K)
[2018.01.03-15.18.42:590][  0]LogSlate: Took 0.005334 seconds to synchronously load lazily loaded font '../../../Engine/Content/Slate/Fonts/Roboto-Bold.ttf' (160K)
[2018.01.03-15.18.42:602][  0]LogSlate: Took 0.005194 seconds to synchronously load lazily loaded font '../../../Engine/Content/Editor/Slate/Fonts/DroidSansMono.ttf' (77K)
[2018.01.03-15.18.42:739][  0]LogRenderer: Reallocating scene render targets to support 1088x756 Format 10 NumSamples 1 (Frame:1).
[2018.01.03-15.18.43:181][  0]LogContentBrowser: Native class hierarchy updated for 'HierarchicalLODOutliner' in 0.0022 seconds. Added 1 classes and 2 folders.
[2018.01.03-15.18.43:182][  0]LogLoad: (Engine Initialization) Total time: 80.36 seconds
[2018.01.03-15.18.43:182][  0]LogLoad: (Engine Initialization) Total Blueprint compile time: 0.00 seconds
[2018.01.03-15.18.43:182][  0]LogExternalProfiler: No external profilers were discovered.  External profiling features will not be available.
[2018.01.03-15.18.43:536][  0]LogAssetRegistry: Asset discovery search completed in 53.4576 seconds
[2018.01.03-15.18.43:539][  0]LogCollectionManager: Rebuilt the object cache for 0 collections in 0.000000 seconds (found 0 objects)
[2018.01.03-15.18.43:539][  0]LogCollectionManager: Fixed up redirectors for 0 collections in 0.000226 seconds (updated 0 objects)
[2018.01.03-15.18.43:543][  0]LogContentStreaming: Texture pool size now 1000 MB
[2018.01.03-16.34.26:610][648]LogEditorViewport: Clicking on Actor (LMB): Heavy_BP_C (Heavy_BP)
[2018.01.03-16.34.29:274][905]LogEditorViewport: Clicking on Actor (LMB): Heavy_BP_C (Heavy_BP)
[2018.01.03-16.34.35:097][594]LogEditorViewport: Clicking on Actor (LMB): Heavy_BP_C (Heavy_BP)
[2018.01.03-16.34.35:620][653]LogEditorViewport: Clicking on Actor (LMB): Landscape (Landscape)
[2018.01.03-16.48.22:262][388]LogInit: XAudio2 using 'Reproduktory (Realtek High Definition Audio)' : 2 channels at 48 kHz using 32 bits per sample (channel mask 0x3)
[2018.01.03-16.48.24:598][395]LogInit: XAudio2 using 'Reproduktory (Realtek High Definition Audio)' : 2 channels at 48 kHz using 32 bits per sample (channel mask 0x3)
[2018.01.03-17.23.38:250][  9]LogSlate: Took 0.004730 seconds to synchronously load lazily loaded font '../../../Engine/Content/Slate/Fonts/Roboto-Light.ttf' (159K)
[2018.01.03-17.23.46:543][130]LogVSAccessor: Warning: Couldn't goto line number '0' in 'D:/repos/GWGame/GW_Game/Source/GW_Game/Public/Heavy.h'
[2018.01.03-17.23.46:613][130]LogVSAccessor: Warning: Couldn't goto line number '0' in 'D:/repos/GWGame/GW_Game/Source/GW_Game/Private/Heavy.cpp'
[2018.01.03-17.27.25:291][787]LogWindowsTextInputMethodSystem: Display: IME system now deactivated.
[2018.01.03-17.27.25:291][787]LogWindowsTextInputMethodSystem: Display: IME system now deactivated.
[2018.01.03-17.27.36:803][953]LogSlate: Took 0.005106 seconds to synchronously load lazily loaded font '../../../Engine/Content/Editor/Slate/Fonts/Roboto-BoldCondensed.ttf' (158K)
[2018.01.03-17.28.13:018][492]Running C:/Program Files/Epic Games/UE_4.18/Engine/Binaries/DotNET/UnrealBuildTool.exe  -projectfiles -project="D:/repos/GWGame/GW_Game/GW_Game.uproject" -game -rocket -progress
[2018.01.03-17.28.13:343][492]Discovering modules, targets and source code for project...
[2018.01.03-17.28.18:766][492]LogSlate: Took 0.003192 seconds to synchronously load lazily loaded font '../../../Engine/Content/Slate/Fonts/Roboto-Regular.ttf' (155K)
[2018.01.03-17.28.20:834][492]Candidate modules for hot reload:
[2018.01.03-17.28.20:834][492]  GW_Game
[2018.01.03-17.28.20:834][492]Launching UnrealBuildTool... [C:/Program Files/Epic Games/UE_4.18/Engine/Binaries/DotNET/UnrealBuildTool.exe GW_Game -ModuleWithSuffix GW_Game 626 Win64 Development -editorrecompile -canskiplink "D:/repos/GWGame/GW_Game/GW_Game.uproject" ]
[2018.01.03-17.29.13:578][492]CompilerResultsLog: New page: Compilation - Jan 3, 2018, 7:29:13 PM
[2018.01.03-17.29.13:578][492]CompilerResultsLog: Using 'git status' to determine working set for adaptive non-unity build.
[2018.01.03-17.29.13:578][492]CompilerResultsLog: Creating makefile for hot reloading GW_Game (new files with reflected types)
[2018.01.03-17.29.13:578][492]CompilerResultsLog: Compiling game modules for hot reload
[2018.01.03-17.29.13:578][492]CompilerResultsLog: Parsing headers for GW_GameEditor
[2018.01.03-17.29.13:578][492]CompilerResultsLog:   Running UnrealHeaderTool "D:\repos\GWGame\GW_Game\GW_Game.uproject" "D:\repos\GWGame\GW_Game\Intermediate\Build\Win64\GW_GameEditor\Development\GW_GameEditor.uhtmanifest" -LogCmds="loginit warning, logexit warning, logdatabase error" -Unattended -WarningsAsErrors -installed
[2018.01.03-17.29.13:578][492]CompilerResultsLog: Reflection code generated for GW_GameEditor in 7,0944762 seconds
[2018.01.03-17.29.13:579][492]CompilerResultsLog: Performing 11 actions (4 in parallel)
[2018.01.03-17.29.13:579][492]CompilerResultsLog: Assault.gen.cpp
[2018.01.03-17.29.13:579][492]CompilerResultsLog: AssaultPlayerController.gen.cpp
[2018.01.03-17.29.13:579][492]CompilerResultsLog: GW_Game.init.gen.cpp
[2018.01.03-17.29.13:579][492]CompilerResultsLog: TankAimingComponent.cpp
[2018.01.03-17.29.13:579][492]CompilerResultsLog: TankAIController.cpp
[2018.01.03-17.29.13:579][492]CompilerResultsLog: AssaultPlayerController.cpp
[2018.01.03-17.29.13:579][492]CompilerResultsLog: Assault.cpp
[2018.01.03-17.29.13:579][492]CompilerResultsLog: TankAIController.gen.cpp
[2018.01.03-17.29.13:579][492]CompilerResultsLog: TankAimingComponent.gen.cpp
[2018.01.03-17.29.13:579][492]CompilerResultsLog: [10/11] Link UE4Editor-GW_Game-626.dll
[2018.01.03-17.29.13:579][492]CompilerResultsLog: [11/11] Link UE4Editor-GW_Game-626.lib
[2018.01.03-17.29.13:579][492]CompilerResultsLog:    Creating library D:\repos\GWGame\GW_Game\Intermediate\Build\Win64\UE4Editor\Development\UE4Editor-GW_Game-626.lib and object D:\repos\GWGame\GW_Game\Intermediate\Build\Win64\UE4Editor\Development\UE4Editor-GW_Game-626.exp
[2018.01.03-17.29.13:580][492]CompilerResultsLog:    Creating library D:\repos\GWGame\GW_Game\Intermediate\Build\Win64\UE4Editor\Development\UE4Editor-GW_Game-626.suppressed.lib and object D:\repos\GWGame\GW_Game\Intermediate\Build\Win64\UE4Editor\Development\UE4Editor-GW_Game-626.suppressed.exp
[2018.01.03-17.29.13:580][492]CompilerResultsLog: Total build time: 52,56 seconds (Local executor: 6,44 seconds)
[2018.01.03-17.29.13:580][492]LogMainFrame: MainFrame: Module compiling took 52.750 seconds
[2018.01.03-17.29.13:823][492]LogClass: Could not find existing class TankAimingComponent in package /Script/GW_Game for HotReload, assuming new class
[2018.01.03-17.29.13:826][492]LogContentBrowser: Native class hierarchy updated for 'GW_Game' in 0.0018 seconds. Added 7 classes and 3 folders.
[2018.01.03-17.29.13:828][492]Display: HotReload successful (0 functions remapped  0 scriptstructs remapped)
[2018.01.03-17.29.13:896][492]LogContentBrowser: Native class hierarchy populated in 0.0077 seconds. Added 2372 classes and 526 folders.
[2018.01.03-17.29.13:898][492]Display: HotReload took 53.1s.
[2018.01.03-17.29.13:899][492]Warning: HotReload operation took 53.1s.
[2018.01.03-17.29.14:019][492]LogVSAccessor: Warning: Couldn't goto line number '0' in 'D:/repos/GWGame/GW_Game/Source/GW_Game/Public/TankAimingComponent.h'
[2018.01.03-17.29.14:037][492]LogVSAccessor: Warning: Couldn't open file 'D:/repos/GWGame/GW_Game/Source/GW_Game/Private/TankAimingComponent.cpp'.
[2018.01.03-17.29.14:055][492]LogHotReload: New module detected: UE4Editor-GW_Game-626.dll
[2018.01.03-17.29.14:079][493]LogHotReload: Starting Hot-Reload from IDE
[2018.01.03-17.29.14:388][493]LogContentBrowser: Native class hierarchy updated for 'GW_Game' in 0.0016 seconds. Added 7 classes and 3 folders.
[2018.01.03-17.29.14:390][493]Display: HotReload successful (0 functions remapped  0 scriptstructs remapped)
[2018.01.03-17.29.14:405][493]LogContentBrowser: Native class hierarchy populated in 0.0075 seconds. Added 2372 classes and 526 folders.
[2018.01.03-17.29.14:408][493]Display: HotReload took  0.3s.
[2018.01.03-17.35.36:486][872]Candidate modules for hot reload:
[2018.01.03-17.35.36:486][872]  GW_Game
[2018.01.03-17.35.36:486][872]Launching UnrealBuildTool... [C:/Program Files/Epic Games/UE_4.18/Engine/Binaries/DotNET/UnrealBuildTool.exe GW_Game -ModuleWithSuffix GW_Game 8744 Win64 Development -editorrecompile -canskiplink "D:/repos/GWGame/GW_Game/GW_Game.uproject" ]
[2018.01.03-17.35.36:507][872]Warning: Starting HotReload took  0.1s.
[2018.01.03-17.35.47:904][953]CompilerResultsLog: New page: Compilation - Jan 3, 2018, 7:35:47 PM
[2018.01.03-17.35.47:904][953]CompilerResultsLog: Using 'git status' to determine working set for adaptive non-unity build.
[2018.01.03-17.35.47:904][953]CompilerResultsLog: Compiling game modules for hot reload
[2018.01.03-17.35.47:904][953]CompilerResultsLog: Parsing headers for GW_GameEditor
[2018.01.03-17.35.47:904][953]CompilerResultsLog:   Running UnrealHeaderTool "D:\repos\GWGame\GW_Game\GW_Game.uproject" "D:\repos\GWGame\GW_Game\Intermediate\Build\Win64\GW_GameEditor\Development\GW_GameEditor.uhtmanifest" -LogCmds="loginit warning, logexit warning, logdatabase error" -Unattended -WarningsAsErrors -installed
[2018.01.03-17.35.47:904][953]CompilerResultsLog: Reflection code generated for GW_GameEditor in 6,7542892 seconds
[2018.01.03-17.35.47:904][953]CompilerResultsLog: Performing 10 actions (4 in parallel)
[2018.01.03-17.35.47:904][953]CompilerResultsLog: Assault.gen.cpp
[2018.01.03-17.35.47:904][953]CompilerResultsLog: TankAimingComponent.cpp
[2018.01.03-17.35.47:905][953]CompilerResultsLog: AssaultPlayerController.gen.cpp
[2018.01.03-17.35.47:905][953]CompilerResultsLog: TankAIController.cpp
[2018.01.03-17.35.47:905][953]CompilerResultsLog: Error: d:\repos\gwgame\gw_game\source\gw_game\public\Assault.h(5) : fatal error C1083: Cannot open include file: 'UTankAimingComponent.h': No such file or directory
[2018.01.03-17.35.47:905][953]CompilerResultsLog: Error: D:\repos\GWGame\GW_Game\Source\GW_Game\Public/Assault.h(5) : fatal error C1083: Cannot open include file: 'UTankAimingComponent.h': No such file or directory
[2018.01.03-17.35.47:905][953]CompilerResultsLog: Error: d:\repos\gwgame\gw_game\source\gw_game\public\Assault.h(5) : fatal error C1083: Cannot open include file: 'UTankAimingComponent.h': No such file or directory
[2018.01.03-17.35.47:905][953]CompilerResultsLog: AssaultPlayerController.cpp
[2018.01.03-17.35.47:905][953]CompilerResultsLog: Assault.cpp
[2018.01.03-17.35.47:905][953]CompilerResultsLog: TankAIController.gen.cpp
[2018.01.03-17.35.47:905][953]CompilerResultsLog: TankAimingComponent.gen.cpp
[2018.01.03-17.35.47:905][953]CompilerResultsLog: Error: d:\repos\gwgame\gw_game\source\gw_game\public\Assault.h(5) : fatal error C1083: Cannot open include file: 'UTankAimingComponent.h': No such file or directory
[2018.01.03-17.35.47:905][953]CompilerResultsLog: Error: D:\repos\GWGame\GW_Game\Source\GW_Game\Public\Assault.h(5) : fatal error C1083: Cannot open include file: 'UTankAimingComponent.h': No such file or directory
[2018.01.03-17.35.47:906][953]CompilerResultsLog: Error: d:\repos\gwgame\gw_game\source\gw_game\public\Assault.h(5) : fatal error C1083: Cannot open include file: 'UTankAimingComponent.h': No such file or directory
[2018.01.03-17.35.47:906][953]CompilerResultsLog: ERROR: UBT ERROR: Failed to produce item: D:\repos\GWGame\GW_Game\Binaries\Win64\UE4Editor-GW_Game-8744.dll
[2018.01.03-17.35.47:906][953]CompilerResultsLog: Total build time: 11,11 seconds (Local executor: 0,00 seconds)
[2018.01.03-17.35.47:906][953]LogMainFrame: MainFrame: Module compiling took 11.424 seconds
[2018.01.03-17.35.47:906][953]Warning: HotReload failed, recompile failed
[2018.01.03-17.38.27:845][ 64]LogWindowsTextInputMethodSystem: Display: IME system now deactivated.
[2018.01.03-17.38.27:954][ 65]Cmd: QUIT_EDITOR
[2018.01.03-17.38.27:991][ 65]LogExit: Preparing to exit.
[2018.01.03-17.38.29:162][ 65]LogExit: Editor shut down
[2018.01.03-17.38.29:168][ 65]LogExit: Transaction tracking system shut down
[2018.01.03-17.38.29:350][ 65]LogDirectoryWatcher: A directory notification for '../../../Engine/Content/' was aborted.
[2018.01.03-17.38.29:350][ 65]LogDirectoryWatcher: A directory notification for 'D:/repos/GWGame/GW_Game/Content/' was aborted.
[2018.01.03-17.38.29:350][ 65]LogDirectoryWatcher: A directory notification for '../../../Engine/Plugins/2D/Paper2D/Content/' was aborted.
[2018.01.03-17.38.29:350][ 65]LogDirectoryWatcher: A directory notification for '../../../Engine/Plugins/Media/MediaCompositing/Content/' was aborted.
[2018.01.03-17.38.29:350][ 65]LogDirectoryWatcher: A directory notification for '../../../Engine/Plugins/Runtime/AppleARKit/Content/' was aborted.
[2018.01.03-17.38.29:350][ 65]LogDirectoryWatcher: A directory notification for '../../../Engine/Plugins/Runtime/Oculus/OculusVR/Content/' was aborted.
[2018.01.03-17.38.29:350][ 65]LogDirectoryWatcher: A directory notification for '../../../Engine/Plugins/Runtime/Steam/SteamVR/Content/' was aborted.
[2018.01.03-17.38.29:389][ 65]LogExit: Object subsystem successfully closed.
[2018.01.03-17.38.29:401][ 65]LogD3D11RHI: Shutdown
[2018.01.03-17.38.29:401][ 65]LogD3D11RHI: CleanupD3DDevice
[2018.01.03-17.38.29:404][ 65]LogD3D11RHI: ~FD3D11DynamicRHI
[2018.01.03-17.38.29:485][ 65]LogModuleManager: Shutting down and abandoning module GW_Game (552)
[2018.01.03-17.38.29:485][ 65]LogModuleManager: Shutting down and abandoning module HierarchicalLODOutliner (550)
[2018.01.03-17.38.29:485][ 65]LogModuleManager: Shutting down and abandoning module DesktopPlatform (548)
[2018.01.03-17.38.29:485][ 65]LogModuleManager: Shutting down and abandoning module AddContentDialog (546)
[2018.01.03-17.38.29:486][ 65]LogDirectoryWatcher: A directory notification for 'C:/Program Files/Epic Games/UE_4.18/FeaturePacks/' was aborted.
[2018.01.03-17.38.29:486][ 65]LogModuleManager: Shutting down and abandoning module WidgetCarousel (545)
[2018.01.03-17.38.29:486][ 65]LogModuleManager: Shutting down and abandoning module EditorWidgets (542)
[2018.01.03-17.38.29:486][ 65]LogModuleManager: Shutting down and abandoning module CollectionManager (540)
[2018.01.03-17.38.29:486][ 65]LogDirectoryWatcher: A directory notification for 'D:/repos/GWGame/GW_Game/Content/Collections/' was aborted.
[2018.01.03-17.38.29:487][ 65]LogDirectoryWatcher: A directory notification for 'D:/repos/GWGame/GW_Game/Content/Developers/uzivatel1/Collections/' was aborted.
[2018.01.03-17.38.29:487][ 65]LogDirectoryWatcher: A directory notification for 'D:/repos/GWGame/GW_Game/Saved/Collections/' was aborted.
[2018.01.03-17.38.29:487][ 65]LogModuleManager: Shutting down and abandoning module SceneOutliner (538)
[2018.01.03-17.38.29:487][ 65]LogModuleManager: Shutting down and abandoning module StatsViewer (536)
[2018.01.03-17.38.29:487][ 65]LogModuleManager: Shutting down and abandoning module FoliageEdit (534)
[2018.01.03-17.38.29:487][ 65]LogModuleManager: Shutting down and abandoning module LandscapeEditor (532)
[2018.01.03-17.38.29:487][ 65]LogModuleManager: Shutting down and abandoning module MeshPaintMode (530)
[2018.01.03-17.38.29:487][ 65]LogModuleManager: Shutting down and abandoning module SceneDepthPickerMode (528)
[2018.01.03-17.38.29:487][ 65]LogModuleManager: Shutting down and abandoning module ActorPickerMode (526)
[2018.01.03-17.38.29:487][ 65]LogModuleManager: Shutting down and abandoning module GeometryMode (524)
[2018.01.03-17.38.29:487][ 65]LogModuleManager: Shutting down and abandoning module TextureAlignMode (522)
[2018.01.03-17.38.29:487][ 65]LogModuleManager: Shutting down and abandoning module BspMode (520)
[2018.01.03-17.38.29:487][ 65]LogModuleManager: Shutting down and abandoning module PIEPreviewDeviceProfileSelector (518)
[2018.01.03-17.38.29:487][ 65]LogModuleManager: Shutting down and abandoning module HardwareSurvey (516)
[2018.01.03-17.38.29:488][ 65]LogModuleManager: Shutting down and abandoning module SequenceRecorderSections (514)
[2018.01.03-17.38.29:488][ 65]LogModuleManager: Shutting down and abandoning module AutomationWorker (512)
[2018.01.03-17.38.29:488][ 65]LogModuleManager: Shutting down and abandoning module MatineeToLevelSequence (510)
[2018.01.03-17.38.29:488][ 65]LogModuleManager: Shutting down and abandoning module LevelSequenceEditor (508)
[2018.01.03-17.38.29:488][ 65]LogModuleManager: Shutting down and abandoning module PlacementMode (507)
[2018.01.03-17.38.29:488][ 65]LogModuleManager: Shutting down and abandoning module WmfMediaFactory (504)
[2018.01.03-17.38.29:488][ 65]LogModuleManager: Shutting down and abandoning module WmfMediaEditor (502)
[2018.01.03-17.38.29:488][ 65]LogModuleManager: Shutting down and abandoning module OpenExrWrapper (500)
[2018.01.03-17.38.29:488][ 65]LogModuleManager: Shutting down and abandoning module ImgMediaFactory (498)
[2018.01.03-17.38.29:488][ 65]LogModuleManager: Shutting down and abandoning module ImgMediaEditor (496)
[2018.01.03-17.38.29:488][ 65]LogModuleManager: Shutting down and abandoning module AvfMediaFactory (494)
[2018.01.03-17.38.29:488][ 65]LogModuleManager: Shutting down and abandoning module AvfMediaEditor (492)
[2018.01.03-17.38.29:488][ 65]LogModuleManager: Shutting down and abandoning module AndroidMediaFactory (490)
[2018.01.03-17.38.29:488][ 65]LogModuleManager: Shutting down and abandoning module AndroidMediaEditor (488)
[2018.01.03-17.38.29:488][ 65]LogModuleManager: Shutting down and abandoning module CharacterAI (486)
[2018.01.03-17.38.29:488][ 65]LogModuleManager: Shutting down and abandoning module AudioCapture (484)
[2018.01.03-17.38.29:488][ 65]LogModuleManager: Shutting down and abandoning module SequenceRecorder (483)
[2018.01.03-17.38.29:488][ 65]LogModuleManager: Shutting down and abandoning module SmartSnapping (480)
[2018.01.03-17.38.29:488][ 65]LogModuleManager: Shutting down and abandoning module SessionServices (478)
[2018.01.03-17.38.29:489][ 65]LogModuleManager: Shutting down and abandoning module ViewportSnapping (476)
[2018.01.03-17.38.29:489][ 65]LogModuleManager: Shutting down and abandoning module ViewportInteraction (474)
[2018.01.03-17.38.29:489][ 65]LogModuleManager: Shutting down and abandoning module ClothPainter (472)
[2018.01.03-17.38.29:489][ 65]LogModuleManager: Shutting down and abandoning module SkeletalMeshEditor (471)
[2018.01.03-17.38.29:490][ 65]LogModuleManager: Shutting down and abandoning module LogVisualizer (468)
[2018.01.03-17.38.29:490][ 65]LogModuleManager: Shutting down and abandoning module IntroTutorials (466)
[2018.01.03-17.38.29:490][ 65]LogModuleManager: Shutting down and abandoning module GameProjectGeneration (465)
[2018.01.03-17.38.29:490][ 65]LogModuleManager: Shutting down and abandoning module IOSPlatformEditor (462)
[2018.01.03-17.38.29:490][ 65]LogModuleManager: Shutting down and abandoning module HTML5PlatformEditor (460)
[2018.01.03-17.38.29:490][ 65]LogModuleManager: Shutting down and abandoning module AndroidPlatformEditor (458)
[2018.01.03-17.38.29:490][ 65]LogModuleManager: Shutting down and abandoning module AndroidDeviceDetection (457)
[2018.01.03-17.38.29:872][ 65]LogModuleManager: Shutting down and abandoning module WindowsPlatformEditor (454)
[2018.01.03-17.38.29:872][ 65]LogModuleManager: Shutting down and abandoning module IOSRuntimeSettings (452)
[2018.01.03-17.38.29:872][ 65]LogModuleManager: Shutting down and abandoning module AndroidRuntimeSettings (450)
[2018.01.03-17.38.29:872][ 65]LogModuleManager: Shutting down and abandoning module InputBindingEditor (448)
[2018.01.03-17.38.29:872][ 65]LogModuleManager: Shutting down and abandoning module MergeActors (446)
[2018.01.03-17.38.29:873][ 65]LogModuleManager: Shutting down and abandoning module SizeMap (444)
[2018.01.03-17.38.29:873][ 65]LogModuleManager: Shutting down and abandoning module TreeMap (442)
[2018.01.03-17.38.29:873][ 65]LogModuleManager: Shutting down and abandoning module ReferenceViewer (440)
[2018.01.03-17.38.29:873][ 65]LogModuleManager: Shutting down and abandoning module LocalizationDashboard (438)
[2018.01.03-17.38.29:873][ 65]LogModuleManager: Shutting down and abandoning module LocalizationService (437)
[2018.01.03-17.38.29:873][ 65]LogModuleManager: Shutting down and abandoning module HardwareTargeting (434)
[2018.01.03-17.38.29:873][ 65]LogModuleManager: Shutting down and abandoning module DeviceProfileEditor (432)
[2018.01.03-17.38.29:873][ 65]LogModuleManager: Shutting down and abandoning module UndoHistory (430)
[2018.01.03-17.38.29:873][ 65]LogModuleManager: Shutting down and abandoning module XmlParser (428)
[2018.01.03-17.38.29:873][ 65]LogModuleManager: Shutting down and abandoning module Blutility (426)
[2018.01.03-17.38.29:873][ 65]LogModuleManager: Shutting down and abandoning module ProjectSettingsViewer (424)
[2018.01.03-17.38.29:873][ 65]LogModuleManager: Shutting down and abandoning module ProjectTargetPlatformEditor (423)
[2018.01.03-17.38.29:873][ 65]LogModuleManager: Shutting down and abandoning module EditorSettingsViewer (420)
[2018.01.03-17.38.29:873][ 65]LogModuleManager: Shutting down and abandoning module SettingsEditor (418)
[2018.01.03-17.38.29:873][ 65]LogModuleManager: Shutting down and abandoning module ProjectLauncher (416)
[2018.01.03-17.38.29:874][ 65]LogModuleManager: Shutting down and abandoning module SessionFrontend (414)
[2018.01.03-17.38.29:874][ 65]LogModuleManager: Shutting down and abandoning module ProfilerClient (412)
[2018.01.03-17.38.29:874][ 65]LogModuleManager: Shutting down and abandoning module DeviceManager (410)
[2018.01.03-17.38.29:874][ 65]LogModuleManager: Shutting down and abandoning module TargetDeviceServices (409)
[2018.01.03-17.38.29:936][ 65]LogModuleManager: Shutting down and abandoning module AutomationController (406)
[2018.01.03-17.38.29:936][ 65]LogModuleManager: Shutting down and abandoning module AutomationWindow (404)
[2018.01.03-17.38.29:938][ 65]LogModuleManager: Shutting down and abandoning module Layers (402)
[2018.01.03-17.38.29:939][ 65]LogModuleManager: Shutting down and abandoning module ComponentVisualizers (400)
[2018.01.03-17.38.29:939][ 65]LogModuleManager: Shutting down and abandoning module DetailCustomizations (398)
[2018.01.03-17.38.29:939][ 65]LogModuleManager: Shutting down and abandoning module PackagesDialog (396)
[2018.01.03-17.38.29:940][ 65]LogModuleManager: Shutting down and abandoning module Persona (394)
[2018.01.03-17.38.29:941][ 65]LogModuleManager: Shutting down and abandoning module AdvancedPreviewScene (393)
[2018.01.03-17.38.29:941][ 65]LogModuleManager: Shutting down and abandoning module AnimGraph (391)
[2018.01.03-17.38.29:941][ 65]LogModuleManager: Shutting down and abandoning module Kismet (388)
[2018.01.03-17.38.29:941][ 65]LogModuleManager: Shutting down and abandoning module ClassViewer (386)
[2018.01.03-17.38.29:942][ 65]LogModuleManager: Shutting down and abandoning module Toolbox (384)
[2018.01.03-17.38.29:943][ 65]LogModuleManager: Shutting down and abandoning module ModuleUI (382)
[2018.01.03-17.38.29:943][ 65]LogModuleManager: Shutting down and abandoning module MovieSceneTools (380)
[2018.01.03-17.38.29:944][ 65]LogModuleManager: Shutting down and abandoning module OutputLog (378)
[2018.01.03-17.38.29:944][ 65]LogModuleManager: Shutting down and abandoning module GammaUI (376)
[2018.01.03-17.38.29:944][ 65]LogModuleManager: Shutting down and abandoning module Documentation (374)
[2018.01.03-17.38.29:944][ 65]LogModuleManager: Shutting down and abandoning module MovieSceneTracks (372)
[2018.01.03-17.38.29:945][ 65]LogModuleManager: Shutting down and abandoning module MovieScene (370)
[2018.01.03-17.38.29:945][ 65]LogModuleManager: Shutting down and abandoning module StreamingPauseRendering (368)
[2018.01.03-17.38.29:945][ 65]LogModuleManager: Shutting down and abandoning module LauncherPlatform (366)
[2018.01.03-17.38.29:945][ 65]LogModuleManager: Shutting down and abandoning module AnalyticsET (364)
[2018.01.03-17.38.29:945][ 65]LogModuleManager: Shutting down and abandoning module PortalServices (362)
[2018.01.03-17.38.29:945][ 65]LogModuleManager: Shutting down and abandoning module PortalRpc (360)
[2018.01.03-17.38.29:945][ 65]LogModuleManager: Shutting down and abandoning module MessagingRpc (358)
[2018.01.03-17.38.29:945][ 65]LogModuleManager: Shutting down and abandoning module AIModule (356)
[2018.01.03-17.38.29:945][ 65]LogModuleManager: Shutting down and abandoning module GameplayDebugger (355)
[2018.01.03-17.38.29:945][ 65]LogModuleManager: Shutting down and abandoning module AITestSuite (353)
[2018.01.03-17.38.29:945][ 65]LogModuleManager: Shutting down and abandoning module ProfilerService (350)
[2018.01.03-17.38.30:128][ 65]LogModuleManager: Shutting down and abandoning module TaskGraph (348)
[2018.01.03-17.38.30:128][ 65]LogModuleManager: Shutting down and abandoning module SteamVRController (346)
[2018.01.03-17.38.30:128][ 65]LogModuleManager: Shutting down and abandoning module ProceduralMeshComponentEditor (344)
[2018.01.03-17.38.30:128][ 65]LogModuleManager: Shutting down and abandoning module ProceduralMeshComponent (342)
[2018.01.03-17.38.30:128][ 65]LogModuleManager: Shutting down and abandoning module OculusInput (340)
[2018.01.03-17.38.30:128][ 65]LogModuleManager: Shutting down and abandoning module MobilePatchingUtils (338)
[2018.01.03-17.38.30:128][ 65]LogModuleManager: Shutting down and abandoning module CustomMeshComponent (336)
[2018.01.03-17.38.30:128][ 65]LogModuleManager: Shutting down and abandoning module CableComponent (334)
[2018.01.03-17.38.30:128][ 65]LogModuleManager: Shutting down and abandoning module ArchVisCharacter (332)
[2018.01.03-17.38.30:129][ 65]LogModuleManager: Shutting down and abandoning module AndroidPermission (330)
[2018.01.03-17.38.30:129][ 65]LogModuleManager: Shutting down and abandoning module ActorSequence (326)
[2018.01.03-17.38.30:129][ 65]LogModuleManager: Shutting down and abandoning module MediaPlayerEditor (324)
[2018.01.03-17.38.30:130][ 65]LogModuleManager: Shutting down and abandoning module MediaCompositingEditor (322)
[2018.01.03-17.38.30:130][ 65]LogModuleManager: Shutting down and abandoning module MediaCompositing (320)
[2018.01.03-17.38.30:130][ 65]LogModuleManager: Shutting down and abandoning module HTML5Networking (318)
[2018.01.03-17.38.30:130][ 65]LogModuleManager: Shutting down and abandoning module AlembicImporter (316)
[2018.01.03-17.38.30:131][ 65]LogModuleManager: Shutting down and abandoning module AlembicLibrary (315)
[2018.01.03-17.38.30:131][ 65]LogModuleManager: Shutting down and abandoning module GeometryCache (314)
[2018.01.03-17.38.30:131][ 65]LogModuleManager: Shutting down and abandoning module GeometryCacheEd (313)
[2018.01.03-17.38.30:131][ 65]LogModuleManager: Shutting down and abandoning module SpeedTreeImporter (308)
[2018.01.03-17.38.30:131][ 65]LogModuleManager: Shutting down and abandoning module PluginBrowser (306)
[2018.01.03-17.38.30:132][ 65]LogModuleManager: Shutting down and abandoning module MobileLauncherProfileWizard (304)
[2018.01.03-17.38.30:132][ 65]LogModuleManager: Shutting down and abandoning module VisualStudioSourceCodeAccess (302)
[2018.01.03-17.38.30:133][ 65]LogModuleManager: Shutting down and abandoning module VisualStudioCodeSourceCodeAccess (300)
[2018.01.03-17.38.30:133][ 65]LogModuleManager: Shutting down and abandoning module UObjectPlugin (298)
[2018.01.03-17.38.30:133][ 65]LogModuleManager: Shutting down and abandoning module SubversionSourceControl (296)
[2018.01.03-17.38.30:133][ 65]LogModuleManager: Shutting down and abandoning module PerforceSourceControl (294)
[2018.01.03-17.38.30:133][ 65]LogModuleManager: Shutting down and abandoning module GitSourceControl (292)
[2018.01.03-17.38.30:133][ 65]LogModuleManager: Shutting down and abandoning module SourceControl (291)
[2018.01.03-17.38.30:134][ 65]LogModuleManager: Shutting down and abandoning module LightPropagationVolumeEditor (288)
[2018.01.03-17.38.30:134][ 65]LogModuleManager: Shutting down and abandoning module PaperTiledImporter (286)
[2018.01.03-17.38.30:134][ 65]LogModuleManager: Shutting down and abandoning module PaperSpriteSheetImporter (284)
[2018.01.03-17.38.30:134][ 65]LogModuleManager: Shutting down and abandoning module Paper2DEditor (282)
[2018.01.03-17.38.30:134][ 65]LogModuleManager: Shutting down and abandoning module MeshPaint (281)
[2018.01.03-17.38.30:134][ 65]LogModuleManager: Shutting down and abandoning module LevelEditor (279)
[2018.01.03-17.38.30:138][ 65]LogModuleManager: Shutting down and abandoning module PixelInspectorModule (278)
[2018.01.03-17.38.30:138][ 65]LogModuleManager: Shutting down and abandoning module MainFrame (276)
[2018.01.03-17.38.30:138][ 65]LogModuleManager: Shutting down and abandoning module HotReload (275)
[2018.01.03-17.38.30:138][ 65]LogDirectoryWatcher: A directory notification for 'D:/repos/GWGame/GW_Game/Binaries/Win64' was aborted.
[2018.01.03-17.38.30:142][ 65]LogModuleManager: Shutting down and abandoning module RuntimePhysXCooking (268)
[2018.01.03-17.38.30:142][ 65]LogModuleManager: Shutting down and abandoning module PhysXVehiclesEditor (266)
[2018.01.03-17.38.30:142][ 65]LogModuleManager: Shutting down and abandoning module PhysXVehicles (264)
[2018.01.03-17.38.30:142][ 65]LogModuleManager: Shutting down and abandoning module OculusEditor (262)
[2018.01.03-17.38.30:142][ 65]LogModuleManager: Shutting down and abandoning module LocationServicesBPLibrary (260)
[2018.01.03-17.38.30:142][ 65]LogModuleManager: Shutting down and abandoning module ImmediatePhysicsEditor (258)
[2018.01.03-17.38.30:142][ 65]LogModuleManager: Shutting down and abandoning module ImmediatePhysics (256)
[2018.01.03-17.38.30:142][ 65]LogModuleManager: Shutting down and abandoning module UdpMessaging (254)
[2018.01.03-17.38.30:243][ 65]LogModuleManager: Shutting down and abandoning module TcpMessaging (252)
[2018.01.03-17.38.30:343][ 65]LogModuleManager: Shutting down and abandoning module GameplayTagsEditor (250)
[2018.01.03-17.38.30:343][ 65]LogModuleManager: Shutting down and abandoning module FacialAnimationEditor (248)
[2018.01.03-17.38.30:343][ 65]LogModuleManager: Shutting down and abandoning module FacialAnimation (246)
[2018.01.03-17.38.30:343][ 65]LogModuleManager: Shutting down and abandoning module AssetManagerEditor (244)
[2018.01.03-17.38.30:343][ 65]LogModuleManager: Shutting down and abandoning module GraphEditor (243)
[2018.01.03-17.38.30:345][ 65]LogModuleManager: Shutting down and abandoning module ContentBrowser (241)
[2018.01.03-17.38.30:346][ 65]LogModuleManager: Shutting down and abandoning module LightPropagationVolumeRuntime (238)
[2018.01.03-17.38.30:346][ 65]LogModuleManager: Shutting down and abandoning module Paper2D (236)
[2018.01.03-17.38.30:346][ 65]LogModuleManager: Shutting down and abandoning module WindowsMoviePlayer (234)
[2018.01.03-17.38.30:346][ 65]LogModuleManager: Shutting down and abandoning module WmfMedia (232)
[2018.01.03-17.38.30:348][ 65]LogModuleManager: Shutting down and abandoning module ImgMedia (230)
[2018.01.03-17.38.30:348][ 65]LogModuleManager: Shutting down and abandoning module PacketHandler (228)
[2018.01.03-17.38.30:348][ 65]LogModuleManager: Shutting down and abandoning module ClothingSystemEditor (226)
[2018.01.03-17.38.30:348][ 65]LogModuleManager: Shutting down and abandoning module ClothingSystemRuntime (224)
[2018.01.03-17.38.30:348][ 65]LogModuleManager: Shutting down and abandoning module MediaAssets (222)
[2018.01.03-17.38.30:348][ 65]LogModuleManager: Shutting down and abandoning module Media (221)
[2018.01.03-17.38.30:354][ 65]LogModuleManager: Shutting down and abandoning module Overlay (218)
[2018.01.03-17.38.30:354][ 65]LogModuleManager: Shutting down and abandoning module OverlayEditor (217)
[2018.01.03-17.38.30:354][ 65]LogModuleManager: Shutting down and abandoning module VREditor (214)
[2018.01.03-17.38.30:354][ 65]LogModuleManager: Shutting down and abandoning module StringTableEditor (212)
[2018.01.03-17.38.30:354][ 65]LogModuleManager: Shutting down and abandoning module GameplayTasksEditor (210)
[2018.01.03-17.38.30:354][ 65]LogModuleManager: Shutting down and abandoning module BehaviorTreeEditor (208)
[2018.01.03-17.38.30:355][ 65]LogModuleManager: Shutting down and abandoning module FunctionalTesting (206)
[2018.01.03-17.38.30:355][ 65]LogModuleManager: Shutting down and abandoning module CollisionAnalyzer (204)
[2018.01.03-17.38.30:355][ 65]LogModuleManager: Shutting down and abandoning module WorkspaceMenuStructure (203)
[2018.01.03-17.38.30:355][ 65]LogModuleManager: Shutting down and abandoning module UMG (200)
[2018.01.03-17.38.30:356][ 65]LogModuleManager: Shutting down and abandoning module UMGEditor (199)
[2018.01.03-17.38.30:356][ 65]LogModuleManager: Shutting down and abandoning module Sequencer (198)
[2018.01.03-17.38.30:357][ 65]LogModuleManager: Shutting down and abandoning module MessageLog (195)
[2018.01.03-17.38.30:357][ 65]LogModuleManager: Shutting down and abandoning module SlateReflector (190)
[2018.01.03-17.38.30:358][ 65]LogModuleManager: Shutting down and abandoning module Slate (188)
[2018.01.03-17.38.30:358][ 65]LogModuleManager: Shutting down and abandoning module EditorStyle (186)
[2018.01.03-17.38.30:365][ 65]LogModuleManager: Shutting down and abandoning module MRMesh (184)
[2018.01.03-17.38.30:365][ 65]LogModuleManager: Shutting down and abandoning module SourceCodeAccess (182)
[2018.01.03-17.38.30:365][ 65]LogModuleManager: Shutting down and abandoning module HeadMountedDisplay (180)
[2018.01.03-17.38.30:365][ 65]LogModuleManager: Shutting down and abandoning module XAudio2 (178)
[2018.01.03-17.38.30:365][ 65]LogModuleManager: Shutting down and abandoning module Networking (176)
[2018.01.03-17.38.30:365][ 65]LogModuleManager: Shutting down and abandoning module Core (172)
[2018.01.03-17.38.30:365][ 65]LogModuleManager: Shutting down and abandoning module LevelSequence (168)
[2018.01.03-17.38.30:365][ 65]LogModuleManager: Shutting down and abandoning module DirectoryWatcher (166)
[2018.01.03-17.38.30:366][ 65]LogModuleManager: Shutting down and abandoning module KismetCompiler (164)
[2018.01.03-17.38.30:366][ 65]LogModuleManager: Shutting down and abandoning module MeshUtilities (162)
[2018.01.03-17.38.30:366][ 65]LogModuleManager: Shutting down and abandoning module MeshMergeUtilities (161)
[2018.01.03-17.38.30:366][ 65]LogModuleManager: Shutting down and abandoning module MeshReductionInterface (160)
[2018.01.03-17.38.30:366][ 65]LogModuleManager: Shutting down and abandoning module SimplygonSwarm (159)
[2018.01.03-17.38.30:367][ 65]LogModuleManager: Shutting down and abandoning module SimplygonMeshReduction (157)
[2018.01.03-17.38.30:367][ 65]LogModuleManager: Shutting down and abandoning module QuadricMeshReduction (155)
[2018.01.03-17.38.30:367][ 65]LogModuleManager: Shutting down and abandoning module MaterialBaking (151)
[2018.01.03-17.38.30:367][ 65]LogModuleManager: Shutting down and abandoning module DerivedDataCache (148)
[2018.01.03-17.38.30:437][ 65]LogDerivedDataCache: Shutdown
[2018.01.03-17.38.30:437][ 65]LogModuleManager: Shutting down and abandoning module TargetPlatform (146)
[2018.01.03-17.38.30:437][ 65]LogModuleManager: Shutting down and abandoning module VulkanShaderFormat (145)
[2018.01.03-17.38.30:437][ 65]LogModuleManager: Shutting down and abandoning module ShaderFormatVectorVM (143)
[2018.01.03-17.38.30:437][ 65]LogModuleManager: Shutting down and abandoning module ShaderFormatOpenGL (141)
[2018.01.03-17.38.30:437][ 65]LogModuleManager: Shutting down and abandoning module ShaderFormatD3D (139)
[2018.01.03-17.38.30:438][ 65]LogModuleManager: Shutting down and abandoning module MetalShaderFormat (137)
[2018.01.03-17.38.30:438][ 65]LogModuleManager: Shutting down and abandoning module TextureFormatUncompressed (135)
[2018.01.03-17.38.30:438][ 65]LogModuleManager: Shutting down and abandoning module TextureFormatPVR (133)
[2018.01.03-17.38.30:438][ 65]LogModuleManager: Shutting down and abandoning module TextureFormatDXT (131)
[2018.01.03-17.38.30:438][ 65]LogModuleManager: Shutting down and abandoning module TextureFormatIntelISPCTexComp (129)
[2018.01.03-17.38.30:438][ 65]LogModuleManager: Shutting down and abandoning module TextureFormatASTC (127)
[2018.01.03-17.38.30:438][ 65]LogModuleManager: Shutting down and abandoning module ImageWrapper (126)
[2018.01.03-17.38.30:438][ 65]LogModuleManager: Shutting down and abandoning module TextureFormatAndroid (123)
[2018.01.03-17.38.30:438][ 65]LogModuleManager: Shutting down and abandoning module AudioFormatOpus (121)
[2018.01.03-17.38.30:438][ 65]LogModuleManager: Shutting down and abandoning module AudioFormatOgg (119)
[2018.01.03-17.38.30:438][ 65]LogModuleManager: Shutting down and abandoning module AudioFormatADPCM (117)
[2018.01.03-17.38.30:438][ 65]LogModuleManager: Shutting down and abandoning module LinuxTargetPlatform (115)
[2018.01.03-17.38.30:438][ 65]LogModuleManager: Shutting down and abandoning module LinuxServerTargetPlatform (113)
[2018.01.03-17.38.30:438][ 65]LogModuleManager: Shutting down and abandoning module LinuxNoEditorTargetPlatform (111)
[2018.01.03-17.38.30:438][ 65]LogModuleManager: Shutting down and abandoning module LinuxClientTargetPlatform (109)
[2018.01.03-17.38.30:438][ 65]LogModuleManager: Shutting down and abandoning module TVOSTargetPlatform (107)
[2018.01.03-17.38.30:438][ 65]LogModuleManager: Shutting down and abandoning module Messaging (105)
[2018.01.03-17.38.30:438][ 65]LogModuleManager: Shutting down and abandoning module IOSTargetPlatform (103)
[2018.01.03-17.38.30:438][ 65]LogModuleManager: Shutting down and abandoning module HTML5TargetPlatform (101)
[2018.01.03-17.38.30:438][ 65]LogModuleManager: Shutting down and abandoning module AndroidTargetPlatform (99)
[2018.01.03-17.38.30:438][ 65]LogModuleManager: Shutting down and abandoning module Android_PVRTCTargetPlatform (97)
[2018.01.03-17.38.30:438][ 65]LogModuleManager: Shutting down and abandoning module Android_MultiTargetPlatform (95)
[2018.01.03-17.38.30:438][ 65]LogModuleManager: Shutting down and abandoning module Android_ETC2TargetPlatform (93)
[2018.01.03-17.38.30:438][ 65]LogModuleManager: Shutting down and abandoning module Android_ETC1TargetPlatform (91)
[2018.01.03-17.38.30:438][ 65]LogModuleManager: Shutting down and abandoning module Android_DXTTargetPlatform (89)
[2018.01.03-17.38.30:438][ 65]LogModuleManager: Shutting down and abandoning module Android_ATCTargetPlatform (87)
[2018.01.03-17.38.30:438][ 65]LogModuleManager: Shutting down and abandoning module Android_ASTCTargetPlatform (85)
[2018.01.03-17.38.30:438][ 65]LogModuleManager: Shutting down and abandoning module WindowsTargetPlatform (83)
[2018.01.03-17.38.30:438][ 65]LogModuleManager: Shutting down and abandoning module WindowsServerTargetPlatform (81)
[2018.01.03-17.38.30:439][ 65]LogModuleManager: Shutting down and abandoning module WindowsNoEditorTargetPlatform (79)
[2018.01.03-17.38.30:439][ 65]LogModuleManager: Shutting down and abandoning module WindowsClientTargetPlatform (77)
[2018.01.03-17.38.30:439][ 65]LogModuleManager: Shutting down and abandoning module MacTargetPlatform (75)
[2018.01.03-17.38.30:439][ 65]LogModuleManager: Shutting down and abandoning module MacServerTargetPlatform (73)
[2018.01.03-17.38.30:439][ 65]LogModuleManager: Shutting down and abandoning module MacNoEditorTargetPlatform (71)
[2018.01.03-17.38.30:439][ 65]LogModuleManager: Shutting down and abandoning module MacClientTargetPlatform (69)
[2018.01.03-17.38.30:439][ 65]LogModuleManager: Shutting down and abandoning module AllDesktopTargetPlatform (67)
[2018.01.03-17.38.30:439][ 65]LogModuleManager: Shutting down and abandoning module InputCore (64)
[2018.01.03-17.38.30:439][ 65]LogModuleManager: Shutting down and abandoning module Settings (62)
[2018.01.03-17.38.30:439][ 65]LogModuleManager: Shutting down and abandoning module PhysXCooking (60)
[2018.01.03-17.38.30:439][ 65]LogModuleManager: Shutting down and abandoning module SteamVR (58)
[2018.01.03-17.38.30:439][ 65]LogModuleManager: Shutting down and abandoning module OculusHMD (56)
[2018.01.03-17.38.30:439][ 65]LogModuleManager: Shutting down and abandoning module ExampleDeviceProfileSelector (54)
[2018.01.03-17.38.30:439][ 65]LogModuleManager: Shutting down and abandoning module AppleARKit (52)
[2018.01.03-17.38.30:439][ 65]LogModuleManager: Shutting down and abandoning module AugmentedReality (51)
[2018.01.03-17.38.30:439][ 65]LogModuleManager: Shutting down and abandoning module OnlineBlueprintSupport (48)
[2018.01.03-17.38.30:439][ 65]LogModuleManager: Shutting down and abandoning module OnlineSubsystem (44)
[2018.01.03-17.38.30:439][ 65]LogModuleManager: Shutting down and abandoning module XMPP (43)
[2018.01.03-17.38.30:440][ 65]LogModuleManager: Shutting down and abandoning module HTTP (41)
[2018.01.03-17.38.30:440][ 65]LogHttp: Display: Http module shutting down, but needs to wait on 1 outstanding Http requests:
[2018.01.03-17.38.30:440][ 65]LogHttp: Display: 	verb=[POST] url=[https://datarouter.ol.epicgames.com/datarouter/api/v1/public/data?SessionID=%7BDBAEEFFE-4324-3309-EB8F-EF93A331CCB0%7D&AppID=UEEditor.Rocket.Release&AppVersion=4.18.2-3794801%2B%2B%2BUE4%2BRelease-4.18&UserID=cc42ddc2440a28282bc68e8490f26174%7C4ceece949fa540afa05284edb250037f%7C0bebcf97-a808-44ca-9c7d-125cb113877c&AppEnvironment=datacollector-binary&UploadType=eteventstream] status=Processing
[2018.01.03-17.38.30:469][ 65]LogModuleManager: Shutting down and abandoning module SSL (40)
[2018.01.03-17.38.30:471][ 65]LogModuleManager: Shutting down and abandoning module AnimationModifiers (36)
[2018.01.03-17.38.30:471][ 65]LogModuleManager: Shutting down and abandoning module PropertyEditor (35)
[2018.01.03-17.38.30:471][ 65]LogModuleManager: Shutting down and abandoning module AudioEditor (32)
[2018.01.03-17.38.30:473][ 65]LogModuleManager: Shutting down and abandoning module TextureCompressor (30)
[2018.01.03-17.38.30:473][ 65]LogModuleManager: Shutting down and abandoning module ShaderCore (28)
[2018.01.03-17.38.30:473][ 65]LogModuleManager: Shutting down and abandoning module Landscape (26)
[2018.01.03-17.38.30:473][ 65]LogModuleManager: Shutting down and abandoning module SlateRHIRenderer (24)
[2018.01.03-17.38.30:476][ 65]LogModuleManager: Shutting down and abandoning module OpenGLDrv (22)
[2018.01.03-17.38.30:476][ 65]LogModuleManager: Shutting down and abandoning module D3D11RHI (20)
[2018.01.03-17.38.30:476][ 65]LogModuleManager: Shutting down and abandoning module AnimGraphRuntime (18)
[2018.01.03-17.38.30:476][ 65]LogModuleManager: Shutting down and abandoning module Renderer (16)
[2018.01.03-17.38.30:476][ 65]LogModuleManager: Shutting down and abandoning module Engine (14)
[2018.01.03-17.38.30:476][ 65]LogModuleManager: Shutting down and abandoning module CoreUObject (12)
[2018.01.03-17.38.30:477][ 65]LogModuleManager: Shutting down and abandoning module NetworkFile (10)
[2018.01.03-17.38.30:477][ 65]LogModuleManager: Shutting down and abandoning module CookedIterativeFile (8)
[2018.01.03-17.38.30:477][ 65]LogModuleManager: Shutting down and abandoning module StreamingFile (6)
[2018.01.03-17.38.30:477][ 65]LogModuleManager: Shutting down and abandoning module SandboxFile (4)
[2018.01.03-17.38.30:477][ 65]LogModuleManager: Shutting down and abandoning module PakFile (2)
[2018.01.03-17.38.30:485][ 65]LogExit: Exiting.
[2018.01.03-17.38.30:513][ 65]Log file closed, 01/03/18 18:38:30
