Log file open, 01/09/18 20:04:16
LogWindows: Failed to load 'aqProf.dll' (GetLastError=126)
LogWindows: File 'aqProf.dll' does not exist
LogWindows: Failed to load 'VSPerf140.dll' (GetLastError=126)
LogWindows: File 'VSPerf140.dll' does not exist
LogWindows: Failed to load 'VtuneApi.dll' (GetLastError=126)
LogWindows: File 'VtuneApi.dll' does not exist
LogWindows: Failed to load 'VtuneApi32e.dll' (GetLastError=126)
LogWindows: File 'VtuneApi32e.dll' does not exist
LogInit: Display: Running engine for game: GW_Game
LogPlatformFile: Not using cached read wrapper
LogInit: Display: RandInit(1080638231) SRandInit(1080638231).
LogInit: Read version file with build ID '3709383'
LogInit: Overriding engine version to CL 3794801, compatible CL 3709383
LogInit: Registered custom module enumerator with build ID '3709383'
LogTaskGraph: Started task graph with 5 named threads and 14 total threads with 3 sets of task threads.
LogStats: Stats thread started at 0.182411
LogD3D11RHI: Aftermath initialized
LogPluginManager: Mounting plugin Paper2D
LogPluginManager: Mounting plugin LightPropagationVolume
LogPluginManager: Mounting plugin CodeLiteSourceCodeAccess
LogPluginManager: Mounting plugin GitSourceControl
LogPluginManager: Mounting plugin KDevelopSourceCodeAccess
LogPluginManager: Mounting plugin NullSourceCodeAccess
LogPluginManager: Mounting plugin PerforceSourceControl
LogPluginManager: Mounting plugin SubversionSourceControl
LogPluginManager: Mounting plugin UObjectPlugin
LogPluginManager: Mounting plugin VisualStudioCodeSourceCodeAccess
LogPluginManager: Mounting plugin VisualStudioSourceCodeAccess
LogPluginManager: Mounting plugin XCodeSourceCodeAccess
LogPluginManager: Mounting plugin AssetManagerEditor
LogPluginManager: Mounting plugin AudioCapture
LogPluginManager: Mounting plugin FacialAnimation
LogPluginManager: Mounting plugin GameplayTagsEditor
LogPluginManager: Mounting plugin MobileLauncherProfileWizard
LogPluginManager: Mounting plugin PluginBrowser
LogPluginManager: Mounting plugin SpeedTreeImporter
LogPluginManager: Mounting plugin AlembicImporter
LogPluginManager: Mounting plugin CharacterAI
LogPluginManager: Mounting plugin HTML5Networking
LogPluginManager: Mounting plugin AndroidMedia
LogPluginManager: Mounting plugin AvfMedia
LogPluginManager: Mounting plugin ImgMedia
LogPluginManager: Mounting plugin MediaCompositing
LogPluginManager: Mounting plugin MediaPlayerEditor
LogPluginManager: Mounting plugin WmfMedia
LogPluginManager: Mounting plugin TcpMessaging
LogPluginManager: Mounting plugin UdpMessaging
LogPluginManager: Mounting plugin ActorSequence
LogPluginManager: Mounting plugin LevelSequenceEditor
LogPluginManager: Mounting plugin MatineeToLevelSequence
LogPluginManager: Mounting plugin OnlineSubsystemGooglePlay
LogPluginManager: Mounting plugin OnlineSubsystemIOS
LogPluginManager: Mounting plugin OnlineSubsystem
LogPluginManager: Mounting plugin OnlineSubsystemNull
LogPluginManager: Mounting plugin OnlineSubsystemUtils
LogPluginManager: Mounting plugin AndroidDeviceProfileSelector
LogPluginManager: Mounting plugin AndroidMoviePlayer
LogPluginManager: Mounting plugin AndroidPermission
LogPluginManager: Mounting plugin AppleARKit
LogPluginManager: Mounting plugin AppleMoviePlayer
LogPluginManager: Mounting plugin ArchVisCharacter
LogPluginManager: Mounting plugin CableComponent
LogPluginManager: Mounting plugin CustomMeshComponent
LogPluginManager: Mounting plugin ExampleDeviceProfileSelector
LogPluginManager: Mounting plugin GoogleCloudMessaging
LogPluginManager: Mounting plugin ImmediatePhysics
LogPluginManager: Mounting plugin IOSDeviceProfileSelector
LogPluginManager: Mounting plugin LinuxDeviceProfileSelector
LogPluginManager: Mounting plugin LocationServicesBPLibrary
LogPluginManager: Mounting plugin MobilePatchingUtils
LogPluginManager: Mounting plugin OculusVR
LogPluginManager: Plugin shader directory ../../../Engine/Plugins/Runtime/Oculus/OculusVR/Shaders found
LogPluginManager: Mapping shader source directory ../../../Engine/Plugins/Runtime/Oculus/OculusVR/Shaders to virtual directory /Plugin/OculusVR
LogPluginManager: Mounting plugin PhysXVehicles
LogPluginManager: Mounting plugin ProceduralMeshComponent
LogPluginManager: Mounting plugin RuntimePhysXCooking
LogPluginManager: Mounting plugin SteamVR
LogPluginManager: Mounting plugin WindowsMoviePlayer
LogModuleManager: Display: Found up-to-date module file D:/repos/GWGame/GW_Game/Binaries/Win64/UE4Editor-GW_Game-6852.dll (API version 3709383).
LogModuleManager: Display: Found up-to-date module file ../../../Engine/Plugins/2D/Paper2D/Binaries/Win64/UE4Editor-Paper2D.dll (API version 3709383).
LogModuleManager: Display: Found up-to-date module file ../../../Engine/Plugins/2D/Paper2D/Binaries/Win64/UE4Editor-Paper2DEditor.dll (API version 3709383).
LogModuleManager: Display: Found up-to-date module file ../../../Engine/Plugins/2D/Paper2D/Binaries/Win64/UE4Editor-PaperSpriteSheetImporter.dll (API version 3709383).
LogModuleManager: Display: Found up-to-date module file ../../../Engine/Plugins/2D/Paper2D/Binaries/Win64/UE4Editor-PaperTiledImporter.dll (API version 3709383).
LogModuleManager: Display: Found up-to-date module file ../../../Engine/Plugins/2D/Paper2D/Binaries/Win64/UE4Editor-SmartSnapping.dll (API version 3709383).
LogModuleManager: Display: Found up-to-date module file ../../../Engine/Plugins/Blendables/LightPropagationVolume/Binaries/Win64/UE4Editor-LightPropagationVolumeRuntime.dll (API version 3709383).
LogModuleManager: Display: Found up-to-date module file ../../../Engine/Plugins/Blendables/LightPropagationVolume/Binaries/Win64/UE4Editor-LightPropagationVolumeEditor.dll (API version 3709383).
LogModuleManager: Display: Found up-to-date module file ../../../Engine/Plugins/Developer/GitSourceControl/Binaries/Win64/UE4Editor-GitSourceControl.dll (API version 3709383).
LogModuleManager: Display: Found up-to-date module file ../../../Engine/Plugins/Developer/PerforceSourceControl/Binaries/Win64/UE4Editor-PerforceSourceControl.dll (API version 3709383).
LogModuleManager: Display: Found up-to-date module file ../../../Engine/Plugins/Developer/SubversionSourceControl/Binaries/Win64/UE4Editor-SubversionSourceControl.dll (API version 3709383).
LogModuleManager: Display: Found up-to-date module file ../../../Engine/Plugins/Developer/UObjectPlugin/Binaries/Win64/UE4Editor-UObjectPlugin.dll (API version 3709383).
LogModuleManager: Display: Found up-to-date module file ../../../Engine/Plugins/Developer/VisualStudioCodeSourceCodeAccess/Binaries/Win64/UE4Editor-VisualStudioCodeSourceCodeAccess.dll (API version 3709383).
LogModuleManager: Display: Found up-to-date module file ../../../Engine/Plugins/Developer/VisualStudioSourceCodeAccess/Binaries/Win64/UE4Editor-VisualStudioSourceCodeAccess.dll (API version 3709383).
LogModuleManager: Display: Found up-to-date module file ../../../Engine/Plugins/Editor/AssetManagerEditor/Binaries/Win64/UE4Editor-AssetManagerEditor.dll (API version 3709383).
LogModuleManager: Display: Found up-to-date module file ../../../Engine/Plugins/Editor/AudioCapture/Binaries/Win64/UE4Editor-AudioCapture.dll (API version 3709383).
LogModuleManager: Display: Found up-to-date module file ../../../Engine/Plugins/Editor/FacialAnimation/Binaries/Win64/UE4Editor-FacialAnimation.dll (API version 3709383).
LogModuleManager: Display: Found up-to-date module file ../../../Engine/Plugins/Editor/FacialAnimation/Binaries/Win64/UE4Editor-FacialAnimationEditor.dll (API version 3709383).
LogModuleManager: Display: Found up-to-date module file ../../../Engine/Plugins/Editor/GameplayTagsEditor/Binaries/Win64/UE4Editor-GameplayTagsEditor.dll (API version 3709383).
LogModuleManager: Display: Found up-to-date module file ../../../Engine/Plugins/Editor/MobileLauncherProfileWizard/Binaries/Win64/UE4Editor-MobileLauncherProfileWizard.dll (API version 3709383).
LogModuleManager: Display: Found up-to-date module file ../../../Engine/Plugins/Editor/PluginBrowser/Binaries/Win64/UE4Editor-PluginBrowser.dll (API version 3709383).
LogModuleManager: Display: Found up-to-date module file ../../../Engine/Plugins/Editor/SpeedTreeImporter/Binaries/Win64/UE4Editor-SpeedTreeImporter.dll (API version 3709383).
LogModuleManager: Display: Found up-to-date module file ../../../Engine/Plugins/Experimental/AlembicImporter/Binaries/Win64/UE4Editor-AlembicImporter.dll (API version 3709383).
LogModuleManager: Display: Found up-to-date module file ../../../Engine/Plugins/Experimental/AlembicImporter/Binaries/Win64/UE4Editor-AlembicLibrary.dll (API version 3709383).
LogModuleManager: Display: Found up-to-date module file ../../../Engine/Plugins/Experimental/CharacterAI/Binaries/Win64/UE4Editor-CharacterAI.dll (API version 3709383).
LogModuleManager: Display: Found up-to-date module file ../../../Engine/Plugins/Experimental/HTML5Networking/Binaries/Win64/UE4Editor-HTML5Networking.dll (API version 3709383).
LogModuleManager: Display: Found up-to-date module file ../../../Engine/Plugins/Media/AndroidMedia/Binaries/Win64/UE4Editor-AndroidMediaEditor.dll (API version 3709383).
LogModuleManager: Display: Found up-to-date module file ../../../Engine/Plugins/Media/AndroidMedia/Binaries/Win64/UE4Editor-AndroidMediaFactory.dll (API version 3709383).
LogModuleManager: Display: Found up-to-date module file ../../../Engine/Plugins/Media/AvfMedia/Binaries/Win64/UE4Editor-AvfMediaEditor.dll (API version 3709383).
LogModuleManager: Display: Found up-to-date module file ../../../Engine/Plugins/Media/AvfMedia/Binaries/Win64/UE4Editor-AvfMediaFactory.dll (API version 3709383).
LogModuleManager: Display: Found up-to-date module file ../../../Engine/Plugins/Media/AvfMedia/Binaries/Win64/UE4Editor-AvfMediaFactory.dll (API version 3709383).
LogModuleManager: Display: Found up-to-date module file ../../../Engine/Plugins/Media/ImgMedia/Binaries/Win64/UE4Editor-ImgMedia.dll (API version 3709383).
LogModuleManager: Display: Found up-to-date module file ../../../Engine/Plugins/Media/ImgMedia/Binaries/Win64/UE4Editor-ImgMediaEditor.dll (API version 3709383).
LogModuleManager: Display: Found up-to-date module file ../../../Engine/Plugins/Media/ImgMedia/Binaries/Win64/UE4Editor-ImgMediaFactory.dll (API version 3709383).
LogModuleManager: Display: Found up-to-date module file ../../../Engine/Plugins/Media/ImgMedia/Binaries/Win64/UE4Editor-ImgMediaFactory.dll (API version 3709383).
LogModuleManager: Display: Found up-to-date module file ../../../Engine/Plugins/Media/ImgMedia/Binaries/Win64/UE4Editor-OpenExrWrapper.dll (API version 3709383).
LogModuleManager: Display: Found up-to-date module file ../../../Engine/Plugins/Media/MediaCompositing/Binaries/Win64/UE4Editor-MediaCompositing.dll (API version 3709383).
LogModuleManager: Display: Found up-to-date module file ../../../Engine/Plugins/Media/MediaCompositing/Binaries/Win64/UE4Editor-MediaCompositingEditor.dll (API version 3709383).
LogModuleManager: Display: Found up-to-date module file ../../../Engine/Plugins/Media/MediaPlayerEditor/Binaries/Win64/UE4Editor-MediaPlayerEditor.dll (API version 3709383).
LogModuleManager: Display: Found up-to-date module file ../../../Engine/Plugins/Media/WmfMedia/Binaries/Win64/UE4Editor-WmfMedia.dll (API version 3709383).
LogModuleManager: Display: Found up-to-date module file ../../../Engine/Plugins/Media/WmfMedia/Binaries/Win64/UE4Editor-WmfMediaEditor.dll (API version 3709383).
LogModuleManager: Display: Found up-to-date module file ../../../Engine/Plugins/Media/WmfMedia/Binaries/Win64/UE4Editor-WmfMediaFactory.dll (API version 3709383).
LogModuleManager: Display: Found up-to-date module file ../../../Engine/Plugins/Media/WmfMedia/Binaries/Win64/UE4Editor-WmfMediaFactory.dll (API version 3709383).
LogModuleManager: Display: Found up-to-date module file ../../../Engine/Plugins/Messaging/TcpMessaging/Binaries/Win64/UE4Editor-TcpMessaging.dll (API version 3709383).
LogModuleManager: Display: Found up-to-date module file ../../../Engine/Plugins/Messaging/UdpMessaging/Binaries/Win64/UE4Editor-UdpMessaging.dll (API version 3709383).
LogModuleManager: Display: Found up-to-date module file ../../../Engine/Plugins/MovieScene/ActorSequence/Binaries/Win64/UE4Editor-ActorSequence.dll (API version 3709383).
LogModuleManager: Display: Found up-to-date module file ../../../Engine/Plugins/MovieScene/LevelSequenceEditor/Binaries/Win64/UE4Editor-LevelSequenceEditor.dll (API version 3709383).
LogModuleManager: Display: Found up-to-date module file ../../../Engine/Plugins/MovieScene/MatineeToLevelSequence/Binaries/Win64/UE4Editor-MatineeToLevelSequence.dll (API version 3709383).
LogModuleManager: Display: Found up-to-date module file ../../../Engine/Plugins/Online/OnlineSubsystem/Binaries/Win64/UE4Editor-OnlineSubsystem.dll (API version 3709383).
LogModuleManager: Display: Found up-to-date module file ../../../Engine/Plugins/Online/OnlineSubsystemNull/Binaries/Win64/UE4Editor-OnlineSubsystemNull.dll (API version 3709383).
LogModuleManager: Display: Found up-to-date module file ../../../Engine/Plugins/Online/OnlineSubsystemUtils/Binaries/Win64/UE4Editor-OnlineSubsystemUtils.dll (API version 3709383).
LogModuleManager: Display: Found up-to-date module file ../../../Engine/Plugins/Online/OnlineSubsystemUtils/Binaries/Win64/UE4Editor-OnlineBlueprintSupport.dll (API version 3709383).
LogModuleManager: Display: Found up-to-date module file ../../../Engine/Plugins/Runtime/AndroidDeviceProfileSelector/Binaries/Win64/UE4Editor-AndroidDeviceProfileSelector.dll (API version 3709383).
LogModuleManager: Display: Found up-to-date module file ../../../Engine/Plugins/Runtime/AndroidPermission/Binaries/Win64/UE4Editor-AndroidPermission.dll (API version 3709383).
LogModuleManager: Display: Found up-to-date module file ../../../Engine/Plugins/Runtime/AppleARKit/Binaries/Win64/UE4Editor-AppleARKit.dll (API version 3709383).
LogModuleManager: Display: Found up-to-date module file ../../../Engine/Plugins/Runtime/ArchVisCharacter/Binaries/Win64/UE4Editor-ArchVisCharacter.dll (API version 3709383).
LogModuleManager: Display: Found up-to-date module file ../../../Engine/Plugins/Runtime/CableComponent/Binaries/Win64/UE4Editor-CableComponent.dll (API version 3709383).
LogModuleManager: Display: Found up-to-date module file ../../../Engine/Plugins/Runtime/CustomMeshComponent/Binaries/Win64/UE4Editor-CustomMeshComponent.dll (API version 3709383).
LogModuleManager: Display: Found up-to-date module file ../../../Engine/Plugins/Runtime/ExampleDeviceProfileSelector/Binaries/Win64/UE4Editor-ExampleDeviceProfileSelector.dll (API version 3709383).
LogModuleManager: Display: Found up-to-date module file ../../../Engine/Plugins/Runtime/ImmediatePhysics/Binaries/Win64/UE4Editor-ImmediatePhysics.dll (API version 3709383).
LogModuleManager: Display: Found up-to-date module file ../../../Engine/Plugins/Runtime/ImmediatePhysics/Binaries/Win64/UE4Editor-ImmediatePhysicsEditor.dll (API version 3709383).
LogModuleManager: Display: Found up-to-date module file ../../../Engine/Plugins/Runtime/LocationServicesBPLibrary/Binaries/Win64/UE4Editor-LocationServicesBPLibrary.dll (API version 3709383).
LogModuleManager: Display: Found up-to-date module file ../../../Engine/Plugins/Runtime/MobilePatchingUtils/Binaries/Win64/UE4Editor-MobilePatchingUtils.dll (API version 3709383).
LogModuleManager: Display: Found up-to-date module file ../../../Engine/Plugins/Runtime/Oculus/OculusVR/Binaries/Win64/UE4Editor-OculusHMD.dll (API version 3709383).
LogModuleManager: Display: Found up-to-date module file ../../../Engine/Plugins/Runtime/Oculus/OculusVR/Binaries/Win64/UE4Editor-OculusInput.dll (API version 3709383).
LogModuleManager: Display: Found up-to-date module file ../../../Engine/Plugins/Runtime/Oculus/OculusVR/Binaries/Win64/UE4Editor-OculusEditor.dll (API version 3709383).
LogModuleManager: Display: Found up-to-date module file ../../../Engine/Plugins/Runtime/PhysXVehicles/Binaries/Win64/UE4Editor-PhysXVehicles.dll (API version 3709383).
LogModuleManager: Display: Found up-to-date module file ../../../Engine/Plugins/Runtime/PhysXVehicles/Binaries/Win64/UE4Editor-PhysXVehiclesEditor.dll (API version 3709383).
LogModuleManager: Display: Found up-to-date module file ../../../Engine/Plugins/Runtime/ProceduralMeshComponent/Binaries/Win64/UE4Editor-ProceduralMeshComponent.dll (API version 3709383).
LogModuleManager: Display: Found up-to-date module file ../../../Engine/Plugins/Runtime/ProceduralMeshComponent/Binaries/Win64/UE4Editor-ProceduralMeshComponentEditor.dll (API version 3709383).
LogModuleManager: Display: Found up-to-date module file ../../../Engine/Plugins/Runtime/RuntimePhysXCooking/Binaries/Win64/UE4Editor-RuntimePhysXCooking.dll (API version 3709383).
LogModuleManager: Display: Found up-to-date module file ../../../Engine/Plugins/Runtime/Steam/SteamVR/Binaries/Win64/UE4Editor-SteamVR.dll (API version 3709383).
LogModuleManager: Display: Found up-to-date module file ../../../Engine/Plugins/Runtime/Steam/SteamVR/Binaries/Win64/UE4Editor-SteamVRController.dll (API version 3709383).
LogModuleManager: Display: Found up-to-date module file ../../../Engine/Plugins/Runtime/WindowsMoviePlayer/Binaries/Win64/UE4Editor-WindowsMoviePlayer.dll (API version 3709383).
LogInit: Using libcurl 7.47.1
LogInit:  - built for x86_64-pc-win32
LogInit:  - supports SSL with OpenSSL/1.0.2g
LogInit:  - supports HTTP deflate (compression) using libz 1.2.8
LogInit:  - other features:
LogInit:      CURL_VERSION_SSL
LogInit:      CURL_VERSION_LIBZ
LogInit:      CURL_VERSION_IPV6
LogInit:      CURL_VERSION_ASYNCHDNS
LogInit:      CURL_VERSION_LARGEFILE
LogInit:      CURL_VERSION_IDN
LogInit:  CurlRequestOptions (configurable via config and command line):
LogInit:  - bVerifyPeer = false  - Libcurl will NOT verify peer certificate
LogInit:  - bUseHttpProxy = false  - Libcurl will NOT use HTTP proxy
LogInit:  - bDontReuseConnections = false  - Libcurl will reuse connections
LogInit:  - CertBundlePath = nullptr  - Libcurl will use whatever was configured at build time.
LogInit: Build: ++UE4+Release-4.18-CL-3794801
LogInit: Engine Version: 4.18.2-3794801+++UE4+Release-4.18
LogInit: Compatible Engine Version: 4.18.0-3709383+++UE4+Release-4.18
LogInit: Net CL: 3709383
LogDevObjectVersion: Number of dev versions registered: 16
LogDevObjectVersion:   Dev-Blueprints (B0D832E4-1F89-4F0D-ACCF-7EB736FD4AA2): 10
LogDevObjectVersion:   Dev-Build (E1C64328-A22C-4D53-A36C-8E866417BD8C): 0
LogDevObjectVersion:   Dev-Core (375EC13C-06E4-48FB-B500-84F0262A717E): 2
LogDevObjectVersion:   Dev-Editor (E4B068ED-F494-42E9-A231-DA0B2E46BB41): 20
LogDevObjectVersion:   Dev-Framework (CFFC743F-43B0-4480-9391-14DF171D2073): 30
LogDevObjectVersion:   Dev-Mobile (B02B49B5-BB20-44E9-A304-32B752E40360): 0
LogDevObjectVersion:   Dev-Networking (A4E4105C-59A1-49B5-A7C5-40C4547EDFEE): 0
LogDevObjectVersion:   Dev-Online (39C831C9-5AE6-47DC-9A44-9C173E1C8E7C): 0
LogDevObjectVersion:   Dev-Physics (78F01B33-EBEA-4F98-B9B4-84EACCB95AA2): 0
LogDevObjectVersion:   Dev-Platform (6631380F-2D4D-43E0-8009-CF276956A95A): 0
LogDevObjectVersion:   Dev-Rendering (12F88B9F-8875-4AFC-A67C-D90C383ABD29): 20
LogDevObjectVersion:   Dev-Sequencer (7B5AE74C-D270-4C10-A958-57980B212A5A): 4
LogDevObjectVersion:   Dev-VR (D7296918-1DD6-4BDD-9DE2-64A83CC13884): 0
LogDevObjectVersion:   Dev-LoadTimes (C2A15278-BFE7-4AFE-6C17-90FF531DF755): 1
LogDevObjectVersion:   Private-Geometry (6EACA3D4-40EC-4CC1-B786-8BED09428FC5): 1
LogDevObjectVersion:   Dev-AnimPhys (29E575DD-E0A3-4627-9D10-D276232CDCEA): 12
LogInit: Compiled (64-bit): Dec  8 2017 02:04:53
LogInit: Compiled with Visual C++: 19.00.24215.01
LogInit: Build Configuration: Development
LogInit: Branch Name: ++UE4+Release-4.18
LogInit: Command line:  
LogInit: Base directory: C:/Program Files/Epic Games/UE_4.18/Engine/Binaries/Win64/
LogInit: Installed Engine Build: 1
LogInit: Presizing for max 8388607 objects, including 0 objects not considered by GC, pre-allocating 0 bytes for permanent pool.
LogInit: Object subsystem initialized
[2018.01.09-19.04.21:527][  0]LogInit: Selected Device Profile: [Windows]
[2018.01.09-19.04.21:527][  0]LogInit: Applying CVar settings loaded from the selected device profile: [Windows]
[2018.01.09-19.04.21:541][  0]LogInit: Computer: DESKTOP-6NVMURH
[2018.01.09-19.04.21:541][  0]LogInit: User: uzivatel1
[2018.01.09-19.04.21:541][  0]LogInit: CPU Page size=4096, Cores=4
[2018.01.09-19.04.21:541][  0]LogInit: High frequency timer resolution =4.101562 MHz
[2018.01.09-19.04.21:541][  0]LogMemory: Memory total: Physical=16.0GB (16GB approx)
[2018.01.09-19.04.21:541][  0]LogMemory: Platform Memory Stats for Windows
[2018.01.09-19.04.21:541][  0]LogMemory: Process Physical Memory: 272.63 MB used, 272.63 MB peak
[2018.01.09-19.04.21:541][  0]LogMemory: Process Virtual Memory: 270.68 MB used, 270.68 MB peak
[2018.01.09-19.04.21:541][  0]LogMemory: Physical Memory: 5272.03 MB used,  11070.04 MB free, 16342.06 MB total
[2018.01.09-19.04.21:541][  0]LogMemory: Virtual Memory: 678.43 MB used,  11070.04 MB free, 134217728.00 MB total
[2018.01.09-19.04.22:363][  0]LogInit: Using OS detected language (cs-CZ).
[2018.01.09-19.04.22:363][  0]LogInit: Using OS detected locale (cs-CZ).
[2018.01.09-19.04.22:369][  0]LogTextLocalizationManager: No localization for 'cs-CZ' exists, so 'en' will be used for the language.
[2018.01.09-19.04.22:370][  0]LogTextLocalizationManager: No localization for 'cs-CZ' exists, so 'en' will be used for the locale.
[2018.01.09-19.04.22:660][  0]LogInit: Setting process to per monitor DPI aware
[2018.01.09-19.04.23:248][  0]LogD3D11RHI: D3D11 adapters:
[2018.01.09-19.04.23:288][  0]LogD3D11RHI:    0. 'NVIDIA GeForce GTX 1070' (Feature Level 11_0)
[2018.01.09-19.04.23:288][  0]LogD3D11RHI:       8096/0/8171 MB DedicatedVideo/DedicatedSystem/SharedSystem, Outputs:1, VendorId:0x10de
[2018.01.09-19.04.23:290][  0]LogD3D11RHI:    1. 'Microsoft Basic Render Driver' (Feature Level 11_0)
[2018.01.09-19.04.23:290][  0]LogD3D11RHI:       0/0/8171 MB DedicatedVideo/DedicatedSystem/SharedSystem, Outputs:0, VendorId:0x1414
[2018.01.09-19.04.23:290][  0]LogD3D11RHI: Chosen D3D11 Adapter: 0
[2018.01.09-19.04.23:295][  0]LogD3D11RHI: Creating new Direct3DDevice
[2018.01.09-19.04.23:295][  0]LogD3D11RHI:     GPU DeviceId: 0x1b81 (for the marketing name, search the web for "GPU Device Id")
[2018.01.09-19.04.23:295][  0]LogWindows: EnumDisplayDevices:
[2018.01.09-19.04.23:295][  0]LogWindows:    0. 'NVIDIA GeForce GTX 1070' (P:1 D:1)
[2018.01.09-19.04.23:296][  0]LogWindows:    1. 'NVIDIA GeForce GTX 1070' (P:0 D:0)
[2018.01.09-19.04.23:296][  0]LogWindows:    2. 'NVIDIA GeForce GTX 1070' (P:0 D:0)
[2018.01.09-19.04.23:296][  0]LogWindows:    3. 'NVIDIA GeForce GTX 1070' (P:0 D:0)
[2018.01.09-19.04.23:296][  0]LogWindows: DebugString: GetVideoDriverDetailsInvalid PrimaryIsNotTheChoosenAdapter GetVideoDriverDetailsInvalid PrimaryIsNotTheChoosenAdapter GetVideoDriverDetailsInvalid PrimaryIsNotTheChoosenAdapter GetVideoDriverDetailsInvalid PrimaryIsNotTheChoosenAdapter FoundDriverCount:0 
[2018.01.09-19.04.23:296][  0]LogD3D11RHI:     Adapter Name: NVIDIA GeForce GTX 1070
[2018.01.09-19.04.23:296][  0]LogD3D11RHI:   Driver Version: Unknown (internal:Unknown, unified:Unknown)
[2018.01.09-19.04.23:296][  0]LogD3D11RHI:      Driver Date: Unknown
[2018.01.09-19.04.23:296][  0]LogRHI: Texture pool is 5667 MB (70% of 8096 MB)
[2018.01.09-19.04.23:318][  0]LogD3D11RHI: Async texture creation enabled
[2018.01.09-19.04.23:481][  0]LogD3D11RHI: GPU Timing Frequency: 1000.000000 (Debug: 2 1)
[2018.01.09-19.04.23:529][  0]LogShaderCompilers: Guid format shader working directory is 29 characters bigger than the processId version (D:/repos/GWGame/GW_Game/Intermediate/Shaders/WorkingDirectory/764/).
[2018.01.09-19.04.23:529][  0]LogShaderCompilers: Cleaned the shader compiler working directory 'C:/Users/uzivatel 1/AppData/Local/Temp/UnrealShaderWorkingDir/6592629B479C4C6BA81DDCBD2FF1281A/'.
[2018.01.09-19.04.23:529][  0]LogShaderCompilers: Display: Using Local Shader Compiler.
[2018.01.09-19.04.25:100][  0]LogTemp: Display: Loaded TP AllDesktopTargetPlatform
[2018.01.09-19.04.25:325][  0]LogTemp: Display: Loaded TP MacClientTargetPlatform
[2018.01.09-19.04.25:552][  0]LogTemp: Display: Loaded TP MacNoEditorTargetPlatform
[2018.01.09-19.04.25:778][  0]LogTemp: Display: Loaded TP MacServerTargetPlatform
[2018.01.09-19.04.26:002][  0]LogTemp: Display: Loaded TP MacTargetPlatform
[2018.01.09-19.04.26:228][  0]LogTemp: Display: Loaded TP WindowsClientTargetPlatform
[2018.01.09-19.04.26:455][  0]LogTemp: Display: Loaded TP WindowsNoEditorTargetPlatform
[2018.01.09-19.04.26:680][  0]LogTemp: Display: Loaded TP WindowsServerTargetPlatform
[2018.01.09-19.04.26:901][  0]LogTemp: Display: Loaded TP WindowsTargetPlatform
[2018.01.09-19.04.27:125][  0]LogTemp: Display: Loaded TP Android_ASTCTargetPlatform
[2018.01.09-19.04.27:349][  0]LogTemp: Display: Loaded TP Android_ATCTargetPlatform
[2018.01.09-19.04.27:574][  0]LogTemp: Display: Loaded TP Android_DXTTargetPlatform
[2018.01.09-19.04.27:798][  0]LogTemp: Display: Loaded TP Android_ETC1TargetPlatform
[2018.01.09-19.04.28:022][  0]LogTemp: Display: Loaded TP Android_ETC2TargetPlatform
[2018.01.09-19.04.28:471][  0]LogTemp: Display: Loaded TP Android_MultiTargetPlatform
[2018.01.09-19.04.28:471][  0]LogTemp: Display: Loaded TP Android_PVRTCTargetPlatform
[2018.01.09-19.04.28:698][  0]LogTemp: Display: Loaded TP AndroidTargetPlatform
[2018.01.09-19.04.28:915][  0]LogTemp: Display: Loaded TP HTML5TargetPlatform
[2018.01.09-19.04.29:261][  0]LogTemp: Display: Loaded TP IOSTargetPlatform
[2018.01.09-19.04.29:373][  0]LogTemp: Display: Loaded TP TVOSTargetPlatform
[2018.01.09-19.04.29:599][  0]LogTemp: Display: Loaded TP LinuxClientTargetPlatform
[2018.01.09-19.04.29:826][  0]LogTemp: Display: Loaded TP LinuxNoEditorTargetPlatform
[2018.01.09-19.04.30:053][  0]LogTemp: Display: Loaded TP LinuxServerTargetPlatform
[2018.01.09-19.04.30:280][  0]LogTemp: Display: Loaded TP LinuxTargetPlatform
[2018.01.09-19.04.30:280][  0]LogTargetPlatformManager: Display: Building Assets For Windows
[2018.01.09-19.04.32:670][  0]LogDerivedDataCache: Display: Max Cache Size: 512 MB
[2018.01.09-19.04.32:720][  0]LogDerivedDataCache: Loaded boot cache 0.05s 78MB C:/Users/uzivatel 1/AppData/Local/UnrealEngine/4.18/DerivedDataCache/Boot.ddc.
[2018.01.09-19.04.32:720][  0]LogDerivedDataCache: Display: Loaded Boot cache: C:/Users/uzivatel 1/AppData/Local/UnrealEngine/4.18/DerivedDataCache/Boot.ddc
[2018.01.09-19.04.32:721][  0]LogDerivedDataCache: FDerivedDataBackendGraph:  Pak pak cache file D:/repos/GWGame/GW_Game/DerivedDataCache/DDC.ddp not found, will not use a pak cache.
[2018.01.09-19.04.32:721][  0]LogDerivedDataCache: Unable to find inner node Pak for hierarchical cache Hierarchy.
[2018.01.09-19.04.32:721][  0]LogDerivedDataCache: FDerivedDataBackendGraph:  CompressedPak pak cache file D:/repos/GWGame/GW_Game/DerivedDataCache/Compressed.ddp not found, will not use a pak cache.
[2018.01.09-19.04.32:721][  0]LogDerivedDataCache: Unable to find inner node CompressedPak for hierarchical cache Hierarchy.
[2018.01.09-19.04.32:731][  0]LogDerivedDataCache: Display: Pak cache opened for reading ../../../Engine/DerivedDataCache/Compressed.ddp.
[2018.01.09-19.04.32:746][  0]LogDerivedDataCache: Using Local data cache path C:/Users/uzivatel 1/AppData/Local/UnrealEngine/Common/DerivedDataCache: Writable
[2018.01.09-19.04.32:753][  0]LogMaterial: Verifying Global Shaders for PCD3D_SM5
[2018.01.09-19.04.32:753][  0]LogSlate: Using Freetype 2.6.0
[2018.01.09-19.04.32:754][  0]LogSlate: SlateFontCache - WITH_FREETYPE: 1, WITH_HARFBUZZ: 1
[2018.01.09-19.04.32:754][  0]LogSlate: SlateFontCache - WITH_FREETYPE: 1, WITH_HARFBUZZ: 1
[2018.01.09-19.04.33:166][  0]LogInit: Selected Device Profile: [Windows]
[2018.01.09-19.04.34:347][  0]LogSimplygon: Simplygon DLL not present - disabling.
[2018.01.09-19.04.34:569][  0]LogMeshReduction: Using SimplygonSwarm for distributed automatic mesh merging
[2018.01.09-19.04.34:569][  0]LogMeshReduction: Using QuadricMeshReduction for automatic static mesh reduction
[2018.01.09-19.04.34:569][  0]LogMeshReduction: No automatic skeletal mesh reduction module available
[2018.01.09-19.04.34:569][  0]LogMeshReduction: No automatic mesh merging module available
[2018.01.09-19.04.34:569][  0]LogMeshMerging: No automatic mesh merging module available
[2018.01.09-19.04.34:675][  0]LogNetVersion: GW_Game , NetCL: 3709383, EngineNetVer: 2, GameNetVer: 0 (Checksum: 4001666234)
[2018.01.09-19.04.35:026][  0]LogAssetRegistry: FAssetRegistry took 0.0262 seconds to start up
[2018.01.09-19.04.35:879][  0]LogPackageLocalizationCache: Processed 7 localized package path(s) for 1 prioritized culture(s) in 0.044938 seconds
[2018.01.09-19.04.35:883][  0]LogUObjectArray: 35900 objects as part of root set at end of initial load.
[2018.01.09-19.04.35:883][  0]LogUObjectAllocator: 7372016 out of 0 bytes used by permanent object pool.
[2018.01.09-19.04.35:883][  0]LogUObjectArray: CloseDisregardForGC: 0/0 objects in disregard for GC pool
[2018.01.09-19.04.36:190][  0]LogInit: WinSock: version 1.1 (2.2), MaxSocks=32767, MaxUdp=65467
[2018.01.09-19.04.45:140][  0]LogTcpMessaging: Initializing TcpMessaging bridge
[2018.01.09-19.04.45:286][  0]LogUdpMessaging: Initializing bridge on interface 0.0.0.0:0 to multicast group 230.0.0.1:6666.
[2018.01.09-19.04.48:318][  0]LogMaterial: Uniform references updated for custom material expression Custom.
[2018.01.09-19.04.50:051][  0]SourceControl: Source control is disabled
[2018.01.09-19.04.50:052][  0]SourceControl: Source control is disabled
[2018.01.09-19.04.50:299][  0]SourceControl: Source control is disabled
[2018.01.09-19.04.50:547][  0]SourceControl: Source control is disabled
[2018.01.09-19.04.54:264][  0]LogAndroidPermission: UAndroidPermissionCallbackProxy::GetInstance
[2018.01.09-19.04.55:499][  0]LogOcInput: OculusInput pre-init called
[2018.01.09-19.04.56:604][  0]LogEngine: Initializing Engine...
[2018.01.09-19.04.56:607][  0]LogHMD: Failed to initialize OpenVR with code 110
[2018.01.09-19.04.56:782][  0]LogStats: UGameplayTagsManager::ConstructGameplayTagTree: Construct from data asset -  0.000 s
[2018.01.09-19.04.56:782][  0]LogStats: UGameplayTagsManager::ConstructGameplayTagTree: GameplayTagTreeChangedEvent.Broadcast -  0.000 s
[2018.01.09-19.04.57:439][  0]LogAIModule: Creating AISystem for world Untitled
[2018.01.09-19.04.57:446][  0]LogInit: XAudio2 using 'U24E590-4 (NVIDIA High Definition Audio)' : 2 channels at 48 kHz using 16 bits per sample (channel mask 0x3)
[2018.01.09-19.04.57:469][  0]LogInit: FAudioDevice initialized.
[2018.01.09-19.04.57:542][  0]LogDerivedDataCache: Saved boot cache 0.07s 78MB C:/Users/uzivatel 1/AppData/Local/UnrealEngine/4.18/DerivedDataCache/Boot.ddc.
[2018.01.09-19.04.57:552][  0]LogInit: Texture streaming: Enabled
[2018.01.09-19.04.58:104][  0]LogEngineSessionManager: EngineSessionManager initialized
[2018.01.09-19.04.58:822][  0]LogInit: Transaction tracking system initialized
[2018.01.09-19.05.00:646][  0]BlueprintLog: New page: Editor Load
[2018.01.09-19.05.05:408][  0]LocalizationService: Localization service is disabled
[2018.01.09-19.05.09:245][  0]LogConsoleResponse: Display: 
[2018.01.09-19.05.09:546][  0]LogCook: Display: Max memory allowance for cook 16384mb min free memory 0mb
[2018.01.09-19.05.09:546][  0]LogCook: Display: Mobile HDR setting 1
[2018.01.09-19.05.09:546][  0]LogGameplayTags: Display: UGameplayTagsManager::DoneAddingNativeTags. DelegateIsBound: 0
[2018.01.09-19.05.10:287][  0]LogFileCache: Scanning file cache for directory 'D:/repos/GWGame/GW_Game/Content/' took 0.02s
[2018.01.09-19.05.15:248][  0]SourceControl: Source control is disabled
[2018.01.09-19.05.15:248][  0]Cmd: MAP LOAD FILE="D:/repos/GWGame/GW_Game/Content/_Levels/BattleGround.umap" TEMPLATE=0 SHOWPROGRESS=1 FEATURELEVEL=3
[2018.01.09-19.05.15:248][  0]LightingResults: New page: Lighting Build
[2018.01.09-19.05.15:470][  0]MapCheck: New page: Map Check
[2018.01.09-19.05.15:470][  0]LightingResults: New page: Lighting Build
[2018.01.09-19.05.15:832][  0]LogAIModule: Creating AISystem for world BattleGround
[2018.01.09-19.05.15:875][  0]LogEditorServer: Finished looking for orphan Actors (0.000 secs)
[2018.01.09-19.05.15:883][  0]Cmd: MAP CHECKDEP NOCLEARLOG
[2018.01.09-19.05.16:049][  0]MapCheck: Map check complete: 0 Error(s), 0 Warning(s), took 165.855ms to complete.
[2018.01.09-19.05.16:049][  0]LogFileHelpers: Loading map 'BattleGround' took 0.802
[2018.01.09-19.05.16:451][  0]LogCollectionManager: Loaded 0 collections in 0.001391 seconds
[2018.01.09-19.05.16:709][  0]LogFileCache: Scanning file cache for directory 'D:/repos/GWGame/GW_Game/Saved/Collections/' took 0.01s
[2018.01.09-19.05.16:709][  0]LogFileCache: Scanning file cache for directory 'D:/repos/GWGame/GW_Game/Content/Developers/uzivatel1/Collections/' took 0.01s
[2018.01.09-19.05.16:709][  0]LogFileCache: Scanning file cache for directory 'D:/repos/GWGame/GW_Game/Content/Collections/' took 0.01s
[2018.01.09-19.05.16:709][  0]LogCollectionManager: Rebuilt the GUID cache for 0 collections in 0.000000 seconds
[2018.01.09-19.05.16:716][  0]LogContentBrowser: Native class hierarchy populated in 0.0069 seconds. Added 2372 classes and 524 folders.
[2018.01.09-19.05.17:082][  0]LogContentBrowser: Native class hierarchy updated for 'WidgetCarousel' in 0.0016 seconds. Added 0 classes and 0 folders.
[2018.01.09-19.05.17:163][  0]LogContentBrowser: Native class hierarchy updated for 'AddContentDialog' in 0.0016 seconds. Added 0 classes and 0 folders.
[2018.01.09-19.05.17:323][  0]LogSlate: Took 0.000290 seconds to synchronously load lazily loaded font '../../../Engine/Content/Slate/Fonts/Roboto-Regular.ttf' (155K)
[2018.01.09-19.05.17:325][  0]LogSlate: Took 0.000244 seconds to synchronously load lazily loaded font '../../../Engine/Content/Slate/Fonts/Roboto-Bold.ttf' (160K)
[2018.01.09-19.05.17:328][  0]LogSlate: Took 0.000341 seconds to synchronously load lazily loaded font '../../../Engine/Content/Editor/Slate/Fonts/FontAwesome.ttf' (139K)
[2018.01.09-19.05.17:329][  0]LogSlate: Took 0.000216 seconds to synchronously load lazily loaded font '../../../Engine/Content/Editor/Slate/Fonts/DroidSansMono.ttf' (77K)
[2018.01.09-19.05.17:424][  0]LogRenderer: Reallocating scene render targets to support 1088x756 Format 10 NumSamples 1 (Frame:1).
[2018.01.09-19.05.17:907][  0]LogContentBrowser: Native class hierarchy updated for 'HierarchicalLODOutliner' in 0.0018 seconds. Added 1 classes and 2 folders.
[2018.01.09-19.05.17:908][  0]LogLoad: (Engine Initialization) Total time: 62.73 seconds
[2018.01.09-19.05.17:908][  0]LogLoad: (Engine Initialization) Total Blueprint compile time: 0.00 seconds
[2018.01.09-19.05.17:908][  0]LogExternalProfiler: No external profilers were discovered.  External profiling features will not be available.
[2018.01.09-19.05.18:265][  0]LogContentStreaming: Texture pool size now 1000 MB
[2018.01.09-19.05.18:590][  1]LogAssetRegistry: Asset discovery search completed in 43.5865 seconds
[2018.01.09-19.05.18:593][  1]LogCollectionManager: Rebuilt the object cache for 0 collections in 0.000000 seconds (found 0 objects)
[2018.01.09-19.05.18:593][  1]LogCollectionManager: Fixed up redirectors for 0 collections in 0.000225 seconds (updated 0 objects)
[2018.01.09-19.05.53:023][270]LogEditorViewport: Clicking on Actor (LMB): StaticMeshActor (Cube6)
[2018.01.09-19.07.54:289][ 44]LogMaterial: Missing cached shader map for material LayerVisMaterial, compiling. 
[2018.01.09-19.07.54:298][ 44]LogMaterial: Missing cached shader map for material LayerVisMaterial, compiling. 
[2018.01.09-19.07.54:323][ 44]LogMaterial: Missing cached shader map for material SelectBrushMaterial, compiling. 
[2018.01.09-19.07.54:336][ 44]LogMaterial: Missing cached shader map for material SelectBrushMaterial, compiling. 
[2018.01.09-19.07.54:360][ 44]LogMaterial: Missing cached shader map for material SelectBrushMaterial, compiling. 
[2018.01.09-19.07.54:369][ 44]LogMaterial: Missing cached shader map for material SelectBrushMaterial, compiling. 
[2018.01.09-19.07.54:400][ 44]LogMaterial: Missing cached shader map for material MaskBrushMaterial, compiling. 
[2018.01.09-19.07.54:409][ 44]LogMaterial: Missing cached shader map for material MaskBrushMaterial, compiling. 
[2018.01.09-19.07.54:418][ 44]LogMaterial: Missing cached shader map for material MaskBrushMaterial, compiling. 
[2018.01.09-19.07.54:454][ 44]LogMaterial: Missing cached shader map for material LandscapeLayerUsageMaterial, compiling. 
[2018.01.09-19.07.54:460][ 44]LogMaterial: Missing cached shader map for material LandscapeLayerUsageMaterial, compiling. 
[2018.01.09-19.07.54:492][ 44]LogMaterial: Missing cached shader map for material MirrorPlaneMaterial, compiling. 
[2018.01.09-19.07.54:519][ 44]LogMaterial: Missing cached shader map for material CircleBrushMaterial, compiling. 
[2018.01.09-19.07.54:528][ 44]LogMaterial: Missing cached shader map for material CircleBrushMaterial, compiling. 
[2018.01.09-19.07.54:537][ 44]LogMaterial: Missing cached shader map for material CircleBrushMaterial, compiling. 
[2018.01.09-19.07.54:559][ 44]LogMaterial: Missing cached shader map for material CircleBrushMaterial, compiling. 
[2018.01.09-19.07.54:587][ 44]LogMaterial: Missing cached shader map for material CircleBrushMaterial, compiling. 
[2018.01.09-19.07.54:599][ 44]LogMaterial: Missing cached shader map for material CircleBrushMaterial, compiling. 
[2018.01.09-19.07.54:626][ 44]LogMaterial: Missing cached shader map for material CircleBrushMaterial, compiling. 
[2018.01.09-19.07.54:635][ 44]LogMaterial: Missing cached shader map for material CircleBrushMaterial, compiling. 
[2018.01.09-19.07.54:664][ 44]LogMaterial: Missing cached shader map for material AlphaBrushMaterial, compiling. 
[2018.01.09-19.07.54:675][ 44]LogMaterial: Missing cached shader map for material AlphaBrushMaterial, compiling. 
[2018.01.09-19.07.54:701][ 44]LogMaterial: Missing cached shader map for material CircleBrushMaterial, compiling. 
[2018.01.09-19.07.54:713][ 44]LogMaterial: Missing cached shader map for material CircleBrushMaterial, compiling. 
[2018.01.09-19.07.54:740][ 44]LogMaterial: Missing cached shader map for material MaskBrushMaterial, compiling. 
[2018.01.09-19.07.54:754][ 44]LogMaterial: Missing cached shader map for material MaskBrushMaterial, compiling. 
[2018.01.09-19.07.54:778][ 44]LogActorComponent: UnregisterComponent: (/Engine/Transient.SphereBrushComponent) Not registered. Aborting.
[2018.01.09-19.07.54:792][ 44]LogMaterial: Missing cached shader map for material FlatLand, compiling. 
[2018.01.09-19.07.54:805][ 44]LogMaterial: Missing cached shader map for material FlatLand, compiling. 
[2018.01.09-19.07.54:819][ 44]LogMaterial: Missing cached shader map for material FlatLand, compiling. 
[2018.01.09-19.07.54:834][ 44]LogTexture: Display: Building textures: Texture2D_2 (G8, 128X128)
[2018.01.09-19.08.07:726][186]LogActorComponent: UnregisterComponent: (/Engine/Transient.SphereBrushComponent) Not registered. Aborting.
[2018.01.09-19.08.17:265][647]Cmd: BRUSH ADD SELECTNEWBRUSH
[2018.01.09-19.08.54:355][657]Cmd: DELETE
[2018.01.09-19.08.54:355][657]LogGeometryMode: Warning: Unable to find 1 Poly(s) in new BSP
[2018.01.09-19.08.54:355][657]LogGeometryMode: Warning: Unable to resolve BoxBrush Brush in new BSP, see above
[2018.01.09-19.08.54:355][657]LogGeometryMode: Warning: Unable to find all previously selected geometry data, resetting selection
[2018.01.09-19.08.56:119][864]Cmd: DELETE
[2018.01.09-19.08.56:119][864]LogGeometryMode: Warning: Unable to find 1 Poly(s) in new BSP
[2018.01.09-19.08.56:120][864]LogGeometryMode: Warning: Unable to resolve BoxBrush Brush in new BSP, see above
[2018.01.09-19.08.56:120][864]LogGeometryMode: Warning: Unable to find all previously selected geometry data, resetting selection
[2018.01.09-19.08.56:840][946]Cmd: DELETE
[2018.01.09-19.08.56:840][946]LogGeometryMode: Warning: Unable to find 1 Poly(s) in new BSP
[2018.01.09-19.08.56:840][946]LogGeometryMode: Warning: Unable to resolve BoxBrush Brush in new BSP, see above
[2018.01.09-19.08.56:840][946]LogGeometryMode: Warning: Unable to find all previously selected geometry data, resetting selection
[2018.01.09-19.09.01:167][426]Cmd: DELETE
[2018.01.09-19.09.01:167][426]LogGeometryMode: Warning: Unable to find 1 Poly(s) in new BSP
[2018.01.09-19.09.01:167][426]LogGeometryMode: Warning: Unable to resolve BoxBrush Brush in new BSP, see above
[2018.01.09-19.09.01:167][426]LogGeometryMode: Warning: Unable to find all previously selected geometry data, resetting selection
[2018.01.09-19.09.02:520][584]Cmd: DELETE
[2018.01.09-19.09.02:520][584]LogGeometryMode: Warning: Unable to find 1 Poly(s) in new BSP
[2018.01.09-19.09.02:520][584]LogGeometryMode: Warning: Unable to resolve BoxBrush Brush in new BSP, see above
[2018.01.09-19.09.02:520][584]LogGeometryMode: Warning: Unable to find all previously selected geometry data, resetting selection
[2018.01.09-19.09.08:324][247]LogEditorViewport: Clicking on Actor (LMB): StaticMeshActor (Cube)
[2018.01.09-19.09.10:331][481]Cmd: DELETE
[2018.01.09-19.09.10:331][481]Cmd: ACTOR DELETE
[2018.01.09-19.09.10:334][481]LogEditorActor: Deleted Actor: StaticMeshActor
[2018.01.09-19.09.10:341][481]LogEditorActor: Deleted 1 Actors (0.010 secs)
[2018.01.09-19.09.12:112][693]LogEditorViewport: Clicking on Actor (LMB): StaticMeshActor (Cube5)
[2018.01.09-19.09.15:949][130]LogEditorViewport: Clicking on Actor (LMB): StaticMeshActor (Cube5)
[2018.01.09-19.09.36:584][291]LogEditorViewport: Clicking on Actor (LMB): StaticMeshActor (Cube3)
[2018.01.09-19.09.37:211][359]Cmd: DELETE
[2018.01.09-19.09.37:211][359]Cmd: ACTOR DELETE
[2018.01.09-19.09.37:214][359]LogEditorActor: Deleted Actor: StaticMeshActor
[2018.01.09-19.09.37:220][359]LogEditorActor: Deleted 1 Actors (0.009 secs)
[2018.01.09-19.09.58:648][779]LogEditorViewport: Clicking on Actor (LMB): StaticMeshActor (Cube4)
[2018.01.09-19.10.24:600][617]LogEditorViewport: Clicking on Actor (LMB): Landscape (Landscape)
[2018.01.09-19.10.34:263][755]LogEditorViewport: Clicking on Actor (LMB): StaticMeshActor (Cube4)
[2018.01.09-19.10.43:144][662]LogEditorViewport: Clicking on Actor (LMB): StaticMeshActor (Cube4)
[2018.01.09-19.10.52:448][606]LogEditorViewport: Clicking on Actor (LMB): Landscape (Landscape)
[2018.01.09-19.11.33:833][298]LogEditorViewport: Clicking on Actor (LMB): Landscape (Landscape)
[2018.01.09-19.11.39:075][660]LogSlate: Took 0.000317 seconds to synchronously load lazily loaded font '../../../Engine/Content/Slate/Fonts/Roboto-Light.ttf' (159K)
[2018.01.09-19.11.42:236][768]LogEditorViewport: Clicking on Actor (LMB): Landscape (Landscape)
[2018.01.09-19.11.57:017][818]LogEditorViewport: Clicking on Actor (LMB): Landscape (Landscape)
[2018.01.09-19.12.14:907][872]LogEditorViewport: Clicking on Actor (LMB): Landscape (Landscape)
[2018.01.09-19.13.08:961][575]Cmd: DELETE
[2018.01.09-19.13.08:962][575]Cmd: ACTOR DELETE
[2018.01.09-19.13.08:965][575]LogEditorActor: Deleted Actor: Brush
[2018.01.09-19.13.08:973][575]LogEditorActor: Deleted 1 Actors (0.010 secs)
[2018.01.09-19.13.10:509][759]Cmd: TRANSACTION UNDO
[2018.01.09-19.13.10:509][759]LogEditorTransaction: Undo Delete Actors
[2018.01.09-19.13.17:019][364]LogEditorViewport: Clicking on Actor (LMB): BP_Sky_Sphere_C (Sky Sphere)
[2018.01.09-19.14.07:256][617]Cmd: DELETE
[2018.01.09-19.14.07:257][617]LogGeometryMode: Warning: Unable to find 1 Vertex(s) in new BSP
[2018.01.09-19.14.07:257][617]LogGeometryMode: Warning: Unable to resolve BoxBrush Brush in new BSP, see above
[2018.01.09-19.14.07:257][617]LogGeometryMode: Warning: Unable to find all previously selected geometry data, resetting selection
[2018.01.09-19.14.27:869][560]Cmd: TRANSACTION UNDO
[2018.01.09-19.14.27:869][560]LogEditorTransaction: Undo Modifier [Weld]
[2018.01.09-19.14.29:759][677]Cmd: TRANSACTION UNDO
[2018.01.09-19.14.29:759][677]LogEditorTransaction: Undo Modifier [Weld]
[2018.01.09-19.14.30:452][723]Cmd: TRANSACTION UNDO
[2018.01.09-19.14.30:452][723]LogEditorTransaction: Undo Modifier [Edit]
[2018.01.09-19.14.31:213][774]Cmd: TRANSACTION UNDO
[2018.01.09-19.14.31:213][774]LogEditorTransaction: Undo Modifier [Weld]
[2018.01.09-19.14.31:618][800]Cmd: TRANSACTION UNDO
[2018.01.09-19.14.31:618][800]LogEditorTransaction: Undo Modifier [Weld]
[2018.01.09-19.14.32:023][826]Cmd: TRANSACTION UNDO
[2018.01.09-19.14.32:023][826]LogEditorTransaction: Undo Modifier [Edit]
[2018.01.09-19.14.32:468][855]Cmd: TRANSACTION UNDO
[2018.01.09-19.14.32:468][855]LogEditorTransaction: Undo Move Actors
[2018.01.09-19.14.32:958][887]Cmd: TRANSACTION UNDO
[2018.01.09-19.14.32:958][887]LogEditorTransaction: Undo Modifier [Edit]
[2018.01.09-19.14.33:438][918]Cmd: TRANSACTION UNDO
[2018.01.09-19.14.33:438][918]LogEditorTransaction: Undo Modifier [Delete]
[2018.01.09-19.15.49:355][303]LogEditorViewport: Clicking on Actor (LMB): Landscape (Landscape)
[2018.01.09-19.15.57:700][882]LogEditorViewport: Clicking on Actor (LMB): Landscape (Landscape)
[2018.01.09-19.16.04:327][409]LogEditorViewport: Clicking on Actor (LMB): Landscape (Landscape)
[2018.01.09-19.16.16:197][794]LogEditorViewport: Clicking on Actor (LMB): StaticMeshActor (Cube4)
[2018.01.09-19.16.23:486][431]LogEditorViewport: Clicking on Actor (LMB): Landscape (Landscape)
[2018.01.09-19.16.44:808][836]LogEditorViewport: Clicking on Actor (LMB): StaticMeshActor (Cylinder)
[2018.01.09-19.17.09:087][617]LogEditorViewport: Clicking on Actor (LMB): StaticMeshActor (Cube4)
[2018.01.09-19.20.09:701][224]LogEditorViewport: Clicking on Actor (LMB): Landscape (Landscape)
[2018.01.09-19.20.20:255][265]LogEditorViewport: Clicking on Actor (LMB): Landscape (Landscape)
[2018.01.09-19.20.51:049][307]Cmd: TRANSACTION UNDO
[2018.01.09-19.20.51:049][307]LogEditorTransaction: Undo Set Location
[2018.01.09-19.20.51:641][355]Cmd: TRANSACTION UNDO
[2018.01.09-19.20.51:641][355]LogEditorTransaction: Undo Set Location
[2018.01.09-19.21.37:254][529]LogEditorViewport: Clicking on Actor (LMB): StaticMeshActor (Cube4)
[2018.01.09-19.21.40:169][859]Cmd: TRANSACTION UNDO
[2018.01.09-19.21.40:169][859]LogEditorTransaction: Undo Select Brush Surface
[2018.01.09-19.21.40:665][886]Cmd: TRANSACTION UNDO
[2018.01.09-19.21.40:665][886]LogEditorTransaction: Undo Clicking on Actors
[2018.01.09-19.21.41:156][917]Cmd: TRANSACTION UNDO
[2018.01.09-19.21.41:156][917]LogEditorTransaction: Undo Move Actors
[2018.01.09-19.21.41:706][955]Cmd: TRANSACTION UNDO
[2018.01.09-19.21.41:706][955]LogEditorTransaction: Undo Modifier [Edit]
[2018.01.09-19.21.42:192][988]Cmd: TRANSACTION UNDO
[2018.01.09-19.21.42:192][988]LogEditorTransaction: Undo Move Actors
[2018.01.09-19.21.42:206][988]LogGeometryMode: Warning: Unable to find 1 Vertex(s) in new BSP
[2018.01.09-19.21.42:206][988]LogGeometryMode: Warning: Unable to resolve BoxBrush Brush in new BSP, see above
[2018.01.09-19.21.42:206][988]LogGeometryMode: Warning: Unable to find all previously selected geometry data, resetting selection
[2018.01.09-19.21.42:400][  1]Cmd: TRANSACTION UNDO
[2018.01.09-19.21.42:400][  1]LogEditorTransaction: Undo Modifier [Edit]
[2018.01.09-19.21.42:613][ 14]Cmd: TRANSACTION UNDO
[2018.01.09-19.21.42:613][ 14]LogEditorTransaction: Undo Move Actors
[2018.01.09-19.21.42:627][ 14]LogGeometryMode: Warning: Unable to find 1 Vertex(s) in new BSP
[2018.01.09-19.21.42:627][ 14]LogGeometryMode: Warning: Unable to resolve BoxBrush Brush in new BSP, see above
[2018.01.09-19.21.42:627][ 14]LogGeometryMode: Warning: Unable to find all previously selected geometry data, resetting selection
[2018.01.09-19.21.42:821][ 27]Cmd: TRANSACTION UNDO
[2018.01.09-19.21.42:821][ 27]LogEditorTransaction: Undo Modifier [Edit]
[2018.01.09-19.21.43:019][ 39]Cmd: TRANSACTION UNDO
[2018.01.09-19.21.43:019][ 39]LogEditorTransaction: Undo Modifier [Edit]
[2018.01.09-19.21.43:252][ 55]Cmd: TRANSACTION UNDO
[2018.01.09-19.21.43:252][ 55]LogEditorTransaction: Undo Move Actors
[2018.01.09-19.21.43:266][ 55]LogGeometryMode: Warning: Unable to find 1 Vertex(s) in new BSP
[2018.01.09-19.21.43:266][ 55]LogGeometryMode: Warning: Unable to resolve BoxBrush Brush in new BSP, see above
[2018.01.09-19.21.43:266][ 55]LogGeometryMode: Warning: Unable to find all previously selected geometry data, resetting selection
[2018.01.09-19.21.43:944][102]Cmd: TRANSACTION UNDO
[2018.01.09-19.21.43:944][102]LogEditorTransaction: Undo Modifier [Edit]
[2018.01.09-19.21.44:427][136]Cmd: TRANSACTION UNDO
[2018.01.09-19.21.44:427][136]LogEditorTransaction: Undo Select Brush Surface
[2018.01.09-19.21.49:258][602]LogGeomTools: Triangulation of poly failed.
[2018.01.09-19.21.49:258][602]LogGeomTools: Triangulation of poly failed.
[2018.01.09-19.21.49:258][602]LogGeometryMode: Warning: Unable to find 1 Vertex(s) in new BSP
[2018.01.09-19.21.49:258][602]LogGeometryMode: Warning: Unable to resolve BoxBrush Brush in new BSP, see above
[2018.01.09-19.21.49:258][602]LogGeometryMode: Warning: Unable to find all previously selected geometry data, resetting selection
[2018.01.09-19.21.52:727][991]Cmd: TRANSACTION UNDO
[2018.01.09-19.21.52:727][991]LogEditorTransaction: Undo Move Actors
[2018.01.09-19.21.54:891][122]Cmd: TRANSACTION UNDO
[2018.01.09-19.21.54:891][122]LogEditorTransaction: Undo Move Actors
[2018.01.09-19.22.22:510][140]LogEditorViewport: Clicking on Actor (LMB): StaticMeshActor (Cylinder)
[2018.01.09-19.22.29:529][872]LogEditorViewport: Clicking on Actor (LMB): Landscape (Landscape)
[2018.01.09-19.22.33:670][343]LogEditorViewport: Clicking on Actor (LMB): StaticMeshActor (Cube4)
[2018.01.09-19.22.41:336][250]LogEditorViewport: Clicking on Actor (LMB): StaticMeshActor (Cube4)
[2018.01.09-19.23.18:360][913]Cmd: TRANSACTION UNDO
[2018.01.09-19.23.18:360][913]LogEditorTransaction: Undo Set Scale
[2018.01.09-19.23.20:490][ 41]Cmd: TRANSACTION UNDO
[2018.01.09-19.23.20:490][ 41]LogEditorTransaction: Undo Set Scale
[2018.01.09-19.23.21:942][119]Cmd: TRANSACTION UNDO
[2018.01.09-19.23.21:942][119]LogEditorTransaction: Undo Set Location
[2018.01.09-19.23.23:674][206]Cmd: TRANSACTION UNDO
[2018.01.09-19.23.23:674][206]LogEditorTransaction: Undo Set Location
[2018.01.09-19.23.25:051][272]Cmd: TRANSACTION UNDO
[2018.01.09-19.23.25:051][272]LogEditorTransaction: Undo Scale Actors
[2018.01.09-19.23.30:093][615]LogEditorViewport: Clicking on Actor (LMB): StaticMeshActor (Cube4)
[2018.01.09-19.24.18:473][848]LogEditorViewport: Clicking on Actor (LMB): Landscape (Landscape)
[2018.01.09-19.24.29:125][ 86]LogEditorViewport: Clicking on Actor (LMB): StaticMeshActor (Cylinder)
[2018.01.09-19.24.33:292][574]LogEditorViewport: Clicking on Actor (LMB): Landscape (Landscape)
[2018.01.09-19.24.45:415][971]LogEditorViewport: Clicking on Actor (LMB): StaticMeshActor (AssaultBarrel_New)
[2018.01.09-19.24.58:531][388]LogActorFactory: Actor Factory created Cube
[2018.01.09-19.24.59:205][465]LogActorFactory: Actor Factory created Cube
[2018.01.09-19.25.21:734][ 94]LogEditorViewport: Clicking on Actor (LMB): Landscape (Landscape)
[2018.01.09-19.25.22:814][218]LogEditorViewport: Clicking on Actor (LMB): StaticMeshActor (Cube)
[2018.01.09-19.25.42:016][ 77]LogEditorViewport: Clicking on Actor (LMB): StaticMeshActor (Cube)
[2018.01.09-19.25.57:596][632]LogEditorViewport: Clicking on Actor (LMB): StaticMeshActor (Cube)
[2018.01.09-19.27.12:058][500]LogEditorViewport: Clicking on Actor (LMB): StaticMeshActor (Cube4)
[2018.01.09-19.27.12:905][596]LogEditorViewport: Clicking on Actor (LMB): StaticMeshActor (Cube)
[2018.01.09-19.27.14:079][731]Cmd: EDIT COPY
[2018.01.09-19.27.14:515][782]Cmd: EDIT PASTE
[2018.01.09-19.27.20:824][532]LogEditorViewport: Clicking on Actor (LMB): StaticMeshActor (Cube)
[2018.01.09-19.27.24:583][974]LogEditorViewport: Clicking on Actor (LMB): Landscape (Landscape)
[2018.01.09-19.27.31:118][724]LogEditorViewport: Clicking on Actor (LMB): StaticMeshActor (Cube)
[2018.01.09-19.27.32:848][919]LogEditorViewport: Clicking on Actor (LMB): StaticMeshActor (Cube4)
[2018.01.09-19.27.33:414][981]LogEditorViewport: Clicking on Actor (LMB): StaticMeshActor (Cube)
[2018.01.09-19.27.36:182][301]Cmd: EDIT COPY
[2018.01.09-19.27.36:576][347]Cmd: EDIT PASTE
[2018.01.09-19.28.29:583][572]LogEditorViewport: Clicking on Actor (LMB): Landscape (Landscape)
[2018.01.09-19.28.34:189][ 73]LogEditorViewport: Clicking on Actor (LMB): StaticMeshActor (Cylinder3)
[2018.01.09-19.28.41:318][653]LogEditorViewport: Clicking on Actor (LMB): Landscape (Landscape)
[2018.01.09-19.28.53:816][ 31]LogEditorViewport: Clicking on Actor (LMB): StaticMeshActor (Cylinder2)
[2018.01.09-19.29.04:370][275]Cmd: POLY SELECT ADJACENT WALLS
[2018.01.09-19.29.29:270][ 10]LogEditorViewport: Clicking on Actor (context menu): StaticMeshActor (Cylinder2)
[2018.01.09-19.29.45:112][210]LogSlate: Took 0.000224 seconds to synchronously load lazily loaded font '../../../Engine/Content/Slate/Fonts/Roboto-Light.ttf' (159K)
[2018.01.09-19.29.45:124][210]LogStaticMesh: Building static mesh Test...
[2018.01.09-19.29.45:143][210]LogStaticMesh: Built static mesh [0.02s] /Game/Characters/Sniper/Test.Test
[2018.01.09-19.29.48:250][403]Cmd: OBJ SAVEPACKAGE PACKAGE="/Game/_Levels/BattleGround" FILE="D:/repos/GWGame/GW_Game/Saved/Autosaves/Game/_Levels/BattleGround_Auto1.umap" SILENT=true AUTOSAVING=true KEEPDIRTY=false
[2018.01.09-19.29.48:528][403]LogSavePackage: Save=262.82ms
[2018.01.09-19.29.48:528][403]LogSavePackage: Moving 'D:/repos/GWGame/GW_Game/Saved/BattleGround_Auto135FF1C5348A3C62945E02EABCF1C0988.tmp' to 'D:/repos/GWGame/GW_Game/Saved/Autosaves/Game/_Levels/BattleGround_Auto1.umap'
[2018.01.09-19.29.48:531][403]LogSavePackage: Display: Finished SavePackage D:/repos/GWGame/GW_Game/Saved/Autosaves/Game/_Levels/BattleGround_Auto1.umap
[2018.01.09-19.29.48:536][403]LogFileHelpers: Editor autosave (incl. sublevels) for '/Game/_Levels/BattleGround' took 0.294
[2018.01.09-19.29.48:537][403]LogFileHelpers: Editor autosave (incl. sublevels) for all levels took 0.294
[2018.01.09-19.29.48:540][403]OBJ SavePackage: Generating thumbnails for [1] asset(s) in package [/Game/Characters/Sniper/Test] ([1] browsable assets)...
[2018.01.09-19.29.48:548][403]OBJ SavePackage:     Rendered thumbnail for [StaticMesh /Game/Characters/Sniper/Test.Test]
[2018.01.09-19.29.48:548][403]OBJ SavePackage: Finished generating thumbnails for package [/Game/Characters/Sniper/Test]
[2018.01.09-19.29.48:548][403]Cmd: OBJ SAVEPACKAGE PACKAGE="/Game/Characters/Sniper/Test" FILE="D:/repos/GWGame/GW_Game/Saved/Autosaves/Game/Characters/Sniper/Test_Auto1.uasset" SILENT=false AUTOSAVING=true
[2018.01.09-19.29.48:567][403]LogSavePackage: Save=13.79ms
[2018.01.09-19.29.48:567][403]LogSavePackage: Moving 'D:/repos/GWGame/GW_Game/Saved/Test_Auto12B86347945EC7089DEE169869642ED0E.tmp' to 'D:/repos/GWGame/GW_Game/Saved/Autosaves/Game/Characters/Sniper/Test_Auto1.uasset'
[2018.01.09-19.29.48:569][403]LogSavePackage: Display: Finished SavePackage D:/repos/GWGame/GW_Game/Saved/Autosaves/Game/Characters/Sniper/Test_Auto1.uasset
[2018.01.09-19.29.48:569][403]LogFileHelpers: Auto-saving content packages took 0.030
[2018.01.09-19.29.50:372][490]LogRenderer: Reallocating scene render targets to support 1432x924 Format 10 NumSamples 1 (Frame:1).
[2018.01.09-19.32.32:163][826]LogStaticMesh: Building static mesh Muzzle_Brake...
[2018.01.09-19.32.32:166][826]LogStaticMesh: Built static mesh [0.00s] /Game/Characters/Sniper/Muzzle_Brake.Muzzle_Brake
[2018.01.09-19.32.32:172][826]LogActorFactory: Actor Factory created Muzzle_Brake
[2018.01.09-19.32.32:193][826]LogEditor: Error: Actor 'Brush /Game/_Levels/BattleGround.BattleGround:PersistentLevel.BoxBrush' is marked pending kill and cannot be converted
[2018.01.09-19.32.32:193][826]EditorErrors: New page: Actor Reattachment
[2018.01.09-19.32.35:815][118]LogActorFactory: Actor Factory created Muzzle_Brake
[2018.01.09-19.32.36:557][204]LogActorFactory: Actor Factory created Muzzle_Brake
[2018.01.09-19.32.42:724][846]LogEditorViewport: Clicking on Actor (LMB): StaticMeshActor (Muzzle_Brake)
[2018.01.09-19.32.48:386][454]LogEditorViewport: Clicking on Actor (LMB): StaticMeshActor (Muzzle_Brake2)
[2018.01.09-19.32.49:098][532]Cmd: DELETE
[2018.01.09-19.32.49:098][532]Cmd: ACTOR DELETE
[2018.01.09-19.32.49:102][532]LogEditorActor: Deleted Actor: StaticMeshActor
[2018.01.09-19.32.49:108][532]LogEditorActor: Deleted 1 Actors (0.010 secs)
[2018.01.09-19.32.50:209][663]LogEditorViewport: Clicking on Actor (LMB): StaticMeshActor (Muzzle_Brake)
[2018.01.09-19.33.08:816][669]LogContentBrowser: Native class hierarchy updated for 'BlueprintGraph' in 0.0019 seconds. Added 116 classes and 0 folders.
[2018.01.09-19.33.09:250][669]LogSlate: Took 0.000209 seconds to synchronously load lazily loaded font '../../../Engine/Content/Slate/Fonts/Roboto-Regular.ttf' (155K)
[2018.01.09-19.33.09:311][669]LogSlate: Took 0.000399 seconds to synchronously load lazily loaded font '../../../Engine/Content/Editor/Slate/Fonts/Roboto-BoldCondensed.ttf' (158K)
[2018.01.09-19.33.09:344][670]LogSlate: Took 0.000392 seconds to synchronously load lazily loaded font '../../../Engine/Content/Editor/Slate/Fonts/Roboto-Italic.ttf' (157K)
[2018.01.09-19.33.14:882][105]BlueprintLog: New page: Compile Sniper_BP
[2018.01.09-19.33.15:590][123]Cmd: OBJ SAVEPACKAGE PACKAGE="/Game/Characters/Sniper/Sniper_BP" FILE="D:/repos/GWGame/GW_Game/Content/Characters/Sniper/Sniper_BP.uasset" SILENT=true
[2018.01.09-19.33.15:638][123]LogSavePackage: Save=30.53ms
[2018.01.09-19.33.15:638][123]LogSavePackage: Moving 'D:/repos/GWGame/GW_Game/Saved/Sniper_BP13CFF2764901E96F100FC7A33889DCA6.tmp' to 'D:/repos/GWGame/GW_Game/Content/Characters/Sniper/Sniper_BP.uasset'
[2018.01.09-19.33.15:646][123]LogSavePackage: Display: Finished SavePackage D:/repos/GWGame/GW_Game/Content/Characters/Sniper/Sniper_BP.uasset
[2018.01.09-19.33.40:932][343]LogEditorViewport: Clicking on Actor (context menu): StaticMeshActor (Cylinder2)
[2018.01.09-19.33.54:714][614]LogEditorViewport: Clicking on Actor (context menu): StaticMeshActor (Cylinder2)
[2018.01.09-19.34.33:618][969]LogWindows: Windows GetLastError: Operace byla dokončena úspěšně. (0)
[2018.01.09-19.34.36:072][969]LogWindows: Error: === Critical error: ===
[2018.01.09-19.34.36:072][969]LogWindows: Error: 
[2018.01.09-19.34.36:072][969]LogWindows: Error: Fatal error: [File:D:\Build\++UE4+Release-4.18+Compile\Sync\Engine\Source\Runtime\CoreUObject\Private\UObject\UObjectGlobals.cpp] [Line: 2310] 
[2018.01.09-19.34.36:072][969]LogWindows: Error: Objects have the same fully qualified name but different paths.
[2018.01.09-19.34.36:072][969]LogWindows: Error: 	New Object: StaticMesh /Game/Characters/Sniper/Sniper_Barrel.Sniper_Barrel
[2018.01.09-19.34.36:072][969]LogWindows: Error: 	Existing Object: ObjectRedirector /Game/Characters/Sniper/Sniper_Barrel.Sniper_Barrel
[2018.01.09-19.34.36:072][969]LogWindows: Error: 
[2018.01.09-19.34.36:072][969]LogWindows: Error: 
[2018.01.09-19.34.36:072][969]LogWindows: Error: [Callstack] 0x0000000053A43FB8 KERNELBASE.dll!UnknownFunction []
[2018.01.09-19.34.36:072][969]LogWindows: Error: [Callstack] 0x000000002A2476D4 UE4Editor-ApplicationCore.dll!UnknownFunction []
[2018.01.09-19.34.36:072][969]LogWindows: Error: [Callstack] 0x000000002226330B UE4Editor-Core.dll!UnknownFunction []
[2018.01.09-19.34.36:072][969]LogWindows: Error: [Callstack] 0x00000000221F47F9 UE4Editor-Core.dll!UnknownFunction []
[2018.01.09-19.34.36:072][969]LogWindows: Error: [Callstack] 0x000000002323DBB7 UE4Editor-CoreUObject.dll!UnknownFunction []
[2018.01.09-19.34.36:072][969]LogWindows: Error: [Callstack] 0x0000000023240191 UE4Editor-CoreUObject.dll!UnknownFunction []
[2018.01.09-19.34.36:072][969]LogWindows: Error: [Callstack] 0x00000000FE7E84DE UE4Editor-MeshMergeUtilities.dll!UnknownFunction []
[2018.01.09-19.34.36:072][969]LogWindows: Error: [Callstack] 0x00000000FE8166CA UE4Editor-MeshMergeUtilities.dll!UnknownFunction []
[2018.01.09-19.34.36:073][969]LogWindows: Error: [Callstack] 0x00000000F17D29C2 UE4Editor-MergeActors.dll!UnknownFunction []
[2018.01.09-19.34.36:073][969]LogWindows: Error: [Callstack] 0x00000000F17C901F UE4Editor-MergeActors.dll!UnknownFunction []
[2018.01.09-19.34.36:073][969]LogWindows: Error: [Callstack] 0x00000000F1772942 UE4Editor-MergeActors.dll!UnknownFunction []
[2018.01.09-19.34.36:073][969]LogWindows: Error: [Callstack] 0x00000000F1773599 UE4Editor-MergeActors.dll!UnknownFunction []
[2018.01.09-19.34.36:073][969]LogWindows: Error: [Callstack] 0x00000000F17B8B35 UE4Editor-MergeActors.dll!UnknownFunction []
[2018.01.09-19.34.36:073][969]LogWindows: Error: [Callstack] 0x0000000019A62B27 UE4Editor-Slate.dll!UnknownFunction []
[2018.01.09-19.34.36:073][969]LogWindows: Error: [Callstack] 0x0000000019A8EA04 UE4Editor-Slate.dll!UnknownFunction []
[2018.01.09-19.34.36:073][969]LogWindows: Error: [Callstack] 0x00000000198A5EFC UE4Editor-Slate.dll!UnknownFunction []
[2018.01.09-19.34.36:073][969]LogWindows: Error: [Callstack] 0x0000000019878095 UE4Editor-Slate.dll!UnknownFunction []
[2018.01.09-19.34.36:073][969]LogWindows: Error: [Callstack] 0x00000000199128A7 UE4Editor-Slate.dll!UnknownFunction []
[2018.01.09-19.34.36:073][969]LogWindows: Error: [Callstack] 0x00000000198FB092 UE4Editor-Slate.dll!UnknownFunction []
[2018.01.09-19.34.36:073][969]LogWindows: Error: [Callstack] 0x00000000198ED902 UE4Editor-Slate.dll!UnknownFunction []
[2018.01.09-19.34.36:073][969]LogWindows: Error: [Callstack] 0x000000002A23E54B UE4Editor-ApplicationCore.dll!UnknownFunction []
[2018.01.09-19.34.36:073][969]LogWindows: Error: [Callstack] 0x000000002A231A48 UE4Editor-ApplicationCore.dll!UnknownFunction []
[2018.01.09-19.34.36:073][969]LogWindows: Error: [Callstack] 0x000000002A2403EC UE4Editor-ApplicationCore.dll!UnknownFunction []
[2018.01.09-19.34.36:073][969]LogWindows: Error: [Callstack] 0x000000002A22D5A9 UE4Editor-ApplicationCore.dll!UnknownFunction []
[2018.01.09-19.34.36:073][969]LogWindows: Error: [Callstack] 0x000000005595B85D USER32.dll!UnknownFunction []
[2018.01.09-19.34.36:073][969]LogWindows: Error: [Callstack] 0x000000005595B1EF USER32.dll!UnknownFunction []
[2018.01.09-19.34.36:073][969]LogWindows: Error: [Callstack] 0x000000002A241516 UE4Editor-ApplicationCore.dll!UnknownFunction []
[2018.01.09-19.34.36:073][969]LogWindows: Error: [Callstack] 0x00000000AE6350C8 UE4Editor.exe!UnknownFunction []
[2018.01.09-19.34.36:073][969]LogWindows: Error: [Callstack] 0x00000000AE645430 UE4Editor.exe!UnknownFunction []
[2018.01.09-19.34.36:073][969]LogWindows: Error: [Callstack] 0x00000000AE6454AA UE4Editor.exe!UnknownFunction []
[2018.01.09-19.34.36:073][969]LogWindows: Error: [Callstack] 0x00000000AE652379 UE4Editor.exe!UnknownFunction []
[2018.01.09-19.34.36:073][969]LogWindows: Error: [Callstack] 0x00000000AE653D57 UE4Editor.exe!UnknownFunction []
[2018.01.09-19.34.36:073][969]LogWindows: Error: [Callstack] 0x0000000056A91FE4 KERNEL32.DLL!UnknownFunction []
[2018.01.09-19.34.36:073][969]LogWindows: Error: [Callstack] 0x0000000056F2EFB1 ntdll.dll!UnknownFunction []
[2018.01.09-19.34.36:073][969]LogWindows: Error: [Callstack] 0x0000000056F2EFB1 ntdll.dll!UnknownFunction []
[2018.01.09-19.34.36:073][969]LogWindows: Error: 
[2018.01.09-19.34.36:090][969]LogExit: Executing StaticShutdownAfterError
[2018.01.09-19.34.36:092][969]LogWindows: FPlatformMisc::RequestExit(1)
[2018.01.09-19.34.36:092][969]Log file closed, 01/09/18 20:34:36
