Log file open, 02/17/18 22:10:09
LogWindows: Failed to load 'aqProf.dll' (GetLastError=126)
LogWindows: File 'aqProf.dll' does not exist
LogWindows: Failed to load 'VSPerf140.dll' (GetLastError=126)
LogWindows: File 'VSPerf140.dll' does not exist
LogWindows: Failed to load 'VtuneApi.dll' (GetLastError=126)
LogWindows: File 'VtuneApi.dll' does not exist
LogWindows: Failed to load 'VtuneApi32e.dll' (GetLastError=126)
LogWindows: File 'VtuneApi32e.dll' does not exist
LogInit: Display: Running engine for game: GW_Game
LogPlatformFile: Not using cached read wrapper
LogInit: Display: RandInit(-949271571) SRandInit(-949271571).
LogInit: Read version file with build ID '3709383'
LogInit: Overriding engine version to CL 3794801, compatible CL 3709383
LogInit: Registered custom module enumerator with build ID '3709383'
LogTaskGraph: Started task graph with 5 named threads and 14 total threads with 3 sets of task threads.
LogStats: Stats thread started at 0.155058
LogD3D11RHI: Aftermath initialized
LogPluginManager: Mounting plugin Paper2D
LogPluginManager: Mounting plugin LightPropagationVolume
LogPluginManager: Mounting plugin CodeLiteSourceCodeAccess
LogPluginManager: Mounting plugin GitSourceControl
LogPluginManager: Mounting plugin KDevelopSourceCodeAccess
LogPluginManager: Mounting plugin NullSourceCodeAccess
LogPluginManager: Mounting plugin PerforceSourceControl
LogPluginManager: Mounting plugin SubversionSourceControl
LogPluginManager: Mounting plugin UObjectPlugin
LogPluginManager: Mounting plugin VisualStudioCodeSourceCodeAccess
LogPluginManager: Mounting plugin VisualStudioSourceCodeAccess
LogPluginManager: Mounting plugin XCodeSourceCodeAccess
LogPluginManager: Mounting plugin AssetManagerEditor
LogPluginManager: Mounting plugin AudioCapture
LogPluginManager: Mounting plugin FacialAnimation
LogPluginManager: Mounting plugin GameplayTagsEditor
LogPluginManager: Mounting plugin MobileLauncherProfileWizard
LogPluginManager: Mounting plugin PluginBrowser
LogPluginManager: Mounting plugin SpeedTreeImporter
LogPluginManager: Mounting plugin AlembicImporter
LogPluginManager: Mounting plugin CharacterAI
LogPluginManager: Mounting plugin HTML5Networking
LogPluginManager: Mounting plugin AndroidMedia
LogPluginManager: Mounting plugin AvfMedia
LogPluginManager: Mounting plugin ImgMedia
LogPluginManager: Mounting plugin MediaCompositing
LogPluginManager: Mounting plugin MediaPlayerEditor
LogPluginManager: Mounting plugin WmfMedia
LogPluginManager: Mounting plugin TcpMessaging
LogPluginManager: Mounting plugin UdpMessaging
LogPluginManager: Mounting plugin ActorSequence
LogPluginManager: Mounting plugin LevelSequenceEditor
LogPluginManager: Mounting plugin MatineeToLevelSequence
LogPluginManager: Mounting plugin OnlineSubsystemGooglePlay
LogPluginManager: Mounting plugin OnlineSubsystemIOS
LogPluginManager: Mounting plugin OnlineSubsystem
LogPluginManager: Mounting plugin OnlineSubsystemNull
LogPluginManager: Mounting plugin OnlineSubsystemUtils
LogPluginManager: Mounting plugin AndroidDeviceProfileSelector
LogPluginManager: Mounting plugin AndroidMoviePlayer
LogPluginManager: Mounting plugin AndroidPermission
LogPluginManager: Mounting plugin AppleARKit
LogPluginManager: Mounting plugin AppleMoviePlayer
LogPluginManager: Mounting plugin ArchVisCharacter
LogPluginManager: Mounting plugin CableComponent
LogPluginManager: Mounting plugin CustomMeshComponent
LogPluginManager: Mounting plugin ExampleDeviceProfileSelector
LogPluginManager: Mounting plugin GoogleCloudMessaging
LogPluginManager: Mounting plugin ImmediatePhysics
LogPluginManager: Mounting plugin IOSDeviceProfileSelector
LogPluginManager: Mounting plugin LinuxDeviceProfileSelector
LogPluginManager: Mounting plugin LocationServicesBPLibrary
LogPluginManager: Mounting plugin MobilePatchingUtils
LogPluginManager: Mounting plugin OculusVR
LogPluginManager: Plugin shader directory ../../../Engine/Plugins/Runtime/Oculus/OculusVR/Shaders found
LogPluginManager: Mapping shader source directory ../../../Engine/Plugins/Runtime/Oculus/OculusVR/Shaders to virtual directory /Plugin/OculusVR
LogPluginManager: Mounting plugin PhysXVehicles
LogPluginManager: Mounting plugin ProceduralMeshComponent
LogPluginManager: Mounting plugin RuntimePhysXCooking
LogPluginManager: Mounting plugin SteamVR
LogPluginManager: Mounting plugin WindowsMoviePlayer
LogModuleManager: Display: Found up-to-date module file D:/repos/GWGame/GW_Game/Binaries/Win64/UE4Editor-GW_Game-4317.dll (API version 3709383).
LogModuleManager: Display: Found up-to-date module file ../../../Engine/Plugins/2D/Paper2D/Binaries/Win64/UE4Editor-Paper2D.dll (API version 3709383).
LogModuleManager: Display: Found up-to-date module file ../../../Engine/Plugins/2D/Paper2D/Binaries/Win64/UE4Editor-Paper2DEditor.dll (API version 3709383).
LogModuleManager: Display: Found up-to-date module file ../../../Engine/Plugins/2D/Paper2D/Binaries/Win64/UE4Editor-PaperSpriteSheetImporter.dll (API version 3709383).
LogModuleManager: Display: Found up-to-date module file ../../../Engine/Plugins/2D/Paper2D/Binaries/Win64/UE4Editor-PaperTiledImporter.dll (API version 3709383).
LogModuleManager: Display: Found up-to-date module file ../../../Engine/Plugins/2D/Paper2D/Binaries/Win64/UE4Editor-SmartSnapping.dll (API version 3709383).
LogModuleManager: Display: Found up-to-date module file ../../../Engine/Plugins/Blendables/LightPropagationVolume/Binaries/Win64/UE4Editor-LightPropagationVolumeRuntime.dll (API version 3709383).
LogModuleManager: Display: Found up-to-date module file ../../../Engine/Plugins/Blendables/LightPropagationVolume/Binaries/Win64/UE4Editor-LightPropagationVolumeEditor.dll (API version 3709383).
LogModuleManager: Display: Found up-to-date module file ../../../Engine/Plugins/Developer/GitSourceControl/Binaries/Win64/UE4Editor-GitSourceControl.dll (API version 3709383).
LogModuleManager: Display: Found up-to-date module file ../../../Engine/Plugins/Developer/PerforceSourceControl/Binaries/Win64/UE4Editor-PerforceSourceControl.dll (API version 3709383).
LogModuleManager: Display: Found up-to-date module file ../../../Engine/Plugins/Developer/SubversionSourceControl/Binaries/Win64/UE4Editor-SubversionSourceControl.dll (API version 3709383).
LogModuleManager: Display: Found up-to-date module file ../../../Engine/Plugins/Developer/UObjectPlugin/Binaries/Win64/UE4Editor-UObjectPlugin.dll (API version 3709383).
LogModuleManager: Display: Found up-to-date module file ../../../Engine/Plugins/Developer/VisualStudioCodeSourceCodeAccess/Binaries/Win64/UE4Editor-VisualStudioCodeSourceCodeAccess.dll (API version 3709383).
LogModuleManager: Display: Found up-to-date module file ../../../Engine/Plugins/Developer/VisualStudioSourceCodeAccess/Binaries/Win64/UE4Editor-VisualStudioSourceCodeAccess.dll (API version 3709383).
LogModuleManager: Display: Found up-to-date module file ../../../Engine/Plugins/Editor/AssetManagerEditor/Binaries/Win64/UE4Editor-AssetManagerEditor.dll (API version 3709383).
LogModuleManager: Display: Found up-to-date module file ../../../Engine/Plugins/Editor/AudioCapture/Binaries/Win64/UE4Editor-AudioCapture.dll (API version 3709383).
LogModuleManager: Display: Found up-to-date module file ../../../Engine/Plugins/Editor/FacialAnimation/Binaries/Win64/UE4Editor-FacialAnimation.dll (API version 3709383).
LogModuleManager: Display: Found up-to-date module file ../../../Engine/Plugins/Editor/FacialAnimation/Binaries/Win64/UE4Editor-FacialAnimationEditor.dll (API version 3709383).
LogModuleManager: Display: Found up-to-date module file ../../../Engine/Plugins/Editor/GameplayTagsEditor/Binaries/Win64/UE4Editor-GameplayTagsEditor.dll (API version 3709383).
LogModuleManager: Display: Found up-to-date module file ../../../Engine/Plugins/Editor/MobileLauncherProfileWizard/Binaries/Win64/UE4Editor-MobileLauncherProfileWizard.dll (API version 3709383).
LogModuleManager: Display: Found up-to-date module file ../../../Engine/Plugins/Editor/PluginBrowser/Binaries/Win64/UE4Editor-PluginBrowser.dll (API version 3709383).
LogModuleManager: Display: Found up-to-date module file ../../../Engine/Plugins/Editor/SpeedTreeImporter/Binaries/Win64/UE4Editor-SpeedTreeImporter.dll (API version 3709383).
LogModuleManager: Display: Found up-to-date module file ../../../Engine/Plugins/Experimental/AlembicImporter/Binaries/Win64/UE4Editor-AlembicImporter.dll (API version 3709383).
LogModuleManager: Display: Found up-to-date module file ../../../Engine/Plugins/Experimental/AlembicImporter/Binaries/Win64/UE4Editor-AlembicLibrary.dll (API version 3709383).
LogModuleManager: Display: Found up-to-date module file ../../../Engine/Plugins/Experimental/CharacterAI/Binaries/Win64/UE4Editor-CharacterAI.dll (API version 3709383).
LogModuleManager: Display: Found up-to-date module file ../../../Engine/Plugins/Experimental/HTML5Networking/Binaries/Win64/UE4Editor-HTML5Networking.dll (API version 3709383).
LogModuleManager: Display: Found up-to-date module file ../../../Engine/Plugins/Media/AndroidMedia/Binaries/Win64/UE4Editor-AndroidMediaEditor.dll (API version 3709383).
LogModuleManager: Display: Found up-to-date module file ../../../Engine/Plugins/Media/AndroidMedia/Binaries/Win64/UE4Editor-AndroidMediaFactory.dll (API version 3709383).
LogModuleManager: Display: Found up-to-date module file ../../../Engine/Plugins/Media/AvfMedia/Binaries/Win64/UE4Editor-AvfMediaEditor.dll (API version 3709383).
LogModuleManager: Display: Found up-to-date module file ../../../Engine/Plugins/Media/AvfMedia/Binaries/Win64/UE4Editor-AvfMediaFactory.dll (API version 3709383).
LogModuleManager: Display: Found up-to-date module file ../../../Engine/Plugins/Media/AvfMedia/Binaries/Win64/UE4Editor-AvfMediaFactory.dll (API version 3709383).
LogModuleManager: Display: Found up-to-date module file ../../../Engine/Plugins/Media/ImgMedia/Binaries/Win64/UE4Editor-ImgMedia.dll (API version 3709383).
LogModuleManager: Display: Found up-to-date module file ../../../Engine/Plugins/Media/ImgMedia/Binaries/Win64/UE4Editor-ImgMediaEditor.dll (API version 3709383).
LogModuleManager: Display: Found up-to-date module file ../../../Engine/Plugins/Media/ImgMedia/Binaries/Win64/UE4Editor-ImgMediaFactory.dll (API version 3709383).
LogModuleManager: Display: Found up-to-date module file ../../../Engine/Plugins/Media/ImgMedia/Binaries/Win64/UE4Editor-ImgMediaFactory.dll (API version 3709383).
LogModuleManager: Display: Found up-to-date module file ../../../Engine/Plugins/Media/ImgMedia/Binaries/Win64/UE4Editor-OpenExrWrapper.dll (API version 3709383).
LogModuleManager: Display: Found up-to-date module file ../../../Engine/Plugins/Media/MediaCompositing/Binaries/Win64/UE4Editor-MediaCompositing.dll (API version 3709383).
LogModuleManager: Display: Found up-to-date module file ../../../Engine/Plugins/Media/MediaCompositing/Binaries/Win64/UE4Editor-MediaCompositingEditor.dll (API version 3709383).
LogModuleManager: Display: Found up-to-date module file ../../../Engine/Plugins/Media/MediaPlayerEditor/Binaries/Win64/UE4Editor-MediaPlayerEditor.dll (API version 3709383).
LogModuleManager: Display: Found up-to-date module file ../../../Engine/Plugins/Media/WmfMedia/Binaries/Win64/UE4Editor-WmfMedia.dll (API version 3709383).
LogModuleManager: Display: Found up-to-date module file ../../../Engine/Plugins/Media/WmfMedia/Binaries/Win64/UE4Editor-WmfMediaEditor.dll (API version 3709383).
LogModuleManager: Display: Found up-to-date module file ../../../Engine/Plugins/Media/WmfMedia/Binaries/Win64/UE4Editor-WmfMediaFactory.dll (API version 3709383).
LogModuleManager: Display: Found up-to-date module file ../../../Engine/Plugins/Media/WmfMedia/Binaries/Win64/UE4Editor-WmfMediaFactory.dll (API version 3709383).
LogModuleManager: Display: Found up-to-date module file ../../../Engine/Plugins/Messaging/TcpMessaging/Binaries/Win64/UE4Editor-TcpMessaging.dll (API version 3709383).
LogModuleManager: Display: Found up-to-date module file ../../../Engine/Plugins/Messaging/UdpMessaging/Binaries/Win64/UE4Editor-UdpMessaging.dll (API version 3709383).
LogModuleManager: Display: Found up-to-date module file ../../../Engine/Plugins/MovieScene/ActorSequence/Binaries/Win64/UE4Editor-ActorSequence.dll (API version 3709383).
LogModuleManager: Display: Found up-to-date module file ../../../Engine/Plugins/MovieScene/LevelSequenceEditor/Binaries/Win64/UE4Editor-LevelSequenceEditor.dll (API version 3709383).
LogModuleManager: Display: Found up-to-date module file ../../../Engine/Plugins/MovieScene/MatineeToLevelSequence/Binaries/Win64/UE4Editor-MatineeToLevelSequence.dll (API version 3709383).
LogModuleManager: Display: Found up-to-date module file ../../../Engine/Plugins/Online/OnlineSubsystem/Binaries/Win64/UE4Editor-OnlineSubsystem.dll (API version 3709383).
LogModuleManager: Display: Found up-to-date module file ../../../Engine/Plugins/Online/OnlineSubsystemNull/Binaries/Win64/UE4Editor-OnlineSubsystemNull.dll (API version 3709383).
LogModuleManager: Display: Found up-to-date module file ../../../Engine/Plugins/Online/OnlineSubsystemUtils/Binaries/Win64/UE4Editor-OnlineSubsystemUtils.dll (API version 3709383).
LogModuleManager: Display: Found up-to-date module file ../../../Engine/Plugins/Online/OnlineSubsystemUtils/Binaries/Win64/UE4Editor-OnlineBlueprintSupport.dll (API version 3709383).
LogModuleManager: Display: Found up-to-date module file ../../../Engine/Plugins/Runtime/AndroidDeviceProfileSelector/Binaries/Win64/UE4Editor-AndroidDeviceProfileSelector.dll (API version 3709383).
LogModuleManager: Display: Found up-to-date module file ../../../Engine/Plugins/Runtime/AndroidPermission/Binaries/Win64/UE4Editor-AndroidPermission.dll (API version 3709383).
LogModuleManager: Display: Found up-to-date module file ../../../Engine/Plugins/Runtime/AppleARKit/Binaries/Win64/UE4Editor-AppleARKit.dll (API version 3709383).
LogModuleManager: Display: Found up-to-date module file ../../../Engine/Plugins/Runtime/ArchVisCharacter/Binaries/Win64/UE4Editor-ArchVisCharacter.dll (API version 3709383).
LogModuleManager: Display: Found up-to-date module file ../../../Engine/Plugins/Runtime/CableComponent/Binaries/Win64/UE4Editor-CableComponent.dll (API version 3709383).
LogModuleManager: Display: Found up-to-date module file ../../../Engine/Plugins/Runtime/CustomMeshComponent/Binaries/Win64/UE4Editor-CustomMeshComponent.dll (API version 3709383).
LogModuleManager: Display: Found up-to-date module file ../../../Engine/Plugins/Runtime/ExampleDeviceProfileSelector/Binaries/Win64/UE4Editor-ExampleDeviceProfileSelector.dll (API version 3709383).
LogModuleManager: Display: Found up-to-date module file ../../../Engine/Plugins/Runtime/ImmediatePhysics/Binaries/Win64/UE4Editor-ImmediatePhysics.dll (API version 3709383).
LogModuleManager: Display: Found up-to-date module file ../../../Engine/Plugins/Runtime/ImmediatePhysics/Binaries/Win64/UE4Editor-ImmediatePhysicsEditor.dll (API version 3709383).
LogModuleManager: Display: Found up-to-date module file ../../../Engine/Plugins/Runtime/LocationServicesBPLibrary/Binaries/Win64/UE4Editor-LocationServicesBPLibrary.dll (API version 3709383).
LogModuleManager: Display: Found up-to-date module file ../../../Engine/Plugins/Runtime/MobilePatchingUtils/Binaries/Win64/UE4Editor-MobilePatchingUtils.dll (API version 3709383).
LogModuleManager: Display: Found up-to-date module file ../../../Engine/Plugins/Runtime/Oculus/OculusVR/Binaries/Win64/UE4Editor-OculusHMD.dll (API version 3709383).
LogModuleManager: Display: Found up-to-date module file ../../../Engine/Plugins/Runtime/Oculus/OculusVR/Binaries/Win64/UE4Editor-OculusInput.dll (API version 3709383).
LogModuleManager: Display: Found up-to-date module file ../../../Engine/Plugins/Runtime/Oculus/OculusVR/Binaries/Win64/UE4Editor-OculusEditor.dll (API version 3709383).
LogModuleManager: Display: Found up-to-date module file ../../../Engine/Plugins/Runtime/PhysXVehicles/Binaries/Win64/UE4Editor-PhysXVehicles.dll (API version 3709383).
LogModuleManager: Display: Found up-to-date module file ../../../Engine/Plugins/Runtime/PhysXVehicles/Binaries/Win64/UE4Editor-PhysXVehiclesEditor.dll (API version 3709383).
LogModuleManager: Display: Found up-to-date module file ../../../Engine/Plugins/Runtime/ProceduralMeshComponent/Binaries/Win64/UE4Editor-ProceduralMeshComponent.dll (API version 3709383).
LogModuleManager: Display: Found up-to-date module file ../../../Engine/Plugins/Runtime/ProceduralMeshComponent/Binaries/Win64/UE4Editor-ProceduralMeshComponentEditor.dll (API version 3709383).
LogModuleManager: Display: Found up-to-date module file ../../../Engine/Plugins/Runtime/RuntimePhysXCooking/Binaries/Win64/UE4Editor-RuntimePhysXCooking.dll (API version 3709383).
LogModuleManager: Display: Found up-to-date module file ../../../Engine/Plugins/Runtime/Steam/SteamVR/Binaries/Win64/UE4Editor-SteamVR.dll (API version 3709383).
LogModuleManager: Display: Found up-to-date module file ../../../Engine/Plugins/Runtime/Steam/SteamVR/Binaries/Win64/UE4Editor-SteamVRController.dll (API version 3709383).
LogModuleManager: Display: Found up-to-date module file ../../../Engine/Plugins/Runtime/WindowsMoviePlayer/Binaries/Win64/UE4Editor-WindowsMoviePlayer.dll (API version 3709383).
LogInit: Using libcurl 7.47.1
LogInit:  - built for x86_64-pc-win32
LogInit:  - supports SSL with OpenSSL/1.0.2g
LogInit:  - supports HTTP deflate (compression) using libz 1.2.8
LogInit:  - other features:
LogInit:      CURL_VERSION_SSL
LogInit:      CURL_VERSION_LIBZ
LogInit:      CURL_VERSION_IPV6
LogInit:      CURL_VERSION_ASYNCHDNS
LogInit:      CURL_VERSION_LARGEFILE
LogInit:      CURL_VERSION_IDN
LogInit:  CurlRequestOptions (configurable via config and command line):
LogInit:  - bVerifyPeer = false  - Libcurl will NOT verify peer certificate
LogInit:  - bUseHttpProxy = false  - Libcurl will NOT use HTTP proxy
LogInit:  - bDontReuseConnections = false  - Libcurl will reuse connections
LogInit:  - CertBundlePath = nullptr  - Libcurl will use whatever was configured at build time.
LogInit: Build: ++UE4+Release-4.18-CL-3794801
LogInit: Engine Version: 4.18.2-3794801+++UE4+Release-4.18
LogInit: Compatible Engine Version: 4.18.0-3709383+++UE4+Release-4.18
LogInit: Net CL: 3709383
LogDevObjectVersion: Number of dev versions registered: 16
LogDevObjectVersion:   Dev-Blueprints (B0D832E4-1F89-4F0D-ACCF-7EB736FD4AA2): 10
LogDevObjectVersion:   Dev-Build (E1C64328-A22C-4D53-A36C-8E866417BD8C): 0
LogDevObjectVersion:   Dev-Core (375EC13C-06E4-48FB-B500-84F0262A717E): 2
LogDevObjectVersion:   Dev-Editor (E4B068ED-F494-42E9-A231-DA0B2E46BB41): 20
LogDevObjectVersion:   Dev-Framework (CFFC743F-43B0-4480-9391-14DF171D2073): 30
LogDevObjectVersion:   Dev-Mobile (B02B49B5-BB20-44E9-A304-32B752E40360): 0
LogDevObjectVersion:   Dev-Networking (A4E4105C-59A1-49B5-A7C5-40C4547EDFEE): 0
LogDevObjectVersion:   Dev-Online (39C831C9-5AE6-47DC-9A44-9C173E1C8E7C): 0
LogDevObjectVersion:   Dev-Physics (78F01B33-EBEA-4F98-B9B4-84EACCB95AA2): 0
LogDevObjectVersion:   Dev-Platform (6631380F-2D4D-43E0-8009-CF276956A95A): 0
LogDevObjectVersion:   Dev-Rendering (12F88B9F-8875-4AFC-A67C-D90C383ABD29): 20
LogDevObjectVersion:   Dev-Sequencer (7B5AE74C-D270-4C10-A958-57980B212A5A): 4
LogDevObjectVersion:   Dev-VR (D7296918-1DD6-4BDD-9DE2-64A83CC13884): 0
LogDevObjectVersion:   Dev-LoadTimes (C2A15278-BFE7-4AFE-6C17-90FF531DF755): 1
LogDevObjectVersion:   Private-Geometry (6EACA3D4-40EC-4CC1-B786-8BED09428FC5): 1
LogDevObjectVersion:   Dev-AnimPhys (29E575DD-E0A3-4627-9D10-D276232CDCEA): 12
LogInit: Compiled (64-bit): Dec  8 2017 02:04:53
LogInit: Compiled with Visual C++: 19.00.24215.01
LogInit: Build Configuration: Development
LogInit: Branch Name: ++UE4+Release-4.18
LogInit: Command line:  
LogInit: Base directory: C:/Program Files/Epic Games/UE_4.18/Engine/Binaries/Win64/
LogInit: Installed Engine Build: 1
LogInit: Presizing for max 8388607 objects, including 0 objects not considered by GC, pre-allocating 0 bytes for permanent pool.
LogInit: Object subsystem initialized
[2018.02.17-21.10.10:537][  0]LogInit: Selected Device Profile: [Windows]
[2018.02.17-21.10.10:537][  0]LogInit: Applying CVar settings loaded from the selected device profile: [Windows]
[2018.02.17-21.10.10:545][  0]LogInit: Computer: DESKTOP-6NVMURH
[2018.02.17-21.10.10:545][  0]LogInit: User: uzivatel1
[2018.02.17-21.10.10:545][  0]LogInit: CPU Page size=4096, Cores=4
[2018.02.17-21.10.10:545][  0]LogInit: High frequency timer resolution =4.101564 MHz
[2018.02.17-21.10.10:545][  0]LogMemory: Memory total: Physical=16.0GB (16GB approx)
[2018.02.17-21.10.10:545][  0]LogMemory: Platform Memory Stats for Windows
[2018.02.17-21.10.10:545][  0]LogMemory: Process Physical Memory: 272.36 MB used, 272.36 MB peak
[2018.02.17-21.10.10:545][  0]LogMemory: Process Virtual Memory: 269.81 MB used, 269.81 MB peak
[2018.02.17-21.10.10:545][  0]LogMemory: Physical Memory: 4810.54 MB used,  11531.53 MB free, 16342.06 MB total
[2018.02.17-21.10.10:545][  0]LogMemory: Virtual Memory: 682.18 MB used,  11531.53 MB free, 134217728.00 MB total
[2018.02.17-21.10.10:645][  0]LogInit: Using OS detected language (cs-CZ).
[2018.02.17-21.10.10:645][  0]LogInit: Using OS detected locale (cs-CZ).
[2018.02.17-21.10.10:646][  0]LogTextLocalizationManager: No localization for 'cs-CZ' exists, so 'en' will be used for the language.
[2018.02.17-21.10.10:647][  0]LogTextLocalizationManager: No localization for 'cs-CZ' exists, so 'en' will be used for the locale.
[2018.02.17-21.10.10:931][  0]LogInit: Setting process to per monitor DPI aware
[2018.02.17-21.10.11:096][  0]LogD3D11RHI: D3D11 adapters:
[2018.02.17-21.10.11:131][  0]LogD3D11RHI:    0. 'NVIDIA GeForce GTX 1070' (Feature Level 11_0)
[2018.02.17-21.10.11:131][  0]LogD3D11RHI:       8096/0/8171 MB DedicatedVideo/DedicatedSystem/SharedSystem, Outputs:1, VendorId:0x10de
[2018.02.17-21.10.11:132][  0]LogD3D11RHI:    1. 'Microsoft Basic Render Driver' (Feature Level 11_0)
[2018.02.17-21.10.11:132][  0]LogD3D11RHI:       0/0/8171 MB DedicatedVideo/DedicatedSystem/SharedSystem, Outputs:0, VendorId:0x1414
[2018.02.17-21.10.11:132][  0]LogD3D11RHI: Chosen D3D11 Adapter: 0
[2018.02.17-21.10.11:137][  0]LogD3D11RHI: Creating new Direct3DDevice
[2018.02.17-21.10.11:137][  0]LogD3D11RHI:     GPU DeviceId: 0x1b81 (for the marketing name, search the web for "GPU Device Id")
[2018.02.17-21.10.11:137][  0]LogWindows: EnumDisplayDevices:
[2018.02.17-21.10.11:138][  0]LogWindows:    0. 'NVIDIA GeForce GTX 1070' (P:1 D:1)
[2018.02.17-21.10.11:138][  0]LogWindows:    1. 'NVIDIA GeForce GTX 1070' (P:0 D:0)
[2018.02.17-21.10.11:138][  0]LogWindows:    2. 'NVIDIA GeForce GTX 1070' (P:0 D:0)
[2018.02.17-21.10.11:138][  0]LogWindows:    3. 'NVIDIA GeForce GTX 1070' (P:0 D:0)
[2018.02.17-21.10.11:138][  0]LogWindows: DebugString: GetVideoDriverDetailsInvalid PrimaryIsNotTheChoosenAdapter GetVideoDriverDetailsInvalid PrimaryIsNotTheChoosenAdapter GetVideoDriverDetailsInvalid PrimaryIsNotTheChoosenAdapter GetVideoDriverDetailsInvalid PrimaryIsNotTheChoosenAdapter FoundDriverCount:0 
[2018.02.17-21.10.11:138][  0]LogD3D11RHI:     Adapter Name: NVIDIA GeForce GTX 1070
[2018.02.17-21.10.11:138][  0]LogD3D11RHI:   Driver Version: Unknown (internal:Unknown, unified:Unknown)
[2018.02.17-21.10.11:138][  0]LogD3D11RHI:      Driver Date: Unknown
[2018.02.17-21.10.11:138][  0]LogRHI: Texture pool is 5667 MB (70% of 8096 MB)
[2018.02.17-21.10.11:154][  0]LogD3D11RHI: Async texture creation enabled
[2018.02.17-21.10.11:192][  0]LogD3D11RHI: GPU Timing Frequency: 1000.000000 (Debug: 2 1)
[2018.02.17-21.10.11:244][  0]LogShaderCompilers: Guid format shader working directory is 27 characters bigger than the processId version (D:/repos/GWGame/GW_Game/Intermediate/Shaders/WorkingDirectory/14684/).
[2018.02.17-21.10.11:245][  0]LogShaderCompilers: Cleaned the shader compiler working directory 'C:/Users/uzivatel 1/AppData/Local/Temp/UnrealShaderWorkingDir/292B0E0742B620DA94F1AC8983411EA6/'.
[2018.02.17-21.10.11:245][  0]LogShaderCompilers: Display: Using Local Shader Compiler.
[2018.02.17-21.10.11:896][  0]LogTemp: Display: Loaded TP AllDesktopTargetPlatform
[2018.02.17-21.10.11:931][  0]LogTemp: Display: Loaded TP MacClientTargetPlatform
[2018.02.17-21.10.11:967][  0]LogTemp: Display: Loaded TP MacNoEditorTargetPlatform
[2018.02.17-21.10.12:002][  0]LogTemp: Display: Loaded TP MacServerTargetPlatform
[2018.02.17-21.10.12:039][  0]LogTemp: Display: Loaded TP MacTargetPlatform
[2018.02.17-21.10.12:075][  0]LogTemp: Display: Loaded TP WindowsClientTargetPlatform
[2018.02.17-21.10.12:110][  0]LogTemp: Display: Loaded TP WindowsNoEditorTargetPlatform
[2018.02.17-21.10.12:148][  0]LogTemp: Display: Loaded TP WindowsServerTargetPlatform
[2018.02.17-21.10.12:180][  0]LogTemp: Display: Loaded TP WindowsTargetPlatform
[2018.02.17-21.10.12:215][  0]LogTemp: Display: Loaded TP Android_ASTCTargetPlatform
[2018.02.17-21.10.12:250][  0]LogTemp: Display: Loaded TP Android_ATCTargetPlatform
[2018.02.17-21.10.12:284][  0]LogTemp: Display: Loaded TP Android_DXTTargetPlatform
[2018.02.17-21.10.12:319][  0]LogTemp: Display: Loaded TP Android_ETC1TargetPlatform
[2018.02.17-21.10.12:354][  0]LogTemp: Display: Loaded TP Android_ETC2TargetPlatform
[2018.02.17-21.10.12:424][  0]LogTemp: Display: Loaded TP Android_MultiTargetPlatform
[2018.02.17-21.10.12:425][  0]LogTemp: Display: Loaded TP Android_PVRTCTargetPlatform
[2018.02.17-21.10.12:459][  0]LogTemp: Display: Loaded TP AndroidTargetPlatform
[2018.02.17-21.10.12:487][  0]LogTemp: Display: Loaded TP HTML5TargetPlatform
[2018.02.17-21.10.12:556][  0]LogTemp: Display: Loaded TP IOSTargetPlatform
[2018.02.17-21.10.12:574][  0]LogTemp: Display: Loaded TP TVOSTargetPlatform
[2018.02.17-21.10.12:608][  0]LogTemp: Display: Loaded TP LinuxClientTargetPlatform
[2018.02.17-21.10.12:642][  0]LogTemp: Display: Loaded TP LinuxNoEditorTargetPlatform
[2018.02.17-21.10.12:677][  0]LogTemp: Display: Loaded TP LinuxServerTargetPlatform
[2018.02.17-21.10.12:712][  0]LogTemp: Display: Loaded TP LinuxTargetPlatform
[2018.02.17-21.10.12:712][  0]LogTargetPlatformManager: Display: Building Assets For Windows
[2018.02.17-21.10.13:020][  0]LogDerivedDataCache: Display: Max Cache Size: 512 MB
[2018.02.17-21.10.13:072][  0]LogDerivedDataCache: Loaded boot cache 0.05s 78MB C:/Users/uzivatel 1/AppData/Local/UnrealEngine/4.18/DerivedDataCache/Boot.ddc.
[2018.02.17-21.10.13:072][  0]LogDerivedDataCache: Display: Loaded Boot cache: C:/Users/uzivatel 1/AppData/Local/UnrealEngine/4.18/DerivedDataCache/Boot.ddc
[2018.02.17-21.10.13:072][  0]LogDerivedDataCache: FDerivedDataBackendGraph:  Pak pak cache file D:/repos/GWGame/GW_Game/DerivedDataCache/DDC.ddp not found, will not use a pak cache.
[2018.02.17-21.10.13:072][  0]LogDerivedDataCache: Unable to find inner node Pak for hierarchical cache Hierarchy.
[2018.02.17-21.10.13:072][  0]LogDerivedDataCache: FDerivedDataBackendGraph:  CompressedPak pak cache file D:/repos/GWGame/GW_Game/DerivedDataCache/Compressed.ddp not found, will not use a pak cache.
[2018.02.17-21.10.13:072][  0]LogDerivedDataCache: Unable to find inner node CompressedPak for hierarchical cache Hierarchy.
[2018.02.17-21.10.13:084][  0]LogDerivedDataCache: Display: Pak cache opened for reading ../../../Engine/DerivedDataCache/Compressed.ddp.
[2018.02.17-21.10.13:096][  0]LogDerivedDataCache: Using Local data cache path C:/Users/uzivatel 1/AppData/Local/UnrealEngine/Common/DerivedDataCache: Writable
[2018.02.17-21.10.13:103][  0]LogMaterial: Verifying Global Shaders for PCD3D_SM5
[2018.02.17-21.10.13:103][  0]LogSlate: Using Freetype 2.6.0
[2018.02.17-21.10.13:103][  0]LogSlate: SlateFontCache - WITH_FREETYPE: 1, WITH_HARFBUZZ: 1
[2018.02.17-21.10.13:103][  0]LogSlate: SlateFontCache - WITH_FREETYPE: 1, WITH_HARFBUZZ: 1
[2018.02.17-21.10.13:347][  0]LogInit: Selected Device Profile: [Windows]
[2018.02.17-21.10.13:574][  0]LogSimplygon: Simplygon DLL not present - disabling.
[2018.02.17-21.10.13:601][  0]LogMeshReduction: Using SimplygonSwarm for distributed automatic mesh merging
[2018.02.17-21.10.13:601][  0]LogMeshReduction: Using QuadricMeshReduction for automatic static mesh reduction
[2018.02.17-21.10.13:601][  0]LogMeshReduction: No automatic skeletal mesh reduction module available
[2018.02.17-21.10.13:601][  0]LogMeshReduction: No automatic mesh merging module available
[2018.02.17-21.10.13:601][  0]LogMeshMerging: No automatic mesh merging module available
[2018.02.17-21.10.13:620][  0]LogNetVersion: GW_Game , NetCL: 3709383, EngineNetVer: 2, GameNetVer: 0 (Checksum: 4001666234)
[2018.02.17-21.10.13:739][  0]LogAssetRegistry: FAssetRegistry took 0.0244 seconds to start up
[2018.02.17-21.10.14:062][  0]LogPackageLocalizationCache: Processed 7 localized package path(s) for 1 prioritized culture(s) in 0.020419 seconds
[2018.02.17-21.10.14:066][  0]LogUObjectArray: 35900 objects as part of root set at end of initial load.
[2018.02.17-21.10.14:066][  0]LogUObjectAllocator: 7372016 out of 0 bytes used by permanent object pool.
[2018.02.17-21.10.14:066][  0]LogUObjectArray: CloseDisregardForGC: 0/0 objects in disregard for GC pool
[2018.02.17-21.10.14:102][  0]LogInit: WinSock: version 1.1 (2.2), MaxSocks=32767, MaxUdp=65467
[2018.02.17-21.10.15:928][  0]LogTcpMessaging: Initializing TcpMessaging bridge
[2018.02.17-21.10.15:959][  0]LogUdpMessaging: Initializing bridge on interface 0.0.0.0:0 to multicast group 230.0.0.1:6666.
[2018.02.17-21.10.16:469][  0]LogMaterial: Uniform references updated for custom material expression Custom.
[2018.02.17-21.10.16:762][  0]SourceControl: Source control is disabled
[2018.02.17-21.10.16:762][  0]SourceControl: Source control is disabled
[2018.02.17-21.10.16:798][  0]SourceControl: Source control is disabled
[2018.02.17-21.10.16:833][  0]SourceControl: Source control is disabled
[2018.02.17-21.10.17:381][  0]LogAndroidPermission: UAndroidPermissionCallbackProxy::GetInstance
[2018.02.17-21.10.17:565][  0]LogOcInput: OculusInput pre-init called
[2018.02.17-21.10.17:752][  0]LogEngine: Initializing Engine...
[2018.02.17-21.10.17:753][  0]LogHMD: Failed to initialize OpenVR with code 110
[2018.02.17-21.10.17:901][  0]LogStats: UGameplayTagsManager::ConstructGameplayTagTree: Construct from data asset -  0.000 s
[2018.02.17-21.10.17:901][  0]LogStats: UGameplayTagsManager::ConstructGameplayTagTree: GameplayTagTreeChangedEvent.Broadcast -  0.000 s
[2018.02.17-21.10.17:988][  0]LogAIModule: Creating AISystem for world Untitled
[2018.02.17-21.10.17:993][  0]LogInit: XAudio2 using 'U24E590-4 (NVIDIA High Definition Audio)' : 2 channels at 48 kHz using 16 bits per sample (channel mask 0x3)
[2018.02.17-21.10.18:008][  0]LogInit: FAudioDevice initialized.
[2018.02.17-21.10.18:072][  0]LogDerivedDataCache: Saved boot cache 0.06s 78MB C:/Users/uzivatel 1/AppData/Local/UnrealEngine/4.18/DerivedDataCache/Boot.ddc.
[2018.02.17-21.10.18:080][  0]LogInit: Texture streaming: Enabled
[2018.02.17-21.10.18:146][  0]LogEngineSessionManager: EngineSessionManager initialized
[2018.02.17-21.10.18:146][  0]LogEngineSessionManager: EngineSessionManager sent abnormal shutdown report. Type=Crashed, SessionId={263928B8-436C-8D60-AB92-A1A43C1CA4E3}
[2018.02.17-21.10.18:235][  0]LogInit: Transaction tracking system initialized
[2018.02.17-21.10.18:445][  0]BlueprintLog: New page: Editor Load
[2018.02.17-21.10.19:041][  0]LocalizationService: Localization service is disabled
[2018.02.17-21.10.19:545][  0]LogConsoleResponse: Display: 
[2018.02.17-21.10.19:666][  0]LogCook: Display: Max memory allowance for cook 16384mb min free memory 0mb
[2018.02.17-21.10.19:666][  0]LogCook: Display: Mobile HDR setting 1
[2018.02.17-21.10.19:666][  0]LogGameplayTags: Display: UGameplayTagsManager::DoneAddingNativeTags. DelegateIsBound: 0
[2018.02.17-21.10.20:028][  0]LogFileCache: Scanning file cache for directory 'D:/repos/GWGame/GW_Game/Content/' took 0.01s
[2018.02.17-21.10.20:468][  0]SourceControl: Source control is disabled
[2018.02.17-21.10.20:468][  0]Cmd: MAP LOAD FILE="D:/repos/GWGame/GW_Game/Content/_Levels/BattleGround.umap" TEMPLATE=0 SHOWPROGRESS=1 FEATURELEVEL=3
[2018.02.17-21.10.20:468][  0]LightingResults: New page: Lighting Build
[2018.02.17-21.10.20:497][  0]MapCheck: New page: Map Check
[2018.02.17-21.10.20:497][  0]LightingResults: New page: Lighting Build
[2018.02.17-21.10.20:817][  0]LogAIModule: Creating AISystem for world BattleGround
[2018.02.17-21.10.20:832][  0]LogEditorServer: Finished looking for orphan Actors (0.000 secs)
[2018.02.17-21.10.20:841][  0]Cmd: MAP CHECKDEP NOCLEARLOG
[2018.02.17-21.10.20:876][  0]MapCheck: Map check complete: 0 Error(s), 0 Warning(s), took 35.397ms to complete.
[2018.02.17-21.10.20:876][  0]LogFileHelpers: Loading map 'BattleGround' took 0.408
[2018.02.17-21.10.20:931][  0]LogWindowsTextInputMethodSystem: Display: IME system now deactivated.
[2018.02.17-21.10.20:985][  0]LogCollectionManager: Loaded 0 collections in 0.001085 seconds
[2018.02.17-21.10.21:049][  0]LogFileCache: Scanning file cache for directory 'D:/repos/GWGame/GW_Game/Saved/Collections/' took 0.01s
[2018.02.17-21.10.21:049][  0]LogFileCache: Scanning file cache for directory 'D:/repos/GWGame/GW_Game/Content/Developers/uzivatel1/Collections/' took 0.01s
[2018.02.17-21.10.21:049][  0]LogFileCache: Scanning file cache for directory 'D:/repos/GWGame/GW_Game/Content/Collections/' took 0.01s
[2018.02.17-21.10.21:049][  0]LogCollectionManager: Rebuilt the GUID cache for 0 collections in 0.000000 seconds
[2018.02.17-21.10.21:055][  0]LogContentBrowser: Native class hierarchy populated in 0.0058 seconds. Added 2374 classes and 524 folders.
[2018.02.17-21.10.21:099][  0]LogContentBrowser: Native class hierarchy updated for 'WidgetCarousel' in 0.0004 seconds. Added 0 classes and 0 folders.
[2018.02.17-21.10.21:123][  0]LogContentBrowser: Native class hierarchy updated for 'AddContentDialog' in 0.0004 seconds. Added 0 classes and 0 folders.
[2018.02.17-21.10.21:216][  0]LogContentBrowser: Native class hierarchy updated for 'HierarchicalLODOutliner' in 0.0004 seconds. Added 1 classes and 2 folders.
[2018.02.17-21.10.21:216][  0]LogLoad: (Engine Initialization) Total time: 12.45 seconds
[2018.02.17-21.10.21:216][  0]LogLoad: (Engine Initialization) Total Blueprint compile time: 0.00 seconds
[2018.02.17-21.10.21:217][  0]LogExternalProfiler: No external profilers were discovered.  External profiling features will not be available.
[2018.02.17-21.10.21:238][  0]LogAssetRegistry: Asset discovery search completed in 7.5209 seconds
[2018.02.17-21.10.21:239][  0]LogCollectionManager: Rebuilt the object cache for 0 collections in 0.000000 seconds (found 0 objects)
[2018.02.17-21.10.21:239][  0]LogCollectionManager: Fixed up redirectors for 0 collections in 0.000054 seconds (updated 0 objects)
[2018.02.17-21.10.21:240][  0]LogContentStreaming: Texture pool size now 1000 MB
[2018.02.17-21.10.21:247][  0]LogSlate: Took 0.000170 seconds to synchronously load lazily loaded font '../../../Engine/Content/Slate/Fonts/Roboto-Regular.ttf' (155K)
[2018.02.17-21.10.21:248][  0]LogSlate: Took 0.000093 seconds to synchronously load lazily loaded font '../../../Engine/Content/Editor/Slate/Fonts/FontAwesome.ttf' (139K)
[2018.02.17-21.10.21:248][  0]LogSlate: Took 0.000086 seconds to synchronously load lazily loaded font '../../../Engine/Content/Slate/Fonts/Roboto-Bold.ttf' (160K)
[2018.02.17-21.10.21:251][  0]LogSlate: Took 0.000082 seconds to synchronously load lazily loaded font '../../../Engine/Content/Editor/Slate/Fonts/DroidSansMono.ttf' (77K)
[2018.02.17-21.10.21:357][  0]LogRenderer: Reallocating scene render targets to support 720x476 Format 10 NumSamples 1 (Frame:1).
[2018.02.17-21.10.22:813][144]LogRenderer: Reallocating scene render targets to support 1088x756 Format 10 NumSamples 1 (Frame:4).
[2018.02.17-21.10.28:137][754]LogSlate: Took 0.000125 seconds to synchronously load lazily loaded font '../../../Engine/Content/Slate/Fonts/Roboto-Light.ttf' (159K)
[2018.02.17-21.10.28:350][754]LogContentBrowser: Native class hierarchy updated for 'BlueprintGraph' in 0.0007 seconds. Added 116 classes and 0 folders.
[2018.02.17-21.10.28:780][754]LogSlate: Took 0.000141 seconds to synchronously load lazily loaded font '../../../Engine/Content/Slate/Fonts/Roboto-Regular.ttf' (155K)
[2018.02.17-21.10.28:823][754]LogSlate: Took 0.000143 seconds to synchronously load lazily loaded font '../../../Engine/Content/Editor/Slate/Fonts/Roboto-BoldCondensed.ttf' (158K)
[2018.02.17-21.10.28:866][755]LogSlate: Took 0.000120 seconds to synchronously load lazily loaded font '../../../Engine/Content/Editor/Slate/Fonts/Roboto-Italic.ttf' (157K)
[2018.02.17-21.11.08:499][218]Cmd: OBJ SAVEPACKAGE PACKAGE="/Game/Characters/Heavy/Heavy_BP" FILE="D:/repos/GWGame/GW_Game/Content/Characters/Heavy/Heavy_BP.uasset" SILENT=true
[2018.02.17-21.11.08:555][218]LogSavePackage: Save=43.89ms
[2018.02.17-21.11.08:555][218]LogSavePackage: Moving 'D:/repos/GWGame/GW_Game/Saved/Heavy_BP40F12C664EC38C70CA64ECB1D7A72E11.tmp' to 'D:/repos/GWGame/GW_Game/Content/Characters/Heavy/Heavy_BP.uasset'
[2018.02.17-21.11.08:557][218]LogSavePackage: Display: Finished SavePackage D:/repos/GWGame/GW_Game/Content/Characters/Heavy/Heavy_BP.uasset
[2018.02.17-21.11.09:060][269]BlueprintLog: New page: Compile Heavy_BP
[2018.02.17-21.11.09:816][309]Cmd: OBJ SAVEPACKAGE PACKAGE="/Game/Characters/Heavy/Heavy_BP" FILE="D:/repos/GWGame/GW_Game/Content/Characters/Heavy/Heavy_BP.uasset" SILENT=true
[2018.02.17-21.11.09:866][309]LogSavePackage: Save=41.98ms
[2018.02.17-21.11.09:866][309]LogSavePackage: Moving 'D:/repos/GWGame/GW_Game/Saved/Heavy_BPB80EEDC8457E814D9A121ABED470DABA.tmp' to 'D:/repos/GWGame/GW_Game/Content/Characters/Heavy/Heavy_BP.uasset'
[2018.02.17-21.11.09:867][309]LogSavePackage: Display: Finished SavePackage D:/repos/GWGame/GW_Game/Content/Characters/Heavy/Heavy_BP.uasset
[2018.02.17-21.11.12:827][477]LogActorComponent: UnregisterComponent: (/Engine/Transient.EditorFloorComp) Not registered. Aborting.
[2018.02.17-21.11.47:352][686]BlueprintLog: New page: Compile Sniper_BP
[2018.02.17-21.11.47:883][706]Cmd: OBJ SAVEPACKAGE PACKAGE="/Game/Characters/Sniper/Sniper_BP" FILE="D:/repos/GWGame/GW_Game/Content/Characters/Sniper/Sniper_BP.uasset" SILENT=true
[2018.02.17-21.11.47:969][706]LogSavePackage: Save=75.40ms
[2018.02.17-21.11.47:969][706]LogSavePackage: Moving 'D:/repos/GWGame/GW_Game/Saved/Sniper_BP970E04E74AD9944A74BBE5A4E75610F9.tmp' to 'D:/repos/GWGame/GW_Game/Content/Characters/Sniper/Sniper_BP.uasset'
[2018.02.17-21.11.47:971][706]LogSavePackage: Display: Finished SavePackage D:/repos/GWGame/GW_Game/Content/Characters/Sniper/Sniper_BP.uasset
[2018.02.17-21.12.09:997][263]LogTemp: Repeating last play command: Selected Viewport
[2018.02.17-21.12.10:033][263]LogBlueprintUserMessages: Early PlayInEditor Detection: Level '/Game/_Levels/BattleGround.BattleGround:PersistentLevel' has LevelScriptBlueprint '/Game/_Levels/BattleGround.BattleGround:PersistentLevel.BattleGround' with GeneratedClass '/Game/_Levels/BattleGround.BattleGround_C' with ClassGeneratedBy '/Game/_Levels/BattleGround.BattleGround:PersistentLevel.BattleGround'
[2018.02.17-21.12.10:034][263]LogPlayLevel: PlayLevel: No blueprints needed recompiling
[2018.02.17-21.12.10:034][263]PIE: New page: PIE session: BattleGround (Feb 17, 2018, 11:12:10 PM)
[2018.02.17-21.12.10:034][263]LogPlayLevel: Creating play world package: /Game/_Levels/UEDPIE_0_BattleGround
[2018.02.17-21.12.10:045][263]LogPlayLevel: PIE: StaticDuplicateObject took: (0.010743s)
[2018.02.17-21.12.10:046][263]LogAIModule: Creating AISystem for world BattleGround
[2018.02.17-21.12.10:046][263]LogPlayLevel: PIE: World Init took: (0.000934s)
[2018.02.17-21.12.10:046][263]LogPlayLevel: PIE: Created PIE world by copying editor world from /Game/_Levels/BattleGround.BattleGround to /Game/_Levels/UEDPIE_0_BattleGround.BattleGround (0.012153s)
[2018.02.17-21.12.10:061][263]LogInit: XAudio2 using 'U24E590-4 (NVIDIA High Definition Audio)' : 2 channels at 48 kHz using 16 bits per sample (channel mask 0x3)
[2018.02.17-21.12.10:066][263]LogInit: FAudioDevice initialized.
[2018.02.17-21.12.10:117][263]LogLoad: Game class is 'AssaultGameMode_BP_C'
[2018.02.17-21.12.10:120][263]LogWorld: Bringing World /Game/_Levels/UEDPIE_0_BattleGround.BattleGround up for play (max tick rate 0) at 2018.02.17-22.12.10
[2018.02.17-21.12.10:120][263]LogWorld: Bringing up level for play took: 0.001442
[2018.02.17-21.12.10:151][263]LogContentBrowser: Native class hierarchy updated for 'MovieSceneCapture' in 0.0005 seconds. Added 11 classes and 0 folders.
[2018.02.17-21.12.10:152][263]LogTemp: Warning: PlayerController not possessing a tank
[2018.02.17-21.12.10:152][263]PIE: Play in editor start time for /Game/_Levels/UEDPIE_0_BattleGround 1.083
[2018.02.17-21.12.10:153][263]LogBlueprintUserMessages: Late PlayInEditor Detection: Level '/Game/_Levels/BattleGround.BattleGround:PersistentLevel' has LevelScriptBlueprint '/Game/_Levels/BattleGround.BattleGround:PersistentLevel.BattleGround' with GeneratedClass '/Game/_Levels/BattleGround.BattleGround_C' with ClassGeneratedBy '/Game/_Levels/BattleGround.BattleGround:PersistentLevel.BattleGround'
[2018.02.17-21.12.32:454][935]LogBlueprintUserMessages: Early EndPlayMap Detection: Level '/Game/_Levels/BattleGround.BattleGround:PersistentLevel' has LevelScriptBlueprint '/Game/_Levels/BattleGround.BattleGround:PersistentLevel.BattleGround' with GeneratedClass '/Game/_Levels/BattleGround.BattleGround_C' with ClassGeneratedBy '/Game/_Levels/BattleGround.BattleGround:PersistentLevel.BattleGround'
[2018.02.17-21.12.32:483][935]LogBlueprintUserMessages: Late EndPlayMap Detection: Level '/Game/_Levels/BattleGround.BattleGround:PersistentLevel' has LevelScriptBlueprint '/Game/_Levels/BattleGround.BattleGround:PersistentLevel.BattleGround' with GeneratedClass '/Game/_Levels/BattleGround.BattleGround_C' with ClassGeneratedBy '/Game/_Levels/BattleGround.BattleGround:PersistentLevel.BattleGround'
[2018.02.17-21.12.33:936][ 93]LogTemp: Repeating last play command: Selected Viewport
[2018.02.17-21.12.33:952][ 93]LogBlueprintUserMessages: Early PlayInEditor Detection: Level '/Game/_Levels/BattleGround.BattleGround:PersistentLevel' has LevelScriptBlueprint '/Game/_Levels/BattleGround.BattleGround:PersistentLevel.BattleGround' with GeneratedClass '/Game/_Levels/BattleGround.BattleGround_C' with ClassGeneratedBy '/Game/_Levels/BattleGround.BattleGround:PersistentLevel.BattleGround'
[2018.02.17-21.12.33:953][ 93]LogPlayLevel: PlayLevel: No blueprints needed recompiling
[2018.02.17-21.12.33:953][ 93]PIE: New page: PIE session: BattleGround (Feb 17, 2018, 11:12:33 PM)
[2018.02.17-21.12.33:953][ 93]LogPlayLevel: Creating play world package: /Game/_Levels/UEDPIE_0_BattleGround
[2018.02.17-21.12.33:960][ 93]LogPlayLevel: PIE: StaticDuplicateObject took: (0.006931s)
[2018.02.17-21.12.33:961][ 93]LogAIModule: Creating AISystem for world BattleGround
[2018.02.17-21.12.33:961][ 93]LogPlayLevel: PIE: World Init took: (0.000653s)
[2018.02.17-21.12.33:961][ 93]LogPlayLevel: PIE: Created PIE world by copying editor world from /Game/_Levels/BattleGround.BattleGround to /Game/_Levels/UEDPIE_0_BattleGround.BattleGround (0.008055s)
[2018.02.17-21.12.33:976][ 93]LogInit: XAudio2 using 'U24E590-4 (NVIDIA High Definition Audio)' : 2 channels at 48 kHz using 16 bits per sample (channel mask 0x3)
[2018.02.17-21.12.33:982][ 93]LogInit: FAudioDevice initialized.
[2018.02.17-21.12.34:010][ 93]LogLoad: Game class is 'AssaultGameMode_BP_C'
[2018.02.17-21.12.34:012][ 93]LogWorld: Bringing World /Game/_Levels/UEDPIE_0_BattleGround.BattleGround up for play (max tick rate 0) at 2018.02.17-22.12.34
[2018.02.17-21.12.34:013][ 93]LogWorld: Bringing up level for play took: 0.001388
[2018.02.17-21.12.34:013][ 93]LogTemp: Warning: PlayerController not possessing a tank
[2018.02.17-21.12.34:014][ 93]PIE: Play in editor start time for /Game/_Levels/UEDPIE_0_BattleGround 0.945
[2018.02.17-21.12.34:014][ 93]LogBlueprintUserMessages: Late PlayInEditor Detection: Level '/Game/_Levels/BattleGround.BattleGround:PersistentLevel' has LevelScriptBlueprint '/Game/_Levels/BattleGround.BattleGround:PersistentLevel.BattleGround' with GeneratedClass '/Game/_Levels/BattleGround.BattleGround_C' with ClassGeneratedBy '/Game/_Levels/BattleGround.BattleGround:PersistentLevel.BattleGround'
[2018.02.17-21.12.54:447][543]LogBlueprintUserMessages: Early EndPlayMap Detection: Level '/Game/_Levels/BattleGround.BattleGround:PersistentLevel' has LevelScriptBlueprint '/Game/_Levels/BattleGround.BattleGround:PersistentLevel.BattleGround' with GeneratedClass '/Game/_Levels/BattleGround.BattleGround_C' with ClassGeneratedBy '/Game/_Levels/BattleGround.BattleGround:PersistentLevel.BattleGround'
[2018.02.17-21.12.54:476][543]LogBlueprintUserMessages: Late EndPlayMap Detection: Level '/Game/_Levels/BattleGround.BattleGround:PersistentLevel' has LevelScriptBlueprint '/Game/_Levels/BattleGround.BattleGround:PersistentLevel.BattleGround' with GeneratedClass '/Game/_Levels/BattleGround.BattleGround_C' with ClassGeneratedBy '/Game/_Levels/BattleGround.BattleGround:PersistentLevel.BattleGround'
[2018.02.17-21.12.55:512][660]LogTemp: Repeating last play command: Selected Viewport
[2018.02.17-21.12.55:526][660]LogBlueprintUserMessages: Early PlayInEditor Detection: Level '/Game/_Levels/BattleGround.BattleGround:PersistentLevel' has LevelScriptBlueprint '/Game/_Levels/BattleGround.BattleGround:PersistentLevel.BattleGround' with GeneratedClass '/Game/_Levels/BattleGround.BattleGround_C' with ClassGeneratedBy '/Game/_Levels/BattleGround.BattleGround:PersistentLevel.BattleGround'
[2018.02.17-21.12.55:526][660]LogPlayLevel: PlayLevel: No blueprints needed recompiling
[2018.02.17-21.12.55:527][660]PIE: New page: PIE session: BattleGround (Feb 17, 2018, 11:12:55 PM)
[2018.02.17-21.12.55:527][660]LogPlayLevel: Creating play world package: /Game/_Levels/UEDPIE_0_BattleGround
[2018.02.17-21.12.55:534][660]LogPlayLevel: PIE: StaticDuplicateObject took: (0.007107s)
[2018.02.17-21.12.55:535][660]LogAIModule: Creating AISystem for world BattleGround
[2018.02.17-21.12.55:535][660]LogPlayLevel: PIE: World Init took: (0.000934s)
[2018.02.17-21.12.55:535][660]LogPlayLevel: PIE: Created PIE world by copying editor world from /Game/_Levels/BattleGround.BattleGround to /Game/_Levels/UEDPIE_0_BattleGround.BattleGround (0.008567s)
[2018.02.17-21.12.55:549][660]LogInit: XAudio2 using 'U24E590-4 (NVIDIA High Definition Audio)' : 2 channels at 48 kHz using 16 bits per sample (channel mask 0x3)
[2018.02.17-21.12.55:554][660]LogInit: FAudioDevice initialized.
[2018.02.17-21.12.55:579][660]LogLoad: Game class is 'AssaultGameMode_BP_C'
[2018.02.17-21.12.55:581][660]LogWorld: Bringing World /Game/_Levels/UEDPIE_0_BattleGround.BattleGround up for play (max tick rate 0) at 2018.02.17-22.12.55
[2018.02.17-21.12.55:581][660]LogWorld: Bringing up level for play took: 0.001424
[2018.02.17-21.12.55:582][660]LogTemp: Warning: PlayerController not possessing a tank
[2018.02.17-21.12.55:583][660]PIE: Play in editor start time for /Game/_Levels/UEDPIE_0_BattleGround 0.514
[2018.02.17-21.12.55:583][660]LogBlueprintUserMessages: Late PlayInEditor Detection: Level '/Game/_Levels/BattleGround.BattleGround:PersistentLevel' has LevelScriptBlueprint '/Game/_Levels/BattleGround.BattleGround:PersistentLevel.BattleGround' with GeneratedClass '/Game/_Levels/BattleGround.BattleGround_C' with ClassGeneratedBy '/Game/_Levels/BattleGround.BattleGround:PersistentLevel.BattleGround'
[2018.02.17-21.13.00:792][283]LogBlueprintUserMessages: Early EndPlayMap Detection: Level '/Game/_Levels/BattleGround.BattleGround:PersistentLevel' has LevelScriptBlueprint '/Game/_Levels/BattleGround.BattleGround:PersistentLevel.BattleGround' with GeneratedClass '/Game/_Levels/BattleGround.BattleGround_C' with ClassGeneratedBy '/Game/_Levels/BattleGround.BattleGround:PersistentLevel.BattleGround'
[2018.02.17-21.13.00:826][283]LogBlueprintUserMessages: Late EndPlayMap Detection: Level '/Game/_Levels/BattleGround.BattleGround:PersistentLevel' has LevelScriptBlueprint '/Game/_Levels/BattleGround.BattleGround:PersistentLevel.BattleGround' with GeneratedClass '/Game/_Levels/BattleGround.BattleGround_C' with ClassGeneratedBy '/Game/_Levels/BattleGround.BattleGround:PersistentLevel.BattleGround'
[2018.02.17-21.13.01:628][364]LogTemp: Repeating last play command: Selected Viewport
[2018.02.17-21.13.01:643][364]LogBlueprintUserMessages: Early PlayInEditor Detection: Level '/Game/_Levels/BattleGround.BattleGround:PersistentLevel' has LevelScriptBlueprint '/Game/_Levels/BattleGround.BattleGround:PersistentLevel.BattleGround' with GeneratedClass '/Game/_Levels/BattleGround.BattleGround_C' with ClassGeneratedBy '/Game/_Levels/BattleGround.BattleGround:PersistentLevel.BattleGround'
[2018.02.17-21.13.01:643][364]LogPlayLevel: PlayLevel: No blueprints needed recompiling
[2018.02.17-21.13.01:643][364]PIE: New page: PIE session: BattleGround (Feb 17, 2018, 11:13:01 PM)
[2018.02.17-21.13.01:643][364]LogPlayLevel: Creating play world package: /Game/_Levels/UEDPIE_0_BattleGround
[2018.02.17-21.13.01:650][364]LogPlayLevel: PIE: StaticDuplicateObject took: (0.006870s)
[2018.02.17-21.13.01:651][364]LogAIModule: Creating AISystem for world BattleGround
[2018.02.17-21.13.01:651][364]LogPlayLevel: PIE: World Init took: (0.000778s)
[2018.02.17-21.13.01:651][364]LogPlayLevel: PIE: Created PIE world by copying editor world from /Game/_Levels/BattleGround.BattleGround to /Game/_Levels/UEDPIE_0_BattleGround.BattleGround (0.008160s)
[2018.02.17-21.13.01:665][364]LogInit: XAudio2 using 'U24E590-4 (NVIDIA High Definition Audio)' : 2 channels at 48 kHz using 16 bits per sample (channel mask 0x3)
[2018.02.17-21.13.01:669][364]LogInit: FAudioDevice initialized.
[2018.02.17-21.13.01:699][364]LogLoad: Game class is 'AssaultGameMode_BP_C'
[2018.02.17-21.13.01:701][364]LogWorld: Bringing World /Game/_Levels/UEDPIE_0_BattleGround.BattleGround up for play (max tick rate 0) at 2018.02.17-22.13.01
[2018.02.17-21.13.01:701][364]LogWorld: Bringing up level for play took: 0.001407
[2018.02.17-21.13.01:702][364]LogTemp: Warning: PlayerController not possessing a tank
[2018.02.17-21.13.01:703][364]PIE: Play in editor start time for /Game/_Levels/UEDPIE_0_BattleGround 0.634
[2018.02.17-21.13.01:703][364]LogBlueprintUserMessages: Late PlayInEditor Detection: Level '/Game/_Levels/BattleGround.BattleGround:PersistentLevel' has LevelScriptBlueprint '/Game/_Levels/BattleGround.BattleGround:PersistentLevel.BattleGround' with GeneratedClass '/Game/_Levels/BattleGround.BattleGround_C' with ClassGeneratedBy '/Game/_Levels/BattleGround.BattleGround:PersistentLevel.BattleGround'
[2018.02.17-21.13.08:077][127]LogBlueprintUserMessages: Early EndPlayMap Detection: Level '/Game/_Levels/BattleGround.BattleGround:PersistentLevel' has LevelScriptBlueprint '/Game/_Levels/BattleGround.BattleGround:PersistentLevel.BattleGround' with GeneratedClass '/Game/_Levels/BattleGround.BattleGround_C' with ClassGeneratedBy '/Game/_Levels/BattleGround.BattleGround:PersistentLevel.BattleGround'
[2018.02.17-21.13.08:109][127]LogBlueprintUserMessages: Late EndPlayMap Detection: Level '/Game/_Levels/BattleGround.BattleGround:PersistentLevel' has LevelScriptBlueprint '/Game/_Levels/BattleGround.BattleGround:PersistentLevel.BattleGround' with GeneratedClass '/Game/_Levels/BattleGround.BattleGround_C' with ClassGeneratedBy '/Game/_Levels/BattleGround.BattleGround:PersistentLevel.BattleGround'
[2018.02.17-21.13.09:276][246]LogTemp: Repeating last play command: Selected Viewport
[2018.02.17-21.13.09:290][246]LogBlueprintUserMessages: Early PlayInEditor Detection: Level '/Game/_Levels/BattleGround.BattleGround:PersistentLevel' has LevelScriptBlueprint '/Game/_Levels/BattleGround.BattleGround:PersistentLevel.BattleGround' with GeneratedClass '/Game/_Levels/BattleGround.BattleGround_C' with ClassGeneratedBy '/Game/_Levels/BattleGround.BattleGround:PersistentLevel.BattleGround'
[2018.02.17-21.13.09:290][246]LogPlayLevel: PlayLevel: No blueprints needed recompiling
[2018.02.17-21.13.09:290][246]PIE: New page: PIE session: BattleGround (Feb 17, 2018, 11:13:09 PM)
[2018.02.17-21.13.09:291][246]LogPlayLevel: Creating play world package: /Game/_Levels/UEDPIE_0_BattleGround
[2018.02.17-21.13.09:298][246]LogPlayLevel: PIE: StaticDuplicateObject took: (0.007025s)
[2018.02.17-21.13.09:298][246]LogAIModule: Creating AISystem for world BattleGround
[2018.02.17-21.13.09:299][246]LogPlayLevel: PIE: World Init took: (0.000833s)
[2018.02.17-21.13.09:299][246]LogPlayLevel: PIE: Created PIE world by copying editor world from /Game/_Levels/BattleGround.BattleGround to /Game/_Levels/UEDPIE_0_BattleGround.BattleGround (0.008404s)
[2018.02.17-21.13.09:313][246]LogInit: XAudio2 using 'U24E590-4 (NVIDIA High Definition Audio)' : 2 channels at 48 kHz using 16 bits per sample (channel mask 0x3)
[2018.02.17-21.13.09:318][246]LogInit: FAudioDevice initialized.
[2018.02.17-21.13.09:347][246]LogLoad: Game class is 'AssaultGameMode_BP_C'
[2018.02.17-21.13.09:349][246]LogWorld: Bringing World /Game/_Levels/UEDPIE_0_BattleGround.BattleGround up for play (max tick rate 0) at 2018.02.17-22.13.09
[2018.02.17-21.13.09:349][246]LogWorld: Bringing up level for play took: 0.001429
[2018.02.17-21.13.09:351][246]LogTemp: Warning: PlayerController not possessing a tank
[2018.02.17-21.13.09:351][246]PIE: Play in editor start time for /Game/_Levels/UEDPIE_0_BattleGround 0.282
[2018.02.17-21.13.09:351][246]LogBlueprintUserMessages: Late PlayInEditor Detection: Level '/Game/_Levels/BattleGround.BattleGround:PersistentLevel' has LevelScriptBlueprint '/Game/_Levels/BattleGround.BattleGround:PersistentLevel.BattleGround' with GeneratedClass '/Game/_Levels/BattleGround.BattleGround_C' with ClassGeneratedBy '/Game/_Levels/BattleGround.BattleGround:PersistentLevel.BattleGround'
[2018.02.17-21.13.10:434][374]LogSpawn: Warning: SpawnActor failed because no class was specified
[2018.02.17-21.13.10:971][374]LogWindows: Error: === Critical error: ===
[2018.02.17-21.13.10:971][374]LogWindows: Error: 
[2018.02.17-21.13.10:971][374]LogWindows: Error: Fatal error!
[2018.02.17-21.13.10:971][374]LogWindows: Error: 
[2018.02.17-21.13.10:971][374]LogWindows: Error: Unhandled Exception: EXCEPTION_ACCESS_VIOLATION reading address 0x00000428
[2018.02.17-21.13.10:971][374]LogWindows: Error: 
[2018.02.17-21.13.10:971][374]LogWindows: Error: [Callstack] 0x000000000891467B UE4Editor-GW_Game-4317.dll!AProjectile::LaunchProjectile() [d:\repos\gwgame\gw_game\source\gw_game\private\projectile.cpp:32]
[2018.02.17-21.13.10:971][374]LogWindows: Error: [Callstack] 0x0000000008912DF1 UE4Editor-GW_Game-4317.dll!AAssault::Fire() [d:\repos\gwgame\gw_game\source\gw_game\private\assault.cpp:59]
[2018.02.17-21.13.10:971][374]LogWindows: Error: [Callstack] 0x00000000234C5264 UE4Editor-CoreUObject.dll!UnknownFunction []
[2018.02.17-21.13.10:971][374]LogWindows: Error: [Callstack] 0x0000000023689B74 UE4Editor-CoreUObject.dll!UnknownFunction []
[2018.02.17-21.13.10:971][374]LogWindows: Error: [Callstack] 0x00000000236A1B72 UE4Editor-CoreUObject.dll!UnknownFunction []
[2018.02.17-21.13.10:971][374]LogWindows: Error: [Callstack] 0x000000002368A57E UE4Editor-CoreUObject.dll!UnknownFunction []
[2018.02.17-21.13.10:971][374]LogWindows: Error: [Callstack] 0x00000000236A1B72 UE4Editor-CoreUObject.dll!UnknownFunction []
[2018.02.17-21.13.10:971][374]LogWindows: Error: [Callstack] 0x00000000234C5264 UE4Editor-CoreUObject.dll!UnknownFunction []
[2018.02.17-21.13.10:971][374]LogWindows: Error: [Callstack] 0x00000000236A0F66 UE4Editor-CoreUObject.dll!UnknownFunction []
[2018.02.17-21.13.10:971][374]LogWindows: Error: [Callstack] 0x0000000020B0E64B UE4Editor-Engine.dll!UnknownFunction []
[2018.02.17-21.13.10:971][374]LogWindows: Error: [Callstack] 0x0000000021C5F02E UE4Editor-Engine.dll!UnknownFunction []
[2018.02.17-21.13.10:971][374]LogWindows: Error: [Callstack] 0x0000000021C5F19A UE4Editor-Engine.dll!UnknownFunction []
[2018.02.17-21.13.10:971][374]LogWindows: Error: [Callstack] 0x0000000021C9127B UE4Editor-Engine.dll!UnknownFunction []
[2018.02.17-21.13.10:971][374]LogWindows: Error: [Callstack] 0x000000002180327C UE4Editor-Engine.dll!UnknownFunction []
[2018.02.17-21.13.10:971][374]LogWindows: Error: [Callstack] 0x0000000021816F66 UE4Editor-Engine.dll!UnknownFunction []
[2018.02.17-21.13.10:971][374]LogWindows: Error: [Callstack] 0x0000000021800DDB UE4Editor-Engine.dll!UnknownFunction []
[2018.02.17-21.13.10:971][374]LogWindows: Error: [Callstack] 0x000000002181613A UE4Editor-Engine.dll!UnknownFunction []
[2018.02.17-21.13.10:971][374]LogWindows: Error: [Callstack] 0x0000000020AE58B6 UE4Editor-Engine.dll!UnknownFunction []
[2018.02.17-21.13.10:971][374]LogWindows: Error: [Callstack] 0x0000000021B39BDB UE4Editor-Engine.dll!UnknownFunction []
[2018.02.17-21.13.10:971][374]LogWindows: Error: [Callstack] 0x0000000021B3DD0B UE4Editor-Engine.dll!UnknownFunction []
[2018.02.17-21.13.10:971][374]LogWindows: Error: [Callstack] 0x0000000023A44845 UE4Editor-Core.dll!UnknownFunction []
[2018.02.17-21.13.10:972][374]LogWindows: Error: [Callstack] 0x0000000023A44E2A UE4Editor-Core.dll!UnknownFunction []
[2018.02.17-21.13.10:972][374]LogWindows: Error: [Callstack] 0x0000000023A6589E UE4Editor-Core.dll!UnknownFunction []
[2018.02.17-21.13.10:972][374]LogWindows: Error: [Callstack] 0x0000000021B57E11 UE4Editor-Engine.dll!UnknownFunction []
[2018.02.17-21.13.10:972][374]LogWindows: Error: [Callstack] 0x0000000021B5C632 UE4Editor-Engine.dll!UnknownFunction []
[2018.02.17-21.13.10:972][374]LogWindows: Error: [Callstack] 0x000000002144D104 UE4Editor-Engine.dll!UnknownFunction []
[2018.02.17-21.13.10:972][374]LogWindows: Error: [Callstack] 0x0000000021456448 UE4Editor-Engine.dll!UnknownFunction []
[2018.02.17-21.13.10:972][374]LogWindows: Error: [Callstack] 0x000000001F0E6BA6 UE4Editor-UnrealEd.dll!UnknownFunction []
[2018.02.17-21.13.10:972][374]LogWindows: Error: [Callstack] 0x000000001F994AC6 UE4Editor-UnrealEd.dll!UnknownFunction []
[2018.02.17-21.13.10:972][374]LogWindows: Error: [Callstack] 0x00000000C4C25A26 UE4Editor.exe!UnknownFunction []
[2018.02.17-21.13.10:972][374]LogWindows: Error: [Callstack] 0x00000000C4C35430 UE4Editor.exe!UnknownFunction []
[2018.02.17-21.13.10:972][374]LogWindows: Error: [Callstack] 0x00000000C4C354AA UE4Editor.exe!UnknownFunction []
[2018.02.17-21.13.10:972][374]LogWindows: Error: [Callstack] 0x00000000C4C42379 UE4Editor.exe!UnknownFunction []
[2018.02.17-21.13.10:972][374]LogWindows: Error: [Callstack] 0x00000000C4C43D57 UE4Editor.exe!UnknownFunction []
[2018.02.17-21.13.10:972][374]LogWindows: Error: [Callstack] 0x000000006F281FE4 KERNEL32.DLL!UnknownFunction []
[2018.02.17-21.13.10:972][374]LogWindows: Error: [Callstack] 0x000000006FA2EFC1 ntdll.dll!UnknownFunction []
[2018.02.17-21.13.10:972][374]LogWindows: Error: [Callstack] 0x000000006FA2EFC1 ntdll.dll!UnknownFunction []
[2018.02.17-21.13.10:972][374]LogWindows: Error: 
[2018.02.17-21.13.10:989][374]LogExit: Executing StaticShutdownAfterError
[2018.02.17-21.13.10:991][374]LogWindows: FPlatformMisc::RequestExit(1)
[2018.02.17-21.13.10:991][374]Log file closed, 02/17/18 22:13:10
